[0.214s] Invoking command in '/home/keti/turtle_carto/build/cpp_topic_pkg': CMAKE_PREFIX_PATH=${CMAKE_PREFIX_PATH}:/home/keti/turtle_carto/install/turtlebot3_teleop:/home/keti/turtle_carto/install/turtlebot3_example:/home/keti/turtle_carto/install/py_topic_pkg:/home/keti/turtle_carto/install/py_service_pkg:/home/keti/turtle_carto/install/py_first_pkg:/home/keti/turtle_carto/install/py_action_pkg:/home/keti/turtle_carto/install/follow_waypoints:/opt/ros/foxy /usr/bin/cmake /home/keti/turtle_carto/src/gcamp_ros2_basic/cpp_topic_pkg -DCMAKE_INSTALL_PREFIX=/home/keti/turtle_carto/install/cpp_topic_pkg
[0.452s] -- The C compiler identification is GNU 9.4.0
[0.452s] -- The CXX compiler identification is GNU 9.4.0
[0.452s] -- Check for working C compiler: /usr/bin/cc
[0.452s] -- Check for working C compiler: /usr/bin/cc -- works
[0.452s] -- Detecting C compiler ABI info
[0.452s] -- Detecting C compiler ABI info - done
[0.453s] -- Detecting C compile features
[0.453s] -- Detecting C compile features - done
[0.453s] -- Check for working CXX compiler: /usr/bin/c++
[0.453s] -- Check for working CXX compiler: /usr/bin/c++ -- works
[0.453s] -- Detecting CXX compiler ABI info
[0.453s] -- Detecting CXX compiler ABI info - done
[0.458s] -- Detecting CXX compile features
[0.458s] -- Detecting CXX compile features - done
[0.460s] -- Found ament_cmake: 0.9.11 (/opt/ros/foxy/share/ament_cmake/cmake)
[0.474s] -- Found PythonInterp: /usr/bin/python3 (found suitable version "3.8.10", minimum required is "3") 
[0.474s] -- Using PYTHON_EXECUTABLE: /usr/bin/python3
[0.577s] -- Found rclcpp: 2.4.2 (/opt/ros/foxy/share/rclcpp/cmake)
[0.621s] -- Using all available rosidl_typesupport_c: rosidl_typesupport_fastrtps_c;rosidl_typesupport_introspection_c
[0.629s] -- Found rosidl_adapter: 1.3.0 (/opt/ros/foxy/share/rosidl_adapter/cmake)
[0.682s] -- Found OpenSSL: /usr/lib/x86_64-linux-gnu/libcrypto.so (found version "1.1.1f")  
[0.698s] -- Found FastRTPS: /opt/ros/foxy/include  
[0.758s] -- Using all available rosidl_typesupport_cpp: rosidl_typesupport_fastrtps_cpp;rosidl_typesupport_introspection_cpp
[0.818s] -- Found rmw_implementation_cmake: 1.0.4 (/opt/ros/foxy/share/rmw_implementation_cmake/cmake)
[0.818s] -- Using RMW implementation 'rmw_fastrtps_cpp' as default
[0.818s] -- Looking for pthread.h
[0.852s] -- Looking for pthread.h - found
[0.852s] -- Performing Test CMAKE_HAVE_LIBC_PTHREAD
[0.894s] -- Performing Test CMAKE_HAVE_LIBC_PTHREAD - Failed
[0.894s] -- Looking for pthread_create in pthreads
[0.924s] -- Looking for pthread_create in pthreads - not found
[0.924s] -- Looking for pthread_create in pthread
[0.961s] -- Looking for pthread_create in pthread - found
[0.962s] -- Found Threads: TRUE  
[1.045s] -- Found sensor_msgs: 2.0.5 (/opt/ros/foxy/share/sensor_msgs/cmake)
[1.105s] -- Found ament_lint_auto: 0.9.8 (/opt/ros/foxy/share/ament_lint_auto/cmake)
[1.162s] -- Added test 'copyright' to check source files copyright and LICENSE
[1.163s] -- Added test 'cppcheck' to perform static code analysis on C / C++ code
[1.163s] -- Configured cppcheck include dirs: 
[1.163s] -- Configured cppcheck exclude dirs and/or files: 
[1.164s] -- Added test 'cpplint' to check C / C++ code against the Google style
[1.164s] -- Configured cpplint exclude dirs and/or files: 
[1.164s] -- Added test 'lint_cmake' to check CMake code style
[1.165s] -- Added test 'uncrustify' to check C / C++ code style
[1.165s] -- Configured uncrustify additional arguments: 
[1.166s] -- Added test 'xmllint' to check XML markup files
[1.168s] -- Configuring done
[1.189s] -- Generating done
[1.191s] -- Build files have been written to: /home/keti/turtle_carto/build/cpp_topic_pkg
[1.201s] Invoked command in '/home/keti/turtle_carto/build/cpp_topic_pkg' returned '0': CMAKE_PREFIX_PATH=${CMAKE_PREFIX_PATH}:/home/keti/turtle_carto/install/turtlebot3_teleop:/home/keti/turtle_carto/install/turtlebot3_example:/home/keti/turtle_carto/install/py_topic_pkg:/home/keti/turtle_carto/install/py_service_pkg:/home/keti/turtle_carto/install/py_first_pkg:/home/keti/turtle_carto/install/py_action_pkg:/home/keti/turtle_carto/install/follow_waypoints:/opt/ros/foxy /usr/bin/cmake /home/keti/turtle_carto/src/gcamp_ros2_basic/cpp_topic_pkg -DCMAKE_INSTALL_PREFIX=/home/keti/turtle_carto/install/cpp_topic_pkg
[1.201s] Invoking command in '/home/keti/turtle_carto/build/cpp_topic_pkg': CMAKE_PREFIX_PATH=${CMAKE_PREFIX_PATH}:/home/keti/turtle_carto/install/turtlebot3_teleop:/home/keti/turtle_carto/install/turtlebot3_example:/home/keti/turtle_carto/install/py_topic_pkg:/home/keti/turtle_carto/install/py_service_pkg:/home/keti/turtle_carto/install/py_first_pkg:/home/keti/turtle_carto/install/py_action_pkg:/home/keti/turtle_carto/install/follow_waypoints:/opt/ros/foxy /usr/bin/cmake --build /home/keti/turtle_carto/build/cpp_topic_pkg -- -j24 -l24
[1.236s] [35m[1mScanning dependencies of target topic_pub_oop_node[0m
[1.236s] [35m[1mScanning dependencies of target topic_pub_node[0m
[1.236s] [35m[1mScanning dependencies of target topic_sub_oop_node[0m
[1.236s] [35m[1mScanning dependencies of target topic_sub_node[0m
[1.236s] [35m[1mScanning dependencies of target laser_sub_node[0m
[1.236s] [35m[1mScanning dependencies of target parking_node[0m
[1.245s] [35m[1mScanning dependencies of target cmd_vel_pub_node[0m
[1.260s] [  7%] [32mBuilding CXX object CMakeFiles/topic_pub_node.dir/src/topic_pub.cpp.o[0m
[1.260s] [ 14%] [32mBuilding CXX object CMakeFiles/parking_node.dir/src/parking.cpp.o[0m
[1.261s] [ 21%] [32mBuilding CXX object CMakeFiles/topic_pub_oop_node.dir/src/topic_pub_oop.cpp.o[0m
[1.265s] [ 35%] [32mBuilding CXX object CMakeFiles/topic_sub_node.dir/src/topic_sub.cpp.o[0m
[1.265s] [ 35%] [32mBuilding CXX object CMakeFiles/topic_sub_oop_node.dir/src/topic_sub_oop.cpp.o[0m
[1.271s] [ 42%] [32mBuilding CXX object CMakeFiles/cmd_vel_pub_node.dir/src/cmd_vel_pub.cpp.o[0m
[1.271s] [ 50%] [32mBuilding CXX object CMakeFiles/laser_sub_node.dir/src/laser_sub.cpp.o[0m
[3.851s] [ 57%] [32m[1mLinking CXX executable topic_pub_node[0m
[3.951s] [ 57%] Built target topic_pub_node
[4.211s] [ 64%] [32m[1mLinking CXX executable topic_pub_oop_node[0m
[4.235s] [ 71%] [32m[1mLinking CXX executable cmd_vel_pub_node[0m
[4.310s] [ 71%] Built target topic_pub_oop_node
[4.338s] [ 71%] Built target cmd_vel_pub_node
[5.042s] [ 78%] [32m[1mLinking CXX executable laser_sub_node[0m
[5.071s] [ 85%] [32m[1mLinking CXX executable topic_sub_oop_node[0m
[5.074s] [ 92%] [32m[1mLinking CXX executable topic_sub_node[0m
[5.164s] [ 92%] Built target laser_sub_node
[5.189s] [100%] [32m[1mLinking CXX executable parking_node[0m
[5.191s] [100%] Built target topic_sub_node
[5.195s] [100%] Built target topic_sub_oop_node
[5.302s] [100%] Built target parking_node
[5.349s] Invoked command in '/home/keti/turtle_carto/build/cpp_topic_pkg' returned '0': CMAKE_PREFIX_PATH=${CMAKE_PREFIX_PATH}:/home/keti/turtle_carto/install/turtlebot3_teleop:/home/keti/turtle_carto/install/turtlebot3_example:/home/keti/turtle_carto/install/py_topic_pkg:/home/keti/turtle_carto/install/py_service_pkg:/home/keti/turtle_carto/install/py_first_pkg:/home/keti/turtle_carto/install/py_action_pkg:/home/keti/turtle_carto/install/follow_waypoints:/opt/ros/foxy /usr/bin/cmake --build /home/keti/turtle_carto/build/cpp_topic_pkg -- -j24 -l24
[5.485s] Invoking command in '/home/keti/turtle_carto/build/cpp_topic_pkg': CMAKE_PREFIX_PATH=${CMAKE_PREFIX_PATH}:/home/keti/turtle_carto/install/turtlebot3_teleop:/home/keti/turtle_carto/install/turtlebot3_example:/home/keti/turtle_carto/install/py_topic_pkg:/home/keti/turtle_carto/install/py_service_pkg:/home/keti/turtle_carto/install/py_first_pkg:/home/keti/turtle_carto/install/py_action_pkg:/home/keti/turtle_carto/install/follow_waypoints:/opt/ros/foxy /usr/bin/cmake --install /home/keti/turtle_carto/build/cpp_topic_pkg
[5.491s] -- Install configuration: ""
[5.491s] -- Installing: /home/keti/turtle_carto/install/cpp_topic_pkg/lib/cpp_topic_pkg/cmd_vel_pub_node
[5.491s] -- Set runtime path of "/home/keti/turtle_carto/install/cpp_topic_pkg/lib/cpp_topic_pkg/cmd_vel_pub_node" to ""
[5.491s] -- Installing: /home/keti/turtle_carto/install/cpp_topic_pkg/lib/cpp_topic_pkg/laser_sub_node
[5.491s] -- Set runtime path of "/home/keti/turtle_carto/install/cpp_topic_pkg/lib/cpp_topic_pkg/laser_sub_node" to ""
[5.491s] -- Installing: /home/keti/turtle_carto/install/cpp_topic_pkg/lib/cpp_topic_pkg/parking_node
[5.491s] -- Set runtime path of "/home/keti/turtle_carto/install/cpp_topic_pkg/lib/cpp_topic_pkg/parking_node" to ""
[5.491s] -- Installing: /home/keti/turtle_carto/install/cpp_topic_pkg/lib/cpp_topic_pkg/topic_pub_node
[5.491s] -- Set runtime path of "/home/keti/turtle_carto/install/cpp_topic_pkg/lib/cpp_topic_pkg/topic_pub_node" to ""
[5.491s] -- Installing: /home/keti/turtle_carto/install/cpp_topic_pkg/lib/cpp_topic_pkg/topic_pub_oop_node
[5.492s] -- Set runtime path of "/home/keti/turtle_carto/install/cpp_topic_pkg/lib/cpp_topic_pkg/topic_pub_oop_node" to ""
[5.492s] -- Installing: /home/keti/turtle_carto/install/cpp_topic_pkg/lib/cpp_topic_pkg/topic_sub_node
[5.492s] -- Set runtime path of "/home/keti/turtle_carto/install/cpp_topic_pkg/lib/cpp_topic_pkg/topic_sub_node" to ""
[5.492s] -- Installing: /home/keti/turtle_carto/install/cpp_topic_pkg/lib/cpp_topic_pkg/topic_sub_oop_node
[5.493s] -- Set runtime path of "/home/keti/turtle_carto/install/cpp_topic_pkg/lib/cpp_topic_pkg/topic_sub_oop_node" to ""
[5.493s] -- Installing: /home/keti/turtle_carto/install/cpp_topic_pkg/share/ament_index/resource_index/package_run_dependencies/cpp_topic_pkg
[5.493s] -- Installing: /home/keti/turtle_carto/install/cpp_topic_pkg/share/ament_index/resource_index/parent_prefix_path/cpp_topic_pkg
[5.493s] -- Installing: /home/keti/turtle_carto/install/cpp_topic_pkg/share/cpp_topic_pkg/environment/ament_prefix_path.sh
[5.493s] -- Installing: /home/keti/turtle_carto/install/cpp_topic_pkg/share/cpp_topic_pkg/environment/ament_prefix_path.dsv
[5.494s] -- Installing: /home/keti/turtle_carto/install/cpp_topic_pkg/share/cpp_topic_pkg/environment/path.sh
[5.494s] -- Installing: /home/keti/turtle_carto/install/cpp_topic_pkg/share/cpp_topic_pkg/environment/path.dsv
[5.494s] -- Installing: /home/keti/turtle_carto/install/cpp_topic_pkg/share/cpp_topic_pkg/local_setup.bash
[5.494s] -- Installing: /home/keti/turtle_carto/install/cpp_topic_pkg/share/cpp_topic_pkg/local_setup.sh
[5.494s] -- Installing: /home/keti/turtle_carto/install/cpp_topic_pkg/share/cpp_topic_pkg/local_setup.zsh
[5.494s] -- Installing: /home/keti/turtle_carto/install/cpp_topic_pkg/share/cpp_topic_pkg/local_setup.dsv
[5.494s] -- Installing: /home/keti/turtle_carto/install/cpp_topic_pkg/share/cpp_topic_pkg/package.dsv
[5.494s] -- Installing: /home/keti/turtle_carto/install/cpp_topic_pkg/share/ament_index/resource_index/packages/cpp_topic_pkg
[5.494s] -- Installing: /home/keti/turtle_carto/install/cpp_topic_pkg/share/cpp_topic_pkg/cmake/cpp_topic_pkgConfig.cmake
[5.494s] -- Installing: /home/keti/turtle_carto/install/cpp_topic_pkg/share/cpp_topic_pkg/cmake/cpp_topic_pkgConfig-version.cmake
[5.494s] -- Installing: /home/keti/turtle_carto/install/cpp_topic_pkg/share/cpp_topic_pkg/package.xml
[5.603s] Invoked command in '/home/keti/turtle_carto/build/cpp_topic_pkg' returned '0': CMAKE_PREFIX_PATH=${CMAKE_PREFIX_PATH}:/home/keti/turtle_carto/install/turtlebot3_teleop:/home/keti/turtle_carto/install/turtlebot3_example:/home/keti/turtle_carto/install/py_topic_pkg:/home/keti/turtle_carto/install/py_service_pkg:/home/keti/turtle_carto/install/py_first_pkg:/home/keti/turtle_carto/install/py_action_pkg:/home/keti/turtle_carto/install/follow_waypoints:/opt/ros/foxy /usr/bin/cmake --install /home/keti/turtle_carto/build/cpp_topic_pkg
