[0.013s] Invoking command in '/home/keti/turtle_carto/build/nav2_util': AMENT_PREFIX_PATH=/home/keti/turtle_carto/install/nav2_msgs:/home/keti/turtle_carto/install/nav2_common:${AMENT_PREFIX_PATH} CMAKE_PREFIX_PATH=/home/keti/turtle_carto/install/nav2_msgs:/home/keti/turtle_carto/install/nav2_common:/opt/ros/foxy LD_LIBRARY_PATH=/home/keti/turtle_carto/install/nav2_msgs/lib:/usr/lib/x86_64-linux-gnu/gazebo-11/plugins:/opt/ros/foxy/opt/yaml_cpp_vendor/lib:/opt/ros/foxy/opt/rviz_ogre_vendor/lib:/opt/ros/foxy/lib/x86_64-linux-gnu:/opt/ros/foxy/lib:/usr/local/cuda-11.4/lib64 PYTHONPATH=/home/keti/turtle_carto/install/nav2_msgs/lib/python3.8/site-packages:/home/keti/turtle_carto/install/nav2_common/lib/python3.8/site-packages:${PYTHONPATH} /usr/bin/cmake /home/keti/turtle_carto/src/ros-planning/navigation2/nav2_util -DCMAKE_INSTALL_PREFIX=/home/keti/turtle_carto/install/nav2_util
[0.114s] -- The C compiler identification is GNU 9.4.0
[0.114s] -- The CXX compiler identification is GNU 9.4.0
[0.114s] -- Check for working C compiler: /usr/bin/cc
[0.114s] -- Check for working C compiler: /usr/bin/cc -- works
[0.114s] -- Detecting C compiler ABI info
[0.126s] -- Detecting C compiler ABI info - done
[0.131s] -- Detecting C compile features
[0.131s] -- Detecting C compile features - done
[0.132s] -- Check for working CXX compiler: /usr/bin/c++
[0.169s] -- Check for working CXX compiler: /usr/bin/c++ -- works
[0.170s] -- Detecting CXX compiler ABI info
[0.205s] -- Detecting CXX compiler ABI info - done
[0.211s] -- Detecting CXX compile features
[0.211s] -- Detecting CXX compile features - done
[0.212s] -- Found ament_cmake: 0.9.11 (/opt/ros/foxy/share/ament_cmake/cmake)
[0.224s] -- Found PythonInterp: /usr/bin/python3 (found suitable version "3.8.10", minimum required is "3") 
[0.224s] -- Using PYTHON_EXECUTABLE: /usr/bin/python3
[0.312s] -- Found nav2_common: 1.0.12 (/home/keti/turtle_carto/install/nav2_common/share/nav2_common/cmake)
[0.312s] -- Found nav2_msgs: 1.0.12 (/home/keti/turtle_carto/install/nav2_msgs/share/nav2_msgs/cmake)
[0.328s] -- Using all available rosidl_typesupport_c: rosidl_typesupport_fastrtps_c;rosidl_typesupport_introspection_c
[0.332s] -- Found rosidl_adapter: 1.3.0 (/opt/ros/foxy/share/rosidl_adapter/cmake)
[0.370s] -- Found OpenSSL: /usr/lib/x86_64-linux-gnu/libcrypto.so (found version "1.1.1f")  
[0.386s] -- Found FastRTPS: /opt/ros/foxy/include  
[0.430s] -- Using all available rosidl_typesupport_cpp: rosidl_typesupport_fastrtps_cpp;rosidl_typesupport_introspection_cpp
[0.641s] -- Found tf2_ros: 0.13.14 (/opt/ros/foxy/share/tf2_ros/cmake)
[0.673s] -- Found rmw_implementation_cmake: 1.0.4 (/opt/ros/foxy/share/rmw_implementation_cmake/cmake)
[0.674s] -- Using RMW implementation 'rmw_fastrtps_cpp' as default
[0.674s] -- Looking for pthread.h
[0.707s] -- Looking for pthread.h - found
[0.707s] -- Performing Test CMAKE_HAVE_LIBC_PTHREAD
[0.739s] -- Performing Test CMAKE_HAVE_LIBC_PTHREAD - Failed
[0.739s] -- Looking for pthread_create in pthreads
[0.764s] -- Looking for pthread_create in pthreads - not found
[0.765s] -- Looking for pthread_create in pthread
[0.795s] -- Looking for pthread_create in pthread - found
[0.796s] -- Found Threads: TRUE  
[1.018s] -- Found tf2_geometry_msgs: 0.13.14 (/opt/ros/foxy/share/tf2_geometry_msgs/cmake)
[1.023s] -- Found eigen3_cmake_module: 0.1.1 (/opt/ros/foxy/share/eigen3_cmake_module/cmake)
[1.026s] -- Found Eigen3: TRUE (found version "3.3.7") 
[1.039s] -- Found lifecycle_msgs: 1.0.0 (/opt/ros/foxy/share/lifecycle_msgs/cmake)
[1.047s] -- Found rclcpp_lifecycle: 2.4.2 (/opt/ros/foxy/share/rclcpp_lifecycle/cmake)
[1.061s] CMake Error at CMakeLists.txt:17 (find_package):
[1.061s]   By not providing "Findbondcpp.cmake" in CMAKE_MODULE_PATH this project has
[1.061s]   asked CMake to find a package configuration file provided by "bondcpp", but
[1.061s]   CMake did not find one.
[1.061s] 
[1.061s]   Could not find a package configuration file provided by "bondcpp" with any
[1.061s]   of the following names:
[1.061s] 
[1.062s]     bondcppConfig.cmake
[1.062s]     bondcpp-config.cmake
[1.062s] 
[1.062s]   Add the installation prefix of "bondcpp" to CMAKE_PREFIX_PATH or set
[1.062s]   "bondcpp_DIR" to a directory containing one of the above files.  If
[1.062s]   "bondcpp" provides a separate development package or SDK, be sure it has
[1.062s]   been installed.
[1.062s] 
[1.062s] 
[1.062s] -- Configuring incomplete, errors occurred!
[1.062s] See also "/home/keti/turtle_carto/build/nav2_util/CMakeFiles/CMakeOutput.log".
[1.062s] See also "/home/keti/turtle_carto/build/nav2_util/CMakeFiles/CMakeError.log".
[1.066s] Invoked command in '/home/keti/turtle_carto/build/nav2_util' returned '1': AMENT_PREFIX_PATH=/home/keti/turtle_carto/install/nav2_msgs:/home/keti/turtle_carto/install/nav2_common:${AMENT_PREFIX_PATH} CMAKE_PREFIX_PATH=/home/keti/turtle_carto/install/nav2_msgs:/home/keti/turtle_carto/install/nav2_common:/opt/ros/foxy LD_LIBRARY_PATH=/home/keti/turtle_carto/install/nav2_msgs/lib:/usr/lib/x86_64-linux-gnu/gazebo-11/plugins:/opt/ros/foxy/opt/yaml_cpp_vendor/lib:/opt/ros/foxy/opt/rviz_ogre_vendor/lib:/opt/ros/foxy/lib/x86_64-linux-gnu:/opt/ros/foxy/lib:/usr/local/cuda-11.4/lib64 PYTHONPATH=/home/keti/turtle_carto/install/nav2_msgs/lib/python3.8/site-packages:/home/keti/turtle_carto/install/nav2_common/lib/python3.8/site-packages:${PYTHONPATH} /usr/bin/cmake /home/keti/turtle_carto/src/ros-planning/navigation2/nav2_util -DCMAKE_INSTALL_PREFIX=/home/keti/turtle_carto/install/nav2_util
