[0.788s] Invoking command in '/home/keti/turtle_carto/src/ros-planning/navigation2/nav2_bringup/nav2_gazebo_spawner': PYTHONPATH=/home/keti/turtle_carto/build/nav2_gazebo_spawner/prefix_override:/home/keti/turtle_carto/install/nav2_gazebo_spawner/lib/python3.8/site-packages:${PYTHONPATH} /usr/bin/python3 setup.py egg_info --egg-base ../../../../../build/nav2_gazebo_spawner build --build-base /home/keti/turtle_carto/build/nav2_gazebo_spawner/build install --record /home/keti/turtle_carto/build/nav2_gazebo_spawner/install.log --install-scripts $base/lib/nav2_gazebo_spawner --single-version-externally-managed
[0.941s] running egg_info
[0.941s] writing ../../../../../build/nav2_gazebo_spawner/nav2_gazebo_spawner.egg-info/PKG-INFO
[0.941s] writing dependency_links to ../../../../../build/nav2_gazebo_spawner/nav2_gazebo_spawner.egg-info/dependency_links.txt
[0.941s] writing entry points to ../../../../../build/nav2_gazebo_spawner/nav2_gazebo_spawner.egg-info/entry_points.txt
[0.942s] writing requirements to ../../../../../build/nav2_gazebo_spawner/nav2_gazebo_spawner.egg-info/requires.txt
[0.942s] writing top-level names to ../../../../../build/nav2_gazebo_spawner/nav2_gazebo_spawner.egg-info/top_level.txt
[0.967s] reading manifest file '../../../../../build/nav2_gazebo_spawner/nav2_gazebo_spawner.egg-info/SOURCES.txt'
[0.968s] writing manifest file '../../../../../build/nav2_gazebo_spawner/nav2_gazebo_spawner.egg-info/SOURCES.txt'
[0.969s] running build
[0.969s] running build_py
[0.969s] running install
[0.969s] running install_lib
[0.971s] running install_data
[0.971s] running install_egg_info
[0.972s] removing '/home/keti/turtle_carto/install/nav2_gazebo_spawner/lib/python3.8/site-packages/nav2_gazebo_spawner-0.3.0-py3.8.egg-info' (and everything under it)
[0.972s] Copying ../../../../../build/nav2_gazebo_spawner/nav2_gazebo_spawner.egg-info to /home/keti/turtle_carto/install/nav2_gazebo_spawner/lib/python3.8/site-packages/nav2_gazebo_spawner-0.3.0-py3.8.egg-info
[0.973s] running install_scripts
[0.994s] Installing nav2_gazebo_spawner script to /home/keti/turtle_carto/install/nav2_gazebo_spawner/lib/nav2_gazebo_spawner
[0.996s] writing list of installed files to '/home/keti/turtle_carto/build/nav2_gazebo_spawner/install.log'
[1.045s] Invoked command in '/home/keti/turtle_carto/src/ros-planning/navigation2/nav2_bringup/nav2_gazebo_spawner' returned '0': PYTHONPATH=/home/keti/turtle_carto/build/nav2_gazebo_spawner/prefix_override:/home/keti/turtle_carto/install/nav2_gazebo_spawner/lib/python3.8/site-packages:${PYTHONPATH} /usr/bin/python3 setup.py egg_info --egg-base ../../../../../build/nav2_gazebo_spawner build --build-base /home/keti/turtle_carto/build/nav2_gazebo_spawner/build install --record /home/keti/turtle_carto/build/nav2_gazebo_spawner/install.log --install-scripts $base/lib/nav2_gazebo_spawner --single-version-externally-managed
