[1.146s] Invoking command in '/home/keti/turtle_carto/src/gcamp_ros2_basic/py_topic_pkg': PYTHONPATH=/home/keti/turtle_carto/build/py_topic_pkg/prefix_override:/home/keti/turtle_carto/install/py_topic_pkg/lib/python3.8/site-packages:${PYTHONPATH} /usr/bin/python3 setup.py egg_info --egg-base ../../../build/py_topic_pkg build --build-base /home/keti/turtle_carto/build/py_topic_pkg/build install --record /home/keti/turtle_carto/build/py_topic_pkg/install.log --install-scripts $base/lib/py_topic_pkg --single-version-externally-managed
[1.377s] running egg_info
[1.378s] writing ../../../build/py_topic_pkg/py_topic_pkg.egg-info/PKG-INFO
[1.378s] writing dependency_links to ../../../build/py_topic_pkg/py_topic_pkg.egg-info/dependency_links.txt
[1.378s] writing entry points to ../../../build/py_topic_pkg/py_topic_pkg.egg-info/entry_points.txt
[1.378s] writing requirements to ../../../build/py_topic_pkg/py_topic_pkg.egg-info/requires.txt
[1.378s] writing top-level names to ../../../build/py_topic_pkg/py_topic_pkg.egg-info/top_level.txt
[1.410s] reading manifest file '../../../build/py_topic_pkg/py_topic_pkg.egg-info/SOURCES.txt'
[1.411s] writing manifest file '../../../build/py_topic_pkg/py_topic_pkg.egg-info/SOURCES.txt'
[1.411s] running build
[1.411s] running build_py
[1.412s] copying py_topic_pkg/cmd_vel_pub.py -> /home/keti/turtle_carto/build/py_topic_pkg/build/lib/py_topic_pkg
[1.412s] copying py_topic_pkg/__init__.py -> /home/keti/turtle_carto/build/py_topic_pkg/build/lib/py_topic_pkg
[1.412s] copying py_topic_pkg/laser_sub.py -> /home/keti/turtle_carto/build/py_topic_pkg/build/lib/py_topic_pkg
[1.412s] copying py_topic_pkg/parking.py -> /home/keti/turtle_carto/build/py_topic_pkg/build/lib/py_topic_pkg
[1.412s] copying py_topic_pkg/laser_raw.py -> /home/keti/turtle_carto/build/py_topic_pkg/build/lib/py_topic_pkg
[1.412s] copying py_topic_pkg/endless_cmd_vel_pub.py -> /home/keti/turtle_carto/build/py_topic_pkg/build/lib/py_topic_pkg
[1.412s] running install
[1.413s] running install_lib
[1.414s] copying /home/keti/turtle_carto/build/py_topic_pkg/build/lib/py_topic_pkg/cmd_vel_pub.py -> /home/keti/turtle_carto/install/py_topic_pkg/lib/python3.8/site-packages/py_topic_pkg
[1.414s] copying /home/keti/turtle_carto/build/py_topic_pkg/build/lib/py_topic_pkg/__init__.py -> /home/keti/turtle_carto/install/py_topic_pkg/lib/python3.8/site-packages/py_topic_pkg
[1.414s] copying /home/keti/turtle_carto/build/py_topic_pkg/build/lib/py_topic_pkg/laser_sub.py -> /home/keti/turtle_carto/install/py_topic_pkg/lib/python3.8/site-packages/py_topic_pkg
[1.415s] copying /home/keti/turtle_carto/build/py_topic_pkg/build/lib/py_topic_pkg/parking.py -> /home/keti/turtle_carto/install/py_topic_pkg/lib/python3.8/site-packages/py_topic_pkg
[1.415s] copying /home/keti/turtle_carto/build/py_topic_pkg/build/lib/py_topic_pkg/laser_raw.py -> /home/keti/turtle_carto/install/py_topic_pkg/lib/python3.8/site-packages/py_topic_pkg
[1.415s] copying /home/keti/turtle_carto/build/py_topic_pkg/build/lib/py_topic_pkg/endless_cmd_vel_pub.py -> /home/keti/turtle_carto/install/py_topic_pkg/lib/python3.8/site-packages/py_topic_pkg
[1.415s] byte-compiling /home/keti/turtle_carto/install/py_topic_pkg/lib/python3.8/site-packages/py_topic_pkg/cmd_vel_pub.py to cmd_vel_pub.cpython-38.pyc
[1.417s] byte-compiling /home/keti/turtle_carto/install/py_topic_pkg/lib/python3.8/site-packages/py_topic_pkg/__init__.py to __init__.cpython-38.pyc
[1.417s] byte-compiling /home/keti/turtle_carto/install/py_topic_pkg/lib/python3.8/site-packages/py_topic_pkg/laser_sub.py to laser_sub.cpython-38.pyc
[1.417s] byte-compiling /home/keti/turtle_carto/install/py_topic_pkg/lib/python3.8/site-packages/py_topic_pkg/parking.py to parking.cpython-38.pyc
[1.418s] byte-compiling /home/keti/turtle_carto/install/py_topic_pkg/lib/python3.8/site-packages/py_topic_pkg/laser_raw.py to laser_raw.cpython-38.pyc
[1.418s] byte-compiling /home/keti/turtle_carto/install/py_topic_pkg/lib/python3.8/site-packages/py_topic_pkg/endless_cmd_vel_pub.py to endless_cmd_vel_pub.cpython-38.pyc
[1.419s] running install_data
[1.419s] copying resource/py_topic_pkg -> /home/keti/turtle_carto/install/py_topic_pkg/share/ament_index/resource_index/packages
[1.419s] copying package.xml -> /home/keti/turtle_carto/install/py_topic_pkg/share/py_topic_pkg
[1.420s] copying launch/cmd_vel_pub.launch.py -> /home/keti/turtle_carto/install/py_topic_pkg/share/py_topic_pkg/launch
[1.420s] running install_egg_info
[1.422s] removing '/home/keti/turtle_carto/install/py_topic_pkg/lib/python3.8/site-packages/py_topic_pkg-0.0.0-py3.8.egg-info' (and everything under it)
[1.423s] Copying ../../../build/py_topic_pkg/py_topic_pkg.egg-info to /home/keti/turtle_carto/install/py_topic_pkg/lib/python3.8/site-packages/py_topic_pkg-0.0.0-py3.8.egg-info
[1.423s] running install_scripts
[1.445s] Installing cmd_vel_pub_node script to /home/keti/turtle_carto/install/py_topic_pkg/lib/py_topic_pkg
[1.445s] Installing endless_cmd_vel_pub_node script to /home/keti/turtle_carto/install/py_topic_pkg/lib/py_topic_pkg
[1.445s] Installing laser_raw_node script to /home/keti/turtle_carto/install/py_topic_pkg/lib/py_topic_pkg
[1.445s] Installing laser_sub_node script to /home/keti/turtle_carto/install/py_topic_pkg/lib/py_topic_pkg
[1.445s] Installing parking_node script to /home/keti/turtle_carto/install/py_topic_pkg/lib/py_topic_pkg
[1.445s] writing list of installed files to '/home/keti/turtle_carto/build/py_topic_pkg/install.log'
[1.806s] Invoked command in '/home/keti/turtle_carto/src/gcamp_ros2_basic/py_topic_pkg' returned '0': PYTHONPATH=/home/keti/turtle_carto/build/py_topic_pkg/prefix_override:/home/keti/turtle_carto/install/py_topic_pkg/lib/python3.8/site-packages:${PYTHONPATH} /usr/bin/python3 setup.py egg_info --egg-base ../../../build/py_topic_pkg build --build-base /home/keti/turtle_carto/build/py_topic_pkg/build install --record /home/keti/turtle_carto/build/py_topic_pkg/install.log --install-scripts $base/lib/py_topic_pkg --single-version-externally-managed
