[0.840s] Invoking command in '/home/keti/turtle_carto/src/gcamp_ros2_basic/py_topic_pkg': PYTHONPATH=/home/keti/turtle_carto/build/py_topic_pkg/prefix_override:/home/keti/turtle_carto/install/py_topic_pkg/lib/python3.8/site-packages:${PYTHONPATH} /usr/bin/python3 setup.py egg_info --egg-base ../../../build/py_topic_pkg build --build-base /home/keti/turtle_carto/build/py_topic_pkg/build install --record /home/keti/turtle_carto/build/py_topic_pkg/install.log --install-scripts $base/lib/py_topic_pkg --single-version-externally-managed
[0.933s] running egg_info
[0.933s] creating ../../../build/py_topic_pkg/py_topic_pkg.egg-info
[0.933s] writing ../../../build/py_topic_pkg/py_topic_pkg.egg-info/PKG-INFO
[0.933s] writing dependency_links to ../../../build/py_topic_pkg/py_topic_pkg.egg-info/dependency_links.txt
[0.933s] writing entry points to ../../../build/py_topic_pkg/py_topic_pkg.egg-info/entry_points.txt
[0.933s] writing requirements to ../../../build/py_topic_pkg/py_topic_pkg.egg-info/requires.txt
[0.933s] writing top-level names to ../../../build/py_topic_pkg/py_topic_pkg.egg-info/top_level.txt
[0.934s] writing manifest file '../../../build/py_topic_pkg/py_topic_pkg.egg-info/SOURCES.txt'
[0.949s] reading manifest file '../../../build/py_topic_pkg/py_topic_pkg.egg-info/SOURCES.txt'
[0.950s] writing manifest file '../../../build/py_topic_pkg/py_topic_pkg.egg-info/SOURCES.txt'
[0.950s] running build
[0.950s] running build_py
[0.950s] creating /home/keti/turtle_carto/build/py_topic_pkg/build
[0.950s] creating /home/keti/turtle_carto/build/py_topic_pkg/build/lib
[0.950s] creating /home/keti/turtle_carto/build/py_topic_pkg/build/lib/py_topic_pkg
[0.950s] copying py_topic_pkg/cmd_vel_pub.py -> /home/keti/turtle_carto/build/py_topic_pkg/build/lib/py_topic_pkg
[0.950s] copying py_topic_pkg/__init__.py -> /home/keti/turtle_carto/build/py_topic_pkg/build/lib/py_topic_pkg
[0.951s] copying py_topic_pkg/laser_sub.py -> /home/keti/turtle_carto/build/py_topic_pkg/build/lib/py_topic_pkg
[0.951s] copying py_topic_pkg/parking.py -> /home/keti/turtle_carto/build/py_topic_pkg/build/lib/py_topic_pkg
[0.951s] copying py_topic_pkg/laser_raw.py -> /home/keti/turtle_carto/build/py_topic_pkg/build/lib/py_topic_pkg
[0.951s] copying py_topic_pkg/endless_cmd_vel_pub.py -> /home/keti/turtle_carto/build/py_topic_pkg/build/lib/py_topic_pkg
[0.951s] copying py_topic_pkg/follow_waypoints.py -> /home/keti/turtle_carto/build/py_topic_pkg/build/lib/py_topic_pkg
[0.951s] running install
[0.951s] running install_lib
[0.951s] creating /home/keti/turtle_carto/install/py_topic_pkg/lib/python3.8/site-packages/py_topic_pkg
[0.951s] copying /home/keti/turtle_carto/build/py_topic_pkg/build/lib/py_topic_pkg/cmd_vel_pub.py -> /home/keti/turtle_carto/install/py_topic_pkg/lib/python3.8/site-packages/py_topic_pkg
[0.951s] copying /home/keti/turtle_carto/build/py_topic_pkg/build/lib/py_topic_pkg/__init__.py -> /home/keti/turtle_carto/install/py_topic_pkg/lib/python3.8/site-packages/py_topic_pkg
[0.951s] copying /home/keti/turtle_carto/build/py_topic_pkg/build/lib/py_topic_pkg/laser_sub.py -> /home/keti/turtle_carto/install/py_topic_pkg/lib/python3.8/site-packages/py_topic_pkg
[0.951s] copying /home/keti/turtle_carto/build/py_topic_pkg/build/lib/py_topic_pkg/parking.py -> /home/keti/turtle_carto/install/py_topic_pkg/lib/python3.8/site-packages/py_topic_pkg
[0.951s] copying /home/keti/turtle_carto/build/py_topic_pkg/build/lib/py_topic_pkg/laser_raw.py -> /home/keti/turtle_carto/install/py_topic_pkg/lib/python3.8/site-packages/py_topic_pkg
[0.951s] copying /home/keti/turtle_carto/build/py_topic_pkg/build/lib/py_topic_pkg/endless_cmd_vel_pub.py -> /home/keti/turtle_carto/install/py_topic_pkg/lib/python3.8/site-packages/py_topic_pkg
[0.951s] copying /home/keti/turtle_carto/build/py_topic_pkg/build/lib/py_topic_pkg/follow_waypoints.py -> /home/keti/turtle_carto/install/py_topic_pkg/lib/python3.8/site-packages/py_topic_pkg
[0.951s] byte-compiling /home/keti/turtle_carto/install/py_topic_pkg/lib/python3.8/site-packages/py_topic_pkg/cmd_vel_pub.py to cmd_vel_pub.cpython-38.pyc
[0.952s] byte-compiling /home/keti/turtle_carto/install/py_topic_pkg/lib/python3.8/site-packages/py_topic_pkg/__init__.py to __init__.cpython-38.pyc
[0.952s] byte-compiling /home/keti/turtle_carto/install/py_topic_pkg/lib/python3.8/site-packages/py_topic_pkg/laser_sub.py to laser_sub.cpython-38.pyc
[0.952s] byte-compiling /home/keti/turtle_carto/install/py_topic_pkg/lib/python3.8/site-packages/py_topic_pkg/parking.py to parking.cpython-38.pyc
[0.952s] byte-compiling /home/keti/turtle_carto/install/py_topic_pkg/lib/python3.8/site-packages/py_topic_pkg/laser_raw.py to laser_raw.cpython-38.pyc
[0.952s] byte-compiling /home/keti/turtle_carto/install/py_topic_pkg/lib/python3.8/site-packages/py_topic_pkg/endless_cmd_vel_pub.py to endless_cmd_vel_pub.cpython-38.pyc
[0.952s] byte-compiling /home/keti/turtle_carto/install/py_topic_pkg/lib/python3.8/site-packages/py_topic_pkg/follow_waypoints.py to follow_waypoints.cpython-38.pyc
[0.953s] running install_data
[0.954s] creating /home/keti/turtle_carto/install/py_topic_pkg/share/ament_index
[0.954s] creating /home/keti/turtle_carto/install/py_topic_pkg/share/ament_index/resource_index
[0.954s] creating /home/keti/turtle_carto/install/py_topic_pkg/share/ament_index/resource_index/packages
[0.954s] copying resource/py_topic_pkg -> /home/keti/turtle_carto/install/py_topic_pkg/share/ament_index/resource_index/packages
[0.954s] copying package.xml -> /home/keti/turtle_carto/install/py_topic_pkg/share/py_topic_pkg
[0.954s] creating /home/keti/turtle_carto/install/py_topic_pkg/share/py_topic_pkg/launch
[0.954s] copying launch/cmd_vel_pub.launch.py -> /home/keti/turtle_carto/install/py_topic_pkg/share/py_topic_pkg/launch
[0.954s] running install_egg_info
[0.954s] Copying ../../../build/py_topic_pkg/py_topic_pkg.egg-info to /home/keti/turtle_carto/install/py_topic_pkg/lib/python3.8/site-packages/py_topic_pkg-0.0.0-py3.8.egg-info
[0.955s] running install_scripts
[0.963s] Installing cmd_vel_pub_node script to /home/keti/turtle_carto/install/py_topic_pkg/lib/py_topic_pkg
[0.963s] Installing endless_cmd_vel_pub_node script to /home/keti/turtle_carto/install/py_topic_pkg/lib/py_topic_pkg
[0.963s] Installing follow_waypoints script to /home/keti/turtle_carto/install/py_topic_pkg/lib/py_topic_pkg
[0.963s] Installing laser_raw_node script to /home/keti/turtle_carto/install/py_topic_pkg/lib/py_topic_pkg
[0.963s] Installing laser_sub_node script to /home/keti/turtle_carto/install/py_topic_pkg/lib/py_topic_pkg
[0.963s] Installing parking_node script to /home/keti/turtle_carto/install/py_topic_pkg/lib/py_topic_pkg
[0.963s] writing list of installed files to '/home/keti/turtle_carto/build/py_topic_pkg/install.log'
[0.976s] Invoked command in '/home/keti/turtle_carto/src/gcamp_ros2_basic/py_topic_pkg' returned '0': PYTHONPATH=/home/keti/turtle_carto/build/py_topic_pkg/prefix_override:/home/keti/turtle_carto/install/py_topic_pkg/lib/python3.8/site-packages:${PYTHONPATH} /usr/bin/python3 setup.py egg_info --egg-base ../../../build/py_topic_pkg build --build-base /home/keti/turtle_carto/build/py_topic_pkg/build install --record /home/keti/turtle_carto/build/py_topic_pkg/install.log --install-scripts $base/lib/py_topic_pkg --single-version-externally-managed
