[0.041s] Invoking command in '/home/keti/turtle_carto/build/nav_2d_msgs': /usr/bin/cmake /home/keti/turtle_carto/src/ros-planning/navigation2/nav2_dwb_controller/nav_2d_msgs -DCMAKE_INSTALL_PREFIX=/home/keti/turtle_carto/install/nav_2d_msgs
[0.522s] -- The C compiler identification is GNU 9.4.0
[0.522s] -- The CXX compiler identification is GNU 9.4.0
[0.522s] -- Check for working C compiler: /usr/bin/cc
[0.522s] -- Check for working C compiler: /usr/bin/cc -- works
[0.522s] -- Detecting C compiler ABI info
[0.522s] -- Detecting C compiler ABI info - done
[0.522s] -- Detecting C compile features
[0.522s] -- Detecting C compile features - done
[0.522s] -- Check for working CXX compiler: /usr/bin/c++
[0.522s] -- Check for working CXX compiler: /usr/bin/c++ -- works
[0.522s] -- Detecting CXX compiler ABI info
[0.522s] -- Detecting CXX compiler ABI info - done
[0.522s] -- Detecting CXX compile features
[0.522s] -- Detecting CXX compile features - done
[0.522s] -- Configuring incomplete, errors occurred!
[0.522s] See also "/home/keti/turtle_carto/build/nav_2d_msgs/CMakeFiles/CMakeOutput.log".
[0.522s] CMake Error at CMakeLists.txt:4 (find_package):
[0.522s]   By not providing "Findgeometry_msgs.cmake" in CMAKE_MODULE_PATH this
[0.522s]   project has asked CMake to find a package configuration file provided by
[0.522s]   "geometry_msgs", but CMake did not find one.
[0.522s] 
[0.522s]   Could not find a package configuration file provided by "geometry_msgs"
[0.522s]   with any of the following names:
[0.522s] 
[0.522s]     geometry_msgsConfig.cmake
[0.522s]     geometry_msgs-config.cmake
[0.522s] 
[0.522s]   Add the installation prefix of "geometry_msgs" to CMAKE_PREFIX_PATH or set
[0.523s]   "geometry_msgs_DIR" to a directory containing one of the above files.  If
[0.523s]   "geometry_msgs" provides a separate development package or SDK, be sure it
[0.523s]   has been installed.
[0.523s] 
[0.523s] 
[0.528s] Invoked command in '/home/keti/turtle_carto/build/nav_2d_msgs' returned '1': /usr/bin/cmake /home/keti/turtle_carto/src/ros-planning/navigation2/nav2_dwb_controller/nav_2d_msgs -DCMAKE_INSTALL_PREFIX=/home/keti/turtle_carto/install/nav_2d_msgs
