[0.006s] Invoking command in '/home/keti/turtle_carto/build/omo_r1mini': AMENT_PREFIX_PATH=/home/keti/turtle_carto/install/omo_r1mini_teleop:/home/keti/turtle_carto/install/omo_r1mini_bringup:/home/keti/turtle_carto/install/omo_r1mini_navigation2:/home/keti/turtle_carto/install/omo_r1mini_interfaces:/home/keti/turtle_carto/install/omo_r1mini_description:/home/keti/turtle_carto/install/omo_r1mini_cartographer:${AMENT_PREFIX_PATH} CMAKE_PREFIX_PATH=/home/keti/turtle_carto/install/omo_r1mini_navigation2:/home/keti/turtle_carto/install/omo_r1mini_interfaces:/home/keti/turtle_carto/install/omo_r1mini_description:/home/keti/turtle_carto/install/omo_r1mini_cartographer:/opt/ros/foxy LD_LIBRARY_PATH=/home/keti/turtle_carto/install/omo_r1mini_interfaces/lib:/usr/lib/x86_64-linux-gnu/gazebo-11/plugins:/opt/ros/foxy/opt/yaml_cpp_vendor/lib:/opt/ros/foxy/opt/rviz_ogre_vendor/lib:/opt/ros/foxy/lib/x86_64-linux-gnu:/opt/ros/foxy/lib:/usr/local/cuda-11.4/lib64 PYTHONPATH=/home/keti/turtle_carto/install/omo_r1mini_teleop/lib/python3.8/site-packages:/home/keti/turtle_carto/install/omo_r1mini_bringup/lib/python3.8/site-packages:/home/keti/turtle_carto/install/omo_r1mini_interfaces/lib/python3.8/site-packages:${PYTHONPATH} /usr/bin/cmake /home/keti/turtle_carto/src/omo_r1mini-foxy/omo_r1mini -DCMAKE_INSTALL_PREFIX=/home/keti/turtle_carto/install/omo_r1mini
[0.032s] -- The C compiler identification is GNU 9.4.0
[0.057s] -- The CXX compiler identification is GNU 9.4.0
[0.059s] -- Check for working C compiler: /usr/bin/cc
[0.090s] -- Check for working C compiler: /usr/bin/cc -- works
[0.090s] -- Detecting C compiler ABI info
[0.121s] -- Detecting C compiler ABI info - done
[0.127s] -- Detecting C compile features
[0.127s] -- Detecting C compile features - done
[0.128s] -- Check for working CXX compiler: /usr/bin/c++
[0.164s] -- Check for working CXX compiler: /usr/bin/c++ -- works
[0.164s] -- Detecting CXX compiler ABI info
[0.200s] -- Detecting CXX compiler ABI info - done
[0.205s] -- Detecting CXX compile features
[0.206s] -- Detecting CXX compile features - done
[0.207s] -- Found ament_cmake: 0.9.11 (/opt/ros/foxy/share/ament_cmake/cmake)
[0.219s] -- Found PythonInterp: /usr/bin/python3 (found suitable version "3.8.10", minimum required is "3") 
[0.219s] -- Using PYTHON_EXECUTABLE: /usr/bin/python3
[0.340s] -- Configuring done
[0.340s] -- Generating done
[0.341s] -- Build files have been written to: /home/keti/turtle_carto/build/omo_r1mini
[0.343s] Invoked command in '/home/keti/turtle_carto/build/omo_r1mini' returned '0': AMENT_PREFIX_PATH=/home/keti/turtle_carto/install/omo_r1mini_teleop:/home/keti/turtle_carto/install/omo_r1mini_bringup:/home/keti/turtle_carto/install/omo_r1mini_navigation2:/home/keti/turtle_carto/install/omo_r1mini_interfaces:/home/keti/turtle_carto/install/omo_r1mini_description:/home/keti/turtle_carto/install/omo_r1mini_cartographer:${AMENT_PREFIX_PATH} CMAKE_PREFIX_PATH=/home/keti/turtle_carto/install/omo_r1mini_navigation2:/home/keti/turtle_carto/install/omo_r1mini_interfaces:/home/keti/turtle_carto/install/omo_r1mini_description:/home/keti/turtle_carto/install/omo_r1mini_cartographer:/opt/ros/foxy LD_LIBRARY_PATH=/home/keti/turtle_carto/install/omo_r1mini_interfaces/lib:/usr/lib/x86_64-linux-gnu/gazebo-11/plugins:/opt/ros/foxy/opt/yaml_cpp_vendor/lib:/opt/ros/foxy/opt/rviz_ogre_vendor/lib:/opt/ros/foxy/lib/x86_64-linux-gnu:/opt/ros/foxy/lib:/usr/local/cuda-11.4/lib64 PYTHONPATH=/home/keti/turtle_carto/install/omo_r1mini_teleop/lib/python3.8/site-packages:/home/keti/turtle_carto/install/omo_r1mini_bringup/lib/python3.8/site-packages:/home/keti/turtle_carto/install/omo_r1mini_interfaces/lib/python3.8/site-packages:${PYTHONPATH} /usr/bin/cmake /home/keti/turtle_carto/src/omo_r1mini-foxy/omo_r1mini -DCMAKE_INSTALL_PREFIX=/home/keti/turtle_carto/install/omo_r1mini
[0.344s] Invoking command in '/home/keti/turtle_carto/build/omo_r1mini': AMENT_PREFIX_PATH=/home/keti/turtle_carto/install/omo_r1mini_teleop:/home/keti/turtle_carto/install/omo_r1mini_bringup:/home/keti/turtle_carto/install/omo_r1mini_navigation2:/home/keti/turtle_carto/install/omo_r1mini_interfaces:/home/keti/turtle_carto/install/omo_r1mini_description:/home/keti/turtle_carto/install/omo_r1mini_cartographer:${AMENT_PREFIX_PATH} CMAKE_PREFIX_PATH=/home/keti/turtle_carto/install/omo_r1mini_navigation2:/home/keti/turtle_carto/install/omo_r1mini_interfaces:/home/keti/turtle_carto/install/omo_r1mini_description:/home/keti/turtle_carto/install/omo_r1mini_cartographer:/opt/ros/foxy LD_LIBRARY_PATH=/home/keti/turtle_carto/install/omo_r1mini_interfaces/lib:/usr/lib/x86_64-linux-gnu/gazebo-11/plugins:/opt/ros/foxy/opt/yaml_cpp_vendor/lib:/opt/ros/foxy/opt/rviz_ogre_vendor/lib:/opt/ros/foxy/lib/x86_64-linux-gnu:/opt/ros/foxy/lib:/usr/local/cuda-11.4/lib64 PYTHONPATH=/home/keti/turtle_carto/install/omo_r1mini_teleop/lib/python3.8/site-packages:/home/keti/turtle_carto/install/omo_r1mini_bringup/lib/python3.8/site-packages:/home/keti/turtle_carto/install/omo_r1mini_interfaces/lib/python3.8/site-packages:${PYTHONPATH} /usr/bin/cmake --build /home/keti/turtle_carto/build/omo_r1mini -- -j24 -l24
[0.362s] Invoked command in '/home/keti/turtle_carto/build/omo_r1mini' returned '0': AMENT_PREFIX_PATH=/home/keti/turtle_carto/install/omo_r1mini_teleop:/home/keti/turtle_carto/install/omo_r1mini_bringup:/home/keti/turtle_carto/install/omo_r1mini_navigation2:/home/keti/turtle_carto/install/omo_r1mini_interfaces:/home/keti/turtle_carto/install/omo_r1mini_description:/home/keti/turtle_carto/install/omo_r1mini_cartographer:${AMENT_PREFIX_PATH} CMAKE_PREFIX_PATH=/home/keti/turtle_carto/install/omo_r1mini_navigation2:/home/keti/turtle_carto/install/omo_r1mini_interfaces:/home/keti/turtle_carto/install/omo_r1mini_description:/home/keti/turtle_carto/install/omo_r1mini_cartographer:/opt/ros/foxy LD_LIBRARY_PATH=/home/keti/turtle_carto/install/omo_r1mini_interfaces/lib:/usr/lib/x86_64-linux-gnu/gazebo-11/plugins:/opt/ros/foxy/opt/yaml_cpp_vendor/lib:/opt/ros/foxy/opt/rviz_ogre_vendor/lib:/opt/ros/foxy/lib/x86_64-linux-gnu:/opt/ros/foxy/lib:/usr/local/cuda-11.4/lib64 PYTHONPATH=/home/keti/turtle_carto/install/omo_r1mini_teleop/lib/python3.8/site-packages:/home/keti/turtle_carto/install/omo_r1mini_bringup/lib/python3.8/site-packages:/home/keti/turtle_carto/install/omo_r1mini_interfaces/lib/python3.8/site-packages:${PYTHONPATH} /usr/bin/cmake --build /home/keti/turtle_carto/build/omo_r1mini -- -j24 -l24
[0.372s] Invoking command in '/home/keti/turtle_carto/build/omo_r1mini': AMENT_PREFIX_PATH=/home/keti/turtle_carto/install/omo_r1mini_teleop:/home/keti/turtle_carto/install/omo_r1mini_bringup:/home/keti/turtle_carto/install/omo_r1mini_navigation2:/home/keti/turtle_carto/install/omo_r1mini_interfaces:/home/keti/turtle_carto/install/omo_r1mini_description:/home/keti/turtle_carto/install/omo_r1mini_cartographer:${AMENT_PREFIX_PATH} CMAKE_PREFIX_PATH=/home/keti/turtle_carto/install/omo_r1mini_navigation2:/home/keti/turtle_carto/install/omo_r1mini_interfaces:/home/keti/turtle_carto/install/omo_r1mini_description:/home/keti/turtle_carto/install/omo_r1mini_cartographer:/opt/ros/foxy LD_LIBRARY_PATH=/home/keti/turtle_carto/install/omo_r1mini_interfaces/lib:/usr/lib/x86_64-linux-gnu/gazebo-11/plugins:/opt/ros/foxy/opt/yaml_cpp_vendor/lib:/opt/ros/foxy/opt/rviz_ogre_vendor/lib:/opt/ros/foxy/lib/x86_64-linux-gnu:/opt/ros/foxy/lib:/usr/local/cuda-11.4/lib64 PYTHONPATH=/home/keti/turtle_carto/install/omo_r1mini_teleop/lib/python3.8/site-packages:/home/keti/turtle_carto/install/omo_r1mini_bringup/lib/python3.8/site-packages:/home/keti/turtle_carto/install/omo_r1mini_interfaces/lib/python3.8/site-packages:${PYTHONPATH} /usr/bin/cmake --install /home/keti/turtle_carto/build/omo_r1mini
[0.376s] -- Install configuration: ""
[0.376s] -- Installing: /home/keti/turtle_carto/install/omo_r1mini/share/ament_index/resource_index/package_run_dependencies/omo_r1mini
[0.376s] -- Installing: /home/keti/turtle_carto/install/omo_r1mini/share/ament_index/resource_index/parent_prefix_path/omo_r1mini
[0.376s] -- Installing: /home/keti/turtle_carto/install/omo_r1mini/share/omo_r1mini/environment/ament_prefix_path.sh
[0.376s] -- Installing: /home/keti/turtle_carto/install/omo_r1mini/share/omo_r1mini/environment/ament_prefix_path.dsv
[0.376s] -- Installing: /home/keti/turtle_carto/install/omo_r1mini/share/omo_r1mini/environment/path.sh
[0.376s] -- Installing: /home/keti/turtle_carto/install/omo_r1mini/share/omo_r1mini/environment/path.dsv
[0.376s] -- Installing: /home/keti/turtle_carto/install/omo_r1mini/share/omo_r1mini/local_setup.bash
[0.376s] -- Installing: /home/keti/turtle_carto/install/omo_r1mini/share/omo_r1mini/local_setup.sh
[0.376s] -- Installing: /home/keti/turtle_carto/install/omo_r1mini/share/omo_r1mini/local_setup.zsh
[0.376s] -- Installing: /home/keti/turtle_carto/install/omo_r1mini/share/omo_r1mini/local_setup.dsv
[0.376s] -- Installing: /home/keti/turtle_carto/install/omo_r1mini/share/omo_r1mini/package.dsv
[0.376s] -- Installing: /home/keti/turtle_carto/install/omo_r1mini/share/ament_index/resource_index/packages/omo_r1mini
[0.376s] -- Installing: /home/keti/turtle_carto/install/omo_r1mini/share/omo_r1mini/cmake/omo_r1miniConfig.cmake
[0.376s] -- Installing: /home/keti/turtle_carto/install/omo_r1mini/share/omo_r1mini/cmake/omo_r1miniConfig-version.cmake
[0.376s] -- Installing: /home/keti/turtle_carto/install/omo_r1mini/share/omo_r1mini/package.xml
[0.378s] Invoked command in '/home/keti/turtle_carto/build/omo_r1mini' returned '0': AMENT_PREFIX_PATH=/home/keti/turtle_carto/install/omo_r1mini_teleop:/home/keti/turtle_carto/install/omo_r1mini_bringup:/home/keti/turtle_carto/install/omo_r1mini_navigation2:/home/keti/turtle_carto/install/omo_r1mini_interfaces:/home/keti/turtle_carto/install/omo_r1mini_description:/home/keti/turtle_carto/install/omo_r1mini_cartographer:${AMENT_PREFIX_PATH} CMAKE_PREFIX_PATH=/home/keti/turtle_carto/install/omo_r1mini_navigation2:/home/keti/turtle_carto/install/omo_r1mini_interfaces:/home/keti/turtle_carto/install/omo_r1mini_description:/home/keti/turtle_carto/install/omo_r1mini_cartographer:/opt/ros/foxy LD_LIBRARY_PATH=/home/keti/turtle_carto/install/omo_r1mini_interfaces/lib:/usr/lib/x86_64-linux-gnu/gazebo-11/plugins:/opt/ros/foxy/opt/yaml_cpp_vendor/lib:/opt/ros/foxy/opt/rviz_ogre_vendor/lib:/opt/ros/foxy/lib/x86_64-linux-gnu:/opt/ros/foxy/lib:/usr/local/cuda-11.4/lib64 PYTHONPATH=/home/keti/turtle_carto/install/omo_r1mini_teleop/lib/python3.8/site-packages:/home/keti/turtle_carto/install/omo_r1mini_bringup/lib/python3.8/site-packages:/home/keti/turtle_carto/install/omo_r1mini_interfaces/lib/python3.8/site-packages:${PYTHONPATH} /usr/bin/cmake --install /home/keti/turtle_carto/build/omo_r1mini
