[0.011s] Invoking command in '/home/keti/turtle_carto/build/omo_r1mini': AMENT_PREFIX_PATH=/home/keti/turtle_carto/install/omo_r1mini_teleop:/home/keti/turtle_carto/install/omo_r1mini_bringup:/home/keti/turtle_carto/install/omo_r1mini_navigation2:/home/keti/turtle_carto/install/omo_r1mini_interfaces:/home/keti/turtle_carto/install/omo_r1mini_description:/home/keti/turtle_carto/install/omo_r1mini_cartographer CMAKE_PREFIX_PATH=/home/keti/turtle_carto/install/omo_r1mini_navigation2:/home/keti/turtle_carto/install/omo_r1mini_interfaces:/home/keti/turtle_carto/install/omo_r1mini_description:/home/keti/turtle_carto/install/omo_r1mini_cartographer LD_LIBRARY_PATH=/home/keti/turtle_carto/install/omo_r1mini_interfaces/lib${LD_LIBRARY_PATH} PYTHONPATH=/home/keti/turtle_carto/install/omo_r1mini_teleop/lib/python3.8/site-packages:/home/keti/turtle_carto/install/omo_r1mini_bringup/lib/python3.8/site-packages:/home/keti/turtle_carto/install/omo_r1mini_interfaces/lib/python3.8/site-packages /usr/bin/cmake --build /home/keti/turtle_carto/build/omo_r1mini -- -j24 -l24
[0.027s] Invoked command in '/home/keti/turtle_carto/build/omo_r1mini' returned '0': AMENT_PREFIX_PATH=/home/keti/turtle_carto/install/omo_r1mini_teleop:/home/keti/turtle_carto/install/omo_r1mini_bringup:/home/keti/turtle_carto/install/omo_r1mini_navigation2:/home/keti/turtle_carto/install/omo_r1mini_interfaces:/home/keti/turtle_carto/install/omo_r1mini_description:/home/keti/turtle_carto/install/omo_r1mini_cartographer CMAKE_PREFIX_PATH=/home/keti/turtle_carto/install/omo_r1mini_navigation2:/home/keti/turtle_carto/install/omo_r1mini_interfaces:/home/keti/turtle_carto/install/omo_r1mini_description:/home/keti/turtle_carto/install/omo_r1mini_cartographer LD_LIBRARY_PATH=/home/keti/turtle_carto/install/omo_r1mini_interfaces/lib${LD_LIBRARY_PATH} PYTHONPATH=/home/keti/turtle_carto/install/omo_r1mini_teleop/lib/python3.8/site-packages:/home/keti/turtle_carto/install/omo_r1mini_bringup/lib/python3.8/site-packages:/home/keti/turtle_carto/install/omo_r1mini_interfaces/lib/python3.8/site-packages /usr/bin/cmake --build /home/keti/turtle_carto/build/omo_r1mini -- -j24 -l24
[0.039s] Invoking command in '/home/keti/turtle_carto/build/omo_r1mini': AMENT_PREFIX_PATH=/home/keti/turtle_carto/install/omo_r1mini_teleop:/home/keti/turtle_carto/install/omo_r1mini_bringup:/home/keti/turtle_carto/install/omo_r1mini_navigation2:/home/keti/turtle_carto/install/omo_r1mini_interfaces:/home/keti/turtle_carto/install/omo_r1mini_description:/home/keti/turtle_carto/install/omo_r1mini_cartographer CMAKE_PREFIX_PATH=/home/keti/turtle_carto/install/omo_r1mini_navigation2:/home/keti/turtle_carto/install/omo_r1mini_interfaces:/home/keti/turtle_carto/install/omo_r1mini_description:/home/keti/turtle_carto/install/omo_r1mini_cartographer LD_LIBRARY_PATH=/home/keti/turtle_carto/install/omo_r1mini_interfaces/lib${LD_LIBRARY_PATH} PYTHONPATH=/home/keti/turtle_carto/install/omo_r1mini_teleop/lib/python3.8/site-packages:/home/keti/turtle_carto/install/omo_r1mini_bringup/lib/python3.8/site-packages:/home/keti/turtle_carto/install/omo_r1mini_interfaces/lib/python3.8/site-packages /usr/bin/cmake --install /home/keti/turtle_carto/build/omo_r1mini
[0.042s] -- Install configuration: ""
[0.042s] -- Up-to-date: /home/keti/turtle_carto/install/omo_r1mini/share/ament_index/resource_index/package_run_dependencies/omo_r1mini
[0.042s] -- Up-to-date: /home/keti/turtle_carto/install/omo_r1mini/share/ament_index/resource_index/parent_prefix_path/omo_r1mini
[0.042s] -- Up-to-date: /home/keti/turtle_carto/install/omo_r1mini/share/omo_r1mini/environment/ament_prefix_path.sh
[0.043s] -- Up-to-date: /home/keti/turtle_carto/install/omo_r1mini/share/omo_r1mini/environment/ament_prefix_path.dsv
[0.043s] -- Up-to-date: /home/keti/turtle_carto/install/omo_r1mini/share/omo_r1mini/environment/path.sh
[0.043s] -- Up-to-date: /home/keti/turtle_carto/install/omo_r1mini/share/omo_r1mini/environment/path.dsv
[0.043s] -- Up-to-date: /home/keti/turtle_carto/install/omo_r1mini/share/omo_r1mini/local_setup.bash
[0.043s] -- Up-to-date: /home/keti/turtle_carto/install/omo_r1mini/share/omo_r1mini/local_setup.sh
[0.043s] -- Up-to-date: /home/keti/turtle_carto/install/omo_r1mini/share/omo_r1mini/local_setup.zsh
[0.043s] -- Up-to-date: /home/keti/turtle_carto/install/omo_r1mini/share/omo_r1mini/local_setup.dsv
[0.043s] -- Up-to-date: /home/keti/turtle_carto/install/omo_r1mini/share/omo_r1mini/package.dsv
[0.043s] -- Up-to-date: /home/keti/turtle_carto/install/omo_r1mini/share/ament_index/resource_index/packages/omo_r1mini
[0.043s] -- Up-to-date: /home/keti/turtle_carto/install/omo_r1mini/share/omo_r1mini/cmake/omo_r1miniConfig.cmake
[0.043s] -- Up-to-date: /home/keti/turtle_carto/install/omo_r1mini/share/omo_r1mini/cmake/omo_r1miniConfig-version.cmake
[0.043s] -- Up-to-date: /home/keti/turtle_carto/install/omo_r1mini/share/omo_r1mini/package.xml
[0.044s] Invoked command in '/home/keti/turtle_carto/build/omo_r1mini' returned '0': AMENT_PREFIX_PATH=/home/keti/turtle_carto/install/omo_r1mini_teleop:/home/keti/turtle_carto/install/omo_r1mini_bringup:/home/keti/turtle_carto/install/omo_r1mini_navigation2:/home/keti/turtle_carto/install/omo_r1mini_interfaces:/home/keti/turtle_carto/install/omo_r1mini_description:/home/keti/turtle_carto/install/omo_r1mini_cartographer CMAKE_PREFIX_PATH=/home/keti/turtle_carto/install/omo_r1mini_navigation2:/home/keti/turtle_carto/install/omo_r1mini_interfaces:/home/keti/turtle_carto/install/omo_r1mini_description:/home/keti/turtle_carto/install/omo_r1mini_cartographer LD_LIBRARY_PATH=/home/keti/turtle_carto/install/omo_r1mini_interfaces/lib${LD_LIBRARY_PATH} PYTHONPATH=/home/keti/turtle_carto/install/omo_r1mini_teleop/lib/python3.8/site-packages:/home/keti/turtle_carto/install/omo_r1mini_bringup/lib/python3.8/site-packages:/home/keti/turtle_carto/install/omo_r1mini_interfaces/lib/python3.8/site-packages /usr/bin/cmake --install /home/keti/turtle_carto/build/omo_r1mini
