[0.075s] Invoking command in '/home/keti/turtle_carto/build/custom_interfaces': CMAKE_PREFIX_PATH=/opt/ros/foxy /usr/bin/cmake --build /home/keti/turtle_carto/build/custom_interfaces -- -j24 -l24
[0.574s] -- Found ament_cmake: 0.9.11 (/opt/ros/foxy/share/ament_cmake/cmake)
[0.574s] -- Using PYTHON_EXECUTABLE: /usr/bin/python3
[0.574s] -- Found rosidl_default_generators: 1.0.1 (/opt/ros/foxy/share/rosidl_default_generators/cmake)
[0.574s] -- Using all available rosidl_typesupport_c: rosidl_typesupport_fastrtps_c;rosidl_typesupport_introspection_c
[0.574s] -- Found rosidl_adapter: 1.3.0 (/opt/ros/foxy/share/rosidl_adapter/cmake)
[0.574s] -- Using all available rosidl_typesupport_cpp: rosidl_typesupport_fastrtps_cpp;rosidl_typesupport_introspection_cpp
[0.574s] -- Found PythonInterp: /usr/bin/python3 (found version "3.8.10") 
[0.574s] -- Found ament_cmake_ros: 0.9.2 (/opt/ros/foxy/share/ament_cmake_ros/cmake)
[0.574s] -- Using all available rosidl_typesupport_c: rosidl_typesupport_fastrtps_c;rosidl_typesupport_introspection_c
[0.574s] -- Using all available rosidl_typesupport_cpp: rosidl_typesupport_fastrtps_cpp;rosidl_typesupport_introspection_cpp
[0.574s] -- Found PythonInterp: /usr/bin/python3 (found suitable version "3.8.10", minimum required is "3.5") 
[0.574s] -- Found python_cmake_module: 0.8.1 (/opt/ros/foxy/share/python_cmake_module/cmake)
[0.574s] -- Using PYTHON_EXECUTABLE: /usr/bin/python3
[0.574s] -- Using PYTHON_INCLUDE_DIRS: /usr/include/python3.8
[0.574s] -- Using PYTHON_LIBRARIES: /usr/lib/x86_64-linux-gnu/libpython3.8.so
[0.574s] -- Found ament_lint_auto: 0.9.8 (/opt/ros/foxy/share/ament_lint_auto/cmake)
[0.575s] -- Added test 'copyright' to check source files copyright and LICENSE
[0.575s] -- Added test 'lint_cmake' to check CMake code style
[0.575s] -- Added test 'xmllint' to check XML markup files
[0.575s] -- Configuring done
[0.576s] -- Generating done
[0.581s] -- Build files have been written to: /home/keti/turtle_carto/build/custom_interfaces
[0.608s] [  1%] Built target custom_interfaces__cpp
[0.610s] [ 12%] Built target custom_interfaces__rosidl_generator_c
[0.634s] [ 23%] Built target custom_interfaces__rosidl_typesupport_introspection_cpp
[0.634s] [ 34%] Built target custom_interfaces__rosidl_typesupport_cpp
[0.635s] [ 46%] Built target custom_interfaces__rosidl_typesupport_introspection_c
[0.635s] [ 57%] Built target custom_interfaces__rosidl_typesupport_fastrtps_cpp
[0.655s] [ 68%] Built target custom_interfaces__rosidl_typesupport_c
[0.667s] [ 79%] Built target custom_interfaces__rosidl_typesupport_fastrtps_c
[0.717s] [ 79%] Built target custom_interfaces
[0.767s] [ 80%] Built target custom_interfaces__py
[0.768s] [ 90%] Built target custom_interfaces__python
[0.768s] [ 93%] Built target custom_interfaces__rosidl_typesupport_introspection_c__pyext
[0.768s] [ 96%] Built target custom_interfaces__rosidl_typesupport_fastrtps_c__pyext
[0.769s] [100%] Built target custom_interfaces__rosidl_typesupport_c__pyext
[0.956s] Invoked command in '/home/keti/turtle_carto/build/custom_interfaces' returned '0': CMAKE_PREFIX_PATH=/opt/ros/foxy /usr/bin/cmake --build /home/keti/turtle_carto/build/custom_interfaces -- -j24 -l24
[1.215s] Invoking command in '/home/keti/turtle_carto/build/custom_interfaces': CMAKE_PREFIX_PATH=/opt/ros/foxy /usr/bin/cmake --install /home/keti/turtle_carto/build/custom_interfaces
[1.247s] -- Install configuration: ""
[1.248s] -- Up-to-date: /home/keti/turtle_carto/install/custom_interfaces/share/ament_index/resource_index/rosidl_interfaces/custom_interfaces
[1.248s] -- Up-to-date: /home/keti/turtle_carto/install/custom_interfaces/include/custom_interfaces
[1.248s] -- Up-to-date: /home/keti/turtle_carto/install/custom_interfaces/include/custom_interfaces/msg
[1.248s] -- Up-to-date: /home/keti/turtle_carto/install/custom_interfaces/include/custom_interfaces/msg/rosidl_generator_c__visibility_control.h
[1.248s] -- Up-to-date: /home/keti/turtle_carto/install/custom_interfaces/include/custom_interfaces/msg/num.h
[1.248s] -- Up-to-date: /home/keti/turtle_carto/install/custom_interfaces/include/custom_interfaces/msg/detail
[1.248s] -- Up-to-date: /home/keti/turtle_carto/install/custom_interfaces/include/custom_interfaces/msg/detail/num__type_support.h
[1.248s] -- Up-to-date: /home/keti/turtle_carto/install/custom_interfaces/include/custom_interfaces/msg/detail/num__functions.h
[1.248s] -- Up-to-date: /home/keti/turtle_carto/install/custom_interfaces/include/custom_interfaces/msg/detail/num__functions.c
[1.248s] -- Up-to-date: /home/keti/turtle_carto/install/custom_interfaces/include/custom_interfaces/msg/detail/num__struct.h
[1.248s] -- Up-to-date: /home/keti/turtle_carto/install/custom_interfaces/include/custom_interfaces/action
[1.248s] -- Up-to-date: /home/keti/turtle_carto/install/custom_interfaces/include/custom_interfaces/action/detail
[1.248s] -- Up-to-date: /home/keti/turtle_carto/install/custom_interfaces/include/custom_interfaces/action/detail/maze__struct.h
[1.248s] -- Up-to-date: /home/keti/turtle_carto/install/custom_interfaces/include/custom_interfaces/action/detail/maze__functions.h
[1.248s] -- Up-to-date: /home/keti/turtle_carto/install/custom_interfaces/include/custom_interfaces/action/detail/fibonacci__struct.h
[1.248s] -- Up-to-date: /home/keti/turtle_carto/install/custom_interfaces/include/custom_interfaces/action/detail/fibonacci__type_support.h
[1.248s] -- Up-to-date: /home/keti/turtle_carto/install/custom_interfaces/include/custom_interfaces/action/detail/maze__functions.c
[1.248s] -- Up-to-date: /home/keti/turtle_carto/install/custom_interfaces/include/custom_interfaces/action/detail/maze__type_support.h
[1.248s] -- Up-to-date: /home/keti/turtle_carto/install/custom_interfaces/include/custom_interfaces/action/detail/fibonacci__functions.c
[1.248s] -- Up-to-date: /home/keti/turtle_carto/install/custom_interfaces/include/custom_interfaces/action/detail/fibonacci__functions.h
[1.248s] -- Up-to-date: /home/keti/turtle_carto/install/custom_interfaces/include/custom_interfaces/action/maze.h
[1.248s] -- Up-to-date: /home/keti/turtle_carto/install/custom_interfaces/include/custom_interfaces/action/fibonacci.h
[1.248s] -- Up-to-date: /home/keti/turtle_carto/install/custom_interfaces/include/custom_interfaces/srv
[1.248s] -- Up-to-date: /home/keti/turtle_carto/install/custom_interfaces/include/custom_interfaces/srv/detail
[1.248s] -- Up-to-date: /home/keti/turtle_carto/install/custom_interfaces/include/custom_interfaces/srv/detail/turning_control__functions.c
[1.248s] -- Up-to-date: /home/keti/turtle_carto/install/custom_interfaces/include/custom_interfaces/srv/detail/turning_control__struct.h
[1.249s] -- Up-to-date: /home/keti/turtle_carto/install/custom_interfaces/include/custom_interfaces/srv/detail/add_three_ints__struct.h
[1.249s] -- Up-to-date: /home/keti/turtle_carto/install/custom_interfaces/include/custom_interfaces/srv/detail/add_three_ints__type_support.h
[1.249s] -- Up-to-date: /home/keti/turtle_carto/install/custom_interfaces/include/custom_interfaces/srv/detail/add_three_ints__functions.c
[1.249s] -- Up-to-date: /home/keti/turtle_carto/install/custom_interfaces/include/custom_interfaces/srv/detail/turning_control__functions.h
[1.249s] -- Up-to-date: /home/keti/turtle_carto/install/custom_interfaces/include/custom_interfaces/srv/detail/add_three_ints__functions.h
[1.249s] -- Up-to-date: /home/keti/turtle_carto/install/custom_interfaces/include/custom_interfaces/srv/detail/turning_control__type_support.h
[1.249s] -- Up-to-date: /home/keti/turtle_carto/install/custom_interfaces/include/custom_interfaces/srv/turning_control.h
[1.249s] -- Up-to-date: /home/keti/turtle_carto/install/custom_interfaces/include/custom_interfaces/srv/add_three_ints.h
[1.249s] -- Up-to-date: /home/keti/turtle_carto/install/custom_interfaces/share/custom_interfaces/environment/library_path.sh
[1.249s] -- Installing: /home/keti/turtle_carto/install/custom_interfaces/share/custom_interfaces/environment/library_path.dsv
[1.249s] -- Up-to-date: /home/keti/turtle_carto/install/custom_interfaces/lib/libcustom_interfaces__rosidl_generator_c.so
[1.249s] -- Up-to-date: /home/keti/turtle_carto/install/custom_interfaces/include/custom_interfaces
[1.249s] -- Up-to-date: /home/keti/turtle_carto/install/custom_interfaces/include/custom_interfaces/msg
[1.249s] -- Up-to-date: /home/keti/turtle_carto/install/custom_interfaces/include/custom_interfaces/msg/rosidl_typesupport_fastrtps_c__visibility_control.h
[1.249s] -- Up-to-date: /home/keti/turtle_carto/install/custom_interfaces/include/custom_interfaces/msg/detail
[1.249s] -- Up-to-date: /home/keti/turtle_carto/install/custom_interfaces/include/custom_interfaces/msg/detail/num__rosidl_typesupport_fastrtps_c.h
[1.249s] -- Up-to-date: /home/keti/turtle_carto/install/custom_interfaces/include/custom_interfaces/action
[1.249s] -- Up-to-date: /home/keti/turtle_carto/install/custom_interfaces/include/custom_interfaces/action/detail
[1.249s] -- Up-to-date: /home/keti/turtle_carto/install/custom_interfaces/include/custom_interfaces/action/detail/maze__rosidl_typesupport_fastrtps_c.h
[1.249s] -- Up-to-date: /home/keti/turtle_carto/install/custom_interfaces/include/custom_interfaces/action/detail/fibonacci__rosidl_typesupport_fastrtps_c.h
[1.249s] -- Up-to-date: /home/keti/turtle_carto/install/custom_interfaces/include/custom_interfaces/srv
[1.249s] -- Up-to-date: /home/keti/turtle_carto/install/custom_interfaces/include/custom_interfaces/srv/detail
[1.249s] -- Up-to-date: /home/keti/turtle_carto/install/custom_interfaces/include/custom_interfaces/srv/detail/add_three_ints__rosidl_typesupport_fastrtps_c.h
[1.249s] -- Up-to-date: /home/keti/turtle_carto/install/custom_interfaces/include/custom_interfaces/srv/detail/turning_control__rosidl_typesupport_fastrtps_c.h
[1.249s] -- Up-to-date: /home/keti/turtle_carto/install/custom_interfaces/lib/libcustom_interfaces__rosidl_typesupport_fastrtps_c.so
[1.249s] -- Up-to-date: /home/keti/turtle_carto/install/custom_interfaces/include/custom_interfaces
[1.250s] -- Up-to-date: /home/keti/turtle_carto/install/custom_interfaces/include/custom_interfaces/msg
[1.250s] -- Up-to-date: /home/keti/turtle_carto/install/custom_interfaces/include/custom_interfaces/msg/detail
[1.250s] -- Up-to-date: /home/keti/turtle_carto/install/custom_interfaces/include/custom_interfaces/msg/detail/dds_fastrtps
[1.250s] -- Up-to-date: /home/keti/turtle_carto/install/custom_interfaces/include/custom_interfaces/msg/detail/num__rosidl_typesupport_fastrtps_cpp.hpp
[1.252s] -- Up-to-date: /home/keti/turtle_carto/install/custom_interfaces/include/custom_interfaces/msg/rosidl_typesupport_fastrtps_cpp__visibility_control.h
[1.252s] -- Up-to-date: /home/keti/turtle_carto/install/custom_interfaces/include/custom_interfaces/action
[1.252s] -- Up-to-date: /home/keti/turtle_carto/install/custom_interfaces/include/custom_interfaces/action/detail
[1.252s] -- Up-to-date: /home/keti/turtle_carto/install/custom_interfaces/include/custom_interfaces/action/detail/fibonacci__rosidl_typesupport_fastrtps_cpp.hpp
[1.252s] -- Up-to-date: /home/keti/turtle_carto/install/custom_interfaces/include/custom_interfaces/action/detail/dds_fastrtps
[1.252s] -- Up-to-date: /home/keti/turtle_carto/install/custom_interfaces/include/custom_interfaces/action/detail/maze__rosidl_typesupport_fastrtps_cpp.hpp
[1.252s] -- Up-to-date: /home/keti/turtle_carto/install/custom_interfaces/include/custom_interfaces/srv
[1.252s] -- Up-to-date: /home/keti/turtle_carto/install/custom_interfaces/include/custom_interfaces/srv/detail
[1.252s] -- Up-to-date: /home/keti/turtle_carto/install/custom_interfaces/include/custom_interfaces/srv/detail/dds_fastrtps
[1.252s] -- Up-to-date: /home/keti/turtle_carto/install/custom_interfaces/include/custom_interfaces/srv/detail/turning_control__rosidl_typesupport_fastrtps_cpp.hpp
[1.252s] -- Up-to-date: /home/keti/turtle_carto/install/custom_interfaces/include/custom_interfaces/srv/detail/add_three_ints__rosidl_typesupport_fastrtps_cpp.hpp
[1.253s] -- Up-to-date: /home/keti/turtle_carto/install/custom_interfaces/lib/libcustom_interfaces__rosidl_typesupport_fastrtps_cpp.so
[1.253s] -- Up-to-date: /home/keti/turtle_carto/install/custom_interfaces/include/custom_interfaces
[1.253s] -- Up-to-date: /home/keti/turtle_carto/install/custom_interfaces/include/custom_interfaces/msg
[1.253s] -- Up-to-date: /home/keti/turtle_carto/install/custom_interfaces/include/custom_interfaces/msg/detail
[1.253s] -- Up-to-date: /home/keti/turtle_carto/install/custom_interfaces/include/custom_interfaces/msg/detail/num__type_support.c
[1.253s] -- Up-to-date: /home/keti/turtle_carto/install/custom_interfaces/include/custom_interfaces/msg/detail/num__rosidl_typesupport_introspection_c.h
[1.253s] -- Up-to-date: /home/keti/turtle_carto/install/custom_interfaces/include/custom_interfaces/msg/rosidl_typesupport_introspection_c__visibility_control.h
[1.253s] -- Up-to-date: /home/keti/turtle_carto/install/custom_interfaces/include/custom_interfaces/action
[1.253s] -- Up-to-date: /home/keti/turtle_carto/install/custom_interfaces/include/custom_interfaces/action/detail
[1.253s] -- Up-to-date: /home/keti/turtle_carto/install/custom_interfaces/include/custom_interfaces/action/detail/fibonacci__rosidl_typesupport_introspection_c.h
[1.253s] -- Up-to-date: /home/keti/turtle_carto/install/custom_interfaces/include/custom_interfaces/action/detail/maze__type_support.c
[1.253s] -- Up-to-date: /home/keti/turtle_carto/install/custom_interfaces/include/custom_interfaces/action/detail/maze__rosidl_typesupport_introspection_c.h
[1.253s] -- Up-to-date: /home/keti/turtle_carto/install/custom_interfaces/include/custom_interfaces/action/detail/fibonacci__type_support.c
[1.253s] -- Up-to-date: /home/keti/turtle_carto/install/custom_interfaces/include/custom_interfaces/srv
[1.253s] -- Up-to-date: /home/keti/turtle_carto/install/custom_interfaces/include/custom_interfaces/srv/detail
[1.253s] -- Up-to-date: /home/keti/turtle_carto/install/custom_interfaces/include/custom_interfaces/srv/detail/turning_control__type_support.c
[1.253s] -- Up-to-date: /home/keti/turtle_carto/install/custom_interfaces/include/custom_interfaces/srv/detail/add_three_ints__type_support.c
[1.254s] -- Up-to-date: /home/keti/turtle_carto/install/custom_interfaces/include/custom_interfaces/srv/detail/add_three_ints__rosidl_typesupport_introspection_c.h
[1.254s] -- Up-to-date: /home/keti/turtle_carto/install/custom_interfaces/include/custom_interfaces/srv/detail/turning_control__rosidl_typesupport_introspection_c.h
[1.254s] -- Up-to-date: /home/keti/turtle_carto/install/custom_interfaces/lib/libcustom_interfaces__rosidl_typesupport_introspection_c.so
[1.254s] -- Up-to-date: /home/keti/turtle_carto/install/custom_interfaces/lib/libcustom_interfaces__rosidl_typesupport_c.so
[1.254s] -- Up-to-date: /home/keti/turtle_carto/install/custom_interfaces/include/custom_interfaces
[1.254s] -- Up-to-date: /home/keti/turtle_carto/install/custom_interfaces/include/custom_interfaces/msg
[1.254s] -- Up-to-date: /home/keti/turtle_carto/install/custom_interfaces/include/custom_interfaces/msg/num.hpp
[1.254s] -- Up-to-date: /home/keti/turtle_carto/install/custom_interfaces/include/custom_interfaces/msg/detail
[1.254s] -- Up-to-date: /home/keti/turtle_carto/install/custom_interfaces/include/custom_interfaces/msg/detail/num__struct.hpp
[1.254s] -- Up-to-date: /home/keti/turtle_carto/install/custom_interfaces/include/custom_interfaces/msg/detail/num__traits.hpp
[1.254s] -- Up-to-date: /home/keti/turtle_carto/install/custom_interfaces/include/custom_interfaces/msg/detail/num__builder.hpp
[1.254s] -- Up-to-date: /home/keti/turtle_carto/install/custom_interfaces/include/custom_interfaces/action
[1.254s] -- Up-to-date: /home/keti/turtle_carto/install/custom_interfaces/include/custom_interfaces/action/fibonacci.hpp
[1.254s] -- Up-to-date: /home/keti/turtle_carto/install/custom_interfaces/include/custom_interfaces/action/detail
[1.254s] -- Up-to-date: /home/keti/turtle_carto/install/custom_interfaces/include/custom_interfaces/action/detail/fibonacci__struct.hpp
[1.254s] -- Up-to-date: /home/keti/turtle_carto/install/custom_interfaces/include/custom_interfaces/action/detail/fibonacci__traits.hpp
[1.254s] -- Up-to-date: /home/keti/turtle_carto/install/custom_interfaces/include/custom_interfaces/action/detail/maze__struct.hpp
[1.254s] -- Up-to-date: /home/keti/turtle_carto/install/custom_interfaces/include/custom_interfaces/action/detail/maze__traits.hpp
[1.254s] -- Up-to-date: /home/keti/turtle_carto/install/custom_interfaces/include/custom_interfaces/action/detail/maze__builder.hpp
[1.254s] -- Up-to-date: /home/keti/turtle_carto/install/custom_interfaces/include/custom_interfaces/action/detail/fibonacci__builder.hpp
[1.254s] -- Up-to-date: /home/keti/turtle_carto/install/custom_interfaces/include/custom_interfaces/action/maze.hpp
[1.254s] -- Up-to-date: /home/keti/turtle_carto/install/custom_interfaces/include/custom_interfaces/srv
[1.254s] -- Up-to-date: /home/keti/turtle_carto/install/custom_interfaces/include/custom_interfaces/srv/turning_control.hpp
[1.254s] -- Up-to-date: /home/keti/turtle_carto/install/custom_interfaces/include/custom_interfaces/srv/add_three_ints.hpp
[1.254s] -- Up-to-date: /home/keti/turtle_carto/install/custom_interfaces/include/custom_interfaces/srv/detail
[1.254s] -- Up-to-date: /home/keti/turtle_carto/install/custom_interfaces/include/custom_interfaces/srv/detail/add_three_ints__builder.hpp
[1.254s] -- Up-to-date: /home/keti/turtle_carto/install/custom_interfaces/include/custom_interfaces/srv/detail/add_three_ints__traits.hpp
[1.255s] -- Up-to-date: /home/keti/turtle_carto/install/custom_interfaces/include/custom_interfaces/srv/detail/turning_control__builder.hpp
[1.255s] -- Up-to-date: /home/keti/turtle_carto/install/custom_interfaces/include/custom_interfaces/srv/detail/turning_control__struct.hpp
[1.255s] -- Up-to-date: /home/keti/turtle_carto/install/custom_interfaces/include/custom_interfaces/srv/detail/add_three_ints__struct.hpp
[1.255s] -- Up-to-date: /home/keti/turtle_carto/install/custom_interfaces/include/custom_interfaces/srv/detail/turning_control__traits.hpp
[1.255s] -- Up-to-date: /home/keti/turtle_carto/install/custom_interfaces/include/custom_interfaces
[1.255s] -- Up-to-date: /home/keti/turtle_carto/install/custom_interfaces/include/custom_interfaces/msg
[1.255s] -- Up-to-date: /home/keti/turtle_carto/install/custom_interfaces/include/custom_interfaces/msg/detail
[1.255s] -- Up-to-date: /home/keti/turtle_carto/install/custom_interfaces/include/custom_interfaces/msg/detail/num__rosidl_typesupport_introspection_cpp.hpp
[1.255s] -- Up-to-date: /home/keti/turtle_carto/install/custom_interfaces/include/custom_interfaces/msg/detail/num__type_support.cpp
[1.255s] -- Up-to-date: /home/keti/turtle_carto/install/custom_interfaces/include/custom_interfaces/action
[1.255s] -- Up-to-date: /home/keti/turtle_carto/install/custom_interfaces/include/custom_interfaces/action/detail
[1.255s] -- Up-to-date: /home/keti/turtle_carto/install/custom_interfaces/include/custom_interfaces/action/detail/maze__type_support.cpp
[1.255s] -- Up-to-date: /home/keti/turtle_carto/install/custom_interfaces/include/custom_interfaces/action/detail/maze__rosidl_typesupport_introspection_cpp.hpp
[1.255s] -- Up-to-date: /home/keti/turtle_carto/install/custom_interfaces/include/custom_interfaces/action/detail/fibonacci__type_support.cpp
[1.255s] -- Up-to-date: /home/keti/turtle_carto/install/custom_interfaces/include/custom_interfaces/action/detail/fibonacci__rosidl_typesupport_introspection_cpp.hpp
[1.255s] -- Up-to-date: /home/keti/turtle_carto/install/custom_interfaces/include/custom_interfaces/srv
[1.255s] -- Up-to-date: /home/keti/turtle_carto/install/custom_interfaces/include/custom_interfaces/srv/detail
[1.255s] -- Up-to-date: /home/keti/turtle_carto/install/custom_interfaces/include/custom_interfaces/srv/detail/turning_control__rosidl_typesupport_introspection_cpp.hpp
[1.255s] -- Up-to-date: /home/keti/turtle_carto/install/custom_interfaces/include/custom_interfaces/srv/detail/turning_control__type_support.cpp
[1.255s] -- Up-to-date: /home/keti/turtle_carto/install/custom_interfaces/include/custom_interfaces/srv/detail/add_three_ints__rosidl_typesupport_introspection_cpp.hpp
[1.255s] -- Up-to-date: /home/keti/turtle_carto/install/custom_interfaces/include/custom_interfaces/srv/detail/add_three_ints__type_support.cpp
[1.255s] -- Up-to-date: /home/keti/turtle_carto/install/custom_interfaces/lib/libcustom_interfaces__rosidl_typesupport_introspection_cpp.so
[1.255s] -- Up-to-date: /home/keti/turtle_carto/install/custom_interfaces/lib/libcustom_interfaces__rosidl_typesupport_cpp.so
[1.255s] -- Up-to-date: /home/keti/turtle_carto/install/custom_interfaces/share/custom_interfaces/environment/pythonpath.sh
[1.255s] -- Installing: /home/keti/turtle_carto/install/custom_interfaces/share/custom_interfaces/environment/pythonpath.dsv
[1.255s] -- Installing: /home/keti/turtle_carto/install/custom_interfaces/lib/python3.8/site-packages/custom_interfaces/__init__.py
[1.280s] Compiling '/home/keti/turtle_carto/install/custom_interfaces/lib/python3.8/site-packages/custom_interfaces/__init__.py'...
[1.284s] -- Up-to-date: /home/keti/turtle_carto/install/custom_interfaces/lib/python3.8/site-packages/custom_interfaces/msg
[1.284s] -- Up-to-date: /home/keti/turtle_carto/install/custom_interfaces/lib/python3.8/site-packages/custom_interfaces/msg/__init__.py
[1.284s] -- Up-to-date: /home/keti/turtle_carto/install/custom_interfaces/lib/python3.8/site-packages/custom_interfaces/msg/_num.py
[1.284s] -- Up-to-date: /home/keti/turtle_carto/install/custom_interfaces/lib/python3.8/site-packages/custom_interfaces/msg/_num_s.c
[1.284s] -- Up-to-date: /home/keti/turtle_carto/install/custom_interfaces/lib/python3.8/site-packages/custom_interfaces/srv
[1.284s] -- Up-to-date: /home/keti/turtle_carto/install/custom_interfaces/lib/python3.8/site-packages/custom_interfaces/srv/_turning_control_s.c
[1.284s] -- Up-to-date: /home/keti/turtle_carto/install/custom_interfaces/lib/python3.8/site-packages/custom_interfaces/srv/_turning_control.py
[1.284s] -- Up-to-date: /home/keti/turtle_carto/install/custom_interfaces/lib/python3.8/site-packages/custom_interfaces/srv/__init__.py
[1.284s] -- Up-to-date: /home/keti/turtle_carto/install/custom_interfaces/lib/python3.8/site-packages/custom_interfaces/srv/_add_three_ints.py
[1.284s] -- Up-to-date: /home/keti/turtle_carto/install/custom_interfaces/lib/python3.8/site-packages/custom_interfaces/srv/_add_three_ints_s.c
[1.284s] -- Up-to-date: /home/keti/turtle_carto/install/custom_interfaces/lib/python3.8/site-packages/custom_interfaces/action
[1.285s] -- Up-to-date: /home/keti/turtle_carto/install/custom_interfaces/lib/python3.8/site-packages/custom_interfaces/action/_maze.py
[1.285s] -- Up-to-date: /home/keti/turtle_carto/install/custom_interfaces/lib/python3.8/site-packages/custom_interfaces/action/__init__.py
[1.285s] -- Up-to-date: /home/keti/turtle_carto/install/custom_interfaces/lib/python3.8/site-packages/custom_interfaces/action/_fibonacci.py
[1.285s] -- Up-to-date: /home/keti/turtle_carto/install/custom_interfaces/lib/python3.8/site-packages/custom_interfaces/action/_maze_s.c
[1.285s] -- Up-to-date: /home/keti/turtle_carto/install/custom_interfaces/lib/python3.8/site-packages/custom_interfaces/action/_fibonacci_s.c
[1.285s] -- Up-to-date: /home/keti/turtle_carto/install/custom_interfaces/lib/python3.8/site-packages/custom_interfaces/custom_interfaces_s__rosidl_typesupport_fastrtps_c.cpython-38-x86_64-linux-gnu.so
[1.286s] -- Up-to-date: /home/keti/turtle_carto/install/custom_interfaces/lib/python3.8/site-packages/custom_interfaces/custom_interfaces_s__rosidl_typesupport_introspection_c.cpython-38-x86_64-linux-gnu.so
[1.286s] -- Up-to-date: /home/keti/turtle_carto/install/custom_interfaces/lib/python3.8/site-packages/custom_interfaces/custom_interfaces_s__rosidl_typesupport_c.cpython-38-x86_64-linux-gnu.so
[1.287s] -- Up-to-date: /home/keti/turtle_carto/install/custom_interfaces/lib/libcustom_interfaces__python.so
[1.287s] -- Up-to-date: /home/keti/turtle_carto/install/custom_interfaces/share/custom_interfaces/msg/Num.idl
[1.287s] -- Up-to-date: /home/keti/turtle_carto/install/custom_interfaces/share/custom_interfaces/srv/AddThreeInts.idl
[1.287s] -- Up-to-date: /home/keti/turtle_carto/install/custom_interfaces/share/custom_interfaces/srv/TurningControl.idl
[1.287s] -- Up-to-date: /home/keti/turtle_carto/install/custom_interfaces/share/custom_interfaces/action/Fibonacci.idl
[1.287s] -- Up-to-date: /home/keti/turtle_carto/install/custom_interfaces/share/custom_interfaces/action/Maze.idl
[1.287s] -- Installing: /home/keti/turtle_carto/install/custom_interfaces/share/custom_interfaces/msg/Num.msg
[1.287s] -- Installing: /home/keti/turtle_carto/install/custom_interfaces/share/custom_interfaces/srv/AddThreeInts.srv
[1.288s] -- Up-to-date: /home/keti/turtle_carto/install/custom_interfaces/share/custom_interfaces/srv/AddThreeInts_Request.msg
[1.288s] -- Up-to-date: /home/keti/turtle_carto/install/custom_interfaces/share/custom_interfaces/srv/AddThreeInts_Response.msg
[1.288s] -- Installing: /home/keti/turtle_carto/install/custom_interfaces/share/custom_interfaces/srv/TurningControl.srv
[1.288s] -- Up-to-date: /home/keti/turtle_carto/install/custom_interfaces/share/custom_interfaces/srv/TurningControl_Request.msg
[1.288s] -- Up-to-date: /home/keti/turtle_carto/install/custom_interfaces/share/custom_interfaces/srv/TurningControl_Response.msg
[1.288s] -- Installing: /home/keti/turtle_carto/install/custom_interfaces/share/custom_interfaces/action/Fibonacci.action
[1.288s] -- Installing: /home/keti/turtle_carto/install/custom_interfaces/share/custom_interfaces/action/Maze.action
[1.288s] -- Up-to-date: /home/keti/turtle_carto/install/custom_interfaces/share/ament_index/resource_index/package_run_dependencies/custom_interfaces
[1.288s] -- Installing: /home/keti/turtle_carto/install/custom_interfaces/share/ament_index/resource_index/parent_prefix_path/custom_interfaces
[1.288s] -- Up-to-date: /home/keti/turtle_carto/install/custom_interfaces/share/custom_interfaces/environment/ament_prefix_path.sh
[1.288s] -- Installing: /home/keti/turtle_carto/install/custom_interfaces/share/custom_interfaces/environment/ament_prefix_path.dsv
[1.288s] -- Up-to-date: /home/keti/turtle_carto/install/custom_interfaces/share/custom_interfaces/environment/path.sh
[1.288s] -- Installing: /home/keti/turtle_carto/install/custom_interfaces/share/custom_interfaces/environment/path.dsv
[1.288s] -- Up-to-date: /home/keti/turtle_carto/install/custom_interfaces/share/custom_interfaces/local_setup.bash
[1.288s] -- Up-to-date: /home/keti/turtle_carto/install/custom_interfaces/share/custom_interfaces/local_setup.sh
[1.289s] -- Up-to-date: /home/keti/turtle_carto/install/custom_interfaces/share/custom_interfaces/local_setup.zsh
[1.289s] -- Installing: /home/keti/turtle_carto/install/custom_interfaces/share/custom_interfaces/local_setup.dsv
[1.289s] -- Installing: /home/keti/turtle_carto/install/custom_interfaces/share/custom_interfaces/package.dsv
[1.289s] -- Up-to-date: /home/keti/turtle_carto/install/custom_interfaces/share/ament_index/resource_index/packages/custom_interfaces
[1.289s] -- Up-to-date: /home/keti/turtle_carto/install/custom_interfaces/share/custom_interfaces/cmake/custom_interfaces__rosidl_generator_cExport.cmake
[1.289s] -- Installing: /home/keti/turtle_carto/install/custom_interfaces/share/custom_interfaces/cmake/custom_interfaces__rosidl_generator_cExport-noconfig.cmake
[1.289s] -- Up-to-date: /home/keti/turtle_carto/install/custom_interfaces/share/custom_interfaces/cmake/custom_interfaces__rosidl_typesupport_introspection_cExport.cmake
[1.289s] -- Installing: /home/keti/turtle_carto/install/custom_interfaces/share/custom_interfaces/cmake/custom_interfaces__rosidl_typesupport_introspection_cExport-noconfig.cmake
[1.290s] -- Up-to-date: /home/keti/turtle_carto/install/custom_interfaces/share/custom_interfaces/cmake/custom_interfaces__rosidl_typesupport_cExport.cmake
[1.290s] -- Installing: /home/keti/turtle_carto/install/custom_interfaces/share/custom_interfaces/cmake/custom_interfaces__rosidl_typesupport_cExport-noconfig.cmake
[1.290s] -- Up-to-date: /home/keti/turtle_carto/install/custom_interfaces/share/custom_interfaces/cmake/custom_interfaces__rosidl_generator_cppExport.cmake
[1.290s] -- Up-to-date: /home/keti/turtle_carto/install/custom_interfaces/share/custom_interfaces/cmake/custom_interfaces__rosidl_typesupport_introspection_cppExport.cmake
[1.290s] -- Installing: /home/keti/turtle_carto/install/custom_interfaces/share/custom_interfaces/cmake/custom_interfaces__rosidl_typesupport_introspection_cppExport-noconfig.cmake
[1.292s] -- Up-to-date: /home/keti/turtle_carto/install/custom_interfaces/share/custom_interfaces/cmake/custom_interfaces__rosidl_typesupport_cppExport.cmake
[1.292s] -- Installing: /home/keti/turtle_carto/install/custom_interfaces/share/custom_interfaces/cmake/custom_interfaces__rosidl_typesupport_cppExport-noconfig.cmake
[1.292s] -- Up-to-date: /home/keti/turtle_carto/install/custom_interfaces/share/custom_interfaces/cmake/rosidl_cmake-extras.cmake
[1.292s] -- Up-to-date: /home/keti/turtle_carto/install/custom_interfaces/share/custom_interfaces/cmake/ament_cmake_export_dependencies-extras.cmake
[1.292s] -- Up-to-date: /home/keti/turtle_carto/install/custom_interfaces/share/custom_interfaces/cmake/ament_cmake_export_libraries-extras.cmake
[1.292s] -- Up-to-date: /home/keti/turtle_carto/install/custom_interfaces/share/custom_interfaces/cmake/ament_cmake_export_targets-extras.cmake
[1.292s] -- Up-to-date: /home/keti/turtle_carto/install/custom_interfaces/share/custom_interfaces/cmake/ament_cmake_export_include_directories-extras.cmake
[1.292s] -- Up-to-date: /home/keti/turtle_carto/install/custom_interfaces/share/custom_interfaces/cmake/rosidl_cmake_export_typesupport_libraries-extras.cmake
[1.292s] -- Up-to-date: /home/keti/turtle_carto/install/custom_interfaces/share/custom_interfaces/cmake/rosidl_cmake_export_typesupport_targets-extras.cmake
[1.292s] -- Up-to-date: /home/keti/turtle_carto/install/custom_interfaces/share/custom_interfaces/cmake/custom_interfacesConfig.cmake
[1.292s] -- Up-to-date: /home/keti/turtle_carto/install/custom_interfaces/share/custom_interfaces/cmake/custom_interfacesConfig-version.cmake
[1.292s] -- Installing: /home/keti/turtle_carto/install/custom_interfaces/share/custom_interfaces/package.xml
[1.368s] Invoked command in '/home/keti/turtle_carto/build/custom_interfaces' returned '0': CMAKE_PREFIX_PATH=/opt/ros/foxy /usr/bin/cmake --install /home/keti/turtle_carto/build/custom_interfaces
