[0.747s] Invoking command in '/home/keti/turtle_carto/build/turtlebot3_fake_node': AMENT_PREFIX_PATH=/home/keti/turtle_carto/install/turtlebot3_msgs:${AMENT_PREFIX_PATH} CMAKE_PREFIX_PATH=/home/keti/turtle_carto/install/turtlebot3_msgs:/opt/ros/foxy LD_LIBRARY_PATH=/home/keti/turtle_carto/install/turtlebot3_msgs/lib:/usr/lib/x86_64-linux-gnu/gazebo-11/plugins:/opt/ros/foxy/opt/yaml_cpp_vendor/lib:/opt/ros/foxy/opt/rviz_ogre_vendor/lib:/opt/ros/foxy/lib/x86_64-linux-gnu:/opt/ros/foxy/lib:/usr/local/cuda-11.4/lib64 PYTHONPATH=/home/keti/turtle_carto/install/turtlebot3_msgs/lib/python3.8/site-packages:${PYTHONPATH} /usr/bin/cmake --build /home/keti/turtle_carto/build/turtlebot3_fake_node -- -j24 -l24
[0.805s] [100%] Built target turtlebot3_fake_node
[0.831s] Invoked command in '/home/keti/turtle_carto/build/turtlebot3_fake_node' returned '0': AMENT_PREFIX_PATH=/home/keti/turtle_carto/install/turtlebot3_msgs:${AMENT_PREFIX_PATH} CMAKE_PREFIX_PATH=/home/keti/turtle_carto/install/turtlebot3_msgs:/opt/ros/foxy LD_LIBRARY_PATH=/home/keti/turtle_carto/install/turtlebot3_msgs/lib:/usr/lib/x86_64-linux-gnu/gazebo-11/plugins:/opt/ros/foxy/opt/yaml_cpp_vendor/lib:/opt/ros/foxy/opt/rviz_ogre_vendor/lib:/opt/ros/foxy/lib/x86_64-linux-gnu:/opt/ros/foxy/lib:/usr/local/cuda-11.4/lib64 PYTHONPATH=/home/keti/turtle_carto/install/turtlebot3_msgs/lib/python3.8/site-packages:${PYTHONPATH} /usr/bin/cmake --build /home/keti/turtle_carto/build/turtlebot3_fake_node -- -j24 -l24
[1.266s] Invoking command in '/home/keti/turtle_carto/build/turtlebot3_fake_node': AMENT_PREFIX_PATH=/home/keti/turtle_carto/install/turtlebot3_msgs:${AMENT_PREFIX_PATH} CMAKE_PREFIX_PATH=/home/keti/turtle_carto/install/turtlebot3_msgs:/opt/ros/foxy LD_LIBRARY_PATH=/home/keti/turtle_carto/install/turtlebot3_msgs/lib:/usr/lib/x86_64-linux-gnu/gazebo-11/plugins:/opt/ros/foxy/opt/yaml_cpp_vendor/lib:/opt/ros/foxy/opt/rviz_ogre_vendor/lib:/opt/ros/foxy/lib/x86_64-linux-gnu:/opt/ros/foxy/lib:/usr/local/cuda-11.4/lib64 PYTHONPATH=/home/keti/turtle_carto/install/turtlebot3_msgs/lib/python3.8/site-packages:${PYTHONPATH} /usr/bin/cmake --install /home/keti/turtle_carto/build/turtlebot3_fake_node
[1.288s] -- Install configuration: ""
[1.289s] -- Up-to-date: /home/keti/turtle_carto/install/turtlebot3_fake_node/lib/turtlebot3_fake_node/turtlebot3_fake_node
[1.289s] -- Up-to-date: /home/keti/turtle_carto/install/turtlebot3_fake_node/share/turtlebot3_fake_node/launch
[1.289s] -- Up-to-date: /home/keti/turtle_carto/install/turtlebot3_fake_node/share/turtlebot3_fake_node/launch/rviz2.launch.py
[1.289s] -- Up-to-date: /home/keti/turtle_carto/install/turtlebot3_fake_node/share/turtlebot3_fake_node/launch/turtlebot3_fake_node.launch.py
[1.289s] -- Up-to-date: /home/keti/turtle_carto/install/turtlebot3_fake_node/share/turtlebot3_fake_node/param
[1.289s] -- Up-to-date: /home/keti/turtle_carto/install/turtlebot3_fake_node/share/turtlebot3_fake_node/param/waffle.yaml
[1.289s] -- Up-to-date: /home/keti/turtle_carto/install/turtlebot3_fake_node/share/turtlebot3_fake_node/param/burger.yaml
[1.289s] -- Up-to-date: /home/keti/turtle_carto/install/turtlebot3_fake_node/share/turtlebot3_fake_node/param/waffle_pi.yaml
[1.289s] -- Up-to-date: /home/keti/turtle_carto/install/turtlebot3_fake_node/share/turtlebot3_fake_node/rviz
[1.289s] -- Up-to-date: /home/keti/turtle_carto/install/turtlebot3_fake_node/share/turtlebot3_fake_node/rviz/model.rviz
[1.289s] -- Up-to-date: /home/keti/turtle_carto/install/turtlebot3_fake_node/include/
[1.289s] -- Up-to-date: /home/keti/turtle_carto/install/turtlebot3_fake_node/include//turtlebot3_fake_node
[1.289s] -- Up-to-date: /home/keti/turtle_carto/install/turtlebot3_fake_node/include//turtlebot3_fake_node/turtlebot3_fake_node.hpp
[1.289s] -- Up-to-date: /home/keti/turtle_carto/install/turtlebot3_fake_node/share/ament_index/resource_index/package_run_dependencies/turtlebot3_fake_node
[1.289s] -- Up-to-date: /home/keti/turtle_carto/install/turtlebot3_fake_node/share/ament_index/resource_index/parent_prefix_path/turtlebot3_fake_node
[1.289s] -- Up-to-date: /home/keti/turtle_carto/install/turtlebot3_fake_node/share/turtlebot3_fake_node/environment/ament_prefix_path.sh
[1.289s] -- Up-to-date: /home/keti/turtle_carto/install/turtlebot3_fake_node/share/turtlebot3_fake_node/environment/ament_prefix_path.dsv
[1.289s] -- Up-to-date: /home/keti/turtle_carto/install/turtlebot3_fake_node/share/turtlebot3_fake_node/environment/path.sh
[1.289s] -- Up-to-date: /home/keti/turtle_carto/install/turtlebot3_fake_node/share/turtlebot3_fake_node/environment/path.dsv
[1.289s] -- Up-to-date: /home/keti/turtle_carto/install/turtlebot3_fake_node/share/turtlebot3_fake_node/local_setup.bash
[1.289s] -- Up-to-date: /home/keti/turtle_carto/install/turtlebot3_fake_node/share/turtlebot3_fake_node/local_setup.sh
[1.289s] -- Up-to-date: /home/keti/turtle_carto/install/turtlebot3_fake_node/share/turtlebot3_fake_node/local_setup.zsh
[1.289s] -- Up-to-date: /home/keti/turtle_carto/install/turtlebot3_fake_node/share/turtlebot3_fake_node/local_setup.dsv
[1.289s] -- Installing: /home/keti/turtle_carto/install/turtlebot3_fake_node/share/turtlebot3_fake_node/package.dsv
[1.289s] -- Up-to-date: /home/keti/turtle_carto/install/turtlebot3_fake_node/share/ament_index/resource_index/packages/turtlebot3_fake_node
[1.290s] -- Up-to-date: /home/keti/turtle_carto/install/turtlebot3_fake_node/share/turtlebot3_fake_node/cmake/ament_cmake_export_include_directories-extras.cmake
[1.290s] -- Up-to-date: /home/keti/turtle_carto/install/turtlebot3_fake_node/share/turtlebot3_fake_node/cmake/ament_cmake_export_dependencies-extras.cmake
[1.290s] -- Up-to-date: /home/keti/turtle_carto/install/turtlebot3_fake_node/share/turtlebot3_fake_node/cmake/turtlebot3_fake_nodeConfig.cmake
[1.290s] -- Up-to-date: /home/keti/turtle_carto/install/turtlebot3_fake_node/share/turtlebot3_fake_node/cmake/turtlebot3_fake_nodeConfig-version.cmake
[1.290s] -- Up-to-date: /home/keti/turtle_carto/install/turtlebot3_fake_node/share/turtlebot3_fake_node/package.xml
[1.308s] Invoked command in '/home/keti/turtle_carto/build/turtlebot3_fake_node' returned '0': AMENT_PREFIX_PATH=/home/keti/turtle_carto/install/turtlebot3_msgs:${AMENT_PREFIX_PATH} CMAKE_PREFIX_PATH=/home/keti/turtle_carto/install/turtlebot3_msgs:/opt/ros/foxy LD_LIBRARY_PATH=/home/keti/turtle_carto/install/turtlebot3_msgs/lib:/usr/lib/x86_64-linux-gnu/gazebo-11/plugins:/opt/ros/foxy/opt/yaml_cpp_vendor/lib:/opt/ros/foxy/opt/rviz_ogre_vendor/lib:/opt/ros/foxy/lib/x86_64-linux-gnu:/opt/ros/foxy/lib:/usr/local/cuda-11.4/lib64 PYTHONPATH=/home/keti/turtle_carto/install/turtlebot3_msgs/lib/python3.8/site-packages:${PYTHONPATH} /usr/bin/cmake --install /home/keti/turtle_carto/build/turtlebot3_fake_node
