running egg_info
writing ../../../build/py_action_pkg/py_action_pkg.egg-info/PKG-INFO
writing dependency_links to ../../../build/py_action_pkg/py_action_pkg.egg-info/dependency_links.txt
writing entry points to ../../../build/py_action_pkg/py_action_pkg.egg-info/entry_points.txt
writing requirements to ../../../build/py_action_pkg/py_action_pkg.egg-info/requires.txt
writing top-level names to ../../../build/py_action_pkg/py_action_pkg.egg-info/top_level.txt
reading manifest file '../../../build/py_action_pkg/py_action_pkg.egg-info/SOURCES.txt'
writing manifest file '../../../build/py_action_pkg/py_action_pkg.egg-info/SOURCES.txt'
running build
running build_py
copying py_action_pkg/maze_action_server.py -> /home/keti/turtle_carto/build/py_action_pkg/build/lib/py_action_pkg
copying py_action_pkg/__init__.py -> /home/keti/turtle_carto/build/py_action_pkg/build/lib/py_action_pkg
copying py_action_pkg/fibonacci_action_client_cancel.py -> /home/keti/turtle_carto/build/py_action_pkg/build/lib/py_action_pkg
copying py_action_pkg/fibonacci_action_server_cancel.py -> /home/keti/turtle_carto/build/py_action_pkg/build/lib/py_action_pkg
copying py_action_pkg/odom_sub.py -> /home/keti/turtle_carto/build/py_action_pkg/build/lib/py_action_pkg
copying py_action_pkg/robot_controller.py -> /home/keti/turtle_carto/build/py_action_pkg/build/lib/py_action_pkg
copying py_action_pkg/image_sub.py -> /home/keti/turtle_carto/build/py_action_pkg/build/lib/py_action_pkg
copying py_action_pkg/fibonacci_action_client.py -> /home/keti/turtle_carto/build/py_action_pkg/build/lib/py_action_pkg
copying py_action_pkg/fibonacci_action_server.py -> /home/keti/turtle_carto/build/py_action_pkg/build/lib/py_action_pkg
copying py_action_pkg/maze_action_client.py -> /home/keti/turtle_carto/build/py_action_pkg/build/lib/py_action_pkg
running install
running install_lib
copying /home/keti/turtle_carto/build/py_action_pkg/build/lib/py_action_pkg/maze_action_server.py -> /home/keti/turtle_carto/install/py_action_pkg/lib/python3.8/site-packages/py_action_pkg
copying /home/keti/turtle_carto/build/py_action_pkg/build/lib/py_action_pkg/__init__.py -> /home/keti/turtle_carto/install/py_action_pkg/lib/python3.8/site-packages/py_action_pkg
copying /home/keti/turtle_carto/build/py_action_pkg/build/lib/py_action_pkg/fibonacci_action_client_cancel.py -> /home/keti/turtle_carto/install/py_action_pkg/lib/python3.8/site-packages/py_action_pkg
copying /home/keti/turtle_carto/build/py_action_pkg/build/lib/py_action_pkg/fibonacci_action_server_cancel.py -> /home/keti/turtle_carto/install/py_action_pkg/lib/python3.8/site-packages/py_action_pkg
copying /home/keti/turtle_carto/build/py_action_pkg/build/lib/py_action_pkg/odom_sub.py -> /home/keti/turtle_carto/install/py_action_pkg/lib/python3.8/site-packages/py_action_pkg
copying /home/keti/turtle_carto/build/py_action_pkg/build/lib/py_action_pkg/robot_controller.py -> /home/keti/turtle_carto/install/py_action_pkg/lib/python3.8/site-packages/py_action_pkg
copying /home/keti/turtle_carto/build/py_action_pkg/build/lib/py_action_pkg/image_sub.py -> /home/keti/turtle_carto/install/py_action_pkg/lib/python3.8/site-packages/py_action_pkg
copying /home/keti/turtle_carto/build/py_action_pkg/build/lib/py_action_pkg/fibonacci_action_client.py -> /home/keti/turtle_carto/install/py_action_pkg/lib/python3.8/site-packages/py_action_pkg
copying /home/keti/turtle_carto/build/py_action_pkg/build/lib/py_action_pkg/fibonacci_action_server.py -> /home/keti/turtle_carto/install/py_action_pkg/lib/python3.8/site-packages/py_action_pkg
copying /home/keti/turtle_carto/build/py_action_pkg/build/lib/py_action_pkg/maze_action_client.py -> /home/keti/turtle_carto/install/py_action_pkg/lib/python3.8/site-packages/py_action_pkg
byte-compiling /home/keti/turtle_carto/install/py_action_pkg/lib/python3.8/site-packages/py_action_pkg/maze_action_server.py to maze_action_server.cpython-38.pyc
byte-compiling /home/keti/turtle_carto/install/py_action_pkg/lib/python3.8/site-packages/py_action_pkg/__init__.py to __init__.cpython-38.pyc
byte-compiling /home/keti/turtle_carto/install/py_action_pkg/lib/python3.8/site-packages/py_action_pkg/fibonacci_action_client_cancel.py to fibonacci_action_client_cancel.cpython-38.pyc
byte-compiling /home/keti/turtle_carto/install/py_action_pkg/lib/python3.8/site-packages/py_action_pkg/fibonacci_action_server_cancel.py to fibonacci_action_server_cancel.cpython-38.pyc
byte-compiling /home/keti/turtle_carto/install/py_action_pkg/lib/python3.8/site-packages/py_action_pkg/odom_sub.py to odom_sub.cpython-38.pyc
byte-compiling /home/keti/turtle_carto/install/py_action_pkg/lib/python3.8/site-packages/py_action_pkg/robot_controller.py to robot_controller.cpython-38.pyc
byte-compiling /home/keti/turtle_carto/install/py_action_pkg/lib/python3.8/site-packages/py_action_pkg/image_sub.py to image_sub.cpython-38.pyc
byte-compiling /home/keti/turtle_carto/install/py_action_pkg/lib/python3.8/site-packages/py_action_pkg/fibonacci_action_client.py to fibonacci_action_client.cpython-38.pyc
byte-compiling /home/keti/turtle_carto/install/py_action_pkg/lib/python3.8/site-packages/py_action_pkg/fibonacci_action_server.py to fibonacci_action_server.cpython-38.pyc
byte-compiling /home/keti/turtle_carto/install/py_action_pkg/lib/python3.8/site-packages/py_action_pkg/maze_action_client.py to maze_action_client.cpython-38.pyc
running install_data
copying resource/py_action_pkg -> /home/keti/turtle_carto/install/py_action_pkg/share/ament_index/resource_index/packages
copying package.xml -> /home/keti/turtle_carto/install/py_action_pkg/share/py_action_pkg
copying launch/maze_action_srv.launch.py -> /home/keti/turtle_carto/install/py_action_pkg/share/py_action_pkg/launch
running install_egg_info
removing '/home/keti/turtle_carto/install/py_action_pkg/lib/python3.8/site-packages/py_action_pkg-0.0.0-py3.8.egg-info' (and everything under it)
Copying ../../../build/py_action_pkg/py_action_pkg.egg-info to /home/keti/turtle_carto/install/py_action_pkg/lib/python3.8/site-packages/py_action_pkg-0.0.0-py3.8.egg-info
running install_scripts
Installing fibonacci_action_client script to /home/keti/turtle_carto/install/py_action_pkg/lib/py_action_pkg
Installing fibonacci_action_client_cancel script to /home/keti/turtle_carto/install/py_action_pkg/lib/py_action_pkg
Installing fibonacci_action_server script to /home/keti/turtle_carto/install/py_action_pkg/lib/py_action_pkg
Installing fibonacci_action_server_cancel script to /home/keti/turtle_carto/install/py_action_pkg/lib/py_action_pkg
Installing img_subscriber_node script to /home/keti/turtle_carto/install/py_action_pkg/lib/py_action_pkg
Installing maze_action_client script to /home/keti/turtle_carto/install/py_action_pkg/lib/py_action_pkg
Installing maze_action_server script to /home/keti/turtle_carto/install/py_action_pkg/lib/py_action_pkg
Installing odom_sub_node script to /home/keti/turtle_carto/install/py_action_pkg/lib/py_action_pkg
Installing robot_controller script to /home/keti/turtle_carto/install/py_action_pkg/lib/py_action_pkg
writing list of installed files to '/home/keti/turtle_carto/build/py_action_pkg/install.log'
