[0.888s] Invoking command in '/home/keti/turtle_carto/src/gcamp_ros2_basic/py_action_pkg': AMENT_PREFIX_PATH=/home/keti/turtle_carto/install/custom_interfaces:${AMENT_PREFIX_PATH} CMAKE_PREFIX_PATH=/home/keti/turtle_carto/install/custom_interfaces LD_LIBRARY_PATH=/home/keti/turtle_carto/install/custom_interfaces/lib:/usr/lib/x86_64-linux-gnu/gazebo-11/plugins:/opt/ros/foxy/opt/yaml_cpp_vendor/lib:/opt/ros/foxy/opt/rviz_ogre_vendor/lib:/opt/ros/foxy/lib/x86_64-linux-gnu:/opt/ros/foxy/lib:/usr/local/cuda-11.4/lib64 PYTHONPATH=/home/keti/turtle_carto/build/py_action_pkg/prefix_override:/home/keti/turtle_carto/install/py_action_pkg/lib/python3.8/site-packages:/home/keti/turtle_carto/install/custom_interfaces/lib/python3.8/site-packages:${PYTHONPATH} /usr/bin/python3 setup.py egg_info --egg-base ../../../build/py_action_pkg build --build-base /home/keti/turtle_carto/build/py_action_pkg/build install --record /home/keti/turtle_carto/build/py_action_pkg/install.log --install-scripts $base/lib/py_action_pkg --single-version-externally-managed
[1.013s] running egg_info
[1.013s] writing ../../../build/py_action_pkg/py_action_pkg.egg-info/PKG-INFO
[1.013s] writing dependency_links to ../../../build/py_action_pkg/py_action_pkg.egg-info/dependency_links.txt
[1.014s] writing entry points to ../../../build/py_action_pkg/py_action_pkg.egg-info/entry_points.txt
[1.014s] writing requirements to ../../../build/py_action_pkg/py_action_pkg.egg-info/requires.txt
[1.014s] writing top-level names to ../../../build/py_action_pkg/py_action_pkg.egg-info/top_level.txt
[1.032s] reading manifest file '../../../build/py_action_pkg/py_action_pkg.egg-info/SOURCES.txt'
[1.032s] writing manifest file '../../../build/py_action_pkg/py_action_pkg.egg-info/SOURCES.txt'
[1.032s] running build
[1.033s] running build_py
[1.033s] copying py_action_pkg/maze_action_server.py -> /home/keti/turtle_carto/build/py_action_pkg/build/lib/py_action_pkg
[1.033s] copying py_action_pkg/__init__.py -> /home/keti/turtle_carto/build/py_action_pkg/build/lib/py_action_pkg
[1.033s] copying py_action_pkg/fibonacci_action_client_cancel.py -> /home/keti/turtle_carto/build/py_action_pkg/build/lib/py_action_pkg
[1.033s] copying py_action_pkg/fibonacci_action_server_cancel.py -> /home/keti/turtle_carto/build/py_action_pkg/build/lib/py_action_pkg
[1.033s] copying py_action_pkg/odom_sub.py -> /home/keti/turtle_carto/build/py_action_pkg/build/lib/py_action_pkg
[1.033s] copying py_action_pkg/robot_controller.py -> /home/keti/turtle_carto/build/py_action_pkg/build/lib/py_action_pkg
[1.033s] copying py_action_pkg/image_sub.py -> /home/keti/turtle_carto/build/py_action_pkg/build/lib/py_action_pkg
[1.033s] copying py_action_pkg/fibonacci_action_client.py -> /home/keti/turtle_carto/build/py_action_pkg/build/lib/py_action_pkg
[1.033s] copying py_action_pkg/fibonacci_action_server.py -> /home/keti/turtle_carto/build/py_action_pkg/build/lib/py_action_pkg
[1.033s] copying py_action_pkg/maze_action_client.py -> /home/keti/turtle_carto/build/py_action_pkg/build/lib/py_action_pkg
[1.034s] running install
[1.034s] running install_lib
[1.035s] copying /home/keti/turtle_carto/build/py_action_pkg/build/lib/py_action_pkg/maze_action_server.py -> /home/keti/turtle_carto/install/py_action_pkg/lib/python3.8/site-packages/py_action_pkg
[1.035s] copying /home/keti/turtle_carto/build/py_action_pkg/build/lib/py_action_pkg/__init__.py -> /home/keti/turtle_carto/install/py_action_pkg/lib/python3.8/site-packages/py_action_pkg
[1.035s] copying /home/keti/turtle_carto/build/py_action_pkg/build/lib/py_action_pkg/fibonacci_action_client_cancel.py -> /home/keti/turtle_carto/install/py_action_pkg/lib/python3.8/site-packages/py_action_pkg
[1.035s] copying /home/keti/turtle_carto/build/py_action_pkg/build/lib/py_action_pkg/fibonacci_action_server_cancel.py -> /home/keti/turtle_carto/install/py_action_pkg/lib/python3.8/site-packages/py_action_pkg
[1.035s] copying /home/keti/turtle_carto/build/py_action_pkg/build/lib/py_action_pkg/odom_sub.py -> /home/keti/turtle_carto/install/py_action_pkg/lib/python3.8/site-packages/py_action_pkg
[1.036s] copying /home/keti/turtle_carto/build/py_action_pkg/build/lib/py_action_pkg/robot_controller.py -> /home/keti/turtle_carto/install/py_action_pkg/lib/python3.8/site-packages/py_action_pkg
[1.036s] copying /home/keti/turtle_carto/build/py_action_pkg/build/lib/py_action_pkg/image_sub.py -> /home/keti/turtle_carto/install/py_action_pkg/lib/python3.8/site-packages/py_action_pkg
[1.036s] copying /home/keti/turtle_carto/build/py_action_pkg/build/lib/py_action_pkg/fibonacci_action_client.py -> /home/keti/turtle_carto/install/py_action_pkg/lib/python3.8/site-packages/py_action_pkg
[1.036s] copying /home/keti/turtle_carto/build/py_action_pkg/build/lib/py_action_pkg/fibonacci_action_server.py -> /home/keti/turtle_carto/install/py_action_pkg/lib/python3.8/site-packages/py_action_pkg
[1.036s] copying /home/keti/turtle_carto/build/py_action_pkg/build/lib/py_action_pkg/maze_action_client.py -> /home/keti/turtle_carto/install/py_action_pkg/lib/python3.8/site-packages/py_action_pkg
[1.036s] byte-compiling /home/keti/turtle_carto/install/py_action_pkg/lib/python3.8/site-packages/py_action_pkg/maze_action_server.py to maze_action_server.cpython-38.pyc
[1.038s] byte-compiling /home/keti/turtle_carto/install/py_action_pkg/lib/python3.8/site-packages/py_action_pkg/__init__.py to __init__.cpython-38.pyc
[1.038s] byte-compiling /home/keti/turtle_carto/install/py_action_pkg/lib/python3.8/site-packages/py_action_pkg/fibonacci_action_client_cancel.py to fibonacci_action_client_cancel.cpython-38.pyc
[1.038s] byte-compiling /home/keti/turtle_carto/install/py_action_pkg/lib/python3.8/site-packages/py_action_pkg/fibonacci_action_server_cancel.py to fibonacci_action_server_cancel.cpython-38.pyc
[1.039s] byte-compiling /home/keti/turtle_carto/install/py_action_pkg/lib/python3.8/site-packages/py_action_pkg/odom_sub.py to odom_sub.cpython-38.pyc
[1.039s] byte-compiling /home/keti/turtle_carto/install/py_action_pkg/lib/python3.8/site-packages/py_action_pkg/robot_controller.py to robot_controller.cpython-38.pyc
[1.040s] byte-compiling /home/keti/turtle_carto/install/py_action_pkg/lib/python3.8/site-packages/py_action_pkg/image_sub.py to image_sub.cpython-38.pyc
[1.040s] byte-compiling /home/keti/turtle_carto/install/py_action_pkg/lib/python3.8/site-packages/py_action_pkg/fibonacci_action_client.py to fibonacci_action_client.cpython-38.pyc
[1.040s] byte-compiling /home/keti/turtle_carto/install/py_action_pkg/lib/python3.8/site-packages/py_action_pkg/fibonacci_action_server.py to fibonacci_action_server.cpython-38.pyc
[1.041s] byte-compiling /home/keti/turtle_carto/install/py_action_pkg/lib/python3.8/site-packages/py_action_pkg/maze_action_client.py to maze_action_client.cpython-38.pyc
[1.041s] running install_data
[1.042s] copying resource/py_action_pkg -> /home/keti/turtle_carto/install/py_action_pkg/share/ament_index/resource_index/packages
[1.042s] copying package.xml -> /home/keti/turtle_carto/install/py_action_pkg/share/py_action_pkg
[1.042s] copying launch/maze_action_srv.launch.py -> /home/keti/turtle_carto/install/py_action_pkg/share/py_action_pkg/launch
[1.042s] running install_egg_info
[1.044s] removing '/home/keti/turtle_carto/install/py_action_pkg/lib/python3.8/site-packages/py_action_pkg-0.0.0-py3.8.egg-info' (and everything under it)
[1.044s] Copying ../../../build/py_action_pkg/py_action_pkg.egg-info to /home/keti/turtle_carto/install/py_action_pkg/lib/python3.8/site-packages/py_action_pkg-0.0.0-py3.8.egg-info
[1.045s] running install_scripts
[1.059s] Installing fibonacci_action_client script to /home/keti/turtle_carto/install/py_action_pkg/lib/py_action_pkg
[1.059s] Installing fibonacci_action_client_cancel script to /home/keti/turtle_carto/install/py_action_pkg/lib/py_action_pkg
[1.059s] Installing fibonacci_action_server script to /home/keti/turtle_carto/install/py_action_pkg/lib/py_action_pkg
[1.059s] Installing fibonacci_action_server_cancel script to /home/keti/turtle_carto/install/py_action_pkg/lib/py_action_pkg
[1.059s] Installing img_subscriber_node script to /home/keti/turtle_carto/install/py_action_pkg/lib/py_action_pkg
[1.060s] Installing maze_action_client script to /home/keti/turtle_carto/install/py_action_pkg/lib/py_action_pkg
[1.060s] Installing maze_action_server script to /home/keti/turtle_carto/install/py_action_pkg/lib/py_action_pkg
[1.060s] Installing odom_sub_node script to /home/keti/turtle_carto/install/py_action_pkg/lib/py_action_pkg
[1.060s] Installing robot_controller script to /home/keti/turtle_carto/install/py_action_pkg/lib/py_action_pkg
[1.060s] writing list of installed files to '/home/keti/turtle_carto/build/py_action_pkg/install.log'
[1.090s] Invoked command in '/home/keti/turtle_carto/src/gcamp_ros2_basic/py_action_pkg' returned '0': AMENT_PREFIX_PATH=/home/keti/turtle_carto/install/custom_interfaces:${AMENT_PREFIX_PATH} CMAKE_PREFIX_PATH=/home/keti/turtle_carto/install/custom_interfaces LD_LIBRARY_PATH=/home/keti/turtle_carto/install/custom_interfaces/lib:/usr/lib/x86_64-linux-gnu/gazebo-11/plugins:/opt/ros/foxy/opt/yaml_cpp_vendor/lib:/opt/ros/foxy/opt/rviz_ogre_vendor/lib:/opt/ros/foxy/lib/x86_64-linux-gnu:/opt/ros/foxy/lib:/usr/local/cuda-11.4/lib64 PYTHONPATH=/home/keti/turtle_carto/build/py_action_pkg/prefix_override:/home/keti/turtle_carto/install/py_action_pkg/lib/python3.8/site-packages:/home/keti/turtle_carto/install/custom_interfaces/lib/python3.8/site-packages:${PYTHONPATH} /usr/bin/python3 setup.py egg_info --egg-base ../../../build/py_action_pkg build --build-base /home/keti/turtle_carto/build/py_action_pkg/build install --record /home/keti/turtle_carto/build/py_action_pkg/install.log --install-scripts $base/lib/py_action_pkg --single-version-externally-managed
