[0.034s] Invoking command in '/home/keti/turtle_carto/build/omo_r1mini_interfaces': /usr/bin/cmake /home/keti/turtle_carto/src/omo_r1mini-foxy/omo_r1mini_interfaces -DCMAKE_INSTALL_PREFIX=/home/keti/turtle_carto/install/omo_r1mini_interfaces
[0.370s] -- The C compiler identification is GNU 9.4.0
[0.370s] -- The CXX compiler identification is GNU 9.4.0
[0.370s] -- Check for working C compiler: /usr/bin/cc
[0.370s] -- Check for working C compiler: /usr/bin/cc -- works
[0.370s] -- Detecting C compiler ABI info
[0.370s] -- Detecting C compiler ABI info - done
[0.370s] -- Detecting C compile features
[0.370s] -- Detecting C compile features - done
[0.371s] -- Check for working CXX compiler: /usr/bin/c++
[0.371s] -- Check for working CXX compiler: /usr/bin/c++ -- works
[0.371s] -- Detecting CXX compiler ABI info
[0.372s] -- Detecting CXX compiler ABI info - done
[0.372s] -- Detecting CXX compile features
[0.372s] -- Detecting CXX compile features - done
[0.372s] -- Configuring incomplete, errors occurred!
[0.372s] See also "/home/keti/turtle_carto/build/omo_r1mini_interfaces/CMakeFiles/CMakeOutput.log".
[0.373s] CMake Error at CMakeLists.txt:19 (find_package):
[0.374s]   By not providing "Findament_cmake.cmake" in CMAKE_MODULE_PATH this project
[0.374s]   has asked CMake to find a package configuration file provided by
[0.374s]   "ament_cmake", but CMake did not find one.
[0.375s] 
[0.375s]   Could not find a package configuration file provided by "ament_cmake" with
[0.375s]   any of the following names:
[0.375s] 
[0.375s]     ament_cmakeConfig.cmake
[0.375s]     ament_cmake-config.cmake
[0.375s] 
[0.375s]   Add the installation prefix of "ament_cmake" to CMAKE_PREFIX_PATH or set
[0.375s]   "ament_cmake_DIR" to a directory containing one of the above files.  If
[0.375s]   "ament_cmake" provides a separate development package or SDK, be sure it
[0.375s]   has been installed.
[0.375s] 
[0.375s] 
[0.379s] Invoked command in '/home/keti/turtle_carto/build/omo_r1mini_interfaces' returned '1': /usr/bin/cmake /home/keti/turtle_carto/src/omo_r1mini-foxy/omo_r1mini_interfaces -DCMAKE_INSTALL_PREFIX=/home/keti/turtle_carto/install/omo_r1mini_interfaces
