[1.043s] Invoking command in '/home/keti/turtle_carto/src/ros-planning/navigation2/nav2_bringup/nav2_gazebo_spawner': PYTHONPATH=/home/keti/turtle_carto/build/nav2_gazebo_spawner/prefix_override:/home/keti/turtle_carto/install/nav2_gazebo_spawner/lib/python3.8/site-packages:${PYTHONPATH} /usr/bin/python3 setup.py egg_info --egg-base ../../../../../build/nav2_gazebo_spawner build --build-base /home/keti/turtle_carto/build/nav2_gazebo_spawner/build install --record /home/keti/turtle_carto/build/nav2_gazebo_spawner/install.log --install-scripts $base/lib/nav2_gazebo_spawner --single-version-externally-managed
[1.184s] running egg_info
[1.185s] creating ../../../../../build/nav2_gazebo_spawner/nav2_gazebo_spawner.egg-info
[1.185s] writing ../../../../../build/nav2_gazebo_spawner/nav2_gazebo_spawner.egg-info/PKG-INFO
[1.185s] writing dependency_links to ../../../../../build/nav2_gazebo_spawner/nav2_gazebo_spawner.egg-info/dependency_links.txt
[1.185s] writing entry points to ../../../../../build/nav2_gazebo_spawner/nav2_gazebo_spawner.egg-info/entry_points.txt
[1.185s] writing requirements to ../../../../../build/nav2_gazebo_spawner/nav2_gazebo_spawner.egg-info/requires.txt
[1.185s] writing top-level names to ../../../../../build/nav2_gazebo_spawner/nav2_gazebo_spawner.egg-info/top_level.txt
[1.192s] writing manifest file '../../../../../build/nav2_gazebo_spawner/nav2_gazebo_spawner.egg-info/SOURCES.txt'
[1.217s] reading manifest file '../../../../../build/nav2_gazebo_spawner/nav2_gazebo_spawner.egg-info/SOURCES.txt'
[1.218s] writing manifest file '../../../../../build/nav2_gazebo_spawner/nav2_gazebo_spawner.egg-info/SOURCES.txt'
[1.218s] running build
[1.218s] running build_py
[1.218s] creating /home/keti/turtle_carto/build/nav2_gazebo_spawner/build
[1.219s] creating /home/keti/turtle_carto/build/nav2_gazebo_spawner/build/lib
[1.219s] creating /home/keti/turtle_carto/build/nav2_gazebo_spawner/build/lib/nav2_gazebo_spawner
[1.219s] copying nav2_gazebo_spawner/__init__.py -> /home/keti/turtle_carto/build/nav2_gazebo_spawner/build/lib/nav2_gazebo_spawner
[1.219s] copying nav2_gazebo_spawner/nav2_gazebo_spawner.py -> /home/keti/turtle_carto/build/nav2_gazebo_spawner/build/lib/nav2_gazebo_spawner
[1.219s] running install
[1.220s] running install_lib
[1.221s] creating /home/keti/turtle_carto/install/nav2_gazebo_spawner/lib/python3.8/site-packages/nav2_gazebo_spawner
[1.221s] copying /home/keti/turtle_carto/build/nav2_gazebo_spawner/build/lib/nav2_gazebo_spawner/__init__.py -> /home/keti/turtle_carto/install/nav2_gazebo_spawner/lib/python3.8/site-packages/nav2_gazebo_spawner
[1.222s] copying /home/keti/turtle_carto/build/nav2_gazebo_spawner/build/lib/nav2_gazebo_spawner/nav2_gazebo_spawner.py -> /home/keti/turtle_carto/install/nav2_gazebo_spawner/lib/python3.8/site-packages/nav2_gazebo_spawner
[1.222s] byte-compiling /home/keti/turtle_carto/install/nav2_gazebo_spawner/lib/python3.8/site-packages/nav2_gazebo_spawner/__init__.py to __init__.cpython-38.pyc
[1.223s] byte-compiling /home/keti/turtle_carto/install/nav2_gazebo_spawner/lib/python3.8/site-packages/nav2_gazebo_spawner/nav2_gazebo_spawner.py to nav2_gazebo_spawner.cpython-38.pyc
[1.224s] running install_data
[1.225s] creating /home/keti/turtle_carto/install/nav2_gazebo_spawner/share/ament_index
[1.225s] creating /home/keti/turtle_carto/install/nav2_gazebo_spawner/share/ament_index/resource_index
[1.225s] creating /home/keti/turtle_carto/install/nav2_gazebo_spawner/share/ament_index/resource_index/packages
[1.225s] copying resource/nav2_gazebo_spawner -> /home/keti/turtle_carto/install/nav2_gazebo_spawner/share/ament_index/resource_index/packages
[1.225s] copying package.xml -> /home/keti/turtle_carto/install/nav2_gazebo_spawner/share/nav2_gazebo_spawner
[1.225s] running install_egg_info
[1.226s] Copying ../../../../../build/nav2_gazebo_spawner/nav2_gazebo_spawner.egg-info to /home/keti/turtle_carto/install/nav2_gazebo_spawner/lib/python3.8/site-packages/nav2_gazebo_spawner-0.3.0-py3.8.egg-info
[1.227s] running install_scripts
[1.244s] Installing nav2_gazebo_spawner script to /home/keti/turtle_carto/install/nav2_gazebo_spawner/lib/nav2_gazebo_spawner
[1.245s] writing list of installed files to '/home/keti/turtle_carto/build/nav2_gazebo_spawner/install.log'
[1.346s] Invoked command in '/home/keti/turtle_carto/src/ros-planning/navigation2/nav2_bringup/nav2_gazebo_spawner' returned '0': PYTHONPATH=/home/keti/turtle_carto/build/nav2_gazebo_spawner/prefix_override:/home/keti/turtle_carto/install/nav2_gazebo_spawner/lib/python3.8/site-packages:${PYTHONPATH} /usr/bin/python3 setup.py egg_info --egg-base ../../../../../build/nav2_gazebo_spawner build --build-base /home/keti/turtle_carto/build/nav2_gazebo_spawner/build install --record /home/keti/turtle_carto/build/nav2_gazebo_spawner/install.log --install-scripts $base/lib/nav2_gazebo_spawner --single-version-externally-managed
