[0.182s] Invoking command in '/home/keti/turtle_carto/build/cpp_service_tutorial': CMAKE_PREFIX_PATH=/opt/ros/foxy /usr/bin/cmake --build /home/keti/turtle_carto/build/cpp_service_tutorial -- -j24 -l24
[0.527s] [ 25%] Built target srv_client_node
[0.527s] [ 50%] Built target cpp_simple_service_dummy_server_node
[0.528s] [ 75%] Built target cpp_simple_service_client_node
[0.528s] [100%] Built target srv_server_node
[0.547s] Invoked command in '/home/keti/turtle_carto/build/cpp_service_tutorial' returned '0': CMAKE_PREFIX_PATH=/opt/ros/foxy /usr/bin/cmake --build /home/keti/turtle_carto/build/cpp_service_tutorial -- -j24 -l24
[0.599s] Invoking command in '/home/keti/turtle_carto/build/cpp_service_tutorial': CMAKE_PREFIX_PATH=/opt/ros/foxy /usr/bin/cmake --install /home/keti/turtle_carto/build/cpp_service_tutorial
[0.658s] -- Install configuration: ""
[0.658s] -- Up-to-date: /home/keti/turtle_carto/install/cpp_service_tutorial/lib/cpp_service_tutorial/cpp_simple_service_client_node
[0.658s] -- Up-to-date: /home/keti/turtle_carto/install/cpp_service_tutorial/lib/cpp_service_tutorial/cpp_simple_service_dummy_server_node
[0.658s] -- Up-to-date: /home/keti/turtle_carto/install/cpp_service_tutorial/lib/cpp_service_tutorial/srv_server_node
[0.658s] -- Up-to-date: /home/keti/turtle_carto/install/cpp_service_tutorial/lib/cpp_service_tutorial/srv_client_node
[0.658s] -- Up-to-date: /home/keti/turtle_carto/install/cpp_service_tutorial/share/ament_index/resource_index/package_run_dependencies/cpp_service_tutorial
[0.658s] -- Up-to-date: /home/keti/turtle_carto/install/cpp_service_tutorial/share/ament_index/resource_index/parent_prefix_path/cpp_service_tutorial
[0.658s] -- Up-to-date: /home/keti/turtle_carto/install/cpp_service_tutorial/share/cpp_service_tutorial/environment/ament_prefix_path.sh
[0.658s] -- Up-to-date: /home/keti/turtle_carto/install/cpp_service_tutorial/share/cpp_service_tutorial/environment/ament_prefix_path.dsv
[0.658s] -- Up-to-date: /home/keti/turtle_carto/install/cpp_service_tutorial/share/cpp_service_tutorial/environment/path.sh
[0.658s] -- Up-to-date: /home/keti/turtle_carto/install/cpp_service_tutorial/share/cpp_service_tutorial/environment/path.dsv
[0.658s] -- Up-to-date: /home/keti/turtle_carto/install/cpp_service_tutorial/share/cpp_service_tutorial/local_setup.bash
[0.658s] -- Up-to-date: /home/keti/turtle_carto/install/cpp_service_tutorial/share/cpp_service_tutorial/local_setup.sh
[0.658s] -- Up-to-date: /home/keti/turtle_carto/install/cpp_service_tutorial/share/cpp_service_tutorial/local_setup.zsh
[0.658s] -- Up-to-date: /home/keti/turtle_carto/install/cpp_service_tutorial/share/cpp_service_tutorial/local_setup.dsv
[0.658s] -- Installing: /home/keti/turtle_carto/install/cpp_service_tutorial/share/cpp_service_tutorial/package.dsv
[0.658s] -- Up-to-date: /home/keti/turtle_carto/install/cpp_service_tutorial/share/ament_index/resource_index/packages/cpp_service_tutorial
[0.658s] -- Up-to-date: /home/keti/turtle_carto/install/cpp_service_tutorial/share/cpp_service_tutorial/cmake/cpp_service_tutorialConfig.cmake
[0.658s] -- Up-to-date: /home/keti/turtle_carto/install/cpp_service_tutorial/share/cpp_service_tutorial/cmake/cpp_service_tutorialConfig-version.cmake
[0.658s] -- Up-to-date: /home/keti/turtle_carto/install/cpp_service_tutorial/share/cpp_service_tutorial/package.xml
[0.761s] Invoked command in '/home/keti/turtle_carto/build/cpp_service_tutorial' returned '0': CMAKE_PREFIX_PATH=/opt/ros/foxy /usr/bin/cmake --install /home/keti/turtle_carto/build/cpp_service_tutorial
