[0.921s] Invoking command in '/home/keti/turtle_carto/src/omo_r1mini-foxy/omo_r1mini_bringup': AMENT_PREFIX_PATH=/home/keti/turtle_carto/install/omo_r1mini_interfaces:/home/keti/turtle_carto/install/omo_r1mini_description:${AMENT_PREFIX_PATH} CMAKE_PREFIX_PATH=/home/keti/turtle_carto/install/omo_r1mini_interfaces:/home/keti/turtle_carto/install/omo_r1mini_description LD_LIBRARY_PATH=/home/keti/turtle_carto/install/omo_r1mini_interfaces/lib:/usr/lib/x86_64-linux-gnu/gazebo-11/plugins:/opt/ros/foxy/opt/yaml_cpp_vendor/lib:/opt/ros/foxy/opt/rviz_ogre_vendor/lib:/opt/ros/foxy/lib/x86_64-linux-gnu:/opt/ros/foxy/lib:/usr/local/cuda-11.4/lib64 PYTHONPATH=/home/keti/turtle_carto/build/omo_r1mini_bringup/prefix_override:/home/keti/turtle_carto/install/omo_r1mini_bringup/lib/python3.8/site-packages:/home/keti/turtle_carto/install/omo_r1mini_interfaces/lib/python3.8/site-packages:${PYTHONPATH} /usr/bin/python3 setup.py egg_info --egg-base ../../../build/omo_r1mini_bringup build --build-base /home/keti/turtle_carto/build/omo_r1mini_bringup/build install --record /home/keti/turtle_carto/build/omo_r1mini_bringup/install.log --install-scripts $base/lib/omo_r1mini_bringup --single-version-externally-managed
[1.014s] running egg_info
[1.014s] writing ../../../build/omo_r1mini_bringup/omo_r1mini_bringup.egg-info/PKG-INFO
[1.014s] writing dependency_links to ../../../build/omo_r1mini_bringup/omo_r1mini_bringup.egg-info/dependency_links.txt
[1.014s] writing entry points to ../../../build/omo_r1mini_bringup/omo_r1mini_bringup.egg-info/entry_points.txt
[1.014s] writing requirements to ../../../build/omo_r1mini_bringup/omo_r1mini_bringup.egg-info/requires.txt
[1.015s] writing top-level names to ../../../build/omo_r1mini_bringup/omo_r1mini_bringup.egg-info/top_level.txt
[1.030s] reading manifest file '../../../build/omo_r1mini_bringup/omo_r1mini_bringup.egg-info/SOURCES.txt'
[1.031s] writing manifest file '../../../build/omo_r1mini_bringup/omo_r1mini_bringup.egg-info/SOURCES.txt'
[1.031s] running build
[1.031s] running build_py
[1.031s] running install
[1.033s] running install_lib
[1.033s] running install_data
[1.033s] running install_egg_info
[1.034s] removing '/home/keti/turtle_carto/install/omo_r1mini_bringup/lib/python3.8/site-packages/omo_r1mini_bringup-0.0.1-py3.8.egg-info' (and everything under it)
[1.034s] Copying ../../../build/omo_r1mini_bringup/omo_r1mini_bringup.egg-info to /home/keti/turtle_carto/install/omo_r1mini_bringup/lib/python3.8/site-packages/omo_r1mini_bringup-0.0.1-py3.8.egg-info
[1.035s] running install_scripts
[1.043s] Installing omo_r1mini_mcu_node script to /home/keti/turtle_carto/install/omo_r1mini_bringup/lib/omo_r1mini_bringup
[1.043s] Installing omo_r1mini_motor_setting_node script to /home/keti/turtle_carto/install/omo_r1mini_bringup/lib/omo_r1mini_bringup
[1.043s] writing list of installed files to '/home/keti/turtle_carto/build/omo_r1mini_bringup/install.log'
[1.055s] Invoked command in '/home/keti/turtle_carto/src/omo_r1mini-foxy/omo_r1mini_bringup' returned '0': AMENT_PREFIX_PATH=/home/keti/turtle_carto/install/omo_r1mini_interfaces:/home/keti/turtle_carto/install/omo_r1mini_description:${AMENT_PREFIX_PATH} CMAKE_PREFIX_PATH=/home/keti/turtle_carto/install/omo_r1mini_interfaces:/home/keti/turtle_carto/install/omo_r1mini_description LD_LIBRARY_PATH=/home/keti/turtle_carto/install/omo_r1mini_interfaces/lib:/usr/lib/x86_64-linux-gnu/gazebo-11/plugins:/opt/ros/foxy/opt/yaml_cpp_vendor/lib:/opt/ros/foxy/opt/rviz_ogre_vendor/lib:/opt/ros/foxy/lib/x86_64-linux-gnu:/opt/ros/foxy/lib:/usr/local/cuda-11.4/lib64 PYTHONPATH=/home/keti/turtle_carto/build/omo_r1mini_bringup/prefix_override:/home/keti/turtle_carto/install/omo_r1mini_bringup/lib/python3.8/site-packages:/home/keti/turtle_carto/install/omo_r1mini_interfaces/lib/python3.8/site-packages:${PYTHONPATH} /usr/bin/python3 setup.py egg_info --egg-base ../../../build/omo_r1mini_bringup build --build-base /home/keti/turtle_carto/build/omo_r1mini_bringup/build install --record /home/keti/turtle_carto/build/omo_r1mini_bringup/install.log --install-scripts $base/lib/omo_r1mini_bringup --single-version-externally-managed
