[0.846s] Invoking command in '/home/keti/turtle_carto/src/gcamp_ros2_basic/py_first_pkg': PYTHONPATH=/home/keti/turtle_carto/build/py_first_pkg/prefix_override:/home/keti/turtle_carto/install/py_first_pkg/lib/python3.8/site-packages:${PYTHONPATH} /usr/bin/python3 setup.py egg_info --egg-base ../../../build/py_first_pkg build --build-base /home/keti/turtle_carto/build/py_first_pkg/build install --record /home/keti/turtle_carto/build/py_first_pkg/install.log --install-scripts $base/lib/py_first_pkg --single-version-externally-managed
[0.938s] running egg_info
[0.939s] writing ../../../build/py_first_pkg/py_first_pkg.egg-info/PKG-INFO
[0.939s] writing dependency_links to ../../../build/py_first_pkg/py_first_pkg.egg-info/dependency_links.txt
[0.939s] writing entry points to ../../../build/py_first_pkg/py_first_pkg.egg-info/entry_points.txt
[0.939s] writing requirements to ../../../build/py_first_pkg/py_first_pkg.egg-info/requires.txt
[0.939s] writing top-level names to ../../../build/py_first_pkg/py_first_pkg.egg-info/top_level.txt
[0.954s] reading manifest file '../../../build/py_first_pkg/py_first_pkg.egg-info/SOURCES.txt'
[0.954s] writing manifest file '../../../build/py_first_pkg/py_first_pkg.egg-info/SOURCES.txt'
[0.955s] running build
[0.955s] running build_py
[0.955s] running install
[0.955s] running install_lib
[0.956s] running install_data
[0.956s] running install_egg_info
[0.957s] removing '/home/keti/turtle_carto/install/py_first_pkg/lib/python3.8/site-packages/py_first_pkg-0.0.0-py3.8.egg-info' (and everything under it)
[0.957s] Copying ../../../build/py_first_pkg/py_first_pkg.egg-info to /home/keti/turtle_carto/install/py_first_pkg/lib/python3.8/site-packages/py_first_pkg-0.0.0-py3.8.egg-info
[0.957s] running install_scripts
[0.966s] Installing hello_ros_node script to /home/keti/turtle_carto/install/py_first_pkg/lib/py_first_pkg
[0.966s] writing list of installed files to '/home/keti/turtle_carto/build/py_first_pkg/install.log'
[1.479s] Invoked command in '/home/keti/turtle_carto/src/gcamp_ros2_basic/py_first_pkg' returned '0': PYTHONPATH=/home/keti/turtle_carto/build/py_first_pkg/prefix_override:/home/keti/turtle_carto/install/py_first_pkg/lib/python3.8/site-packages:${PYTHONPATH} /usr/bin/python3 setup.py egg_info --egg-base ../../../build/py_first_pkg build --build-base /home/keti/turtle_carto/build/py_first_pkg/build install --record /home/keti/turtle_carto/build/py_first_pkg/install.log --install-scripts $base/lib/py_first_pkg --single-version-externally-managed
