[0.108s] Invoking command in '/home/keti/turtle_carto/build/turtlebot3_navigation2': CMAKE_PREFIX_PATH=${CMAKE_PREFIX_PATH}:/home/keti/turtle_carto/install/turtlebot3_teleop:/home/keti/turtle_carto/install/turtlebot3_example:/home/keti/turtle_carto/install/py_topic_pkg:/home/keti/turtle_carto/install/py_service_pkg:/home/keti/turtle_carto/install/py_first_pkg:/home/keti/turtle_carto/install/py_action_pkg:/home/keti/turtle_carto/install/follow_waypoints:/opt/ros/foxy /usr/bin/cmake /home/keti/turtle_carto/src/turtlebot3/turtlebot3_navigation2 -DCMAKE_INSTALL_PREFIX=/home/keti/turtle_carto/install/turtlebot3_navigation2
[0.464s] -- The C compiler identification is GNU 9.4.0
[0.464s] -- The CXX compiler identification is GNU 9.4.0
[0.464s] -- Check for working C compiler: /usr/bin/cc
[0.464s] -- Check for working C compiler: /usr/bin/cc -- works
[0.464s] -- Detecting C compiler ABI info
[0.464s] -- Detecting C compiler ABI info - done
[0.464s] -- Detecting C compile features
[0.465s] -- Detecting C compile features - done
[0.465s] -- Check for working CXX compiler: /usr/bin/c++
[0.465s] -- Check for working CXX compiler: /usr/bin/c++ -- works
[0.465s] -- Detecting CXX compiler ABI info
[0.465s] -- Detecting CXX compiler ABI info - done
[0.465s] -- Detecting CXX compile features
[0.465s] -- Detecting CXX compile features - done
[0.465s] -- Found ament_cmake: 0.9.11 (/opt/ros/foxy/share/ament_cmake/cmake)
[0.465s] -- Found PythonInterp: /usr/bin/python3 (found suitable version "3.8.10", minimum required is "3") 
[0.465s] -- Using PYTHON_EXECUTABLE: /usr/bin/python3
[0.515s] -- Configuring done
[0.516s] -- Generating done
[0.516s] -- Build files have been written to: /home/keti/turtle_carto/build/turtlebot3_navigation2
[0.584s] Invoked command in '/home/keti/turtle_carto/build/turtlebot3_navigation2' returned '0': CMAKE_PREFIX_PATH=${CMAKE_PREFIX_PATH}:/home/keti/turtle_carto/install/turtlebot3_teleop:/home/keti/turtle_carto/install/turtlebot3_example:/home/keti/turtle_carto/install/py_topic_pkg:/home/keti/turtle_carto/install/py_service_pkg:/home/keti/turtle_carto/install/py_first_pkg:/home/keti/turtle_carto/install/py_action_pkg:/home/keti/turtle_carto/install/follow_waypoints:/opt/ros/foxy /usr/bin/cmake /home/keti/turtle_carto/src/turtlebot3/turtlebot3_navigation2 -DCMAKE_INSTALL_PREFIX=/home/keti/turtle_carto/install/turtlebot3_navigation2
[0.586s] Invoking command in '/home/keti/turtle_carto/build/turtlebot3_navigation2': CMAKE_PREFIX_PATH=${CMAKE_PREFIX_PATH}:/home/keti/turtle_carto/install/turtlebot3_teleop:/home/keti/turtle_carto/install/turtlebot3_example:/home/keti/turtle_carto/install/py_topic_pkg:/home/keti/turtle_carto/install/py_service_pkg:/home/keti/turtle_carto/install/py_first_pkg:/home/keti/turtle_carto/install/py_action_pkg:/home/keti/turtle_carto/install/follow_waypoints:/opt/ros/foxy /usr/bin/cmake --build /home/keti/turtle_carto/build/turtlebot3_navigation2 -- -j24 -l24
[0.616s] Invoked command in '/home/keti/turtle_carto/build/turtlebot3_navigation2' returned '0': CMAKE_PREFIX_PATH=${CMAKE_PREFIX_PATH}:/home/keti/turtle_carto/install/turtlebot3_teleop:/home/keti/turtle_carto/install/turtlebot3_example:/home/keti/turtle_carto/install/py_topic_pkg:/home/keti/turtle_carto/install/py_service_pkg:/home/keti/turtle_carto/install/py_first_pkg:/home/keti/turtle_carto/install/py_action_pkg:/home/keti/turtle_carto/install/follow_waypoints:/opt/ros/foxy /usr/bin/cmake --build /home/keti/turtle_carto/build/turtlebot3_navigation2 -- -j24 -l24
[0.637s] Invoking command in '/home/keti/turtle_carto/build/turtlebot3_navigation2': CMAKE_PREFIX_PATH=${CMAKE_PREFIX_PATH}:/home/keti/turtle_carto/install/turtlebot3_teleop:/home/keti/turtle_carto/install/turtlebot3_example:/home/keti/turtle_carto/install/py_topic_pkg:/home/keti/turtle_carto/install/py_service_pkg:/home/keti/turtle_carto/install/py_first_pkg:/home/keti/turtle_carto/install/py_action_pkg:/home/keti/turtle_carto/install/follow_waypoints:/opt/ros/foxy /usr/bin/cmake --install /home/keti/turtle_carto/build/turtlebot3_navigation2
[0.646s] -- Install configuration: ""
[0.646s] -- Installing: /home/keti/turtle_carto/install/turtlebot3_navigation2/share/turtlebot3_navigation2/launch
[0.646s] -- Installing: /home/keti/turtle_carto/install/turtlebot3_navigation2/share/turtlebot3_navigation2/launch/navigation2.launch.py
[0.646s] -- Installing: /home/keti/turtle_carto/install/turtlebot3_navigation2/share/turtlebot3_navigation2/map
[0.646s] -- Installing: /home/keti/turtle_carto/install/turtlebot3_navigation2/share/turtlebot3_navigation2/map/turtlebot3_world.pgm
[0.647s] -- Installing: /home/keti/turtle_carto/install/turtlebot3_navigation2/share/turtlebot3_navigation2/map/turtlebot3_world.yaml
[0.647s] -- Installing: /home/keti/turtle_carto/install/turtlebot3_navigation2/share/turtlebot3_navigation2/param
[0.647s] -- Installing: /home/keti/turtle_carto/install/turtlebot3_navigation2/share/turtlebot3_navigation2/param/waffle.yaml
[0.647s] -- Installing: /home/keti/turtle_carto/install/turtlebot3_navigation2/share/turtlebot3_navigation2/param/burger.yaml
[0.647s] -- Installing: /home/keti/turtle_carto/install/turtlebot3_navigation2/share/turtlebot3_navigation2/param/waffle_pi.yaml
[0.647s] -- Installing: /home/keti/turtle_carto/install/turtlebot3_navigation2/share/turtlebot3_navigation2/rviz
[0.647s] -- Installing: /home/keti/turtle_carto/install/turtlebot3_navigation2/share/turtlebot3_navigation2/rviz/tb3_navigation2.rviz
[0.647s] -- Installing: /home/keti/turtle_carto/install/turtlebot3_navigation2/share/ament_index/resource_index/package_run_dependencies/turtlebot3_navigation2
[0.647s] -- Installing: /home/keti/turtle_carto/install/turtlebot3_navigation2/share/ament_index/resource_index/parent_prefix_path/turtlebot3_navigation2
[0.647s] -- Installing: /home/keti/turtle_carto/install/turtlebot3_navigation2/share/turtlebot3_navigation2/environment/ament_prefix_path.sh
[0.647s] -- Installing: /home/keti/turtle_carto/install/turtlebot3_navigation2/share/turtlebot3_navigation2/environment/ament_prefix_path.dsv
[0.647s] -- Installing: /home/keti/turtle_carto/install/turtlebot3_navigation2/share/turtlebot3_navigation2/environment/path.sh
[0.647s] -- Installing: /home/keti/turtle_carto/install/turtlebot3_navigation2/share/turtlebot3_navigation2/environment/path.dsv
[0.647s] -- Installing: /home/keti/turtle_carto/install/turtlebot3_navigation2/share/turtlebot3_navigation2/local_setup.bash
[0.647s] -- Installing: /home/keti/turtle_carto/install/turtlebot3_navigation2/share/turtlebot3_navigation2/local_setup.sh
[0.647s] -- Installing: /home/keti/turtle_carto/install/turtlebot3_navigation2/share/turtlebot3_navigation2/local_setup.zsh
[0.647s] -- Installing: /home/keti/turtle_carto/install/turtlebot3_navigation2/share/turtlebot3_navigation2/local_setup.dsv
[0.647s] -- Installing: /home/keti/turtle_carto/install/turtlebot3_navigation2/share/turtlebot3_navigation2/package.dsv
[0.647s] -- Installing: /home/keti/turtle_carto/install/turtlebot3_navigation2/share/ament_index/resource_index/packages/turtlebot3_navigation2
[0.647s] -- Installing: /home/keti/turtle_carto/install/turtlebot3_navigation2/share/turtlebot3_navigation2/cmake/turtlebot3_navigation2Config.cmake
[0.647s] -- Installing: /home/keti/turtle_carto/install/turtlebot3_navigation2/share/turtlebot3_navigation2/cmake/turtlebot3_navigation2Config-version.cmake
[0.647s] -- Installing: /home/keti/turtle_carto/install/turtlebot3_navigation2/share/turtlebot3_navigation2/package.xml
[0.661s] Invoked command in '/home/keti/turtle_carto/build/turtlebot3_navigation2' returned '0': CMAKE_PREFIX_PATH=${CMAKE_PREFIX_PATH}:/home/keti/turtle_carto/install/turtlebot3_teleop:/home/keti/turtle_carto/install/turtlebot3_example:/home/keti/turtle_carto/install/py_topic_pkg:/home/keti/turtle_carto/install/py_service_pkg:/home/keti/turtle_carto/install/py_first_pkg:/home/keti/turtle_carto/install/py_action_pkg:/home/keti/turtle_carto/install/follow_waypoints:/opt/ros/foxy /usr/bin/cmake --install /home/keti/turtle_carto/build/turtlebot3_navigation2
