[0.214s] Invoking command in '/home/keti/turtle_carto/build/cpp_service_tutorial': CMAKE_PREFIX_PATH=${CMAKE_PREFIX_PATH}:/home/keti/turtle_carto/install/turtlebot3_teleop:/home/keti/turtle_carto/install/turtlebot3_example:/home/keti/turtle_carto/install/py_topic_pkg:/home/keti/turtle_carto/install/py_service_pkg:/home/keti/turtle_carto/install/py_first_pkg:/home/keti/turtle_carto/install/py_action_pkg:/home/keti/turtle_carto/install/follow_waypoints:/opt/ros/foxy /usr/bin/cmake /home/keti/turtle_carto/src/gcamp_ros2_basic/cpp_service_tutorial -DCMAKE_INSTALL_PREFIX=/home/keti/turtle_carto/install/cpp_service_tutorial
[0.455s] -- The C compiler identification is GNU 9.4.0
[0.455s] -- The CXX compiler identification is GNU 9.4.0
[0.455s] -- Check for working C compiler: /usr/bin/cc
[0.455s] -- Check for working C compiler: /usr/bin/cc -- works
[0.455s] -- Detecting C compiler ABI info
[0.455s] -- Detecting C compiler ABI info - done
[0.455s] -- Detecting C compile features
[0.455s] -- Detecting C compile features - done
[0.455s] -- Check for working CXX compiler: /usr/bin/c++
[0.455s] -- Check for working CXX compiler: /usr/bin/c++ -- works
[0.455s] -- Detecting CXX compiler ABI info
[0.456s] -- Detecting CXX compiler ABI info - done
[0.458s] -- Detecting CXX compile features
[0.458s] -- Detecting CXX compile features - done
[0.460s] -- Found ament_cmake: 0.9.11 (/opt/ros/foxy/share/ament_cmake/cmake)
[0.478s] -- Found PythonInterp: /usr/bin/python3 (found suitable version "3.8.10", minimum required is "3") 
[0.478s] -- Using PYTHON_EXECUTABLE: /usr/bin/python3
[0.578s] -- Found std_msgs: 2.0.5 (/opt/ros/foxy/share/std_msgs/cmake)
[0.594s] -- Using all available rosidl_typesupport_c: rosidl_typesupport_fastrtps_c;rosidl_typesupport_introspection_c
[0.598s] -- Found rosidl_adapter: 1.3.0 (/opt/ros/foxy/share/rosidl_adapter/cmake)
[0.649s] -- Found OpenSSL: /usr/lib/x86_64-linux-gnu/libcrypto.so (found version "1.1.1f")  
[0.670s] -- Found FastRTPS: /opt/ros/foxy/include  
[0.711s] -- Using all available rosidl_typesupport_cpp: rosidl_typesupport_fastrtps_cpp;rosidl_typesupport_introspection_cpp
[0.735s] -- Found std_srvs: 2.0.5 (/opt/ros/foxy/share/std_srvs/cmake)
[0.740s] -- Found rclcpp: 2.4.2 (/opt/ros/foxy/share/rclcpp/cmake)
[0.765s] -- Found rmw_implementation_cmake: 1.0.4 (/opt/ros/foxy/share/rmw_implementation_cmake/cmake)
[0.765s] -- Using RMW implementation 'rmw_fastrtps_cpp' as default
[0.766s] -- Looking for pthread.h
[0.804s] -- Looking for pthread.h - found
[0.804s] -- Performing Test CMAKE_HAVE_LIBC_PTHREAD
[0.845s] -- Performing Test CMAKE_HAVE_LIBC_PTHREAD - Failed
[0.845s] -- Looking for pthread_create in pthreads
[0.878s] -- Looking for pthread_create in pthreads - not found
[0.878s] -- Looking for pthread_create in pthread
[0.920s] -- Looking for pthread_create in pthread - found
[0.921s] -- Found Threads: TRUE  
[0.994s] -- Found gazebo_msgs: 3.5.3 (/opt/ros/foxy/share/gazebo_msgs/cmake)
[1.115s] -- Found ament_lint_auto: 0.9.8 (/opt/ros/foxy/share/ament_lint_auto/cmake)
[1.167s] -- Added test 'cppcheck' to perform static code analysis on C / C++ code
[1.167s] -- Configured cppcheck include dirs: 
[1.167s] -- Configured cppcheck exclude dirs and/or files: 
[1.168s] -- Added test 'lint_cmake' to check CMake code style
[1.168s] -- Added test 'uncrustify' to check C / C++ code style
[1.168s] -- Configured uncrustify additional arguments: 
[1.169s] -- Added test 'xmllint' to check XML markup files
[1.171s] -- Configuring done
[1.188s] -- Generating done
[1.189s] -- Build files have been written to: /home/keti/turtle_carto/build/cpp_service_tutorial
[1.198s] Invoked command in '/home/keti/turtle_carto/build/cpp_service_tutorial' returned '0': CMAKE_PREFIX_PATH=${CMAKE_PREFIX_PATH}:/home/keti/turtle_carto/install/turtlebot3_teleop:/home/keti/turtle_carto/install/turtlebot3_example:/home/keti/turtle_carto/install/py_topic_pkg:/home/keti/turtle_carto/install/py_service_pkg:/home/keti/turtle_carto/install/py_first_pkg:/home/keti/turtle_carto/install/py_action_pkg:/home/keti/turtle_carto/install/follow_waypoints:/opt/ros/foxy /usr/bin/cmake /home/keti/turtle_carto/src/gcamp_ros2_basic/cpp_service_tutorial -DCMAKE_INSTALL_PREFIX=/home/keti/turtle_carto/install/cpp_service_tutorial
[1.200s] Invoking command in '/home/keti/turtle_carto/build/cpp_service_tutorial': CMAKE_PREFIX_PATH=${CMAKE_PREFIX_PATH}:/home/keti/turtle_carto/install/turtlebot3_teleop:/home/keti/turtle_carto/install/turtlebot3_example:/home/keti/turtle_carto/install/py_topic_pkg:/home/keti/turtle_carto/install/py_service_pkg:/home/keti/turtle_carto/install/py_first_pkg:/home/keti/turtle_carto/install/py_action_pkg:/home/keti/turtle_carto/install/follow_waypoints:/opt/ros/foxy /usr/bin/cmake --build /home/keti/turtle_carto/build/cpp_service_tutorial -- -j24 -l24
[1.231s] [35m[1mScanning dependencies of target srv_client_node[0m
[1.231s] [35m[1mScanning dependencies of target srv_server_node[0m
[1.231s] [35m[1mScanning dependencies of target cpp_simple_service_client_node[0m
[1.231s] [35m[1mScanning dependencies of target cpp_simple_service_dummy_server_node[0m
[1.255s] [ 12%] [32mBuilding CXX object CMakeFiles/cpp_simple_service_dummy_server_node.dir/src/cpp_simple_service_dummy_server.cpp.o[0m
[1.257s] [ 25%] [32mBuilding CXX object CMakeFiles/cpp_simple_service_client_node.dir/src/cpp_simple_service_client.cpp.o[0m
[1.258s] [ 37%] [32mBuilding CXX object CMakeFiles/srv_client_node.dir/src/srv_client.cpp.o[0m
[1.258s] [ 50%] [32mBuilding CXX object CMakeFiles/srv_server_node.dir/src/srv_server.cpp.o[0m
[3.299s] [ 62%] [32m[1mLinking CXX executable cpp_simple_service_client_node[0m
[3.369s] [ 75%] [32m[1mLinking CXX executable cpp_simple_service_dummy_server_node[0m
[3.412s] [ 75%] Built target cpp_simple_service_client_node
[3.449s] [ 75%] Built target cpp_simple_service_dummy_server_node
[3.552s] [ 87%] [32m[1mLinking CXX executable srv_client_node[0m
[3.554s] [100%] [32m[1mLinking CXX executable srv_server_node[0m
[3.641s] [100%] Built target srv_server_node
[3.643s] [100%] Built target srv_client_node
[3.650s] Invoked command in '/home/keti/turtle_carto/build/cpp_service_tutorial' returned '0': CMAKE_PREFIX_PATH=${CMAKE_PREFIX_PATH}:/home/keti/turtle_carto/install/turtlebot3_teleop:/home/keti/turtle_carto/install/turtlebot3_example:/home/keti/turtle_carto/install/py_topic_pkg:/home/keti/turtle_carto/install/py_service_pkg:/home/keti/turtle_carto/install/py_first_pkg:/home/keti/turtle_carto/install/py_action_pkg:/home/keti/turtle_carto/install/follow_waypoints:/opt/ros/foxy /usr/bin/cmake --build /home/keti/turtle_carto/build/cpp_service_tutorial -- -j24 -l24
[3.668s] Invoking command in '/home/keti/turtle_carto/build/cpp_service_tutorial': CMAKE_PREFIX_PATH=${CMAKE_PREFIX_PATH}:/home/keti/turtle_carto/install/turtlebot3_teleop:/home/keti/turtle_carto/install/turtlebot3_example:/home/keti/turtle_carto/install/py_topic_pkg:/home/keti/turtle_carto/install/py_service_pkg:/home/keti/turtle_carto/install/py_first_pkg:/home/keti/turtle_carto/install/py_action_pkg:/home/keti/turtle_carto/install/follow_waypoints:/opt/ros/foxy /usr/bin/cmake --install /home/keti/turtle_carto/build/cpp_service_tutorial
[3.674s] -- Install configuration: ""
[3.674s] -- Installing: /home/keti/turtle_carto/install/cpp_service_tutorial/lib/cpp_service_tutorial/cpp_simple_service_client_node
[3.674s] -- Set runtime path of "/home/keti/turtle_carto/install/cpp_service_tutorial/lib/cpp_service_tutorial/cpp_simple_service_client_node" to ""
[3.674s] -- Installing: /home/keti/turtle_carto/install/cpp_service_tutorial/lib/cpp_service_tutorial/cpp_simple_service_dummy_server_node
[3.674s] -- Set runtime path of "/home/keti/turtle_carto/install/cpp_service_tutorial/lib/cpp_service_tutorial/cpp_simple_service_dummy_server_node" to ""
[3.674s] -- Installing: /home/keti/turtle_carto/install/cpp_service_tutorial/lib/cpp_service_tutorial/srv_server_node
[3.675s] -- Set runtime path of "/home/keti/turtle_carto/install/cpp_service_tutorial/lib/cpp_service_tutorial/srv_server_node" to ""
[3.675s] -- Installing: /home/keti/turtle_carto/install/cpp_service_tutorial/lib/cpp_service_tutorial/srv_client_node
[3.675s] -- Set runtime path of "/home/keti/turtle_carto/install/cpp_service_tutorial/lib/cpp_service_tutorial/srv_client_node" to ""
[3.675s] -- Installing: /home/keti/turtle_carto/install/cpp_service_tutorial/share/ament_index/resource_index/package_run_dependencies/cpp_service_tutorial
[3.675s] -- Installing: /home/keti/turtle_carto/install/cpp_service_tutorial/share/ament_index/resource_index/parent_prefix_path/cpp_service_tutorial
[3.675s] -- Installing: /home/keti/turtle_carto/install/cpp_service_tutorial/share/cpp_service_tutorial/environment/ament_prefix_path.sh
[3.675s] -- Installing: /home/keti/turtle_carto/install/cpp_service_tutorial/share/cpp_service_tutorial/environment/ament_prefix_path.dsv
[3.675s] -- Installing: /home/keti/turtle_carto/install/cpp_service_tutorial/share/cpp_service_tutorial/environment/path.sh
[3.675s] -- Installing: /home/keti/turtle_carto/install/cpp_service_tutorial/share/cpp_service_tutorial/environment/path.dsv
[3.675s] -- Installing: /home/keti/turtle_carto/install/cpp_service_tutorial/share/cpp_service_tutorial/local_setup.bash
[3.676s] -- Installing: /home/keti/turtle_carto/install/cpp_service_tutorial/share/cpp_service_tutorial/local_setup.sh
[3.676s] -- Installing: /home/keti/turtle_carto/install/cpp_service_tutorial/share/cpp_service_tutorial/local_setup.zsh
[3.676s] -- Installing: /home/keti/turtle_carto/install/cpp_service_tutorial/share/cpp_service_tutorial/local_setup.dsv
[3.676s] -- Installing: /home/keti/turtle_carto/install/cpp_service_tutorial/share/cpp_service_tutorial/package.dsv
[3.676s] -- Installing: /home/keti/turtle_carto/install/cpp_service_tutorial/share/ament_index/resource_index/packages/cpp_service_tutorial
[3.676s] -- Installing: /home/keti/turtle_carto/install/cpp_service_tutorial/share/cpp_service_tutorial/cmake/cpp_service_tutorialConfig.cmake
[3.676s] -- Installing: /home/keti/turtle_carto/install/cpp_service_tutorial/share/cpp_service_tutorial/cmake/cpp_service_tutorialConfig-version.cmake
[3.676s] -- Installing: /home/keti/turtle_carto/install/cpp_service_tutorial/share/cpp_service_tutorial/package.xml
[3.680s] Invoked command in '/home/keti/turtle_carto/build/cpp_service_tutorial' returned '0': CMAKE_PREFIX_PATH=${CMAKE_PREFIX_PATH}:/home/keti/turtle_carto/install/turtlebot3_teleop:/home/keti/turtle_carto/install/turtlebot3_example:/home/keti/turtle_carto/install/py_topic_pkg:/home/keti/turtle_carto/install/py_service_pkg:/home/keti/turtle_carto/install/py_first_pkg:/home/keti/turtle_carto/install/py_action_pkg:/home/keti/turtle_carto/install/follow_waypoints:/opt/ros/foxy /usr/bin/cmake --install /home/keti/turtle_carto/build/cpp_service_tutorial
