[0.022s] Invoking command in '/home/keti/turtle_carto/build/cpp_service_pkg': CMAKE_PREFIX_PATH=/home/keti/turtle_carto/install/custom_interfaces:/home/keti/turtle_carto/install/turtlebot3:/home/keti/turtle_carto/install/turtlebot3_simulations:/home/keti/turtle_carto/install/turtlebot3_bringup:/home/keti/turtle_carto/install/turtlebot3_node:/home/keti/turtle_carto/install/turtlebot3_navigation2:/home/keti/turtle_carto/install/turtlebot3_fake_node:/home/keti/turtle_carto/install/turtlebot3_msgs:/home/keti/turtle_carto/install/turtlebot3_description:/home/keti/turtle_carto/install/turtlebot3_cartographer:/home/keti/turtle_carto/install/gcamp_gazebo:/home/keti/turtle_carto/install/cpp_service_pkg:/home/keti/turtle_carto/install/cpp_action_pkg:/home/keti/turtle_carto/install/cpp_topic_pkg:/home/keti/turtle_carto/install/cpp_service_tutorial:/home/keti/turtle_carto/install/cpp_param_pkg:/home/keti/turtle_carto/install/cpp_first_pkg:/home/keti/turtle_carto/install/turtlebot3_teleop:/home/keti/turtle_carto/install/turtlebot3_example:/home/keti/turtle_carto/install/py_topic_pkg:/home/keti/turtle_carto/install/py_service_pkg:/home/keti/turtle_carto/install/py_first_pkg:/home/keti/turtle_carto/install/py_action_pkg:/home/keti/turtle_carto/install/follow_waypoints:/opt/ros/foxy LD_LIBRARY_PATH=/home/keti/turtle_carto/install/custom_interfaces/lib:/home/keti/turtle_carto/install/turtlebot3_msgs/lib:/usr/lib/x86_64-linux-gnu/gazebo-11/plugins:/opt/ros/foxy/opt/yaml_cpp_vendor/lib:/opt/ros/foxy/opt/rviz_ogre_vendor/lib:/opt/ros/foxy/lib/x86_64-linux-gnu:/opt/ros/foxy/lib:/usr/local/cuda-11.4/lib64 PYTHONPATH=/home/keti/turtle_carto/install/custom_interfaces/lib/python3.8/site-packages:/home/keti/turtle_carto/install/turtlebot3_teleop/lib/python3.8/site-packages:/home/keti/turtle_carto/install/turtlebot3_example/lib/python3.8/site-packages:/home/keti/turtle_carto/install/turtlebot3_msgs/lib/python3.8/site-packages:/home/keti/turtle_carto/install/py_topic_pkg/lib/python3.8/site-packages:/home/keti/turtle_carto/install/py_service_pkg/lib/python3.8/site-packages:/home/keti/turtle_carto/install/py_first_pkg/lib/python3.8/site-packages:/home/keti/turtle_carto/install/py_action_pkg/lib/python3.8/site-packages:/home/keti/turtle_carto/install/follow_waypoints/lib/python3.8/site-packages:/opt/ros/foxy/lib/python3.8/site-packages /usr/bin/cmake /home/keti/turtle_carto/src/gcamp_ros2_basic/cpp_service_pkg -DCMAKE_INSTALL_PREFIX=/home/keti/turtle_carto/install/cpp_service_pkg
[0.135s] -- The C compiler identification is GNU 9.4.0
[0.135s] -- The CXX compiler identification is GNU 9.4.0
[0.135s] -- Check for working C compiler: /usr/bin/cc
[0.135s] -- Check for working C compiler: /usr/bin/cc -- works
[0.135s] -- Detecting C compiler ABI info
[0.144s] -- Detecting C compiler ABI info - done
[0.148s] -- Detecting C compile features
[0.149s] -- Detecting C compile features - done
[0.150s] -- Check for working CXX compiler: /usr/bin/c++
[0.185s] -- Check for working CXX compiler: /usr/bin/c++ -- works
[0.185s] -- Detecting CXX compiler ABI info
[0.219s] -- Detecting CXX compiler ABI info - done
[0.225s] -- Detecting CXX compile features
[0.225s] -- Detecting CXX compile features - done
[0.226s] -- Found ament_cmake: 0.9.11 (/opt/ros/foxy/share/ament_cmake/cmake)
[0.239s] -- Found PythonInterp: /usr/bin/python3 (found suitable version "3.8.10", minimum required is "3") 
[0.239s] -- Using PYTHON_EXECUTABLE: /usr/bin/python3
[0.337s] -- Found rclcpp: 2.4.2 (/opt/ros/foxy/share/rclcpp/cmake)
[0.365s] -- Using all available rosidl_typesupport_c: rosidl_typesupport_fastrtps_c;rosidl_typesupport_introspection_c
[0.370s] -- Found rosidl_adapter: 1.3.0 (/opt/ros/foxy/share/rosidl_adapter/cmake)
[0.418s] -- Found OpenSSL: /usr/lib/x86_64-linux-gnu/libcrypto.so (found version "1.1.1f")  
[0.437s] -- Found FastRTPS: /opt/ros/foxy/include  
[0.480s] -- Using all available rosidl_typesupport_cpp: rosidl_typesupport_fastrtps_cpp;rosidl_typesupport_introspection_cpp
[0.512s] -- Found rmw_implementation_cmake: 1.0.4 (/opt/ros/foxy/share/rmw_implementation_cmake/cmake)
[0.513s] -- Using RMW implementation 'rmw_fastrtps_cpp' as default
[0.513s] -- Looking for pthread.h
[0.548s] -- Looking for pthread.h - found
[0.548s] -- Performing Test CMAKE_HAVE_LIBC_PTHREAD
[0.585s] -- Performing Test CMAKE_HAVE_LIBC_PTHREAD - Failed
[0.585s] -- Looking for pthread_create in pthreads
[0.615s] -- Looking for pthread_create in pthreads - not found
[0.616s] -- Looking for pthread_create in pthread
[0.654s] -- Looking for pthread_create in pthread - found
[0.654s] -- Found Threads: TRUE  
[0.731s] -- Found gazebo_msgs: 3.5.3 (/opt/ros/foxy/share/gazebo_msgs/cmake)
[0.852s] -- Found custom_interfaces: 0.0.0 (/home/keti/turtle_carto/install/custom_interfaces/share/custom_interfaces/cmake)
[0.905s] -- Found example_interfaces: 0.9.1 (/opt/ros/foxy/share/example_interfaces/cmake)
[0.935s] -- Found ament_lint_auto: 0.9.8 (/opt/ros/foxy/share/ament_lint_auto/cmake)
[0.983s] -- Added test 'copyright' to check source files copyright and LICENSE
[0.983s] -- Added test 'cppcheck' to perform static code analysis on C / C++ code
[0.983s] -- Configured cppcheck include dirs: 
[0.983s] -- Configured cppcheck exclude dirs and/or files: 
[0.984s] -- Added test 'cpplint' to check C / C++ code against the Google style
[0.984s] -- Configured cpplint exclude dirs and/or files: 
[0.984s] -- Added test 'lint_cmake' to check CMake code style
[0.985s] -- Added test 'uncrustify' to check C / C++ code style
[0.985s] -- Configured uncrustify additional arguments: 
[0.985s] -- Added test 'xmllint' to check XML markup files
[0.987s] -- Configuring done
[0.996s] -- Generating done
[0.997s] -- Build files have been written to: /home/keti/turtle_carto/build/cpp_service_pkg
[1.002s] Invoked command in '/home/keti/turtle_carto/build/cpp_service_pkg' returned '0': CMAKE_PREFIX_PATH=/home/keti/turtle_carto/install/custom_interfaces:/home/keti/turtle_carto/install/turtlebot3:/home/keti/turtle_carto/install/turtlebot3_simulations:/home/keti/turtle_carto/install/turtlebot3_bringup:/home/keti/turtle_carto/install/turtlebot3_node:/home/keti/turtle_carto/install/turtlebot3_navigation2:/home/keti/turtle_carto/install/turtlebot3_fake_node:/home/keti/turtle_carto/install/turtlebot3_msgs:/home/keti/turtle_carto/install/turtlebot3_description:/home/keti/turtle_carto/install/turtlebot3_cartographer:/home/keti/turtle_carto/install/gcamp_gazebo:/home/keti/turtle_carto/install/cpp_service_pkg:/home/keti/turtle_carto/install/cpp_action_pkg:/home/keti/turtle_carto/install/cpp_topic_pkg:/home/keti/turtle_carto/install/cpp_service_tutorial:/home/keti/turtle_carto/install/cpp_param_pkg:/home/keti/turtle_carto/install/cpp_first_pkg:/home/keti/turtle_carto/install/turtlebot3_teleop:/home/keti/turtle_carto/install/turtlebot3_example:/home/keti/turtle_carto/install/py_topic_pkg:/home/keti/turtle_carto/install/py_service_pkg:/home/keti/turtle_carto/install/py_first_pkg:/home/keti/turtle_carto/install/py_action_pkg:/home/keti/turtle_carto/install/follow_waypoints:/opt/ros/foxy LD_LIBRARY_PATH=/home/keti/turtle_carto/install/custom_interfaces/lib:/home/keti/turtle_carto/install/turtlebot3_msgs/lib:/usr/lib/x86_64-linux-gnu/gazebo-11/plugins:/opt/ros/foxy/opt/yaml_cpp_vendor/lib:/opt/ros/foxy/opt/rviz_ogre_vendor/lib:/opt/ros/foxy/lib/x86_64-linux-gnu:/opt/ros/foxy/lib:/usr/local/cuda-11.4/lib64 PYTHONPATH=/home/keti/turtle_carto/install/custom_interfaces/lib/python3.8/site-packages:/home/keti/turtle_carto/install/turtlebot3_teleop/lib/python3.8/site-packages:/home/keti/turtle_carto/install/turtlebot3_example/lib/python3.8/site-packages:/home/keti/turtle_carto/install/turtlebot3_msgs/lib/python3.8/site-packages:/home/keti/turtle_carto/install/py_topic_pkg/lib/python3.8/site-packages:/home/keti/turtle_carto/install/py_service_pkg/lib/python3.8/site-packages:/home/keti/turtle_carto/install/py_first_pkg/lib/python3.8/site-packages:/home/keti/turtle_carto/install/py_action_pkg/lib/python3.8/site-packages:/home/keti/turtle_carto/install/follow_waypoints/lib/python3.8/site-packages:/opt/ros/foxy/lib/python3.8/site-packages /usr/bin/cmake /home/keti/turtle_carto/src/gcamp_ros2_basic/cpp_service_pkg -DCMAKE_INSTALL_PREFIX=/home/keti/turtle_carto/install/cpp_service_pkg
[1.005s] Invoking command in '/home/keti/turtle_carto/build/cpp_service_pkg': CMAKE_PREFIX_PATH=/home/keti/turtle_carto/install/custom_interfaces:/home/keti/turtle_carto/install/turtlebot3:/home/keti/turtle_carto/install/turtlebot3_simulations:/home/keti/turtle_carto/install/turtlebot3_bringup:/home/keti/turtle_carto/install/turtlebot3_node:/home/keti/turtle_carto/install/turtlebot3_navigation2:/home/keti/turtle_carto/install/turtlebot3_fake_node:/home/keti/turtle_carto/install/turtlebot3_msgs:/home/keti/turtle_carto/install/turtlebot3_description:/home/keti/turtle_carto/install/turtlebot3_cartographer:/home/keti/turtle_carto/install/gcamp_gazebo:/home/keti/turtle_carto/install/cpp_service_pkg:/home/keti/turtle_carto/install/cpp_action_pkg:/home/keti/turtle_carto/install/cpp_topic_pkg:/home/keti/turtle_carto/install/cpp_service_tutorial:/home/keti/turtle_carto/install/cpp_param_pkg:/home/keti/turtle_carto/install/cpp_first_pkg:/home/keti/turtle_carto/install/turtlebot3_teleop:/home/keti/turtle_carto/install/turtlebot3_example:/home/keti/turtle_carto/install/py_topic_pkg:/home/keti/turtle_carto/install/py_service_pkg:/home/keti/turtle_carto/install/py_first_pkg:/home/keti/turtle_carto/install/py_action_pkg:/home/keti/turtle_carto/install/follow_waypoints:/opt/ros/foxy LD_LIBRARY_PATH=/home/keti/turtle_carto/install/custom_interfaces/lib:/home/keti/turtle_carto/install/turtlebot3_msgs/lib:/usr/lib/x86_64-linux-gnu/gazebo-11/plugins:/opt/ros/foxy/opt/yaml_cpp_vendor/lib:/opt/ros/foxy/opt/rviz_ogre_vendor/lib:/opt/ros/foxy/lib/x86_64-linux-gnu:/opt/ros/foxy/lib:/usr/local/cuda-11.4/lib64 PYTHONPATH=/home/keti/turtle_carto/install/custom_interfaces/lib/python3.8/site-packages:/home/keti/turtle_carto/install/turtlebot3_teleop/lib/python3.8/site-packages:/home/keti/turtle_carto/install/turtlebot3_example/lib/python3.8/site-packages:/home/keti/turtle_carto/install/turtlebot3_msgs/lib/python3.8/site-packages:/home/keti/turtle_carto/install/py_topic_pkg/lib/python3.8/site-packages:/home/keti/turtle_carto/install/py_service_pkg/lib/python3.8/site-packages:/home/keti/turtle_carto/install/py_first_pkg/lib/python3.8/site-packages:/home/keti/turtle_carto/install/py_action_pkg/lib/python3.8/site-packages:/home/keti/turtle_carto/install/follow_waypoints/lib/python3.8/site-packages:/opt/ros/foxy/lib/python3.8/site-packages /usr/bin/cmake --build /home/keti/turtle_carto/build/cpp_service_pkg -- -j24 -l24
[1.025s] [35m[1mScanning dependencies of target basic_client_node[0m
[1.025s] [35m[1mScanning dependencies of target robot_turning_client_node[0m
[1.027s] [35m[1mScanning dependencies of target basic_server_node[0m
[1.027s] [35m[1mScanning dependencies of target robot_turning_server_node[0m
[1.042s] [ 25%] [32mBuilding CXX object CMakeFiles/basic_client_node.dir/src/basic_client.cpp.o[0m
[1.042s] [ 25%] [32mBuilding CXX object CMakeFiles/robot_turning_client_node.dir/src/robot_turning_client.cpp.o[0m
[1.048s] [ 37%] [32mBuilding CXX object CMakeFiles/robot_turning_server_node.dir/src/robot_turning_server.cpp.o[0m
[1.048s] [ 50%] [32mBuilding CXX object CMakeFiles/basic_server_node.dir/src/basic_server.cpp.o[0m
[2.179s] [ 62%] [32m[1mLinking CXX executable basic_server_node[0m
[2.317s] [ 62%] Built target basic_server_node
[2.813s] [ 75%] [32m[1mLinking CXX executable robot_turning_client_node[0m
[2.953s] [ 87%] [32m[1mLinking CXX executable robot_turning_server_node[0m
[2.972s] [ 87%] Built target robot_turning_client_node
[3.127s] [ 87%] Built target robot_turning_server_node
[3.264s] [100%] [32m[1mLinking CXX executable basic_client_node[0m
[3.346s] [100%] Built target basic_client_node
[3.356s] Invoked command in '/home/keti/turtle_carto/build/cpp_service_pkg' returned '0': CMAKE_PREFIX_PATH=/home/keti/turtle_carto/install/custom_interfaces:/home/keti/turtle_carto/install/turtlebot3:/home/keti/turtle_carto/install/turtlebot3_simulations:/home/keti/turtle_carto/install/turtlebot3_bringup:/home/keti/turtle_carto/install/turtlebot3_node:/home/keti/turtle_carto/install/turtlebot3_navigation2:/home/keti/turtle_carto/install/turtlebot3_fake_node:/home/keti/turtle_carto/install/turtlebot3_msgs:/home/keti/turtle_carto/install/turtlebot3_description:/home/keti/turtle_carto/install/turtlebot3_cartographer:/home/keti/turtle_carto/install/gcamp_gazebo:/home/keti/turtle_carto/install/cpp_service_pkg:/home/keti/turtle_carto/install/cpp_action_pkg:/home/keti/turtle_carto/install/cpp_topic_pkg:/home/keti/turtle_carto/install/cpp_service_tutorial:/home/keti/turtle_carto/install/cpp_param_pkg:/home/keti/turtle_carto/install/cpp_first_pkg:/home/keti/turtle_carto/install/turtlebot3_teleop:/home/keti/turtle_carto/install/turtlebot3_example:/home/keti/turtle_carto/install/py_topic_pkg:/home/keti/turtle_carto/install/py_service_pkg:/home/keti/turtle_carto/install/py_first_pkg:/home/keti/turtle_carto/install/py_action_pkg:/home/keti/turtle_carto/install/follow_waypoints:/opt/ros/foxy LD_LIBRARY_PATH=/home/keti/turtle_carto/install/custom_interfaces/lib:/home/keti/turtle_carto/install/turtlebot3_msgs/lib:/usr/lib/x86_64-linux-gnu/gazebo-11/plugins:/opt/ros/foxy/opt/yaml_cpp_vendor/lib:/opt/ros/foxy/opt/rviz_ogre_vendor/lib:/opt/ros/foxy/lib/x86_64-linux-gnu:/opt/ros/foxy/lib:/usr/local/cuda-11.4/lib64 PYTHONPATH=/home/keti/turtle_carto/install/custom_interfaces/lib/python3.8/site-packages:/home/keti/turtle_carto/install/turtlebot3_teleop/lib/python3.8/site-packages:/home/keti/turtle_carto/install/turtlebot3_example/lib/python3.8/site-packages:/home/keti/turtle_carto/install/turtlebot3_msgs/lib/python3.8/site-packages:/home/keti/turtle_carto/install/py_topic_pkg/lib/python3.8/site-packages:/home/keti/turtle_carto/install/py_service_pkg/lib/python3.8/site-packages:/home/keti/turtle_carto/install/py_first_pkg/lib/python3.8/site-packages:/home/keti/turtle_carto/install/py_action_pkg/lib/python3.8/site-packages:/home/keti/turtle_carto/install/follow_waypoints/lib/python3.8/site-packages:/opt/ros/foxy/lib/python3.8/site-packages /usr/bin/cmake --build /home/keti/turtle_carto/build/cpp_service_pkg -- -j24 -l24
[3.374s] Invoking command in '/home/keti/turtle_carto/build/cpp_service_pkg': CMAKE_PREFIX_PATH=/home/keti/turtle_carto/install/custom_interfaces:/home/keti/turtle_carto/install/turtlebot3:/home/keti/turtle_carto/install/turtlebot3_simulations:/home/keti/turtle_carto/install/turtlebot3_bringup:/home/keti/turtle_carto/install/turtlebot3_node:/home/keti/turtle_carto/install/turtlebot3_navigation2:/home/keti/turtle_carto/install/turtlebot3_fake_node:/home/keti/turtle_carto/install/turtlebot3_msgs:/home/keti/turtle_carto/install/turtlebot3_description:/home/keti/turtle_carto/install/turtlebot3_cartographer:/home/keti/turtle_carto/install/gcamp_gazebo:/home/keti/turtle_carto/install/cpp_service_pkg:/home/keti/turtle_carto/install/cpp_action_pkg:/home/keti/turtle_carto/install/cpp_topic_pkg:/home/keti/turtle_carto/install/cpp_service_tutorial:/home/keti/turtle_carto/install/cpp_param_pkg:/home/keti/turtle_carto/install/cpp_first_pkg:/home/keti/turtle_carto/install/turtlebot3_teleop:/home/keti/turtle_carto/install/turtlebot3_example:/home/keti/turtle_carto/install/py_topic_pkg:/home/keti/turtle_carto/install/py_service_pkg:/home/keti/turtle_carto/install/py_first_pkg:/home/keti/turtle_carto/install/py_action_pkg:/home/keti/turtle_carto/install/follow_waypoints:/opt/ros/foxy LD_LIBRARY_PATH=/home/keti/turtle_carto/install/custom_interfaces/lib:/home/keti/turtle_carto/install/turtlebot3_msgs/lib:/usr/lib/x86_64-linux-gnu/gazebo-11/plugins:/opt/ros/foxy/opt/yaml_cpp_vendor/lib:/opt/ros/foxy/opt/rviz_ogre_vendor/lib:/opt/ros/foxy/lib/x86_64-linux-gnu:/opt/ros/foxy/lib:/usr/local/cuda-11.4/lib64 PYTHONPATH=/home/keti/turtle_carto/install/custom_interfaces/lib/python3.8/site-packages:/home/keti/turtle_carto/install/turtlebot3_teleop/lib/python3.8/site-packages:/home/keti/turtle_carto/install/turtlebot3_example/lib/python3.8/site-packages:/home/keti/turtle_carto/install/turtlebot3_msgs/lib/python3.8/site-packages:/home/keti/turtle_carto/install/py_topic_pkg/lib/python3.8/site-packages:/home/keti/turtle_carto/install/py_service_pkg/lib/python3.8/site-packages:/home/keti/turtle_carto/install/py_first_pkg/lib/python3.8/site-packages:/home/keti/turtle_carto/install/py_action_pkg/lib/python3.8/site-packages:/home/keti/turtle_carto/install/follow_waypoints/lib/python3.8/site-packages:/opt/ros/foxy/lib/python3.8/site-packages /usr/bin/cmake --install /home/keti/turtle_carto/build/cpp_service_pkg
[3.379s] -- Install configuration: ""
[3.379s] -- Installing: /home/keti/turtle_carto/install/cpp_service_pkg/lib/cpp_service_pkg/basic_server_node
[3.379s] -- Set runtime path of "/home/keti/turtle_carto/install/cpp_service_pkg/lib/cpp_service_pkg/basic_server_node" to ""
[3.379s] -- Installing: /home/keti/turtle_carto/install/cpp_service_pkg/lib/cpp_service_pkg/basic_client_node
[3.379s] -- Set runtime path of "/home/keti/turtle_carto/install/cpp_service_pkg/lib/cpp_service_pkg/basic_client_node" to ""
[3.379s] -- Installing: /home/keti/turtle_carto/install/cpp_service_pkg/lib/cpp_service_pkg/robot_turning_server_node
[3.380s] -- Set runtime path of "/home/keti/turtle_carto/install/cpp_service_pkg/lib/cpp_service_pkg/robot_turning_server_node" to ""
[3.380s] -- Installing: /home/keti/turtle_carto/install/cpp_service_pkg/lib/cpp_service_pkg/robot_turning_client_node
[3.380s] -- Set runtime path of "/home/keti/turtle_carto/install/cpp_service_pkg/lib/cpp_service_pkg/robot_turning_client_node" to ""
[3.380s] -- Installing: /home/keti/turtle_carto/install/cpp_service_pkg/share/ament_index/resource_index/package_run_dependencies/cpp_service_pkg
[3.380s] -- Installing: /home/keti/turtle_carto/install/cpp_service_pkg/share/ament_index/resource_index/parent_prefix_path/cpp_service_pkg
[3.380s] -- Installing: /home/keti/turtle_carto/install/cpp_service_pkg/share/cpp_service_pkg/environment/ament_prefix_path.sh
[3.381s] -- Installing: /home/keti/turtle_carto/install/cpp_service_pkg/share/cpp_service_pkg/environment/ament_prefix_path.dsv
[3.381s] -- Installing: /home/keti/turtle_carto/install/cpp_service_pkg/share/cpp_service_pkg/environment/path.sh
[3.381s] -- Installing: /home/keti/turtle_carto/install/cpp_service_pkg/share/cpp_service_pkg/environment/path.dsv
[3.381s] -- Installing: /home/keti/turtle_carto/install/cpp_service_pkg/share/cpp_service_pkg/local_setup.bash
[3.381s] -- Installing: /home/keti/turtle_carto/install/cpp_service_pkg/share/cpp_service_pkg/local_setup.sh
[3.381s] -- Installing: /home/keti/turtle_carto/install/cpp_service_pkg/share/cpp_service_pkg/local_setup.zsh
[3.381s] -- Installing: /home/keti/turtle_carto/install/cpp_service_pkg/share/cpp_service_pkg/local_setup.dsv
[3.381s] -- Installing: /home/keti/turtle_carto/install/cpp_service_pkg/share/cpp_service_pkg/package.dsv
[3.381s] -- Installing: /home/keti/turtle_carto/install/cpp_service_pkg/share/ament_index/resource_index/packages/cpp_service_pkg
[3.381s] -- Installing: /home/keti/turtle_carto/install/cpp_service_pkg/share/cpp_service_pkg/cmake/cpp_service_pkgConfig.cmake
[3.381s] -- Installing: /home/keti/turtle_carto/install/cpp_service_pkg/share/cpp_service_pkg/cmake/cpp_service_pkgConfig-version.cmake
[3.381s] -- Installing: /home/keti/turtle_carto/install/cpp_service_pkg/share/cpp_service_pkg/package.xml
[3.384s] Invoked command in '/home/keti/turtle_carto/build/cpp_service_pkg' returned '0': CMAKE_PREFIX_PATH=/home/keti/turtle_carto/install/custom_interfaces:/home/keti/turtle_carto/install/turtlebot3:/home/keti/turtle_carto/install/turtlebot3_simulations:/home/keti/turtle_carto/install/turtlebot3_bringup:/home/keti/turtle_carto/install/turtlebot3_node:/home/keti/turtle_carto/install/turtlebot3_navigation2:/home/keti/turtle_carto/install/turtlebot3_fake_node:/home/keti/turtle_carto/install/turtlebot3_msgs:/home/keti/turtle_carto/install/turtlebot3_description:/home/keti/turtle_carto/install/turtlebot3_cartographer:/home/keti/turtle_carto/install/gcamp_gazebo:/home/keti/turtle_carto/install/cpp_service_pkg:/home/keti/turtle_carto/install/cpp_action_pkg:/home/keti/turtle_carto/install/cpp_topic_pkg:/home/keti/turtle_carto/install/cpp_service_tutorial:/home/keti/turtle_carto/install/cpp_param_pkg:/home/keti/turtle_carto/install/cpp_first_pkg:/home/keti/turtle_carto/install/turtlebot3_teleop:/home/keti/turtle_carto/install/turtlebot3_example:/home/keti/turtle_carto/install/py_topic_pkg:/home/keti/turtle_carto/install/py_service_pkg:/home/keti/turtle_carto/install/py_first_pkg:/home/keti/turtle_carto/install/py_action_pkg:/home/keti/turtle_carto/install/follow_waypoints:/opt/ros/foxy LD_LIBRARY_PATH=/home/keti/turtle_carto/install/custom_interfaces/lib:/home/keti/turtle_carto/install/turtlebot3_msgs/lib:/usr/lib/x86_64-linux-gnu/gazebo-11/plugins:/opt/ros/foxy/opt/yaml_cpp_vendor/lib:/opt/ros/foxy/opt/rviz_ogre_vendor/lib:/opt/ros/foxy/lib/x86_64-linux-gnu:/opt/ros/foxy/lib:/usr/local/cuda-11.4/lib64 PYTHONPATH=/home/keti/turtle_carto/install/custom_interfaces/lib/python3.8/site-packages:/home/keti/turtle_carto/install/turtlebot3_teleop/lib/python3.8/site-packages:/home/keti/turtle_carto/install/turtlebot3_example/lib/python3.8/site-packages:/home/keti/turtle_carto/install/turtlebot3_msgs/lib/python3.8/site-packages:/home/keti/turtle_carto/install/py_topic_pkg/lib/python3.8/site-packages:/home/keti/turtle_carto/install/py_service_pkg/lib/python3.8/site-packages:/home/keti/turtle_carto/install/py_first_pkg/lib/python3.8/site-packages:/home/keti/turtle_carto/install/py_action_pkg/lib/python3.8/site-packages:/home/keti/turtle_carto/install/follow_waypoints/lib/python3.8/site-packages:/opt/ros/foxy/lib/python3.8/site-packages /usr/bin/cmake --install /home/keti/turtle_carto/build/cpp_service_pkg
