[0.176s] Invoking command in '/home/keti/turtle_carto/build/cpp_first_pkg': CMAKE_PREFIX_PATH=/opt/ros/foxy /usr/bin/cmake --build /home/keti/turtle_carto/build/cpp_first_pkg -- -j24 -l24
[0.515s] [ 20%] Built target simple_loop_node
[0.516s] [ 40%] Built target simple_without_oop_node
[0.516s] [ 60%] Built target lifecycle_node
[0.516s] [ 80%] Built target simple_oop_node
[0.516s] [100%] Built target simple_node
[0.531s] Invoked command in '/home/keti/turtle_carto/build/cpp_first_pkg' returned '0': CMAKE_PREFIX_PATH=/opt/ros/foxy /usr/bin/cmake --build /home/keti/turtle_carto/build/cpp_first_pkg -- -j24 -l24
[0.581s] Invoking command in '/home/keti/turtle_carto/build/cpp_first_pkg': CMAKE_PREFIX_PATH=/opt/ros/foxy /usr/bin/cmake --install /home/keti/turtle_carto/build/cpp_first_pkg
[0.610s] -- Install configuration: ""
[0.610s] -- Up-to-date: /home/keti/turtle_carto/install/cpp_first_pkg/lib/cpp_first_pkg/lifecycle_node
[0.610s] -- Up-to-date: /home/keti/turtle_carto/install/cpp_first_pkg/lib/cpp_first_pkg/simple_loop_node
[0.610s] -- Up-to-date: /home/keti/turtle_carto/install/cpp_first_pkg/lib/cpp_first_pkg/simple_oop_node
[0.610s] -- Up-to-date: /home/keti/turtle_carto/install/cpp_first_pkg/lib/cpp_first_pkg/simple_without_oop_node
[0.610s] -- Up-to-date: /home/keti/turtle_carto/install/cpp_first_pkg/lib/cpp_first_pkg/simple_node
[0.610s] -- Up-to-date: /home/keti/turtle_carto/install/cpp_first_pkg/share/ament_index/resource_index/package_run_dependencies/cpp_first_pkg
[0.610s] -- Up-to-date: /home/keti/turtle_carto/install/cpp_first_pkg/share/ament_index/resource_index/parent_prefix_path/cpp_first_pkg
[0.610s] -- Up-to-date: /home/keti/turtle_carto/install/cpp_first_pkg/share/cpp_first_pkg/environment/ament_prefix_path.sh
[0.610s] -- Up-to-date: /home/keti/turtle_carto/install/cpp_first_pkg/share/cpp_first_pkg/environment/ament_prefix_path.dsv
[0.610s] -- Up-to-date: /home/keti/turtle_carto/install/cpp_first_pkg/share/cpp_first_pkg/environment/path.sh
[0.610s] -- Up-to-date: /home/keti/turtle_carto/install/cpp_first_pkg/share/cpp_first_pkg/environment/path.dsv
[0.610s] -- Up-to-date: /home/keti/turtle_carto/install/cpp_first_pkg/share/cpp_first_pkg/local_setup.bash
[0.610s] -- Up-to-date: /home/keti/turtle_carto/install/cpp_first_pkg/share/cpp_first_pkg/local_setup.sh
[0.610s] -- Up-to-date: /home/keti/turtle_carto/install/cpp_first_pkg/share/cpp_first_pkg/local_setup.zsh
[0.610s] -- Up-to-date: /home/keti/turtle_carto/install/cpp_first_pkg/share/cpp_first_pkg/local_setup.dsv
[0.610s] -- Installing: /home/keti/turtle_carto/install/cpp_first_pkg/share/cpp_first_pkg/package.dsv
[0.610s] -- Up-to-date: /home/keti/turtle_carto/install/cpp_first_pkg/share/ament_index/resource_index/packages/cpp_first_pkg
[0.610s] -- Up-to-date: /home/keti/turtle_carto/install/cpp_first_pkg/share/cpp_first_pkg/cmake/cpp_first_pkgConfig.cmake
[0.610s] -- Up-to-date: /home/keti/turtle_carto/install/cpp_first_pkg/share/cpp_first_pkg/cmake/cpp_first_pkgConfig-version.cmake
[0.610s] -- Up-to-date: /home/keti/turtle_carto/install/cpp_first_pkg/share/cpp_first_pkg/package.xml
[0.610s] -- Up-to-date: /home/keti/turtle_carto/install/cpp_first_pkg/share/cpp_first_pkg//launch
[0.610s] -- Up-to-date: /home/keti/turtle_carto/install/cpp_first_pkg/share/cpp_first_pkg//launch/simple_node.launch.py
[0.676s] Invoked command in '/home/keti/turtle_carto/build/cpp_first_pkg' returned '0': CMAKE_PREFIX_PATH=/opt/ros/foxy /usr/bin/cmake --install /home/keti/turtle_carto/build/cpp_first_pkg
