[0.110s] Invoking command in '/home/keti/turtle_carto/build/turtlebot3_description': CMAKE_PREFIX_PATH=${CMAKE_PREFIX_PATH}:/home/keti/turtle_carto/install/turtlebot3_teleop:/home/keti/turtle_carto/install/turtlebot3_example:/home/keti/turtle_carto/install/py_topic_pkg:/home/keti/turtle_carto/install/py_service_pkg:/home/keti/turtle_carto/install/py_first_pkg:/home/keti/turtle_carto/install/py_action_pkg:/home/keti/turtle_carto/install/follow_waypoints:/opt/ros/foxy /usr/bin/cmake /home/keti/turtle_carto/src/turtlebot3/turtlebot3_description -DCMAKE_INSTALL_PREFIX=/home/keti/turtle_carto/install/turtlebot3_description
[0.468s] -- The C compiler identification is GNU 9.4.0
[0.468s] -- The CXX compiler identification is GNU 9.4.0
[0.468s] -- Check for working C compiler: /usr/bin/cc
[0.468s] -- Check for working C compiler: /usr/bin/cc -- works
[0.468s] -- Detecting C compiler ABI info
[0.468s] -- Detecting C compiler ABI info - done
[0.469s] -- Detecting C compile features
[0.469s] -- Detecting C compile features - done
[0.469s] -- Check for working CXX compiler: /usr/bin/c++
[0.469s] -- Check for working CXX compiler: /usr/bin/c++ -- works
[0.469s] -- Detecting CXX compiler ABI info
[0.469s] -- Detecting CXX compiler ABI info - done
[0.469s] -- Detecting CXX compile features
[0.469s] -- Detecting CXX compile features - done
[0.469s] -- Found ament_cmake: 0.9.11 (/opt/ros/foxy/share/ament_cmake/cmake)
[0.469s] -- Found PythonInterp: /usr/bin/python3 (found suitable version "3.8.10", minimum required is "3") 
[0.469s] -- Using PYTHON_EXECUTABLE: /usr/bin/python3
[0.483s] -- Found urdf: 2.4.0 (/opt/ros/foxy/share/urdf/cmake)
[0.529s] -- Configuring done
[0.531s] -- Generating done
[0.531s] -- Build files have been written to: /home/keti/turtle_carto/build/turtlebot3_description
[0.593s] Invoked command in '/home/keti/turtle_carto/build/turtlebot3_description' returned '0': CMAKE_PREFIX_PATH=${CMAKE_PREFIX_PATH}:/home/keti/turtle_carto/install/turtlebot3_teleop:/home/keti/turtle_carto/install/turtlebot3_example:/home/keti/turtle_carto/install/py_topic_pkg:/home/keti/turtle_carto/install/py_service_pkg:/home/keti/turtle_carto/install/py_first_pkg:/home/keti/turtle_carto/install/py_action_pkg:/home/keti/turtle_carto/install/follow_waypoints:/opt/ros/foxy /usr/bin/cmake /home/keti/turtle_carto/src/turtlebot3/turtlebot3_description -DCMAKE_INSTALL_PREFIX=/home/keti/turtle_carto/install/turtlebot3_description
[0.595s] Invoking command in '/home/keti/turtle_carto/build/turtlebot3_description': CMAKE_PREFIX_PATH=${CMAKE_PREFIX_PATH}:/home/keti/turtle_carto/install/turtlebot3_teleop:/home/keti/turtle_carto/install/turtlebot3_example:/home/keti/turtle_carto/install/py_topic_pkg:/home/keti/turtle_carto/install/py_service_pkg:/home/keti/turtle_carto/install/py_first_pkg:/home/keti/turtle_carto/install/py_action_pkg:/home/keti/turtle_carto/install/follow_waypoints:/opt/ros/foxy /usr/bin/cmake --build /home/keti/turtle_carto/build/turtlebot3_description -- -j24 -l24
[0.625s] Invoked command in '/home/keti/turtle_carto/build/turtlebot3_description' returned '0': CMAKE_PREFIX_PATH=${CMAKE_PREFIX_PATH}:/home/keti/turtle_carto/install/turtlebot3_teleop:/home/keti/turtle_carto/install/turtlebot3_example:/home/keti/turtle_carto/install/py_topic_pkg:/home/keti/turtle_carto/install/py_service_pkg:/home/keti/turtle_carto/install/py_first_pkg:/home/keti/turtle_carto/install/py_action_pkg:/home/keti/turtle_carto/install/follow_waypoints:/opt/ros/foxy /usr/bin/cmake --build /home/keti/turtle_carto/build/turtlebot3_description -- -j24 -l24
[0.645s] Invoking command in '/home/keti/turtle_carto/build/turtlebot3_description': CMAKE_PREFIX_PATH=${CMAKE_PREFIX_PATH}:/home/keti/turtle_carto/install/turtlebot3_teleop:/home/keti/turtle_carto/install/turtlebot3_example:/home/keti/turtle_carto/install/py_topic_pkg:/home/keti/turtle_carto/install/py_service_pkg:/home/keti/turtle_carto/install/py_first_pkg:/home/keti/turtle_carto/install/py_action_pkg:/home/keti/turtle_carto/install/follow_waypoints:/opt/ros/foxy /usr/bin/cmake --install /home/keti/turtle_carto/build/turtlebot3_description
[0.653s] -- Install configuration: ""
[0.653s] -- Installing: /home/keti/turtle_carto/install/turtlebot3_description/share/turtlebot3_description/meshes
[0.653s] -- Installing: /home/keti/turtle_carto/install/turtlebot3_description/share/turtlebot3_description/meshes/sensors
[0.653s] -- Installing: /home/keti/turtle_carto/install/turtlebot3_description/share/turtlebot3_description/meshes/sensors/r200.dae
[0.655s] -- Installing: /home/keti/turtle_carto/install/turtlebot3_description/share/turtlebot3_description/meshes/sensors/lds.stl
[0.656s] -- Installing: /home/keti/turtle_carto/install/turtlebot3_description/share/turtlebot3_description/meshes/sensors/astra.jpg
[0.657s] -- Installing: /home/keti/turtle_carto/install/turtlebot3_description/share/turtlebot3_description/meshes/sensors/astra.dae
[0.667s] -- Installing: /home/keti/turtle_carto/install/turtlebot3_description/share/turtlebot3_description/meshes/sensors/r200.jpg
[0.667s] -- Installing: /home/keti/turtle_carto/install/turtlebot3_description/share/turtlebot3_description/meshes/wheels
[0.667s] -- Installing: /home/keti/turtle_carto/install/turtlebot3_description/share/turtlebot3_description/meshes/wheels/right_tire.stl
[0.669s] -- Installing: /home/keti/turtle_carto/install/turtlebot3_description/share/turtlebot3_description/meshes/wheels/left_tire.stl
[0.671s] -- Installing: /home/keti/turtle_carto/install/turtlebot3_description/share/turtlebot3_description/meshes/bases
[0.671s] -- Installing: /home/keti/turtle_carto/install/turtlebot3_description/share/turtlebot3_description/meshes/bases/burger_base.stl
[0.676s] -- Installing: /home/keti/turtle_carto/install/turtlebot3_description/share/turtlebot3_description/meshes/bases/waffle_pi_base.stl
[0.683s] -- Installing: /home/keti/turtle_carto/install/turtlebot3_description/share/turtlebot3_description/meshes/bases/waffle_base.stl
[0.694s] -- Installing: /home/keti/turtle_carto/install/turtlebot3_description/share/turtlebot3_description/rviz
[0.694s] -- Installing: /home/keti/turtle_carto/install/turtlebot3_description/share/turtlebot3_description/rviz/model.rviz
[0.695s] -- Installing: /home/keti/turtle_carto/install/turtlebot3_description/share/turtlebot3_description/urdf
[0.695s] -- Installing: /home/keti/turtle_carto/install/turtlebot3_description/share/turtlebot3_description/urdf/turtlebot3_waffle_pi.urdf
[0.695s] -- Installing: /home/keti/turtle_carto/install/turtlebot3_description/share/turtlebot3_description/urdf/turtlebot3_burger.urdf
[0.695s] -- Installing: /home/keti/turtle_carto/install/turtlebot3_description/share/turtlebot3_description/urdf/turtlebot3_waffle.urdf
[0.695s] -- Installing: /home/keti/turtle_carto/install/turtlebot3_description/share/turtlebot3_description/urdf/common_properties.urdf
[0.695s] -- Installing: /home/keti/turtle_carto/install/turtlebot3_description/share/ament_index/resource_index/package_run_dependencies/turtlebot3_description
[0.695s] -- Installing: /home/keti/turtle_carto/install/turtlebot3_description/share/ament_index/resource_index/parent_prefix_path/turtlebot3_description
[0.695s] -- Installing: /home/keti/turtle_carto/install/turtlebot3_description/share/turtlebot3_description/environment/ament_prefix_path.sh
[0.695s] -- Installing: /home/keti/turtle_carto/install/turtlebot3_description/share/turtlebot3_description/environment/ament_prefix_path.dsv
[0.696s] -- Installing: /home/keti/turtle_carto/install/turtlebot3_description/share/turtlebot3_description/environment/path.sh
[0.696s] -- Installing: /home/keti/turtle_carto/install/turtlebot3_description/share/turtlebot3_description/environment/path.dsv
[0.696s] -- Installing: /home/keti/turtle_carto/install/turtlebot3_description/share/turtlebot3_description/local_setup.bash
[0.696s] -- Installing: /home/keti/turtle_carto/install/turtlebot3_description/share/turtlebot3_description/local_setup.sh
[0.696s] -- Installing: /home/keti/turtle_carto/install/turtlebot3_description/share/turtlebot3_description/local_setup.zsh
[0.696s] -- Installing: /home/keti/turtle_carto/install/turtlebot3_description/share/turtlebot3_description/local_setup.dsv
[0.696s] -- Installing: /home/keti/turtle_carto/install/turtlebot3_description/share/turtlebot3_description/package.dsv
[0.696s] -- Installing: /home/keti/turtle_carto/install/turtlebot3_description/share/ament_index/resource_index/packages/turtlebot3_description
[0.696s] -- Installing: /home/keti/turtle_carto/install/turtlebot3_description/share/turtlebot3_description/cmake/turtlebot3_descriptionConfig.cmake
[0.696s] -- Installing: /home/keti/turtle_carto/install/turtlebot3_description/share/turtlebot3_description/cmake/turtlebot3_descriptionConfig-version.cmake
[0.696s] -- Installing: /home/keti/turtle_carto/install/turtlebot3_description/share/turtlebot3_description/package.xml
[0.700s] Invoked command in '/home/keti/turtle_carto/build/turtlebot3_description' returned '0': CMAKE_PREFIX_PATH=${CMAKE_PREFIX_PATH}:/home/keti/turtle_carto/install/turtlebot3_teleop:/home/keti/turtle_carto/install/turtlebot3_example:/home/keti/turtle_carto/install/py_topic_pkg:/home/keti/turtle_carto/install/py_service_pkg:/home/keti/turtle_carto/install/py_first_pkg:/home/keti/turtle_carto/install/py_action_pkg:/home/keti/turtle_carto/install/follow_waypoints:/opt/ros/foxy /usr/bin/cmake --install /home/keti/turtle_carto/build/turtlebot3_description
