[0.427s] Invoking command in '/home/keti/turtle_carto/src/gcamp_ros2_basic/py_topic_pkg': AMENT_PREFIX_PATH=/home/keti/turtle_carto/install/nav2_msgs:${AMENT_PREFIX_PATH} CMAKE_PREFIX_PATH=/home/keti/turtle_carto/install/nav2_msgs LD_LIBRARY_PATH=/home/keti/turtle_carto/install/nav2_msgs/lib:/usr/lib/x86_64-linux-gnu/gazebo-11/plugins:/opt/ros/foxy/opt/yaml_cpp_vendor/lib:/opt/ros/foxy/opt/rviz_ogre_vendor/lib:/opt/ros/foxy/lib/x86_64-linux-gnu:/opt/ros/foxy/lib:/usr/local/cuda-11.4/lib64 PYTHONPATH=/home/keti/turtle_carto/build/py_topic_pkg/prefix_override:/home/keti/turtle_carto/install/py_topic_pkg/lib/python3.8/site-packages:/home/keti/turtle_carto/install/nav2_msgs/lib/python3.8/site-packages:${PYTHONPATH} /usr/bin/python3 setup.py egg_info --egg-base ../../../build/py_topic_pkg build --build-base /home/keti/turtle_carto/build/py_topic_pkg/build install --record /home/keti/turtle_carto/build/py_topic_pkg/install.log --install-scripts $base/lib/py_topic_pkg --single-version-externally-managed
[0.516s] running egg_info
[0.516s] writing ../../../build/py_topic_pkg/py_topic_pkg.egg-info/PKG-INFO
[0.524s] writing dependency_links to ../../../build/py_topic_pkg/py_topic_pkg.egg-info/dependency_links.txt
[0.524s] writing entry points to ../../../build/py_topic_pkg/py_topic_pkg.egg-info/entry_points.txt
[0.524s] writing requirements to ../../../build/py_topic_pkg/py_topic_pkg.egg-info/requires.txt
[0.524s] writing top-level names to ../../../build/py_topic_pkg/py_topic_pkg.egg-info/top_level.txt
[0.539s] reading manifest file '../../../build/py_topic_pkg/py_topic_pkg.egg-info/SOURCES.txt'
[0.540s] writing manifest file '../../../build/py_topic_pkg/py_topic_pkg.egg-info/SOURCES.txt'
[0.540s] running build
[0.540s] running build_py
[0.540s] running install
[0.540s] running install_lib
[0.541s] running install_data
[0.542s] copying package.xml -> /home/keti/turtle_carto/install/py_topic_pkg/share/py_topic_pkg
[0.542s] running install_egg_info
[0.542s] removing '/home/keti/turtle_carto/install/py_topic_pkg/lib/python3.8/site-packages/py_topic_pkg-0.0.0-py3.8.egg-info' (and everything under it)
[0.543s] Copying ../../../build/py_topic_pkg/py_topic_pkg.egg-info to /home/keti/turtle_carto/install/py_topic_pkg/lib/python3.8/site-packages/py_topic_pkg-0.0.0-py3.8.egg-info
[0.543s] running install_scripts
[0.550s] Installing cmd_vel_pub_node script to /home/keti/turtle_carto/install/py_topic_pkg/lib/py_topic_pkg
[0.550s] Installing endless_cmd_vel_pub_node script to /home/keti/turtle_carto/install/py_topic_pkg/lib/py_topic_pkg
[0.551s] Installing follow_waypoints script to /home/keti/turtle_carto/install/py_topic_pkg/lib/py_topic_pkg
[0.551s] Installing laser_raw_node script to /home/keti/turtle_carto/install/py_topic_pkg/lib/py_topic_pkg
[0.551s] Installing laser_sub_node script to /home/keti/turtle_carto/install/py_topic_pkg/lib/py_topic_pkg
[0.551s] Installing parking_node script to /home/keti/turtle_carto/install/py_topic_pkg/lib/py_topic_pkg
[0.551s] writing list of installed files to '/home/keti/turtle_carto/build/py_topic_pkg/install.log'
[0.561s] Invoked command in '/home/keti/turtle_carto/src/gcamp_ros2_basic/py_topic_pkg' returned '0': AMENT_PREFIX_PATH=/home/keti/turtle_carto/install/nav2_msgs:${AMENT_PREFIX_PATH} CMAKE_PREFIX_PATH=/home/keti/turtle_carto/install/nav2_msgs LD_LIBRARY_PATH=/home/keti/turtle_carto/install/nav2_msgs/lib:/usr/lib/x86_64-linux-gnu/gazebo-11/plugins:/opt/ros/foxy/opt/yaml_cpp_vendor/lib:/opt/ros/foxy/opt/rviz_ogre_vendor/lib:/opt/ros/foxy/lib/x86_64-linux-gnu:/opt/ros/foxy/lib:/usr/local/cuda-11.4/lib64 PYTHONPATH=/home/keti/turtle_carto/build/py_topic_pkg/prefix_override:/home/keti/turtle_carto/install/py_topic_pkg/lib/python3.8/site-packages:/home/keti/turtle_carto/install/nav2_msgs/lib/python3.8/site-packages:${PYTHONPATH} /usr/bin/python3 setup.py egg_info --egg-base ../../../build/py_topic_pkg build --build-base /home/keti/turtle_carto/build/py_topic_pkg/build install --record /home/keti/turtle_carto/build/py_topic_pkg/install.log --install-scripts $base/lib/py_topic_pkg --single-version-externally-managed
