/home/keti/turtle_carto/install/omo_r1mini_teleop/lib/python3.8/site-packages/omo_r1mini_teleop/__init__.py
/home/keti/turtle_carto/install/omo_r1mini_teleop/lib/python3.8/site-packages/omo_r1mini_teleop/script/__init__.py
/home/keti/turtle_carto/install/omo_r1mini_teleop/lib/python3.8/site-packages/omo_r1mini_teleop/script/teleop_joy.py
/home/keti/turtle_carto/install/omo_r1mini_teleop/lib/python3.8/site-packages/omo_r1mini_teleop/script/teleop_keyboard.py
/home/keti/turtle_carto/install/omo_r1mini_teleop/lib/python3.8/site-packages/omo_r1mini_teleop/__pycache__/__init__.cpython-38.pyc
/home/keti/turtle_carto/install/omo_r1mini_teleop/lib/python3.8/site-packages/omo_r1mini_teleop/script/__pycache__/__init__.cpython-38.pyc
/home/keti/turtle_carto/install/omo_r1mini_teleop/lib/python3.8/site-packages/omo_r1mini_teleop/script/__pycache__/teleop_joy.cpython-38.pyc
/home/keti/turtle_carto/install/omo_r1mini_teleop/lib/python3.8/site-packages/omo_r1mini_teleop/script/__pycache__/teleop_keyboard.cpython-38.pyc
/home/keti/turtle_carto/install/omo_r1mini_teleop/share/ament_index/resource_index/packages/omo_r1mini_teleop
/home/keti/turtle_carto/install/omo_r1mini_teleop/share/omo_r1mini_teleop/package.xml
/home/keti/turtle_carto/install/omo_r1mini_teleop/share/omo_r1mini_teleop/launch/teleop_joy.launch.py
/home/keti/turtle_carto/install/omo_r1mini_teleop/share/omo_r1mini_teleop/param/teleop_joy.param.yaml
/home/keti/turtle_carto/install/omo_r1mini_teleop/lib/python3.8/site-packages/omo_r1mini_teleop-2.1.2-py3.8.egg-info/dependency_links.txt
/home/keti/turtle_carto/install/omo_r1mini_teleop/lib/python3.8/site-packages/omo_r1mini_teleop-2.1.2-py3.8.egg-info/PKG-INFO
/home/keti/turtle_carto/install/omo_r1mini_teleop/lib/python3.8/site-packages/omo_r1mini_teleop-2.1.2-py3.8.egg-info/top_level.txt
/home/keti/turtle_carto/install/omo_r1mini_teleop/lib/python3.8/site-packages/omo_r1mini_teleop-2.1.2-py3.8.egg-info/SOURCES.txt
/home/keti/turtle_carto/install/omo_r1mini_teleop/lib/python3.8/site-packages/omo_r1mini_teleop-2.1.2-py3.8.egg-info/requires.txt
/home/keti/turtle_carto/install/omo_r1mini_teleop/lib/python3.8/site-packages/omo_r1mini_teleop-2.1.2-py3.8.egg-info/zip-safe
/home/keti/turtle_carto/install/omo_r1mini_teleop/lib/python3.8/site-packages/omo_r1mini_teleop-2.1.2-py3.8.egg-info/entry_points.txt
/home/keti/turtle_carto/install/omo_r1mini_teleop/lib/omo_r1mini_teleop/teleop_joy
/home/keti/turtle_carto/install/omo_r1mini_teleop/lib/omo_r1mini_teleop/teleop_keyboard
