running egg_info
creating ../../../build/omo_r1mini_bringup/omo_r1mini_bringup.egg-info
writing ../../../build/omo_r1mini_bringup/omo_r1mini_bringup.egg-info/PKG-INFO
writing dependency_links to ../../../build/omo_r1mini_bringup/omo_r1mini_bringup.egg-info/dependency_links.txt
writing entry points to ../../../build/omo_r1mini_bringup/omo_r1mini_bringup.egg-info/entry_points.txt
writing requirements to ../../../build/omo_r1mini_bringup/omo_r1mini_bringup.egg-info/requires.txt
writing top-level names to ../../../build/omo_r1mini_bringup/omo_r1mini_bringup.egg-info/top_level.txt
writing manifest file '../../../build/omo_r1mini_bringup/omo_r1mini_bringup.egg-info/SOURCES.txt'
reading manifest file '../../../build/omo_r1mini_bringup/omo_r1mini_bringup.egg-info/SOURCES.txt'
writing manifest file '../../../build/omo_r1mini_bringup/omo_r1mini_bringup.egg-info/SOURCES.txt'
running build
running build_py
creating /home/keti/turtle_carto/build/omo_r1mini_bringup/build
creating /home/keti/turtle_carto/build/omo_r1mini_bringup/build/lib
creating /home/keti/turtle_carto/build/omo_r1mini_bringup/build/lib/omo_r1mini_bringup
copying omo_r1mini_bringup/__init__.py -> /home/keti/turtle_carto/build/omo_r1mini_bringup/build/lib/omo_r1mini_bringup
creating /home/keti/turtle_carto/build/omo_r1mini_bringup/build/lib/omo_r1mini_bringup/scripts
copying omo_r1mini_bringup/scripts/__init__.py -> /home/keti/turtle_carto/build/omo_r1mini_bringup/build/lib/omo_r1mini_bringup/scripts
copying omo_r1mini_bringup/scripts/omo_r1mini_mcu_node.py -> /home/keti/turtle_carto/build/omo_r1mini_bringup/build/lib/omo_r1mini_bringup/scripts
copying omo_r1mini_bringup/scripts/omo_r1mini_motor_setting_node.py -> /home/keti/turtle_carto/build/omo_r1mini_bringup/build/lib/omo_r1mini_bringup/scripts
copying omo_r1mini_bringup/scripts/omo_packet_handler.py -> /home/keti/turtle_carto/build/omo_r1mini_bringup/build/lib/omo_r1mini_bringup/scripts
creating /home/keti/turtle_carto/build/omo_r1mini_bringup/build/lib/omo_r1mini_bringup/scripts/calc
copying omo_r1mini_bringup/scripts/calc/__init__.py -> /home/keti/turtle_carto/build/omo_r1mini_bringup/build/lib/omo_r1mini_bringup/scripts/calc
copying omo_r1mini_bringup/scripts/calc/quaternion_from_euler.py -> /home/keti/turtle_carto/build/omo_r1mini_bringup/build/lib/omo_r1mini_bringup/scripts/calc
creating /home/keti/turtle_carto/build/omo_r1mini_bringup/build/lib/omo_r1mini_bringup/scripts/driver
copying omo_r1mini_bringup/scripts/driver/__init__.py -> /home/keti/turtle_carto/build/omo_r1mini_bringup/build/lib/omo_r1mini_bringup/scripts/driver
copying omo_r1mini_bringup/scripts/driver/port.py -> /home/keti/turtle_carto/build/omo_r1mini_bringup/build/lib/omo_r1mini_bringup/scripts/driver
copying omo_r1mini_bringup/scripts/driver/packet.py -> /home/keti/turtle_carto/build/omo_r1mini_bringup/build/lib/omo_r1mini_bringup/scripts/driver
copying omo_r1mini_bringup/scripts/driver/template.py -> /home/keti/turtle_carto/build/omo_r1mini_bringup/build/lib/omo_r1mini_bringup/scripts/driver
running install
running install_lib
creating /home/keti/turtle_carto/install/omo_r1mini_bringup/lib/python3.8/site-packages/omo_r1mini_bringup
copying /home/keti/turtle_carto/build/omo_r1mini_bringup/build/lib/omo_r1mini_bringup/__init__.py -> /home/keti/turtle_carto/install/omo_r1mini_bringup/lib/python3.8/site-packages/omo_r1mini_bringup
creating /home/keti/turtle_carto/install/omo_r1mini_bringup/lib/python3.8/site-packages/omo_r1mini_bringup/scripts
creating /home/keti/turtle_carto/install/omo_r1mini_bringup/lib/python3.8/site-packages/omo_r1mini_bringup/scripts/calc
copying /home/keti/turtle_carto/build/omo_r1mini_bringup/build/lib/omo_r1mini_bringup/scripts/calc/__init__.py -> /home/keti/turtle_carto/install/omo_r1mini_bringup/lib/python3.8/site-packages/omo_r1mini_bringup/scripts/calc
copying /home/keti/turtle_carto/build/omo_r1mini_bringup/build/lib/omo_r1mini_bringup/scripts/calc/quaternion_from_euler.py -> /home/keti/turtle_carto/install/omo_r1mini_bringup/lib/python3.8/site-packages/omo_r1mini_bringup/scripts/calc
copying /home/keti/turtle_carto/build/omo_r1mini_bringup/build/lib/omo_r1mini_bringup/scripts/__init__.py -> /home/keti/turtle_carto/install/omo_r1mini_bringup/lib/python3.8/site-packages/omo_r1mini_bringup/scripts
copying /home/keti/turtle_carto/build/omo_r1mini_bringup/build/lib/omo_r1mini_bringup/scripts/omo_r1mini_mcu_node.py -> /home/keti/turtle_carto/install/omo_r1mini_bringup/lib/python3.8/site-packages/omo_r1mini_bringup/scripts
copying /home/keti/turtle_carto/build/omo_r1mini_bringup/build/lib/omo_r1mini_bringup/scripts/omo_r1mini_motor_setting_node.py -> /home/keti/turtle_carto/install/omo_r1mini_bringup/lib/python3.8/site-packages/omo_r1mini_bringup/scripts
copying /home/keti/turtle_carto/build/omo_r1mini_bringup/build/lib/omo_r1mini_bringup/scripts/omo_packet_handler.py -> /home/keti/turtle_carto/install/omo_r1mini_bringup/lib/python3.8/site-packages/omo_r1mini_bringup/scripts
creating /home/keti/turtle_carto/install/omo_r1mini_bringup/lib/python3.8/site-packages/omo_r1mini_bringup/scripts/driver
copying /home/keti/turtle_carto/build/omo_r1mini_bringup/build/lib/omo_r1mini_bringup/scripts/driver/__init__.py -> /home/keti/turtle_carto/install/omo_r1mini_bringup/lib/python3.8/site-packages/omo_r1mini_bringup/scripts/driver
copying /home/keti/turtle_carto/build/omo_r1mini_bringup/build/lib/omo_r1mini_bringup/scripts/driver/port.py -> /home/keti/turtle_carto/install/omo_r1mini_bringup/lib/python3.8/site-packages/omo_r1mini_bringup/scripts/driver
copying /home/keti/turtle_carto/build/omo_r1mini_bringup/build/lib/omo_r1mini_bringup/scripts/driver/packet.py -> /home/keti/turtle_carto/install/omo_r1mini_bringup/lib/python3.8/site-packages/omo_r1mini_bringup/scripts/driver
copying /home/keti/turtle_carto/build/omo_r1mini_bringup/build/lib/omo_r1mini_bringup/scripts/driver/template.py -> /home/keti/turtle_carto/install/omo_r1mini_bringup/lib/python3.8/site-packages/omo_r1mini_bringup/scripts/driver
byte-compiling /home/keti/turtle_carto/install/omo_r1mini_bringup/lib/python3.8/site-packages/omo_r1mini_bringup/__init__.py to __init__.cpython-38.pyc
byte-compiling /home/keti/turtle_carto/install/omo_r1mini_bringup/lib/python3.8/site-packages/omo_r1mini_bringup/scripts/calc/__init__.py to __init__.cpython-38.pyc
byte-compiling /home/keti/turtle_carto/install/omo_r1mini_bringup/lib/python3.8/site-packages/omo_r1mini_bringup/scripts/calc/quaternion_from_euler.py to quaternion_from_euler.cpython-38.pyc
byte-compiling /home/keti/turtle_carto/install/omo_r1mini_bringup/lib/python3.8/site-packages/omo_r1mini_bringup/scripts/__init__.py to __init__.cpython-38.pyc
byte-compiling /home/keti/turtle_carto/install/omo_r1mini_bringup/lib/python3.8/site-packages/omo_r1mini_bringup/scripts/omo_r1mini_mcu_node.py to omo_r1mini_mcu_node.cpython-38.pyc
byte-compiling /home/keti/turtle_carto/install/omo_r1mini_bringup/lib/python3.8/site-packages/omo_r1mini_bringup/scripts/omo_r1mini_motor_setting_node.py to omo_r1mini_motor_setting_node.cpython-38.pyc
byte-compiling /home/keti/turtle_carto/install/omo_r1mini_bringup/lib/python3.8/site-packages/omo_r1mini_bringup/scripts/omo_packet_handler.py to omo_packet_handler.cpython-38.pyc
byte-compiling /home/keti/turtle_carto/install/omo_r1mini_bringup/lib/python3.8/site-packages/omo_r1mini_bringup/scripts/driver/__init__.py to __init__.cpython-38.pyc
byte-compiling /home/keti/turtle_carto/install/omo_r1mini_bringup/lib/python3.8/site-packages/omo_r1mini_bringup/scripts/driver/port.py to port.cpython-38.pyc
byte-compiling /home/keti/turtle_carto/install/omo_r1mini_bringup/lib/python3.8/site-packages/omo_r1mini_bringup/scripts/driver/packet.py to packet.cpython-38.pyc
byte-compiling /home/keti/turtle_carto/install/omo_r1mini_bringup/lib/python3.8/site-packages/omo_r1mini_bringup/scripts/driver/template.py to template.cpython-38.pyc
running install_data
creating /home/keti/turtle_carto/install/omo_r1mini_bringup/share/ament_index
creating /home/keti/turtle_carto/install/omo_r1mini_bringup/share/ament_index/resource_index
creating /home/keti/turtle_carto/install/omo_r1mini_bringup/share/ament_index/resource_index/packages
copying resource/omo_r1mini_bringup -> /home/keti/turtle_carto/install/omo_r1mini_bringup/share/ament_index/resource_index/packages
copying package.xml -> /home/keti/turtle_carto/install/omo_r1mini_bringup/share/omo_r1mini_bringup
creating /home/keti/turtle_carto/install/omo_r1mini_bringup/share/omo_r1mini_bringup/launch
copying launch/omo_r1mini_lidar.launch.py -> /home/keti/turtle_carto/install/omo_r1mini_bringup/share/omo_r1mini_bringup/launch
copying launch/omo_r1mini_mcu.launch.py -> /home/keti/turtle_carto/install/omo_r1mini_bringup/share/omo_r1mini_bringup/launch
copying launch/omo_r1mini_bringup.launch.py -> /home/keti/turtle_carto/install/omo_r1mini_bringup/share/omo_r1mini_bringup/launch
copying launch/omo_r1mini_motor_setting.launch.py -> /home/keti/turtle_carto/install/omo_r1mini_bringup/share/omo_r1mini_bringup/launch
creating /home/keti/turtle_carto/install/omo_r1mini_bringup/share/omo_r1mini_bringup/param
copying param/omo_r1mini_mcu.yaml -> /home/keti/turtle_carto/install/omo_r1mini_bringup/share/omo_r1mini_bringup/param
copying param/omo_r1mini_lidar.yaml -> /home/keti/turtle_carto/install/omo_r1mini_bringup/share/omo_r1mini_bringup/param
running install_egg_info
Copying ../../../build/omo_r1mini_bringup/omo_r1mini_bringup.egg-info to /home/keti/turtle_carto/install/omo_r1mini_bringup/lib/python3.8/site-packages/omo_r1mini_bringup-0.0.1-py3.8.egg-info
running install_scripts
Installing omo_r1mini_mcu_node script to /home/keti/turtle_carto/install/omo_r1mini_bringup/lib/omo_r1mini_bringup
Installing omo_r1mini_motor_setting_node script to /home/keti/turtle_carto/install/omo_r1mini_bringup/lib/omo_r1mini_bringup
writing list of installed files to '/home/keti/turtle_carto/build/omo_r1mini_bringup/install.log'
