[0.035s] Invoking command in '/home/keti/turtle_carto/build/nav2_common': /usr/bin/cmake --build /home/keti/turtle_carto/build/nav2_common -- -j24 -l24
[0.387s] Invoked command in '/home/keti/turtle_carto/build/nav2_common' returned '0': /usr/bin/cmake --build /home/keti/turtle_carto/build/nav2_common -- -j24 -l24
[0.403s] Invoking command in '/home/keti/turtle_carto/build/nav2_common': /usr/bin/cmake --install /home/keti/turtle_carto/build/nav2_common
[0.426s] -- Install configuration: ""
[0.426s] -- Up-to-date: /home/keti/turtle_carto/install/nav2_common/share/nav2_common/environment/pythonpath.sh
[0.426s] -- Up-to-date: /home/keti/turtle_carto/install/nav2_common/share/nav2_common/environment/pythonpath.dsv
[0.426s] -- Up-to-date: /home/keti/turtle_carto/install/nav2_common/lib/python3.8/site-packages/nav2_common
[0.426s] -- Up-to-date: /home/keti/turtle_carto/install/nav2_common/lib/python3.8/site-packages/nav2_common/__init__.py
[0.426s] -- Up-to-date: /home/keti/turtle_carto/install/nav2_common/lib/python3.8/site-packages/nav2_common/launch
[0.426s] -- Up-to-date: /home/keti/turtle_carto/install/nav2_common/lib/python3.8/site-packages/nav2_common/launch/__init__.py
[0.426s] -- Up-to-date: /home/keti/turtle_carto/install/nav2_common/lib/python3.8/site-packages/nav2_common/launch/replace_string.py
[0.426s] -- Up-to-date: /home/keti/turtle_carto/install/nav2_common/lib/python3.8/site-packages/nav2_common/launch/rewritten_yaml.py
[0.426s] -- Up-to-date: /home/keti/turtle_carto/install/nav2_common/lib/python3.8/site-packages/nav2_common/launch/has_node_params.py
[0.426s] Listing '/home/keti/turtle_carto/install/nav2_common/lib/python3.8/site-packages/nav2_common'...
[0.426s] Listing '/home/keti/turtle_carto/install/nav2_common/lib/python3.8/site-packages/nav2_common/launch'...
[0.429s] -- Up-to-date: /home/keti/turtle_carto/install/nav2_common/share/ament_index/resource_index/package_run_dependencies/nav2_common
[0.429s] -- Up-to-date: /home/keti/turtle_carto/install/nav2_common/share/ament_index/resource_index/parent_prefix_path/nav2_common
[0.429s] -- Up-to-date: /home/keti/turtle_carto/install/nav2_common/share/nav2_common/environment/ament_prefix_path.sh
[0.429s] -- Up-to-date: /home/keti/turtle_carto/install/nav2_common/share/nav2_common/environment/ament_prefix_path.dsv
[0.429s] -- Up-to-date: /home/keti/turtle_carto/install/nav2_common/share/nav2_common/environment/path.sh
[0.429s] -- Up-to-date: /home/keti/turtle_carto/install/nav2_common/share/nav2_common/environment/path.dsv
[0.429s] -- Up-to-date: /home/keti/turtle_carto/install/nav2_common/share/nav2_common/local_setup.bash
[0.429s] -- Up-to-date: /home/keti/turtle_carto/install/nav2_common/share/nav2_common/local_setup.sh
[0.429s] -- Up-to-date: /home/keti/turtle_carto/install/nav2_common/share/nav2_common/local_setup.zsh
[0.429s] -- Up-to-date: /home/keti/turtle_carto/install/nav2_common/share/nav2_common/local_setup.dsv
[0.429s] -- Up-to-date: /home/keti/turtle_carto/install/nav2_common/share/nav2_common/package.dsv
[0.429s] -- Up-to-date: /home/keti/turtle_carto/install/nav2_common/share/ament_index/resource_index/packages/nav2_common
[0.429s] -- Up-to-date: /home/keti/turtle_carto/install/nav2_common/share/nav2_common/cmake/nav2_common-extras.cmake
[0.430s] -- Up-to-date: /home/keti/turtle_carto/install/nav2_common/share/nav2_common/cmake/nav2_commonConfig.cmake
[0.430s] -- Up-to-date: /home/keti/turtle_carto/install/nav2_common/share/nav2_common/cmake/nav2_commonConfig-version.cmake
[0.430s] -- Up-to-date: /home/keti/turtle_carto/install/nav2_common/share/nav2_common/package.xml
[0.430s] -- Up-to-date: /home/keti/turtle_carto/install/nav2_common/share/nav2_common/cmake
[0.430s] -- Up-to-date: /home/keti/turtle_carto/install/nav2_common/share/nav2_common/cmake/nav2_package.cmake
