[0.023s] Invoking command in '/home/keti/turtle_carto/build/turtlebot3_simulations': AMENT_PREFIX_PATH=/home/keti/turtle_carto/install/turtlebot3_fake_node:/home/keti/turtle_carto/install/turtlebot3_msgs:${AMENT_PREFIX_PATH} CMAKE_PREFIX_PATH=/home/keti/turtle_carto/install/turtlebot3_fake_node:/home/keti/turtle_carto/install/turtlebot3_msgs:/opt/ros/foxy LD_LIBRARY_PATH=/home/keti/turtle_carto/install/turtlebot3_msgs/lib:/usr/lib/x86_64-linux-gnu/gazebo-11/plugins:/opt/ros/foxy/opt/yaml_cpp_vendor/lib:/opt/ros/foxy/opt/rviz_ogre_vendor/lib:/opt/ros/foxy/lib/x86_64-linux-gnu:/opt/ros/foxy/lib:/usr/local/cuda-11.4/lib64 PYTHONPATH=/home/keti/turtle_carto/install/turtlebot3_msgs/lib/python3.8/site-packages:${PYTHONPATH} /usr/bin/cmake --build /home/keti/turtle_carto/build/turtlebot3_simulations -- -j24 -l24
[0.045s] Invoked command in '/home/keti/turtle_carto/build/turtlebot3_simulations' returned '0': AMENT_PREFIX_PATH=/home/keti/turtle_carto/install/turtlebot3_fake_node:/home/keti/turtle_carto/install/turtlebot3_msgs:${AMENT_PREFIX_PATH} CMAKE_PREFIX_PATH=/home/keti/turtle_carto/install/turtlebot3_fake_node:/home/keti/turtle_carto/install/turtlebot3_msgs:/opt/ros/foxy LD_LIBRARY_PATH=/home/keti/turtle_carto/install/turtlebot3_msgs/lib:/usr/lib/x86_64-linux-gnu/gazebo-11/plugins:/opt/ros/foxy/opt/yaml_cpp_vendor/lib:/opt/ros/foxy/opt/rviz_ogre_vendor/lib:/opt/ros/foxy/lib/x86_64-linux-gnu:/opt/ros/foxy/lib:/usr/local/cuda-11.4/lib64 PYTHONPATH=/home/keti/turtle_carto/install/turtlebot3_msgs/lib/python3.8/site-packages:${PYTHONPATH} /usr/bin/cmake --build /home/keti/turtle_carto/build/turtlebot3_simulations -- -j24 -l24
[0.060s] Invoking command in '/home/keti/turtle_carto/build/turtlebot3_simulations': AMENT_PREFIX_PATH=/home/keti/turtle_carto/install/turtlebot3_fake_node:/home/keti/turtle_carto/install/turtlebot3_msgs:${AMENT_PREFIX_PATH} CMAKE_PREFIX_PATH=/home/keti/turtle_carto/install/turtlebot3_fake_node:/home/keti/turtle_carto/install/turtlebot3_msgs:/opt/ros/foxy LD_LIBRARY_PATH=/home/keti/turtle_carto/install/turtlebot3_msgs/lib:/usr/lib/x86_64-linux-gnu/gazebo-11/plugins:/opt/ros/foxy/opt/yaml_cpp_vendor/lib:/opt/ros/foxy/opt/rviz_ogre_vendor/lib:/opt/ros/foxy/lib/x86_64-linux-gnu:/opt/ros/foxy/lib:/usr/local/cuda-11.4/lib64 PYTHONPATH=/home/keti/turtle_carto/install/turtlebot3_msgs/lib/python3.8/site-packages:${PYTHONPATH} /usr/bin/cmake --install /home/keti/turtle_carto/build/turtlebot3_simulations
[0.065s] -- Install configuration: ""
[0.066s] -- Up-to-date: /home/keti/turtle_carto/install/turtlebot3_simulations/share/ament_index/resource_index/package_run_dependencies/turtlebot3_simulations
[0.066s] -- Up-to-date: /home/keti/turtle_carto/install/turtlebot3_simulations/share/ament_index/resource_index/parent_prefix_path/turtlebot3_simulations
[0.066s] -- Up-to-date: /home/keti/turtle_carto/install/turtlebot3_simulations/share/turtlebot3_simulations/environment/ament_prefix_path.sh
[0.066s] -- Up-to-date: /home/keti/turtle_carto/install/turtlebot3_simulations/share/turtlebot3_simulations/environment/ament_prefix_path.dsv
[0.066s] -- Up-to-date: /home/keti/turtle_carto/install/turtlebot3_simulations/share/turtlebot3_simulations/environment/path.sh
[0.066s] -- Up-to-date: /home/keti/turtle_carto/install/turtlebot3_simulations/share/turtlebot3_simulations/environment/path.dsv
[0.066s] -- Up-to-date: /home/keti/turtle_carto/install/turtlebot3_simulations/share/turtlebot3_simulations/local_setup.bash
[0.067s] -- Up-to-date: /home/keti/turtle_carto/install/turtlebot3_simulations/share/turtlebot3_simulations/local_setup.sh
[0.067s] -- Up-to-date: /home/keti/turtle_carto/install/turtlebot3_simulations/share/turtlebot3_simulations/local_setup.zsh
[0.067s] -- Up-to-date: /home/keti/turtle_carto/install/turtlebot3_simulations/share/turtlebot3_simulations/local_setup.dsv
[0.067s] -- Up-to-date: /home/keti/turtle_carto/install/turtlebot3_simulations/share/turtlebot3_simulations/package.dsv
[0.067s] -- Up-to-date: /home/keti/turtle_carto/install/turtlebot3_simulations/share/ament_index/resource_index/packages/turtlebot3_simulations
[0.067s] -- Up-to-date: /home/keti/turtle_carto/install/turtlebot3_simulations/share/turtlebot3_simulations/cmake/turtlebot3_simulationsConfig.cmake
[0.067s] -- Up-to-date: /home/keti/turtle_carto/install/turtlebot3_simulations/share/turtlebot3_simulations/cmake/turtlebot3_simulationsConfig-version.cmake
[0.067s] -- Up-to-date: /home/keti/turtle_carto/install/turtlebot3_simulations/share/turtlebot3_simulations/package.xml
[0.071s] Invoked command in '/home/keti/turtle_carto/build/turtlebot3_simulations' returned '0': AMENT_PREFIX_PATH=/home/keti/turtle_carto/install/turtlebot3_fake_node:/home/keti/turtle_carto/install/turtlebot3_msgs:${AMENT_PREFIX_PATH} CMAKE_PREFIX_PATH=/home/keti/turtle_carto/install/turtlebot3_fake_node:/home/keti/turtle_carto/install/turtlebot3_msgs:/opt/ros/foxy LD_LIBRARY_PATH=/home/keti/turtle_carto/install/turtlebot3_msgs/lib:/usr/lib/x86_64-linux-gnu/gazebo-11/plugins:/opt/ros/foxy/opt/yaml_cpp_vendor/lib:/opt/ros/foxy/opt/rviz_ogre_vendor/lib:/opt/ros/foxy/lib/x86_64-linux-gnu:/opt/ros/foxy/lib:/usr/local/cuda-11.4/lib64 PYTHONPATH=/home/keti/turtle_carto/install/turtlebot3_msgs/lib/python3.8/site-packages:${PYTHONPATH} /usr/bin/cmake --install /home/keti/turtle_carto/build/turtlebot3_simulations
