[0.534s] Invoking command in '/home/keti/turtle_carto/src/turtlebot3/turtlebot3_teleop': PYTHONPATH=/home/keti/turtle_carto/build/turtlebot3_teleop/prefix_override:/home/keti/turtle_carto/install/turtlebot3_teleop/lib/python3.8/site-packages:${PYTHONPATH} /usr/bin/python3 setup.py egg_info --egg-base ../../../build/turtlebot3_teleop build --build-base /home/keti/turtle_carto/build/turtlebot3_teleop/build install --record /home/keti/turtle_carto/build/turtlebot3_teleop/install.log --single-version-externally-managed
[0.627s] running egg_info
[0.627s] writing ../../../build/turtlebot3_teleop/turtlebot3_teleop.egg-info/PKG-INFO
[0.627s] writing dependency_links to ../../../build/turtlebot3_teleop/turtlebot3_teleop.egg-info/dependency_links.txt
[0.627s] writing entry points to ../../../build/turtlebot3_teleop/turtlebot3_teleop.egg-info/entry_points.txt
[0.627s] writing requirements to ../../../build/turtlebot3_teleop/turtlebot3_teleop.egg-info/requires.txt
[0.627s] writing top-level names to ../../../build/turtlebot3_teleop/turtlebot3_teleop.egg-info/top_level.txt
[0.642s] reading manifest file '../../../build/turtlebot3_teleop/turtlebot3_teleop.egg-info/SOURCES.txt'
[0.642s] writing manifest file '../../../build/turtlebot3_teleop/turtlebot3_teleop.egg-info/SOURCES.txt'
[0.642s] running build
[0.643s] running build_py
[0.643s] running install
[0.643s] running install_lib
[0.644s] running install_data
[0.644s] running install_egg_info
[0.645s] removing '/home/keti/turtle_carto/install/turtlebot3_teleop/lib/python3.8/site-packages/turtlebot3_teleop-2.1.4-py3.8.egg-info' (and everything under it)
[0.645s] Copying ../../../build/turtlebot3_teleop/turtlebot3_teleop.egg-info to /home/keti/turtle_carto/install/turtlebot3_teleop/lib/python3.8/site-packages/turtlebot3_teleop-2.1.4-py3.8.egg-info
[0.645s] running install_scripts
[0.653s] Installing teleop_keyboard script to /home/keti/turtle_carto/install/turtlebot3_teleop/lib/turtlebot3_teleop
[0.654s] writing list of installed files to '/home/keti/turtle_carto/build/turtlebot3_teleop/install.log'
[0.880s] Invoked command in '/home/keti/turtle_carto/src/turtlebot3/turtlebot3_teleop' returned '0': PYTHONPATH=/home/keti/turtle_carto/build/turtlebot3_teleop/prefix_override:/home/keti/turtle_carto/install/turtlebot3_teleop/lib/python3.8/site-packages:${PYTHONPATH} /usr/bin/python3 setup.py egg_info --egg-base ../../../build/turtlebot3_teleop build --build-base /home/keti/turtle_carto/build/turtlebot3_teleop/build install --record /home/keti/turtle_carto/build/turtlebot3_teleop/install.log --single-version-externally-managed
