running egg_info
creating ../../../build/omo_r1mini_teleop/omo_r1mini_teleop.egg-info
writing ../../../build/omo_r1mini_teleop/omo_r1mini_teleop.egg-info/PKG-INFO
writing dependency_links to ../../../build/omo_r1mini_teleop/omo_r1mini_teleop.egg-info/dependency_links.txt
writing entry points to ../../../build/omo_r1mini_teleop/omo_r1mini_teleop.egg-info/entry_points.txt
writing requirements to ../../../build/omo_r1mini_teleop/omo_r1mini_teleop.egg-info/requires.txt
writing top-level names to ../../../build/omo_r1mini_teleop/omo_r1mini_teleop.egg-info/top_level.txt
writing manifest file '../../../build/omo_r1mini_teleop/omo_r1mini_teleop.egg-info/SOURCES.txt'
reading manifest file '../../../build/omo_r1mini_teleop/omo_r1mini_teleop.egg-info/SOURCES.txt'
writing manifest file '../../../build/omo_r1mini_teleop/omo_r1mini_teleop.egg-info/SOURCES.txt'
running build
running build_py
creating /home/keti/turtle_carto/build/omo_r1mini_teleop/build
creating /home/keti/turtle_carto/build/omo_r1mini_teleop/build/lib
creating /home/keti/turtle_carto/build/omo_r1mini_teleop/build/lib/omo_r1mini_teleop
copying omo_r1mini_teleop/__init__.py -> /home/keti/turtle_carto/build/omo_r1mini_teleop/build/lib/omo_r1mini_teleop
creating /home/keti/turtle_carto/build/omo_r1mini_teleop/build/lib/omo_r1mini_teleop/script
copying omo_r1mini_teleop/script/__init__.py -> /home/keti/turtle_carto/build/omo_r1mini_teleop/build/lib/omo_r1mini_teleop/script
copying omo_r1mini_teleop/script/teleop_joy.py -> /home/keti/turtle_carto/build/omo_r1mini_teleop/build/lib/omo_r1mini_teleop/script
copying omo_r1mini_teleop/script/teleop_keyboard.py -> /home/keti/turtle_carto/build/omo_r1mini_teleop/build/lib/omo_r1mini_teleop/script
running install
running install_lib
creating /home/keti/turtle_carto/install/omo_r1mini_teleop/lib/python3.8/site-packages/omo_r1mini_teleop
copying /home/keti/turtle_carto/build/omo_r1mini_teleop/build/lib/omo_r1mini_teleop/__init__.py -> /home/keti/turtle_carto/install/omo_r1mini_teleop/lib/python3.8/site-packages/omo_r1mini_teleop
creating /home/keti/turtle_carto/install/omo_r1mini_teleop/lib/python3.8/site-packages/omo_r1mini_teleop/script
copying /home/keti/turtle_carto/build/omo_r1mini_teleop/build/lib/omo_r1mini_teleop/script/__init__.py -> /home/keti/turtle_carto/install/omo_r1mini_teleop/lib/python3.8/site-packages/omo_r1mini_teleop/script
copying /home/keti/turtle_carto/build/omo_r1mini_teleop/build/lib/omo_r1mini_teleop/script/teleop_joy.py -> /home/keti/turtle_carto/install/omo_r1mini_teleop/lib/python3.8/site-packages/omo_r1mini_teleop/script
copying /home/keti/turtle_carto/build/omo_r1mini_teleop/build/lib/omo_r1mini_teleop/script/teleop_keyboard.py -> /home/keti/turtle_carto/install/omo_r1mini_teleop/lib/python3.8/site-packages/omo_r1mini_teleop/script
byte-compiling /home/keti/turtle_carto/install/omo_r1mini_teleop/lib/python3.8/site-packages/omo_r1mini_teleop/__init__.py to __init__.cpython-38.pyc
byte-compiling /home/keti/turtle_carto/install/omo_r1mini_teleop/lib/python3.8/site-packages/omo_r1mini_teleop/script/__init__.py to __init__.cpython-38.pyc
byte-compiling /home/keti/turtle_carto/install/omo_r1mini_teleop/lib/python3.8/site-packages/omo_r1mini_teleop/script/teleop_joy.py to teleop_joy.cpython-38.pyc
byte-compiling /home/keti/turtle_carto/install/omo_r1mini_teleop/lib/python3.8/site-packages/omo_r1mini_teleop/script/teleop_keyboard.py to teleop_keyboard.cpython-38.pyc
running install_data
creating /home/keti/turtle_carto/install/omo_r1mini_teleop/share/ament_index
creating /home/keti/turtle_carto/install/omo_r1mini_teleop/share/ament_index/resource_index
creating /home/keti/turtle_carto/install/omo_r1mini_teleop/share/ament_index/resource_index/packages
copying resource/omo_r1mini_teleop -> /home/keti/turtle_carto/install/omo_r1mini_teleop/share/ament_index/resource_index/packages
copying package.xml -> /home/keti/turtle_carto/install/omo_r1mini_teleop/share/omo_r1mini_teleop
creating /home/keti/turtle_carto/install/omo_r1mini_teleop/share/omo_r1mini_teleop/launch
copying launch/teleop_joy.launch.py -> /home/keti/turtle_carto/install/omo_r1mini_teleop/share/omo_r1mini_teleop/launch
creating /home/keti/turtle_carto/install/omo_r1mini_teleop/share/omo_r1mini_teleop/param
copying param/teleop_joy.param.yaml -> /home/keti/turtle_carto/install/omo_r1mini_teleop/share/omo_r1mini_teleop/param
running install_egg_info
Copying ../../../build/omo_r1mini_teleop/omo_r1mini_teleop.egg-info to /home/keti/turtle_carto/install/omo_r1mini_teleop/lib/python3.8/site-packages/omo_r1mini_teleop-2.1.2-py3.8.egg-info
running install_scripts
Installing teleop_joy script to /home/keti/turtle_carto/install/omo_r1mini_teleop/lib/omo_r1mini_teleop
Installing teleop_keyboard script to /home/keti/turtle_carto/install/omo_r1mini_teleop/lib/omo_r1mini_teleop
writing list of installed files to '/home/keti/turtle_carto/build/omo_r1mini_teleop/install.log'
