[0.124s] Invoking command in '/home/keti/turtle_carto/build/cpp_param_pkg': /usr/bin/cmake --build /home/keti/turtle_carto/build/cpp_param_pkg -- -j24 -l24
[0.400s] [100%] Built target param_tutorial
[0.412s] Invoked command in '/home/keti/turtle_carto/build/cpp_param_pkg' returned '0': /usr/bin/cmake --build /home/keti/turtle_carto/build/cpp_param_pkg -- -j24 -l24
[0.451s] Invoking command in '/home/keti/turtle_carto/build/cpp_param_pkg': /usr/bin/cmake --install /home/keti/turtle_carto/build/cpp_param_pkg
[0.469s] -- Install configuration: ""
[0.469s] -- Up-to-date: /home/keti/turtle_carto/install/cpp_param_pkg/lib/cpp_param_pkg/param_tutorial
[0.469s] -- Up-to-date: /home/keti/turtle_carto/install/cpp_param_pkg/share/ament_index/resource_index/package_run_dependencies/cpp_param_pkg
[0.469s] -- Up-to-date: /home/keti/turtle_carto/install/cpp_param_pkg/share/ament_index/resource_index/parent_prefix_path/cpp_param_pkg
[0.469s] -- Up-to-date: /home/keti/turtle_carto/install/cpp_param_pkg/share/cpp_param_pkg/environment/ament_prefix_path.sh
[0.469s] -- Up-to-date: /home/keti/turtle_carto/install/cpp_param_pkg/share/cpp_param_pkg/environment/ament_prefix_path.dsv
[0.469s] -- Up-to-date: /home/keti/turtle_carto/install/cpp_param_pkg/share/cpp_param_pkg/environment/path.sh
[0.469s] -- Up-to-date: /home/keti/turtle_carto/install/cpp_param_pkg/share/cpp_param_pkg/environment/path.dsv
[0.469s] -- Up-to-date: /home/keti/turtle_carto/install/cpp_param_pkg/share/cpp_param_pkg/local_setup.bash
[0.469s] -- Up-to-date: /home/keti/turtle_carto/install/cpp_param_pkg/share/cpp_param_pkg/local_setup.sh
[0.469s] -- Up-to-date: /home/keti/turtle_carto/install/cpp_param_pkg/share/cpp_param_pkg/local_setup.zsh
[0.469s] -- Up-to-date: /home/keti/turtle_carto/install/cpp_param_pkg/share/cpp_param_pkg/local_setup.dsv
[0.469s] -- Installing: /home/keti/turtle_carto/install/cpp_param_pkg/share/cpp_param_pkg/package.dsv
[0.469s] -- Up-to-date: /home/keti/turtle_carto/install/cpp_param_pkg/share/ament_index/resource_index/packages/cpp_param_pkg
[0.469s] -- Up-to-date: /home/keti/turtle_carto/install/cpp_param_pkg/share/cpp_param_pkg/cmake/cpp_param_pkgConfig.cmake
[0.469s] -- Up-to-date: /home/keti/turtle_carto/install/cpp_param_pkg/share/cpp_param_pkg/cmake/cpp_param_pkgConfig-version.cmake
[0.469s] -- Up-to-date: /home/keti/turtle_carto/install/cpp_param_pkg/share/cpp_param_pkg/package.xml
[0.521s] Invoked command in '/home/keti/turtle_carto/build/cpp_param_pkg' returned '0': /usr/bin/cmake --install /home/keti/turtle_carto/build/cpp_param_pkg
