[0.915s] Invoking command in '/home/keti/turtle_carto/src/omo_r1mini-foxy/omo_r1mini_teleop': AMENT_PREFIX_PATH=/home/keti/turtle_carto/install/omo_r1mini_interfaces:${AMENT_PREFIX_PATH} CMAKE_PREFIX_PATH=/home/keti/turtle_carto/install/omo_r1mini_interfaces LD_LIBRARY_PATH=/home/keti/turtle_carto/install/omo_r1mini_interfaces/lib:/usr/lib/x86_64-linux-gnu/gazebo-11/plugins:/opt/ros/foxy/opt/yaml_cpp_vendor/lib:/opt/ros/foxy/opt/rviz_ogre_vendor/lib:/opt/ros/foxy/lib/x86_64-linux-gnu:/opt/ros/foxy/lib:/usr/local/cuda-11.4/lib64 PYTHONPATH=/home/keti/turtle_carto/build/omo_r1mini_teleop/prefix_override:/home/keti/turtle_carto/install/omo_r1mini_teleop/lib/python3.8/site-packages:/home/keti/turtle_carto/install/omo_r1mini_interfaces/lib/python3.8/site-packages:${PYTHONPATH} /usr/bin/python3 setup.py egg_info --egg-base ../../../build/omo_r1mini_teleop build --build-base /home/keti/turtle_carto/build/omo_r1mini_teleop/build install --record /home/keti/turtle_carto/build/omo_r1mini_teleop/install.log --install-scripts $base/lib/omo_r1mini_teleop --single-version-externally-managed
[1.019s] running egg_info
[1.020s] writing ../../../build/omo_r1mini_teleop/omo_r1mini_teleop.egg-info/PKG-INFO
[1.020s] writing dependency_links to ../../../build/omo_r1mini_teleop/omo_r1mini_teleop.egg-info/dependency_links.txt
[1.020s] writing entry points to ../../../build/omo_r1mini_teleop/omo_r1mini_teleop.egg-info/entry_points.txt
[1.020s] writing requirements to ../../../build/omo_r1mini_teleop/omo_r1mini_teleop.egg-info/requires.txt
[1.020s] writing top-level names to ../../../build/omo_r1mini_teleop/omo_r1mini_teleop.egg-info/top_level.txt
[1.037s] reading manifest file '../../../build/omo_r1mini_teleop/omo_r1mini_teleop.egg-info/SOURCES.txt'
[1.037s] writing manifest file '../../../build/omo_r1mini_teleop/omo_r1mini_teleop.egg-info/SOURCES.txt'
[1.037s] running build
[1.037s] running build_py
[1.037s] running install
[1.037s] running install_lib
[1.038s] running install_data
[1.039s] running install_egg_info
[1.039s] removing '/home/keti/turtle_carto/install/omo_r1mini_teleop/lib/python3.8/site-packages/omo_r1mini_teleop-2.1.2-py3.8.egg-info' (and everything under it)
[1.039s] Copying ../../../build/omo_r1mini_teleop/omo_r1mini_teleop.egg-info to /home/keti/turtle_carto/install/omo_r1mini_teleop/lib/python3.8/site-packages/omo_r1mini_teleop-2.1.2-py3.8.egg-info
[1.039s] running install_scripts
[1.049s] Installing teleop_joy script to /home/keti/turtle_carto/install/omo_r1mini_teleop/lib/omo_r1mini_teleop
[1.049s] Installing teleop_keyboard script to /home/keti/turtle_carto/install/omo_r1mini_teleop/lib/omo_r1mini_teleop
[1.049s] writing list of installed files to '/home/keti/turtle_carto/build/omo_r1mini_teleop/install.log'
[1.059s] Invoked command in '/home/keti/turtle_carto/src/omo_r1mini-foxy/omo_r1mini_teleop' returned '0': AMENT_PREFIX_PATH=/home/keti/turtle_carto/install/omo_r1mini_interfaces:${AMENT_PREFIX_PATH} CMAKE_PREFIX_PATH=/home/keti/turtle_carto/install/omo_r1mini_interfaces LD_LIBRARY_PATH=/home/keti/turtle_carto/install/omo_r1mini_interfaces/lib:/usr/lib/x86_64-linux-gnu/gazebo-11/plugins:/opt/ros/foxy/opt/yaml_cpp_vendor/lib:/opt/ros/foxy/opt/rviz_ogre_vendor/lib:/opt/ros/foxy/lib/x86_64-linux-gnu:/opt/ros/foxy/lib:/usr/local/cuda-11.4/lib64 PYTHONPATH=/home/keti/turtle_carto/build/omo_r1mini_teleop/prefix_override:/home/keti/turtle_carto/install/omo_r1mini_teleop/lib/python3.8/site-packages:/home/keti/turtle_carto/install/omo_r1mini_interfaces/lib/python3.8/site-packages:${PYTHONPATH} /usr/bin/python3 setup.py egg_info --egg-base ../../../build/omo_r1mini_teleop build --build-base /home/keti/turtle_carto/build/omo_r1mini_teleop/build install --record /home/keti/turtle_carto/build/omo_r1mini_teleop/install.log --install-scripts $base/lib/omo_r1mini_teleop --single-version-externally-managed
