[0.252s] Invoking command in '/home/keti/turtle_carto/build/omo_r1mini_gazebo': CMAKE_PREFIX_PATH=/opt/ros/foxy /usr/bin/cmake --build /home/keti/turtle_carto/build/omo_r1mini_gazebo -- -j24 -l24
[0.281s] Invoked command in '/home/keti/turtle_carto/build/omo_r1mini_gazebo' returned '0': CMAKE_PREFIX_PATH=/opt/ros/foxy /usr/bin/cmake --build /home/keti/turtle_carto/build/omo_r1mini_gazebo -- -j24 -l24
[0.326s] Invoking command in '/home/keti/turtle_carto/build/omo_r1mini_gazebo': CMAKE_PREFIX_PATH=/opt/ros/foxy /usr/bin/cmake --install /home/keti/turtle_carto/build/omo_r1mini_gazebo
[0.340s] -- Install configuration: ""
[0.340s] -- Up-to-date: /home/keti/turtle_carto/install/omo_r1mini_gazebo/share/omo_r1mini_gazebo//launch
[0.340s] -- Up-to-date: /home/keti/turtle_carto/install/omo_r1mini_gazebo/share/omo_r1mini_gazebo//launch/robot_state_publisher.launch.py
[0.340s] -- Up-to-date: /home/keti/turtle_carto/install/omo_r1mini_gazebo/share/omo_r1mini_gazebo//launch/omo_r1mini.launch.py
[0.340s] -- Up-to-date: /home/keti/turtle_carto/install/omo_r1mini_gazebo/share/omo_r1mini_gazebo//launch/empty_world.launch.py
[0.341s] -- Up-to-date: /home/keti/turtle_carto/install/omo_r1mini_gazebo/share/omo_r1mini_gazebo//models
[0.341s] -- Up-to-date: /home/keti/turtle_carto/install/omo_r1mini_gazebo/share/omo_r1mini_gazebo//models/omo_r1mini
[0.341s] -- Up-to-date: /home/keti/turtle_carto/install/omo_r1mini_gazebo/share/omo_r1mini_gazebo//models/omo_r1mini/meshes
[0.341s] -- Up-to-date: /home/keti/turtle_carto/install/omo_r1mini_gazebo/share/omo_r1mini_gazebo//models/omo_r1mini/meshes/sensors
[0.341s] -- Up-to-date: /home/keti/turtle_carto/install/omo_r1mini_gazebo/share/omo_r1mini_gazebo//models/omo_r1mini/meshes/sensors/ydlidar_assy.dae
[0.341s] -- Up-to-date: /home/keti/turtle_carto/install/omo_r1mini_gazebo/share/omo_r1mini_gazebo//models/omo_r1mini/meshes/wheels
[0.341s] -- Up-to-date: /home/keti/turtle_carto/install/omo_r1mini_gazebo/share/omo_r1mini_gazebo//models/omo_r1mini/meshes/wheels/caster_wheel.dae
[0.341s] -- Up-to-date: /home/keti/turtle_carto/install/omo_r1mini_gazebo/share/omo_r1mini_gazebo//models/omo_r1mini/meshes/wheels/caster_wheel_rotate.dae
[0.341s] -- Up-to-date: /home/keti/turtle_carto/install/omo_r1mini_gazebo/share/omo_r1mini_gazebo//models/omo_r1mini/meshes/wheels/caster_wheel_mount.dae
[0.341s] -- Up-to-date: /home/keti/turtle_carto/install/omo_r1mini_gazebo/share/omo_r1mini_gazebo//models/omo_r1mini/meshes/wheels/wheel_assy.dae
[0.341s] -- Up-to-date: /home/keti/turtle_carto/install/omo_r1mini_gazebo/share/omo_r1mini_gazebo//models/omo_r1mini/meshes/bases
[0.341s] -- Up-to-date: /home/keti/turtle_carto/install/omo_r1mini_gazebo/share/omo_r1mini_gazebo//models/omo_r1mini/meshes/bases/housing_body.dae
[0.341s] -- Up-to-date: /home/keti/turtle_carto/install/omo_r1mini_gazebo/share/omo_r1mini_gazebo//models/omo_r1mini/meshes/bases/body_assy.dae
[0.341s] -- Up-to-date: /home/keti/turtle_carto/install/omo_r1mini_gazebo/share/omo_r1mini_gazebo//models/omo_r1mini/model.config
[0.341s] -- Up-to-date: /home/keti/turtle_carto/install/omo_r1mini_gazebo/share/omo_r1mini_gazebo//models/omo_r1mini/model.sdf
[0.341s] -- Up-to-date: /home/keti/turtle_carto/install/omo_r1mini_gazebo/share/omo_r1mini_gazebo//models/turtlebot3_world
[0.341s] -- Up-to-date: /home/keti/turtle_carto/install/omo_r1mini_gazebo/share/omo_r1mini_gazebo//models/turtlebot3_world/meshes
[0.341s] -- Up-to-date: /home/keti/turtle_carto/install/omo_r1mini_gazebo/share/omo_r1mini_gazebo//models/turtlebot3_world/meshes/hexagon.dae
[0.341s] -- Up-to-date: /home/keti/turtle_carto/install/omo_r1mini_gazebo/share/omo_r1mini_gazebo//models/turtlebot3_world/meshes/wall.dae
[0.341s] -- Up-to-date: /home/keti/turtle_carto/install/omo_r1mini_gazebo/share/omo_r1mini_gazebo//models/turtlebot3_world/model.config
[0.341s] -- Up-to-date: /home/keti/turtle_carto/install/omo_r1mini_gazebo/share/omo_r1mini_gazebo//models/turtlebot3_world/model.sdf
[0.341s] -- Up-to-date: /home/keti/turtle_carto/install/omo_r1mini_gazebo/share/omo_r1mini_gazebo//rviz
[0.341s] -- Up-to-date: /home/keti/turtle_carto/install/omo_r1mini_gazebo/share/omo_r1mini_gazebo//rviz/tb3_gazebo.rviz
[0.341s] -- Up-to-date: /home/keti/turtle_carto/install/omo_r1mini_gazebo/share/omo_r1mini_gazebo//worlds
[0.341s] -- Up-to-date: /home/keti/turtle_carto/install/omo_r1mini_gazebo/share/omo_r1mini_gazebo//worlds/empty_worlds
[0.341s] -- Up-to-date: /home/keti/turtle_carto/install/omo_r1mini_gazebo/share/omo_r1mini_gazebo//worlds/empty_worlds/omo_r1mini.model
[0.341s] -- Up-to-date: /home/keti/turtle_carto/install/omo_r1mini_gazebo/share/omo_r1mini_gazebo//worlds/turtlebot3_worlds
[0.342s] -- Up-to-date: /home/keti/turtle_carto/install/omo_r1mini_gazebo/share/omo_r1mini_gazebo//worlds/turtlebot3_worlds/omo_r1mini.model
[0.342s] -- Up-to-date: /home/keti/turtle_carto/install/omo_r1mini_gazebo/share/ament_index/resource_index/package_run_dependencies/omo_r1mini_gazebo
[0.343s] -- Up-to-date: /home/keti/turtle_carto/install/omo_r1mini_gazebo/share/ament_index/resource_index/parent_prefix_path/omo_r1mini_gazebo
[0.343s] -- Up-to-date: /home/keti/turtle_carto/install/omo_r1mini_gazebo/share/omo_r1mini_gazebo/environment/ament_prefix_path.sh
[0.343s] -- Up-to-date: /home/keti/turtle_carto/install/omo_r1mini_gazebo/share/omo_r1mini_gazebo/environment/ament_prefix_path.dsv
[0.344s] -- Up-to-date: /home/keti/turtle_carto/install/omo_r1mini_gazebo/share/omo_r1mini_gazebo/environment/path.sh
[0.344s] -- Up-to-date: /home/keti/turtle_carto/install/omo_r1mini_gazebo/share/omo_r1mini_gazebo/environment/path.dsv
[0.345s] -- Up-to-date: /home/keti/turtle_carto/install/omo_r1mini_gazebo/share/omo_r1mini_gazebo/local_setup.bash
[0.345s] -- Up-to-date: /home/keti/turtle_carto/install/omo_r1mini_gazebo/share/omo_r1mini_gazebo/local_setup.sh
[0.346s] -- Up-to-date: /home/keti/turtle_carto/install/omo_r1mini_gazebo/share/omo_r1mini_gazebo/local_setup.zsh
[0.346s] -- Up-to-date: /home/keti/turtle_carto/install/omo_r1mini_gazebo/share/omo_r1mini_gazebo/local_setup.dsv
[0.346s] -- Installing: /home/keti/turtle_carto/install/omo_r1mini_gazebo/share/omo_r1mini_gazebo/package.dsv
[0.347s] -- Up-to-date: /home/keti/turtle_carto/install/omo_r1mini_gazebo/share/ament_index/resource_index/packages/omo_r1mini_gazebo
[0.347s] -- Up-to-date: /home/keti/turtle_carto/install/omo_r1mini_gazebo/share/omo_r1mini_gazebo/cmake/ament_cmake_export_dependencies-extras.cmake
[0.347s] -- Up-to-date: /home/keti/turtle_carto/install/omo_r1mini_gazebo/share/omo_r1mini_gazebo/cmake/omo_r1mini_gazeboConfig.cmake
[0.347s] -- Up-to-date: /home/keti/turtle_carto/install/omo_r1mini_gazebo/share/omo_r1mini_gazebo/cmake/omo_r1mini_gazeboConfig-version.cmake
[0.347s] -- Up-to-date: /home/keti/turtle_carto/install/omo_r1mini_gazebo/share/omo_r1mini_gazebo/package.xml
[0.375s] Invoked command in '/home/keti/turtle_carto/build/omo_r1mini_gazebo' returned '0': CMAKE_PREFIX_PATH=/opt/ros/foxy /usr/bin/cmake --install /home/keti/turtle_carto/build/omo_r1mini_gazebo
