[0.205s] Invoking command in '/home/keti/turtle_carto/build/turtlebot3_node': AMENT_PREFIX_PATH=/home/keti/turtle_carto/install/turtlebot3_msgs CMAKE_PREFIX_PATH=/home/keti/turtle_carto/install/turtlebot3_msgs LD_LIBRARY_PATH=/home/keti/turtle_carto/install/turtlebot3_msgs/lib${LD_LIBRARY_PATH} PYTHONPATH=/home/keti/turtle_carto/install/turtlebot3_msgs/lib/python3.8/site-packages /usr/bin/cmake --build /home/keti/turtle_carto/build/turtlebot3_node -- -j24 -l24
[0.305s] [ 85%] Built target turtlebot3_node_lib
[0.305s] [100%] Built target turtlebot3_ros
[0.309s] Invoked command in '/home/keti/turtle_carto/build/turtlebot3_node' returned '0': AMENT_PREFIX_PATH=/home/keti/turtle_carto/install/turtlebot3_msgs CMAKE_PREFIX_PATH=/home/keti/turtle_carto/install/turtlebot3_msgs LD_LIBRARY_PATH=/home/keti/turtle_carto/install/turtlebot3_msgs/lib${LD_LIBRARY_PATH} PYTHONPATH=/home/keti/turtle_carto/install/turtlebot3_msgs/lib/python3.8/site-packages /usr/bin/cmake --build /home/keti/turtle_carto/build/turtlebot3_node -- -j24 -l24
[0.336s] Invoking command in '/home/keti/turtle_carto/build/turtlebot3_node': AMENT_PREFIX_PATH=/home/keti/turtle_carto/install/turtlebot3_msgs CMAKE_PREFIX_PATH=/home/keti/turtle_carto/install/turtlebot3_msgs LD_LIBRARY_PATH=/home/keti/turtle_carto/install/turtlebot3_msgs/lib${LD_LIBRARY_PATH} PYTHONPATH=/home/keti/turtle_carto/install/turtlebot3_msgs/lib/python3.8/site-packages /usr/bin/cmake --install /home/keti/turtle_carto/build/turtlebot3_node
[0.340s] -- Install configuration: ""
[0.340s] -- Up-to-date: /home/keti/turtle_carto/install/turtlebot3_node/share/turtlebot3_node/param
[0.340s] -- Up-to-date: /home/keti/turtle_carto/install/turtlebot3_node/share/turtlebot3_node/param/waffle.yaml
[0.340s] -- Up-to-date: /home/keti/turtle_carto/install/turtlebot3_node/share/turtlebot3_node/param/burger.yaml
[0.340s] -- Up-to-date: /home/keti/turtle_carto/install/turtlebot3_node/share/turtlebot3_node/param/waffle_pi.yaml
[0.340s] -- Up-to-date: /home/keti/turtle_carto/install/turtlebot3_node/lib/turtlebot3_node/turtlebot3_ros
[0.340s] -- Up-to-date: /home/keti/turtle_carto/install/turtlebot3_node/share/ament_index/resource_index/package_run_dependencies/turtlebot3_node
[0.340s] -- Up-to-date: /home/keti/turtle_carto/install/turtlebot3_node/share/ament_index/resource_index/parent_prefix_path/turtlebot3_node
[0.340s] -- Up-to-date: /home/keti/turtle_carto/install/turtlebot3_node/share/turtlebot3_node/environment/ament_prefix_path.sh
[0.340s] -- Up-to-date: /home/keti/turtle_carto/install/turtlebot3_node/share/turtlebot3_node/environment/ament_prefix_path.dsv
[0.340s] -- Up-to-date: /home/keti/turtle_carto/install/turtlebot3_node/share/turtlebot3_node/environment/path.sh
[0.340s] -- Up-to-date: /home/keti/turtle_carto/install/turtlebot3_node/share/turtlebot3_node/environment/path.dsv
[0.340s] -- Up-to-date: /home/keti/turtle_carto/install/turtlebot3_node/share/turtlebot3_node/local_setup.bash
[0.340s] -- Up-to-date: /home/keti/turtle_carto/install/turtlebot3_node/share/turtlebot3_node/local_setup.sh
[0.340s] -- Up-to-date: /home/keti/turtle_carto/install/turtlebot3_node/share/turtlebot3_node/local_setup.zsh
[0.340s] -- Up-to-date: /home/keti/turtle_carto/install/turtlebot3_node/share/turtlebot3_node/local_setup.dsv
[0.340s] -- Installing: /home/keti/turtle_carto/install/turtlebot3_node/share/turtlebot3_node/package.dsv
[0.340s] -- Up-to-date: /home/keti/turtle_carto/install/turtlebot3_node/share/ament_index/resource_index/packages/turtlebot3_node
[0.340s] -- Up-to-date: /home/keti/turtle_carto/install/turtlebot3_node/share/turtlebot3_node/cmake/ament_cmake_export_include_directories-extras.cmake
[0.340s] -- Up-to-date: /home/keti/turtle_carto/install/turtlebot3_node/share/turtlebot3_node/cmake/turtlebot3_nodeConfig.cmake
[0.340s] -- Up-to-date: /home/keti/turtle_carto/install/turtlebot3_node/share/turtlebot3_node/cmake/turtlebot3_nodeConfig-version.cmake
[0.340s] -- Up-to-date: /home/keti/turtle_carto/install/turtlebot3_node/share/turtlebot3_node/package.xml
[0.341s] Invoked command in '/home/keti/turtle_carto/build/turtlebot3_node' returned '0': AMENT_PREFIX_PATH=/home/keti/turtle_carto/install/turtlebot3_msgs CMAKE_PREFIX_PATH=/home/keti/turtle_carto/install/turtlebot3_msgs LD_LIBRARY_PATH=/home/keti/turtle_carto/install/turtlebot3_msgs/lib${LD_LIBRARY_PATH} PYTHONPATH=/home/keti/turtle_carto/install/turtlebot3_msgs/lib/python3.8/site-packages /usr/bin/cmake --install /home/keti/turtle_carto/build/turtlebot3_node
