[0.053s] Invoking command in '/home/keti/turtle_carto/build/nav_2d_msgs': CMAKE_PREFIX_PATH=/opt/ros/foxy /usr/bin/cmake /home/keti/turtle_carto/src/ros-planning/navigation2/nav2_dwb_controller/nav_2d_msgs -DCMAKE_INSTALL_PREFIX=/home/keti/turtle_carto/install/nav_2d_msgs
[0.503s] -- Found geometry_msgs: 2.0.5 (/opt/ros/foxy/share/geometry_msgs/cmake)
[0.503s] -- Found PythonInterp: /usr/bin/python3 (found suitable version "3.8.10", minimum required is "3") 
[0.503s] -- Using PYTHON_EXECUTABLE: /usr/bin/python3
[0.503s] -- Using all available rosidl_typesupport_c: rosidl_typesupport_fastrtps_c;rosidl_typesupport_introspection_c
[0.503s] -- Found rosidl_adapter: 1.3.0 (/opt/ros/foxy/share/rosidl_adapter/cmake)
[0.503s] -- Found OpenSSL: /usr/lib/x86_64-linux-gnu/libcrypto.so (found version "1.1.1f")  
[0.503s] -- Found FastRTPS: /opt/ros/foxy/include  
[0.503s] -- Using all available rosidl_typesupport_cpp: rosidl_typesupport_fastrtps_cpp;rosidl_typesupport_introspection_cpp
[0.503s] -- Found rosidl_default_generators: 1.0.1 (/opt/ros/foxy/share/rosidl_default_generators/cmake)
[0.503s] -- Found PythonInterp: /usr/bin/python3 (found version "3.8.10") 
[0.503s] -- Found ament_cmake_ros: 0.9.2 (/opt/ros/foxy/share/ament_cmake_ros/cmake)
[0.544s] -- Using all available rosidl_typesupport_c: rosidl_typesupport_fastrtps_c;rosidl_typesupport_introspection_c
[0.592s] -- Using all available rosidl_typesupport_cpp: rosidl_typesupport_fastrtps_cpp;rosidl_typesupport_introspection_cpp
[0.606s] -- Found PythonInterp: /usr/bin/python3 (found suitable version "3.8.10", minimum required is "3.5") 
[0.606s] -- Found python_cmake_module: 0.8.1 (/opt/ros/foxy/share/python_cmake_module/cmake)
[0.622s] -- Found PythonLibs: /usr/lib/x86_64-linux-gnu/libpython3.8.so (found suitable version "3.8.10", minimum required is "3.5") 
[0.624s] -- Using PYTHON_EXECUTABLE: /usr/bin/python3
[0.624s] -- Using PYTHON_INCLUDE_DIRS: /usr/include/python3.8
[0.624s] -- Using PYTHON_LIBRARIES: /usr/lib/x86_64-linux-gnu/libpython3.8.so
[0.643s] -- Found PythonExtra: .so  
[0.684s] -- Configuring done
[0.717s] -- Generating done
[0.719s] -- Build files have been written to: /home/keti/turtle_carto/build/nav_2d_msgs
[0.739s] Invoked command in '/home/keti/turtle_carto/build/nav_2d_msgs' returned '0': CMAKE_PREFIX_PATH=/opt/ros/foxy /usr/bin/cmake /home/keti/turtle_carto/src/ros-planning/navigation2/nav2_dwb_controller/nav_2d_msgs -DCMAKE_INSTALL_PREFIX=/home/keti/turtle_carto/install/nav_2d_msgs
[0.740s] Invoking command in '/home/keti/turtle_carto/build/nav_2d_msgs': CMAKE_PREFIX_PATH=/opt/ros/foxy /usr/bin/cmake --build /home/keti/turtle_carto/build/nav_2d_msgs -- -j24 -l24
[0.762s] [  1%] [34m[1mGenerating C code for ROS interfaces[0m
[0.762s] [35m[1mScanning dependencies of target nav_2d_msgs__cpp[0m
[0.767s] [  2%] [34m[1mGenerating C++ code for ROS interfaces[0m
[0.956s] [  2%] Built target nav_2d_msgs__cpp
[0.963s] [  4%] [34m[1mGenerating C++ introspection for ROS interfaces[0m
[0.964s] [  5%] [34m[1mGenerating C++ type support for eProsima Fast-RTPS[0m
[0.964s] [  7%] [34m[1mGenerating C++ type support dispatch for ROS interfaces[0m
[0.972s] [35m[1mScanning dependencies of target nav_2d_msgs__rosidl_generator_c[0m
[0.981s] [ 11%] [32mBuilding C object CMakeFiles/nav_2d_msgs__rosidl_generator_c.dir/rosidl_generator_c/nav_2d_msgs/msg/detail/twist2_d_stamped__functions.c.o[0m
[0.981s] [ 11%] [32mBuilding C object CMakeFiles/nav_2d_msgs__rosidl_generator_c.dir/rosidl_generator_c/nav_2d_msgs/msg/detail/twist2_d32__functions.c.o[0m
[0.981s] [ 11%] [32mBuilding C object CMakeFiles/nav_2d_msgs__rosidl_generator_c.dir/rosidl_generator_c/nav_2d_msgs/msg/detail/twist2_d__functions.c.o[0m
[0.982s] [ 12%] [32mBuilding C object CMakeFiles/nav_2d_msgs__rosidl_generator_c.dir/rosidl_generator_c/nav_2d_msgs/msg/detail/pose2_d_stamped__functions.c.o[0m
[0.982s] [ 14%] [32mBuilding C object CMakeFiles/nav_2d_msgs__rosidl_generator_c.dir/rosidl_generator_c/nav_2d_msgs/msg/detail/path2_d__functions.c.o[0m
[0.982s] [ 15%] [32mBuilding C object CMakeFiles/nav_2d_msgs__rosidl_generator_c.dir/rosidl_generator_c/nav_2d_msgs/msg/detail/pose2_d32__functions.c.o[0m
[1.014s] [ 16%] [32m[1mLinking C shared library libnav_2d_msgs__rosidl_generator_c.so[0m
[1.033s] [ 16%] Built target nav_2d_msgs__rosidl_generator_c
[1.038s] [ 18%] [34m[1mGenerating C type support dispatch for ROS interfaces[0m
[1.039s] [ 19%] [34m[1mGenerating C introspection for ROS interfaces[0m
[1.093s] [35m[1mScanning dependencies of target nav_2d_msgs__rosidl_typesupport_cpp[0m
[1.101s] [ 21%] [32mBuilding CXX object CMakeFiles/nav_2d_msgs__rosidl_typesupport_cpp.dir/rosidl_typesupport_cpp/nav_2d_msgs/msg/path2_d__type_support.cpp.o[0m
[1.103s] [ 25%] [32mBuilding CXX object CMakeFiles/nav_2d_msgs__rosidl_typesupport_cpp.dir/rosidl_typesupport_cpp/nav_2d_msgs/msg/pose2_d_stamped__type_support.cpp.o[0m
[1.104s] [ 25%] [32mBuilding CXX object CMakeFiles/nav_2d_msgs__rosidl_typesupport_cpp.dir/rosidl_typesupport_cpp/nav_2d_msgs/msg/twist2_d__type_support.cpp.o[0m
[1.104s] [ 25%] [32mBuilding CXX object CMakeFiles/nav_2d_msgs__rosidl_typesupport_cpp.dir/rosidl_typesupport_cpp/nav_2d_msgs/msg/pose2_d32__type_support.cpp.o[0m
[1.104s] [ 26%] [32mBuilding CXX object CMakeFiles/nav_2d_msgs__rosidl_typesupport_cpp.dir/rosidl_typesupport_cpp/nav_2d_msgs/msg/twist2_d_stamped__type_support.cpp.o[0m
[1.104s] [ 28%] [32mBuilding CXX object CMakeFiles/nav_2d_msgs__rosidl_typesupport_cpp.dir/rosidl_typesupport_cpp/nav_2d_msgs/msg/twist2_d32__type_support.cpp.o[0m
[1.141s] [35m[1mScanning dependencies of target nav_2d_msgs__rosidl_typesupport_introspection_cpp[0m
[1.152s] [ 29%] [32mBuilding CXX object CMakeFiles/nav_2d_msgs__rosidl_typesupport_introspection_cpp.dir/rosidl_typesupport_introspection_cpp/nav_2d_msgs/msg/detail/twist2_d_stamped__type_support.cpp.o[0m
[1.152s] [ 30%] [32mBuilding CXX object CMakeFiles/nav_2d_msgs__rosidl_typesupport_introspection_cpp.dir/rosidl_typesupport_introspection_cpp/nav_2d_msgs/msg/detail/twist2_d32__type_support.cpp.o[0m
[1.152s] [ 32%] [32mBuilding CXX object CMakeFiles/nav_2d_msgs__rosidl_typesupport_introspection_cpp.dir/rosidl_typesupport_introspection_cpp/nav_2d_msgs/msg/detail/twist2_d__type_support.cpp.o[0m
[1.152s] [ 33%] [32mBuilding CXX object CMakeFiles/nav_2d_msgs__rosidl_typesupport_introspection_cpp.dir/rosidl_typesupport_introspection_cpp/nav_2d_msgs/msg/detail/pose2_d_stamped__type_support.cpp.o[0m
[1.155s] [ 35%] [32mBuilding CXX object CMakeFiles/nav_2d_msgs__rosidl_typesupport_introspection_cpp.dir/rosidl_typesupport_introspection_cpp/nav_2d_msgs/msg/detail/pose2_d32__type_support.cpp.o[0m
[1.155s] [ 36%] [32mBuilding CXX object CMakeFiles/nav_2d_msgs__rosidl_typesupport_introspection_cpp.dir/rosidl_typesupport_introspection_cpp/nav_2d_msgs/msg/detail/path2_d__type_support.cpp.o[0m
[1.156s] [35m[1mScanning dependencies of target nav_2d_msgs__rosidl_typesupport_fastrtps_cpp[0m
[1.196s] [ 38%] [32mBuilding CXX object CMakeFiles/nav_2d_msgs__rosidl_typesupport_fastrtps_cpp.dir/rosidl_typesupport_fastrtps_cpp/nav_2d_msgs/msg/detail/dds_fastrtps/path2_d__type_support.cpp.o[0m
[1.204s] [ 40%] [32mBuilding CXX object CMakeFiles/nav_2d_msgs__rosidl_typesupport_fastrtps_cpp.dir/rosidl_typesupport_fastrtps_cpp/nav_2d_msgs/msg/detail/dds_fastrtps/pose2_d_stamped__type_support.cpp.o[0m
[1.204s] [ 40%] [32mBuilding CXX object CMakeFiles/nav_2d_msgs__rosidl_typesupport_fastrtps_cpp.dir/rosidl_typesupport_fastrtps_cpp/nav_2d_msgs/msg/detail/dds_fastrtps/pose2_d32__type_support.cpp.o[0m
[1.212s] [ 42%] [32mBuilding CXX object CMakeFiles/nav_2d_msgs__rosidl_typesupport_fastrtps_cpp.dir/rosidl_typesupport_fastrtps_cpp/nav_2d_msgs/msg/detail/dds_fastrtps/twist2_d__type_support.cpp.o[0m
[1.243s] [ 43%] [32mBuilding CXX object CMakeFiles/nav_2d_msgs__rosidl_typesupport_fastrtps_cpp.dir/rosidl_typesupport_fastrtps_cpp/nav_2d_msgs/msg/detail/dds_fastrtps/twist2_d_stamped__type_support.cpp.o[0m
[1.247s] [ 45%] [32mBuilding CXX object CMakeFiles/nav_2d_msgs__rosidl_typesupport_fastrtps_cpp.dir/rosidl_typesupport_fastrtps_cpp/nav_2d_msgs/msg/detail/dds_fastrtps/twist2_d32__type_support.cpp.o[0m
[1.260s] [35m[1mScanning dependencies of target nav_2d_msgs__rosidl_typesupport_c[0m
[1.284s] [ 46%] [32mBuilding CXX object CMakeFiles/nav_2d_msgs__rosidl_typesupport_c.dir/rosidl_typesupport_c/nav_2d_msgs/msg/path2_d__type_support.cpp.o[0m
[1.287s] [ 47%] [32mBuilding CXX object CMakeFiles/nav_2d_msgs__rosidl_typesupport_c.dir/rosidl_typesupport_c/nav_2d_msgs/msg/pose2_d32__type_support.cpp.o[0m
[1.292s] [ 49%] [32mBuilding CXX object CMakeFiles/nav_2d_msgs__rosidl_typesupport_c.dir/rosidl_typesupport_c/nav_2d_msgs/msg/pose2_d_stamped__type_support.cpp.o[0m
[1.292s] [ 50%] [32mBuilding CXX object CMakeFiles/nav_2d_msgs__rosidl_typesupport_c.dir/rosidl_typesupport_c/nav_2d_msgs/msg/twist2_d__type_support.cpp.o[0m
[1.340s] [ 52%] [32mBuilding CXX object CMakeFiles/nav_2d_msgs__rosidl_typesupport_c.dir/rosidl_typesupport_c/nav_2d_msgs/msg/twist2_d_stamped__type_support.cpp.o[0m
[1.341s] [ 53%] [32mBuilding CXX object CMakeFiles/nav_2d_msgs__rosidl_typesupport_c.dir/rosidl_typesupport_c/nav_2d_msgs/msg/twist2_d32__type_support.cpp.o[0m
[1.346s] [ 54%] [32m[1mLinking CXX shared library libnav_2d_msgs__rosidl_typesupport_cpp.so[0m
[1.357s] [35m[1mScanning dependencies of target nav_2d_msgs__rosidl_typesupport_introspection_c[0m
[1.374s] [ 60%] [32m[1mLinking CXX shared library libnav_2d_msgs__rosidl_typesupport_c.so[0m
[1.375s] [ 60%] [32mBuilding C object CMakeFiles/nav_2d_msgs__rosidl_typesupport_introspection_c.dir/rosidl_typesupport_introspection_c/nav_2d_msgs/msg/detail/pose2_d32__type_support.c.o[0m
[1.375s] [ 60%] [32mBuilding C object CMakeFiles/nav_2d_msgs__rosidl_typesupport_introspection_c.dir/rosidl_typesupport_introspection_c/nav_2d_msgs/msg/detail/pose2_d_stamped__type_support.c.o[0m
[1.375s] [ 60%] [32mBuilding C object CMakeFiles/nav_2d_msgs__rosidl_typesupport_introspection_c.dir/rosidl_typesupport_introspection_c/nav_2d_msgs/msg/detail/path2_d__type_support.c.o[0m
[1.375s] [ 61%] [32mBuilding C object CMakeFiles/nav_2d_msgs__rosidl_typesupport_introspection_c.dir/rosidl_typesupport_introspection_c/nav_2d_msgs/msg/detail/twist2_d__type_support.c.o[0m
[1.384s] [ 63%] [32mBuilding C object CMakeFiles/nav_2d_msgs__rosidl_typesupport_introspection_c.dir/rosidl_typesupport_introspection_c/nav_2d_msgs/msg/detail/twist2_d32__type_support.c.o[0m
[1.391s] [ 64%] [32mBuilding C object CMakeFiles/nav_2d_msgs__rosidl_typesupport_introspection_c.dir/rosidl_typesupport_introspection_c/nav_2d_msgs/msg/detail/twist2_d_stamped__type_support.c.o[0m
[1.392s] [ 64%] Built target nav_2d_msgs__rosidl_typesupport_cpp
[1.412s] [ 64%] Built target nav_2d_msgs__rosidl_typesupport_c
[1.422s] [ 66%] [32m[1mLinking C shared library libnav_2d_msgs__rosidl_typesupport_introspection_c.so[0m
[1.429s] [ 67%] [32m[1mLinking CXX shared library libnav_2d_msgs__rosidl_typesupport_introspection_cpp.so[0m
[1.448s] [ 67%] Built target nav_2d_msgs__rosidl_typesupport_introspection_c
[1.468s] [ 67%] Built target nav_2d_msgs__rosidl_typesupport_introspection_cpp
[1.531s] [ 69%] [32m[1mLinking CXX shared library libnav_2d_msgs__rosidl_typesupport_fastrtps_cpp.so[0m
[1.572s] [ 69%] Built target nav_2d_msgs__rosidl_typesupport_fastrtps_cpp
[1.577s] [ 70%] [34m[1mGenerating C type support for eProsima Fast-RTPS[0m
[1.738s] [35m[1mScanning dependencies of target nav_2d_msgs__rosidl_typesupport_fastrtps_c[0m
[1.748s] [ 71%] [32mBuilding CXX object CMakeFiles/nav_2d_msgs__rosidl_typesupport_fastrtps_c.dir/rosidl_typesupport_fastrtps_c/nav_2d_msgs/msg/detail/path2_d__type_support_c.cpp.o[0m
[1.750s] [ 74%] [32mBuilding CXX object CMakeFiles/nav_2d_msgs__rosidl_typesupport_fastrtps_c.dir/rosidl_typesupport_fastrtps_c/nav_2d_msgs/msg/detail/pose2_d32__type_support_c.cpp.o[0m
[1.750s] [ 74%] [32mBuilding CXX object CMakeFiles/nav_2d_msgs__rosidl_typesupport_fastrtps_c.dir/rosidl_typesupport_fastrtps_c/nav_2d_msgs/msg/detail/pose2_d_stamped__type_support_c.cpp.o[0m
[1.750s] [ 76%] [32mBuilding CXX object CMakeFiles/nav_2d_msgs__rosidl_typesupport_fastrtps_c.dir/rosidl_typesupport_fastrtps_c/nav_2d_msgs/msg/detail/twist2_d32__type_support_c.cpp.o[0m
[1.750s] [ 77%] [32mBuilding CXX object CMakeFiles/nav_2d_msgs__rosidl_typesupport_fastrtps_c.dir/rosidl_typesupport_fastrtps_c/nav_2d_msgs/msg/detail/twist2_d__type_support_c.cpp.o[0m
[1.750s] [ 78%] [32mBuilding CXX object CMakeFiles/nav_2d_msgs__rosidl_typesupport_fastrtps_c.dir/rosidl_typesupport_fastrtps_c/nav_2d_msgs/msg/detail/twist2_d_stamped__type_support_c.cpp.o[0m
[1.971s] [ 80%] [32m[1mLinking CXX shared library libnav_2d_msgs__rosidl_typesupport_fastrtps_c.so[0m
[2.014s] [ 80%] Built target nav_2d_msgs__rosidl_typesupport_fastrtps_c
[2.019s] [35m[1mScanning dependencies of target nav_2d_msgs[0m
[2.024s] [ 80%] Built target nav_2d_msgs
[2.028s] [35m[1mScanning dependencies of target nav_2d_msgs__py[0m
[2.034s] [ 81%] [34m[1mGenerating Python code for ROS interfaces[0m
[2.386s] [ 81%] Built target nav_2d_msgs__py
[2.391s] [35m[1mScanning dependencies of target nav_2d_msgs__python[0m
[2.404s] [ 84%] [32mBuilding C object CMakeFiles/nav_2d_msgs__python.dir/rosidl_generator_py/nav_2d_msgs/msg/_twist2_d_stamped_s.c.o[0m
[2.404s] [ 84%] [32mBuilding C object CMakeFiles/nav_2d_msgs__python.dir/rosidl_generator_py/nav_2d_msgs/msg/_pose2_d32_s.c.o[0m
[2.405s] [ 85%] [32mBuilding C object CMakeFiles/nav_2d_msgs__python.dir/rosidl_generator_py/nav_2d_msgs/msg/_path2_d_s.c.o[0m
[2.405s] [ 87%] [32mBuilding C object CMakeFiles/nav_2d_msgs__python.dir/rosidl_generator_py/nav_2d_msgs/msg/_pose2_d_stamped_s.c.o[0m
[2.405s] [ 88%] [32mBuilding C object CMakeFiles/nav_2d_msgs__python.dir/rosidl_generator_py/nav_2d_msgs/msg/_twist2_d_s.c.o[0m
[2.406s] [ 90%] [32mBuilding C object CMakeFiles/nav_2d_msgs__python.dir/rosidl_generator_py/nav_2d_msgs/msg/_twist2_d32_s.c.o[0m
[2.464s] [ 91%] [32m[1mLinking C shared library rosidl_generator_py/nav_2d_msgs/libnav_2d_msgs__python.so[0m
[2.489s] [ 91%] Built target nav_2d_msgs__python
[2.495s] [35m[1mScanning dependencies of target nav_2d_msgs__rosidl_typesupport_c__pyext[0m
[2.495s] [35m[1mScanning dependencies of target nav_2d_msgs__rosidl_typesupport_introspection_c__pyext[0m
[2.495s] [35m[1mScanning dependencies of target nav_2d_msgs__rosidl_typesupport_fastrtps_c__pyext[0m
[2.507s] [ 95%] [32mBuilding C object CMakeFiles/nav_2d_msgs__rosidl_typesupport_introspection_c__pyext.dir/rosidl_generator_py/nav_2d_msgs/_nav_2d_msgs_s.ep.rosidl_typesupport_introspection_c.c.o[0m
[2.507s] [ 95%] [32mBuilding C object CMakeFiles/nav_2d_msgs__rosidl_typesupport_fastrtps_c__pyext.dir/rosidl_generator_py/nav_2d_msgs/_nav_2d_msgs_s.ep.rosidl_typesupport_fastrtps_c.c.o[0m
[2.507s] [ 95%] [32mBuilding C object CMakeFiles/nav_2d_msgs__rosidl_typesupport_c__pyext.dir/rosidl_generator_py/nav_2d_msgs/_nav_2d_msgs_s.ep.rosidl_typesupport_c.c.o[0m
[2.551s] [ 97%] [32m[1mLinking C shared library rosidl_generator_py/nav_2d_msgs/nav_2d_msgs_s__rosidl_typesupport_introspection_c.cpython-38-x86_64-linux-gnu.so[0m
[2.553s] [ 98%] [32m[1mLinking C shared library rosidl_generator_py/nav_2d_msgs/nav_2d_msgs_s__rosidl_typesupport_c.cpython-38-x86_64-linux-gnu.so[0m
[2.559s] [100%] [32m[1mLinking CXX shared library rosidl_generator_py/nav_2d_msgs/nav_2d_msgs_s__rosidl_typesupport_fastrtps_c.cpython-38-x86_64-linux-gnu.so[0m
[2.569s] [100%] Built target nav_2d_msgs__rosidl_typesupport_introspection_c__pyext
[2.570s] [100%] Built target nav_2d_msgs__rosidl_typesupport_c__pyext
[2.592s] [100%] Built target nav_2d_msgs__rosidl_typesupport_fastrtps_c__pyext
[2.597s] Invoked command in '/home/keti/turtle_carto/build/nav_2d_msgs' returned '0': CMAKE_PREFIX_PATH=/opt/ros/foxy /usr/bin/cmake --build /home/keti/turtle_carto/build/nav_2d_msgs -- -j24 -l24
[2.646s] Invoking command in '/home/keti/turtle_carto/build/nav_2d_msgs': CMAKE_PREFIX_PATH=/opt/ros/foxy /usr/bin/cmake --install /home/keti/turtle_carto/build/nav_2d_msgs
[2.651s] -- Install configuration: ""
[2.651s] -- Installing: /home/keti/turtle_carto/install/nav_2d_msgs/share/ament_index/resource_index/rosidl_interfaces/nav_2d_msgs
[2.651s] -- Installing: /home/keti/turtle_carto/install/nav_2d_msgs/include/nav_2d_msgs
[2.651s] -- Installing: /home/keti/turtle_carto/install/nav_2d_msgs/include/nav_2d_msgs/msg
[2.651s] -- Installing: /home/keti/turtle_carto/install/nav_2d_msgs/include/nav_2d_msgs/msg/twist2_d32.h
[2.651s] -- Installing: /home/keti/turtle_carto/install/nav_2d_msgs/include/nav_2d_msgs/msg/pose2_d32.h
[2.651s] -- Installing: /home/keti/turtle_carto/install/nav_2d_msgs/include/nav_2d_msgs/msg/rosidl_generator_c__visibility_control.h
[2.651s] -- Installing: /home/keti/turtle_carto/install/nav_2d_msgs/include/nav_2d_msgs/msg/detail
[2.651s] -- Installing: /home/keti/turtle_carto/install/nav_2d_msgs/include/nav_2d_msgs/msg/detail/twist2_d32__struct.h
[2.651s] -- Installing: /home/keti/turtle_carto/install/nav_2d_msgs/include/nav_2d_msgs/msg/detail/pose2_d_stamped__type_support.h
[2.651s] -- Installing: /home/keti/turtle_carto/install/nav_2d_msgs/include/nav_2d_msgs/msg/detail/twist2_d__type_support.h
[2.651s] -- Installing: /home/keti/turtle_carto/install/nav_2d_msgs/include/nav_2d_msgs/msg/detail/pose2_d_stamped__functions.c
[2.652s] -- Installing: /home/keti/turtle_carto/install/nav_2d_msgs/include/nav_2d_msgs/msg/detail/twist2_d32__type_support.h
[2.652s] -- Installing: /home/keti/turtle_carto/install/nav_2d_msgs/include/nav_2d_msgs/msg/detail/pose2_d32__type_support.h
[2.652s] -- Installing: /home/keti/turtle_carto/install/nav_2d_msgs/include/nav_2d_msgs/msg/detail/pose2_d32__struct.h
[2.652s] -- Installing: /home/keti/turtle_carto/install/nav_2d_msgs/include/nav_2d_msgs/msg/detail/pose2_d32__functions.h
[2.652s] -- Installing: /home/keti/turtle_carto/install/nav_2d_msgs/include/nav_2d_msgs/msg/detail/pose2_d32__functions.c
[2.652s] -- Installing: /home/keti/turtle_carto/install/nav_2d_msgs/include/nav_2d_msgs/msg/detail/twist2_d_stamped__type_support.h
[2.652s] -- Installing: /home/keti/turtle_carto/install/nav_2d_msgs/include/nav_2d_msgs/msg/detail/path2_d__functions.h
[2.652s] -- Installing: /home/keti/turtle_carto/install/nav_2d_msgs/include/nav_2d_msgs/msg/detail/twist2_d_stamped__functions.h
[2.652s] -- Installing: /home/keti/turtle_carto/install/nav_2d_msgs/include/nav_2d_msgs/msg/detail/twist2_d_stamped__struct.h
[2.652s] -- Installing: /home/keti/turtle_carto/install/nav_2d_msgs/include/nav_2d_msgs/msg/detail/twist2_d__functions.c
[2.652s] -- Installing: /home/keti/turtle_carto/install/nav_2d_msgs/include/nav_2d_msgs/msg/detail/twist2_d__struct.h
[2.652s] -- Installing: /home/keti/turtle_carto/install/nav_2d_msgs/include/nav_2d_msgs/msg/detail/path2_d__struct.h
[2.652s] -- Installing: /home/keti/turtle_carto/install/nav_2d_msgs/include/nav_2d_msgs/msg/detail/pose2_d_stamped__functions.h
[2.652s] -- Installing: /home/keti/turtle_carto/install/nav_2d_msgs/include/nav_2d_msgs/msg/detail/pose2_d_stamped__struct.h
[2.652s] -- Installing: /home/keti/turtle_carto/install/nav_2d_msgs/include/nav_2d_msgs/msg/detail/path2_d__functions.c
[2.652s] -- Installing: /home/keti/turtle_carto/install/nav_2d_msgs/include/nav_2d_msgs/msg/detail/twist2_d32__functions.h
[2.652s] -- Installing: /home/keti/turtle_carto/install/nav_2d_msgs/include/nav_2d_msgs/msg/detail/twist2_d_stamped__functions.c
[2.652s] -- Installing: /home/keti/turtle_carto/install/nav_2d_msgs/include/nav_2d_msgs/msg/detail/twist2_d__functions.h
[2.652s] -- Installing: /home/keti/turtle_carto/install/nav_2d_msgs/include/nav_2d_msgs/msg/detail/twist2_d32__functions.c
[2.652s] -- Installing: /home/keti/turtle_carto/install/nav_2d_msgs/include/nav_2d_msgs/msg/detail/path2_d__type_support.h
[2.653s] -- Installing: /home/keti/turtle_carto/install/nav_2d_msgs/include/nav_2d_msgs/msg/twist2_d.h
[2.653s] -- Installing: /home/keti/turtle_carto/install/nav_2d_msgs/include/nav_2d_msgs/msg/twist2_d_stamped.h
[2.653s] -- Installing: /home/keti/turtle_carto/install/nav_2d_msgs/include/nav_2d_msgs/msg/pose2_d_stamped.h
[2.653s] -- Installing: /home/keti/turtle_carto/install/nav_2d_msgs/include/nav_2d_msgs/msg/path2_d.h
[2.653s] -- Installing: /home/keti/turtle_carto/install/nav_2d_msgs/share/nav_2d_msgs/environment/library_path.sh
[2.653s] -- Installing: /home/keti/turtle_carto/install/nav_2d_msgs/share/nav_2d_msgs/environment/library_path.dsv
[2.653s] -- Installing: /home/keti/turtle_carto/install/nav_2d_msgs/lib/libnav_2d_msgs__rosidl_generator_c.so
[2.653s] -- Set runtime path of "/home/keti/turtle_carto/install/nav_2d_msgs/lib/libnav_2d_msgs__rosidl_generator_c.so" to ""
[2.653s] -- Up-to-date: /home/keti/turtle_carto/install/nav_2d_msgs/include/nav_2d_msgs
[2.653s] -- Up-to-date: /home/keti/turtle_carto/install/nav_2d_msgs/include/nav_2d_msgs/msg
[2.653s] -- Installing: /home/keti/turtle_carto/install/nav_2d_msgs/include/nav_2d_msgs/msg/rosidl_typesupport_fastrtps_c__visibility_control.h
[2.653s] -- Up-to-date: /home/keti/turtle_carto/install/nav_2d_msgs/include/nav_2d_msgs/msg/detail
[2.653s] -- Installing: /home/keti/turtle_carto/install/nav_2d_msgs/include/nav_2d_msgs/msg/detail/twist2_d32__rosidl_typesupport_fastrtps_c.h
[2.653s] -- Installing: /home/keti/turtle_carto/install/nav_2d_msgs/include/nav_2d_msgs/msg/detail/pose2_d_stamped__rosidl_typesupport_fastrtps_c.h
[2.653s] -- Installing: /home/keti/turtle_carto/install/nav_2d_msgs/include/nav_2d_msgs/msg/detail/twist2_d_stamped__rosidl_typesupport_fastrtps_c.h
[2.653s] -- Installing: /home/keti/turtle_carto/install/nav_2d_msgs/include/nav_2d_msgs/msg/detail/pose2_d32__rosidl_typesupport_fastrtps_c.h
[2.654s] -- Installing: /home/keti/turtle_carto/install/nav_2d_msgs/include/nav_2d_msgs/msg/detail/twist2_d__rosidl_typesupport_fastrtps_c.h
[2.654s] -- Installing: /home/keti/turtle_carto/install/nav_2d_msgs/include/nav_2d_msgs/msg/detail/path2_d__rosidl_typesupport_fastrtps_c.h
[2.654s] -- Installing: /home/keti/turtle_carto/install/nav_2d_msgs/lib/libnav_2d_msgs__rosidl_typesupport_fastrtps_c.so
[2.654s] -- Set runtime path of "/home/keti/turtle_carto/install/nav_2d_msgs/lib/libnav_2d_msgs__rosidl_typesupport_fastrtps_c.so" to ""
[2.654s] -- Up-to-date: /home/keti/turtle_carto/install/nav_2d_msgs/include/nav_2d_msgs
[2.654s] -- Up-to-date: /home/keti/turtle_carto/install/nav_2d_msgs/include/nav_2d_msgs/msg
[2.654s] -- Up-to-date: /home/keti/turtle_carto/install/nav_2d_msgs/include/nav_2d_msgs/msg/detail
[2.654s] -- Installing: /home/keti/turtle_carto/install/nav_2d_msgs/include/nav_2d_msgs/msg/detail/dds_fastrtps
[2.654s] -- Installing: /home/keti/turtle_carto/install/nav_2d_msgs/include/nav_2d_msgs/msg/detail/twist2_d_stamped__rosidl_typesupport_fastrtps_cpp.hpp
[2.654s] -- Installing: /home/keti/turtle_carto/install/nav_2d_msgs/include/nav_2d_msgs/msg/detail/path2_d__rosidl_typesupport_fastrtps_cpp.hpp
[2.654s] -- Installing: /home/keti/turtle_carto/install/nav_2d_msgs/include/nav_2d_msgs/msg/detail/pose2_d32__rosidl_typesupport_fastrtps_cpp.hpp
[2.654s] -- Installing: /home/keti/turtle_carto/install/nav_2d_msgs/include/nav_2d_msgs/msg/detail/pose2_d_stamped__rosidl_typesupport_fastrtps_cpp.hpp
[2.654s] -- Installing: /home/keti/turtle_carto/install/nav_2d_msgs/include/nav_2d_msgs/msg/detail/twist2_d32__rosidl_typesupport_fastrtps_cpp.hpp
[2.654s] -- Installing: /home/keti/turtle_carto/install/nav_2d_msgs/include/nav_2d_msgs/msg/detail/twist2_d__rosidl_typesupport_fastrtps_cpp.hpp
[2.654s] -- Installing: /home/keti/turtle_carto/install/nav_2d_msgs/include/nav_2d_msgs/msg/rosidl_typesupport_fastrtps_cpp__visibility_control.h
[2.654s] -- Installing: /home/keti/turtle_carto/install/nav_2d_msgs/lib/libnav_2d_msgs__rosidl_typesupport_fastrtps_cpp.so
[2.654s] -- Set runtime path of "/home/keti/turtle_carto/install/nav_2d_msgs/lib/libnav_2d_msgs__rosidl_typesupport_fastrtps_cpp.so" to ""
[2.654s] -- Up-to-date: /home/keti/turtle_carto/install/nav_2d_msgs/include/nav_2d_msgs
[2.654s] -- Up-to-date: /home/keti/turtle_carto/install/nav_2d_msgs/include/nav_2d_msgs/msg
[2.654s] -- Up-to-date: /home/keti/turtle_carto/install/nav_2d_msgs/include/nav_2d_msgs/msg/detail
[2.654s] -- Installing: /home/keti/turtle_carto/install/nav_2d_msgs/include/nav_2d_msgs/msg/detail/twist2_d__type_support.c
[2.654s] -- Installing: /home/keti/turtle_carto/install/nav_2d_msgs/include/nav_2d_msgs/msg/detail/pose2_d_stamped__rosidl_typesupport_introspection_c.h
[2.654s] -- Installing: /home/keti/turtle_carto/install/nav_2d_msgs/include/nav_2d_msgs/msg/detail/twist2_d32__rosidl_typesupport_introspection_c.h
[2.654s] -- Installing: /home/keti/turtle_carto/install/nav_2d_msgs/include/nav_2d_msgs/msg/detail/twist2_d_stamped__type_support.c
[2.654s] -- Installing: /home/keti/turtle_carto/install/nav_2d_msgs/include/nav_2d_msgs/msg/detail/twist2_d_stamped__rosidl_typesupport_introspection_c.h
[2.654s] -- Installing: /home/keti/turtle_carto/install/nav_2d_msgs/include/nav_2d_msgs/msg/detail/pose2_d32__rosidl_typesupport_introspection_c.h
[2.654s] -- Installing: /home/keti/turtle_carto/install/nav_2d_msgs/include/nav_2d_msgs/msg/detail/pose2_d_stamped__type_support.c
[2.654s] -- Installing: /home/keti/turtle_carto/install/nav_2d_msgs/include/nav_2d_msgs/msg/detail/path2_d__rosidl_typesupport_introspection_c.h
[2.654s] -- Installing: /home/keti/turtle_carto/install/nav_2d_msgs/include/nav_2d_msgs/msg/detail/path2_d__type_support.c
[2.654s] -- Installing: /home/keti/turtle_carto/install/nav_2d_msgs/include/nav_2d_msgs/msg/detail/twist2_d__rosidl_typesupport_introspection_c.h
[2.654s] -- Installing: /home/keti/turtle_carto/install/nav_2d_msgs/include/nav_2d_msgs/msg/detail/twist2_d32__type_support.c
[2.655s] -- Installing: /home/keti/turtle_carto/install/nav_2d_msgs/include/nav_2d_msgs/msg/detail/pose2_d32__type_support.c
[2.655s] -- Installing: /home/keti/turtle_carto/install/nav_2d_msgs/include/nav_2d_msgs/msg/rosidl_typesupport_introspection_c__visibility_control.h
[2.655s] -- Installing: /home/keti/turtle_carto/install/nav_2d_msgs/lib/libnav_2d_msgs__rosidl_typesupport_introspection_c.so
[2.655s] -- Set runtime path of "/home/keti/turtle_carto/install/nav_2d_msgs/lib/libnav_2d_msgs__rosidl_typesupport_introspection_c.so" to ""
[2.655s] -- Installing: /home/keti/turtle_carto/install/nav_2d_msgs/lib/libnav_2d_msgs__rosidl_typesupport_c.so
[2.655s] -- Set runtime path of "/home/keti/turtle_carto/install/nav_2d_msgs/lib/libnav_2d_msgs__rosidl_typesupport_c.so" to ""
[2.655s] -- Up-to-date: /home/keti/turtle_carto/install/nav_2d_msgs/include/nav_2d_msgs
[2.655s] -- Up-to-date: /home/keti/turtle_carto/install/nav_2d_msgs/include/nav_2d_msgs/msg
[2.655s] -- Installing: /home/keti/turtle_carto/install/nav_2d_msgs/include/nav_2d_msgs/msg/twist2_d_stamped.hpp
[2.655s] -- Installing: /home/keti/turtle_carto/install/nav_2d_msgs/include/nav_2d_msgs/msg/twist2_d.hpp
[2.655s] -- Installing: /home/keti/turtle_carto/install/nav_2d_msgs/include/nav_2d_msgs/msg/twist2_d32.hpp
[2.655s] -- Installing: /home/keti/turtle_carto/install/nav_2d_msgs/include/nav_2d_msgs/msg/path2_d.hpp
[2.655s] -- Up-to-date: /home/keti/turtle_carto/install/nav_2d_msgs/include/nav_2d_msgs/msg/detail
[2.655s] -- Installing: /home/keti/turtle_carto/install/nav_2d_msgs/include/nav_2d_msgs/msg/detail/twist2_d32__traits.hpp
[2.655s] -- Installing: /home/keti/turtle_carto/install/nav_2d_msgs/include/nav_2d_msgs/msg/detail/twist2_d_stamped__traits.hpp
[2.655s] -- Installing: /home/keti/turtle_carto/install/nav_2d_msgs/include/nav_2d_msgs/msg/detail/pose2_d_stamped__traits.hpp
[2.655s] -- Installing: /home/keti/turtle_carto/install/nav_2d_msgs/include/nav_2d_msgs/msg/detail/pose2_d32__struct.hpp
[2.655s] -- Installing: /home/keti/turtle_carto/install/nav_2d_msgs/include/nav_2d_msgs/msg/detail/path2_d__builder.hpp
[2.655s] -- Installing: /home/keti/turtle_carto/install/nav_2d_msgs/include/nav_2d_msgs/msg/detail/twist2_d__traits.hpp
[2.655s] -- Installing: /home/keti/turtle_carto/install/nav_2d_msgs/include/nav_2d_msgs/msg/detail/path2_d__traits.hpp
[2.655s] -- Installing: /home/keti/turtle_carto/install/nav_2d_msgs/include/nav_2d_msgs/msg/detail/pose2_d32__builder.hpp
[2.655s] -- Installing: /home/keti/turtle_carto/install/nav_2d_msgs/include/nav_2d_msgs/msg/detail/pose2_d_stamped__builder.hpp
[2.655s] -- Installing: /home/keti/turtle_carto/install/nav_2d_msgs/include/nav_2d_msgs/msg/detail/twist2_d32__builder.hpp
[2.655s] -- Installing: /home/keti/turtle_carto/install/nav_2d_msgs/include/nav_2d_msgs/msg/detail/path2_d__struct.hpp
[2.655s] -- Installing: /home/keti/turtle_carto/install/nav_2d_msgs/include/nav_2d_msgs/msg/detail/twist2_d_stamped__struct.hpp
[2.655s] -- Installing: /home/keti/turtle_carto/install/nav_2d_msgs/include/nav_2d_msgs/msg/detail/pose2_d32__traits.hpp
[2.655s] -- Installing: /home/keti/turtle_carto/install/nav_2d_msgs/include/nav_2d_msgs/msg/detail/twist2_d_stamped__builder.hpp
[2.655s] -- Installing: /home/keti/turtle_carto/install/nav_2d_msgs/include/nav_2d_msgs/msg/detail/pose2_d_stamped__struct.hpp
[2.655s] -- Installing: /home/keti/turtle_carto/install/nav_2d_msgs/include/nav_2d_msgs/msg/detail/twist2_d__builder.hpp
[2.655s] -- Installing: /home/keti/turtle_carto/install/nav_2d_msgs/include/nav_2d_msgs/msg/detail/twist2_d32__struct.hpp
[2.655s] -- Installing: /home/keti/turtle_carto/install/nav_2d_msgs/include/nav_2d_msgs/msg/detail/twist2_d__struct.hpp
[2.655s] -- Installing: /home/keti/turtle_carto/install/nav_2d_msgs/include/nav_2d_msgs/msg/pose2_d_stamped.hpp
[2.655s] -- Installing: /home/keti/turtle_carto/install/nav_2d_msgs/include/nav_2d_msgs/msg/pose2_d32.hpp
[2.655s] -- Up-to-date: /home/keti/turtle_carto/install/nav_2d_msgs/include/nav_2d_msgs
[2.655s] -- Up-to-date: /home/keti/turtle_carto/install/nav_2d_msgs/include/nav_2d_msgs/msg
[2.655s] -- Up-to-date: /home/keti/turtle_carto/install/nav_2d_msgs/include/nav_2d_msgs/msg/detail
[2.655s] -- Installing: /home/keti/turtle_carto/install/nav_2d_msgs/include/nav_2d_msgs/msg/detail/pose2_d32__type_support.cpp
[2.655s] -- Installing: /home/keti/turtle_carto/install/nav_2d_msgs/include/nav_2d_msgs/msg/detail/path2_d__rosidl_typesupport_introspection_cpp.hpp
[2.655s] -- Installing: /home/keti/turtle_carto/install/nav_2d_msgs/include/nav_2d_msgs/msg/detail/twist2_d__type_support.cpp
[2.656s] -- Installing: /home/keti/turtle_carto/install/nav_2d_msgs/include/nav_2d_msgs/msg/detail/twist2_d_stamped__type_support.cpp
[2.656s] -- Installing: /home/keti/turtle_carto/install/nav_2d_msgs/include/nav_2d_msgs/msg/detail/pose2_d_stamped__type_support.cpp
[2.656s] -- Installing: /home/keti/turtle_carto/install/nav_2d_msgs/include/nav_2d_msgs/msg/detail/twist2_d__rosidl_typesupport_introspection_cpp.hpp
[2.656s] -- Installing: /home/keti/turtle_carto/install/nav_2d_msgs/include/nav_2d_msgs/msg/detail/path2_d__type_support.cpp
[2.656s] -- Installing: /home/keti/turtle_carto/install/nav_2d_msgs/include/nav_2d_msgs/msg/detail/twist2_d32__rosidl_typesupport_introspection_cpp.hpp
[2.656s] -- Installing: /home/keti/turtle_carto/install/nav_2d_msgs/include/nav_2d_msgs/msg/detail/pose2_d_stamped__rosidl_typesupport_introspection_cpp.hpp
[2.656s] -- Installing: /home/keti/turtle_carto/install/nav_2d_msgs/include/nav_2d_msgs/msg/detail/twist2_d32__type_support.cpp
[2.656s] -- Installing: /home/keti/turtle_carto/install/nav_2d_msgs/include/nav_2d_msgs/msg/detail/pose2_d32__rosidl_typesupport_introspection_cpp.hpp
[2.656s] -- Installing: /home/keti/turtle_carto/install/nav_2d_msgs/include/nav_2d_msgs/msg/detail/twist2_d_stamped__rosidl_typesupport_introspection_cpp.hpp
[2.656s] -- Installing: /home/keti/turtle_carto/install/nav_2d_msgs/lib/libnav_2d_msgs__rosidl_typesupport_introspection_cpp.so
[2.656s] -- Set runtime path of "/home/keti/turtle_carto/install/nav_2d_msgs/lib/libnav_2d_msgs__rosidl_typesupport_introspection_cpp.so" to ""
[2.656s] -- Installing: /home/keti/turtle_carto/install/nav_2d_msgs/lib/libnav_2d_msgs__rosidl_typesupport_cpp.so
[2.656s] -- Set runtime path of "/home/keti/turtle_carto/install/nav_2d_msgs/lib/libnav_2d_msgs__rosidl_typesupport_cpp.so" to ""
[2.656s] -- Installing: /home/keti/turtle_carto/install/nav_2d_msgs/share/nav_2d_msgs/environment/pythonpath.sh
[2.656s] -- Installing: /home/keti/turtle_carto/install/nav_2d_msgs/share/nav_2d_msgs/environment/pythonpath.dsv
[2.656s] -- Installing: /home/keti/turtle_carto/install/nav_2d_msgs/lib/python3.8/site-packages/nav_2d_msgs/__init__.py
[2.670s] Compiling '/home/keti/turtle_carto/install/nav_2d_msgs/lib/python3.8/site-packages/nav_2d_msgs/__init__.py'...
[2.672s] -- Installing: /home/keti/turtle_carto/install/nav_2d_msgs/lib/python3.8/site-packages/nav_2d_msgs/msg
[2.672s] -- Installing: /home/keti/turtle_carto/install/nav_2d_msgs/lib/python3.8/site-packages/nav_2d_msgs/msg/_twist2_d32.py
[2.672s] -- Installing: /home/keti/turtle_carto/install/nav_2d_msgs/lib/python3.8/site-packages/nav_2d_msgs/msg/_twist2_d32_s.c
[2.672s] -- Installing: /home/keti/turtle_carto/install/nav_2d_msgs/lib/python3.8/site-packages/nav_2d_msgs/msg/__init__.py
[2.672s] -- Installing: /home/keti/turtle_carto/install/nav_2d_msgs/lib/python3.8/site-packages/nav_2d_msgs/msg/_path2_d_s.c
[2.672s] -- Installing: /home/keti/turtle_carto/install/nav_2d_msgs/lib/python3.8/site-packages/nav_2d_msgs/msg/_pose2_d_stamped_s.c
[2.672s] -- Installing: /home/keti/turtle_carto/install/nav_2d_msgs/lib/python3.8/site-packages/nav_2d_msgs/msg/_pose2_d32.py
[2.672s] -- Installing: /home/keti/turtle_carto/install/nav_2d_msgs/lib/python3.8/site-packages/nav_2d_msgs/msg/_twist2_d.py
[2.672s] -- Installing: /home/keti/turtle_carto/install/nav_2d_msgs/lib/python3.8/site-packages/nav_2d_msgs/msg/_twist2_d_stamped_s.c
[2.672s] -- Installing: /home/keti/turtle_carto/install/nav_2d_msgs/lib/python3.8/site-packages/nav_2d_msgs/msg/_pose2_d_stamped.py
[2.673s] -- Installing: /home/keti/turtle_carto/install/nav_2d_msgs/lib/python3.8/site-packages/nav_2d_msgs/msg/_pose2_d32_s.c
[2.673s] -- Installing: /home/keti/turtle_carto/install/nav_2d_msgs/lib/python3.8/site-packages/nav_2d_msgs/msg/_path2_d.py
[2.673s] -- Installing: /home/keti/turtle_carto/install/nav_2d_msgs/lib/python3.8/site-packages/nav_2d_msgs/msg/_twist2_d_s.c
[2.673s] -- Installing: /home/keti/turtle_carto/install/nav_2d_msgs/lib/python3.8/site-packages/nav_2d_msgs/msg/_twist2_d_stamped.py
[2.673s] -- Installing: /home/keti/turtle_carto/install/nav_2d_msgs/lib/python3.8/site-packages/nav_2d_msgs/nav_2d_msgs_s__rosidl_typesupport_fastrtps_c.cpython-38-x86_64-linux-gnu.so
[2.673s] -- Set runtime path of "/home/keti/turtle_carto/install/nav_2d_msgs/lib/python3.8/site-packages/nav_2d_msgs/nav_2d_msgs_s__rosidl_typesupport_fastrtps_c.cpython-38-x86_64-linux-gnu.so" to ""
[2.673s] -- Installing: /home/keti/turtle_carto/install/nav_2d_msgs/lib/python3.8/site-packages/nav_2d_msgs/nav_2d_msgs_s__rosidl_typesupport_introspection_c.cpython-38-x86_64-linux-gnu.so
[2.673s] -- Set runtime path of "/home/keti/turtle_carto/install/nav_2d_msgs/lib/python3.8/site-packages/nav_2d_msgs/nav_2d_msgs_s__rosidl_typesupport_introspection_c.cpython-38-x86_64-linux-gnu.so" to ""
[2.673s] -- Installing: /home/keti/turtle_carto/install/nav_2d_msgs/lib/python3.8/site-packages/nav_2d_msgs/nav_2d_msgs_s__rosidl_typesupport_c.cpython-38-x86_64-linux-gnu.so
[2.673s] -- Set runtime path of "/home/keti/turtle_carto/install/nav_2d_msgs/lib/python3.8/site-packages/nav_2d_msgs/nav_2d_msgs_s__rosidl_typesupport_c.cpython-38-x86_64-linux-gnu.so" to ""
[2.674s] -- Installing: /home/keti/turtle_carto/install/nav_2d_msgs/lib/libnav_2d_msgs__python.so
[2.674s] -- Set runtime path of "/home/keti/turtle_carto/install/nav_2d_msgs/lib/libnav_2d_msgs__python.so" to ""
[2.674s] -- Installing: /home/keti/turtle_carto/install/nav_2d_msgs/share/nav_2d_msgs/msg/Path2D.idl
[2.674s] -- Installing: /home/keti/turtle_carto/install/nav_2d_msgs/share/nav_2d_msgs/msg/Pose2D32.idl
[2.674s] -- Installing: /home/keti/turtle_carto/install/nav_2d_msgs/share/nav_2d_msgs/msg/Pose2DStamped.idl
[2.674s] -- Installing: /home/keti/turtle_carto/install/nav_2d_msgs/share/nav_2d_msgs/msg/Twist2D.idl
[2.674s] -- Installing: /home/keti/turtle_carto/install/nav_2d_msgs/share/nav_2d_msgs/msg/Twist2D32.idl
[2.674s] -- Installing: /home/keti/turtle_carto/install/nav_2d_msgs/share/nav_2d_msgs/msg/Twist2DStamped.idl
[2.674s] -- Installing: /home/keti/turtle_carto/install/nav_2d_msgs/share/nav_2d_msgs/msg/Path2D.msg
[2.674s] -- Installing: /home/keti/turtle_carto/install/nav_2d_msgs/share/nav_2d_msgs/msg/Pose2D32.msg
[2.674s] -- Installing: /home/keti/turtle_carto/install/nav_2d_msgs/share/nav_2d_msgs/msg/Pose2DStamped.msg
[2.674s] -- Installing: /home/keti/turtle_carto/install/nav_2d_msgs/share/nav_2d_msgs/msg/Twist2D.msg
[2.674s] -- Installing: /home/keti/turtle_carto/install/nav_2d_msgs/share/nav_2d_msgs/msg/Twist2D32.msg
[2.674s] -- Installing: /home/keti/turtle_carto/install/nav_2d_msgs/share/nav_2d_msgs/msg/Twist2DStamped.msg
[2.674s] -- Installing: /home/keti/turtle_carto/install/nav_2d_msgs/share/ament_index/resource_index/package_run_dependencies/nav_2d_msgs
[2.674s] -- Installing: /home/keti/turtle_carto/install/nav_2d_msgs/share/ament_index/resource_index/parent_prefix_path/nav_2d_msgs
[2.674s] -- Installing: /home/keti/turtle_carto/install/nav_2d_msgs/share/nav_2d_msgs/environment/ament_prefix_path.sh
[2.674s] -- Installing: /home/keti/turtle_carto/install/nav_2d_msgs/share/nav_2d_msgs/environment/ament_prefix_path.dsv
[2.674s] -- Installing: /home/keti/turtle_carto/install/nav_2d_msgs/share/nav_2d_msgs/environment/path.sh
[2.674s] -- Installing: /home/keti/turtle_carto/install/nav_2d_msgs/share/nav_2d_msgs/environment/path.dsv
[2.675s] -- Installing: /home/keti/turtle_carto/install/nav_2d_msgs/share/nav_2d_msgs/local_setup.bash
[2.675s] -- Installing: /home/keti/turtle_carto/install/nav_2d_msgs/share/nav_2d_msgs/local_setup.sh
[2.675s] -- Installing: /home/keti/turtle_carto/install/nav_2d_msgs/share/nav_2d_msgs/local_setup.zsh
[2.675s] -- Installing: /home/keti/turtle_carto/install/nav_2d_msgs/share/nav_2d_msgs/local_setup.dsv
[2.675s] -- Installing: /home/keti/turtle_carto/install/nav_2d_msgs/share/nav_2d_msgs/package.dsv
[2.675s] -- Installing: /home/keti/turtle_carto/install/nav_2d_msgs/share/ament_index/resource_index/packages/nav_2d_msgs
[2.675s] -- Installing: /home/keti/turtle_carto/install/nav_2d_msgs/share/nav_2d_msgs/cmake/nav_2d_msgs__rosidl_generator_cExport.cmake
[2.675s] -- Installing: /home/keti/turtle_carto/install/nav_2d_msgs/share/nav_2d_msgs/cmake/nav_2d_msgs__rosidl_generator_cExport-noconfig.cmake
[2.675s] -- Installing: /home/keti/turtle_carto/install/nav_2d_msgs/share/nav_2d_msgs/cmake/nav_2d_msgs__rosidl_typesupport_introspection_cExport.cmake
[2.675s] -- Installing: /home/keti/turtle_carto/install/nav_2d_msgs/share/nav_2d_msgs/cmake/nav_2d_msgs__rosidl_typesupport_introspection_cExport-noconfig.cmake
[2.675s] -- Installing: /home/keti/turtle_carto/install/nav_2d_msgs/share/nav_2d_msgs/cmake/nav_2d_msgs__rosidl_typesupport_cExport.cmake
[2.675s] -- Installing: /home/keti/turtle_carto/install/nav_2d_msgs/share/nav_2d_msgs/cmake/nav_2d_msgs__rosidl_typesupport_cExport-noconfig.cmake
[2.675s] -- Installing: /home/keti/turtle_carto/install/nav_2d_msgs/share/nav_2d_msgs/cmake/nav_2d_msgs__rosidl_generator_cppExport.cmake
[2.675s] -- Installing: /home/keti/turtle_carto/install/nav_2d_msgs/share/nav_2d_msgs/cmake/nav_2d_msgs__rosidl_typesupport_introspection_cppExport.cmake
[2.675s] -- Installing: /home/keti/turtle_carto/install/nav_2d_msgs/share/nav_2d_msgs/cmake/nav_2d_msgs__rosidl_typesupport_introspection_cppExport-noconfig.cmake
[2.675s] -- Installing: /home/keti/turtle_carto/install/nav_2d_msgs/share/nav_2d_msgs/cmake/nav_2d_msgs__rosidl_typesupport_cppExport.cmake
[2.675s] -- Installing: /home/keti/turtle_carto/install/nav_2d_msgs/share/nav_2d_msgs/cmake/nav_2d_msgs__rosidl_typesupport_cppExport-noconfig.cmake
[2.676s] -- Installing: /home/keti/turtle_carto/install/nav_2d_msgs/share/nav_2d_msgs/cmake/rosidl_cmake-extras.cmake
[2.676s] -- Installing: /home/keti/turtle_carto/install/nav_2d_msgs/share/nav_2d_msgs/cmake/ament_cmake_export_dependencies-extras.cmake
[2.676s] -- Installing: /home/keti/turtle_carto/install/nav_2d_msgs/share/nav_2d_msgs/cmake/ament_cmake_export_libraries-extras.cmake
[2.676s] -- Installing: /home/keti/turtle_carto/install/nav_2d_msgs/share/nav_2d_msgs/cmake/ament_cmake_export_targets-extras.cmake
[2.676s] -- Installing: /home/keti/turtle_carto/install/nav_2d_msgs/share/nav_2d_msgs/cmake/ament_cmake_export_include_directories-extras.cmake
[2.676s] -- Installing: /home/keti/turtle_carto/install/nav_2d_msgs/share/nav_2d_msgs/cmake/rosidl_cmake_export_typesupport_libraries-extras.cmake
[2.676s] -- Installing: /home/keti/turtle_carto/install/nav_2d_msgs/share/nav_2d_msgs/cmake/rosidl_cmake_export_typesupport_targets-extras.cmake
[2.676s] -- Installing: /home/keti/turtle_carto/install/nav_2d_msgs/share/nav_2d_msgs/cmake/nav_2d_msgsConfig.cmake
[2.676s] -- Installing: /home/keti/turtle_carto/install/nav_2d_msgs/share/nav_2d_msgs/cmake/nav_2d_msgsConfig-version.cmake
[2.676s] -- Installing: /home/keti/turtle_carto/install/nav_2d_msgs/share/nav_2d_msgs/package.xml
[2.678s] Invoked command in '/home/keti/turtle_carto/build/nav_2d_msgs' returned '0': CMAKE_PREFIX_PATH=/opt/ros/foxy /usr/bin/cmake --install /home/keti/turtle_carto/build/nav_2d_msgs
