[0.056s] Invoking command in '/home/keti/turtle_carto/build/nav2_voxel_grid': AMENT_PREFIX_PATH=/home/keti/turtle_carto/install/nav2_common:${AMENT_PREFIX_PATH} CMAKE_PREFIX_PATH=/home/keti/turtle_carto/install/nav2_common:/opt/ros/foxy PYTHONPATH=/home/keti/turtle_carto/install/nav2_common/lib/python3.8/site-packages:${PYTHONPATH} /usr/bin/cmake /home/keti/turtle_carto/src/ros-planning/navigation2/nav2_voxel_grid -DCMAKE_INSTALL_PREFIX=/home/keti/turtle_carto/install/nav2_voxel_grid
[0.086s] -- The C compiler identification is GNU 9.4.0
[0.111s] -- The CXX compiler identification is GNU 9.4.0
[0.113s] -- Check for working C compiler: /usr/bin/cc
[0.146s] -- Check for working C compiler: /usr/bin/cc -- works
[0.147s] -- Detecting C compiler ABI info
[0.179s] -- Detecting C compiler ABI info - done
[0.185s] -- Detecting C compile features
[0.185s] -- Detecting C compile features - done
[0.186s] -- Check for working CXX compiler: /usr/bin/c++
[0.231s] -- Check for working CXX compiler: /usr/bin/c++ -- works
[0.231s] -- Detecting CXX compiler ABI info
[0.271s] -- Detecting CXX compiler ABI info - done
[0.280s] -- Detecting CXX compile features
[0.280s] -- Detecting CXX compile features - done
[0.281s] -- Found ament_cmake: 0.9.11 (/opt/ros/foxy/share/ament_cmake/cmake)
[0.293s] -- Found PythonInterp: /usr/bin/python3 (found suitable version "3.8.10", minimum required is "3") 
[0.293s] -- Using PYTHON_EXECUTABLE: /usr/bin/python3
[0.421s] -- Found nav2_common: 1.0.12 (/home/keti/turtle_carto/install/nav2_common/share/nav2_common/cmake)
[0.422s] -- Found rclcpp: 2.4.2 (/opt/ros/foxy/share/rclcpp/cmake)
[0.465s] -- Using all available rosidl_typesupport_c: rosidl_typesupport_fastrtps_c;rosidl_typesupport_introspection_c
[0.472s] -- Found rosidl_adapter: 1.3.0 (/opt/ros/foxy/share/rosidl_adapter/cmake)
[0.590s] -- Found OpenSSL: /usr/lib/x86_64-linux-gnu/libcrypto.so (found version "1.1.1f")  
[0.631s] -- Found FastRTPS: /opt/ros/foxy/include  
[0.693s] -- Using all available rosidl_typesupport_cpp: rosidl_typesupport_fastrtps_cpp;rosidl_typesupport_introspection_cpp
[0.725s] -- Found rmw_implementation_cmake: 1.0.4 (/opt/ros/foxy/share/rmw_implementation_cmake/cmake)
[0.727s] -- Using RMW implementation 'rmw_fastrtps_cpp' as default
[0.727s] -- Looking for pthread.h
[0.765s] -- Looking for pthread.h - found
[0.765s] -- Performing Test CMAKE_HAVE_LIBC_PTHREAD
[0.799s] -- Performing Test CMAKE_HAVE_LIBC_PTHREAD - Failed
[0.800s] -- Looking for pthread_create in pthreads
[0.831s] -- Looking for pthread_create in pthreads - not found
[0.831s] -- Looking for pthread_create in pthread
[0.867s] -- Looking for pthread_create in pthread - found
[0.867s] -- Found Threads: TRUE  
[0.953s] -- Setting build type to Release as none was specified.
[0.954s] -- Found ament_lint_auto: 0.9.8 (/opt/ros/foxy/share/ament_lint_auto/cmake)
[0.994s] -- Found gtest sources under '/opt/ros/foxy/src/gtest_vendor': C++ tests using 'Google Test' will be built
[0.995s] -- Check if compiler accepts -pthread
[1.032s] -- Check if compiler accepts -pthread - yes
[1.036s] -- Added test 'cppcheck' to perform static code analysis on C / C++ code
[1.036s] -- Configured cppcheck include dirs: /home/keti/turtle_carto/src/ros-planning/navigation2/nav2_voxel_grid/include
[1.036s] -- Configured cppcheck exclude dirs and/or files: 
[1.036s] -- Added test 'cpplint' to check C / C++ code against the Google style
[1.036s] -- Configured cpplint exclude dirs and/or files: 
[1.037s] -- Added test 'lint_cmake' to check CMake code style
[1.037s] -- Added test 'uncrustify' to check C / C++ code style
[1.037s] -- Configured uncrustify additional arguments: 
[1.037s] -- Added test 'xmllint' to check XML markup files
[1.040s] -- Configuring done
[1.047s] -- Generating done
[1.048s] -- Build files have been written to: /home/keti/turtle_carto/build/nav2_voxel_grid
[1.054s] Invoked command in '/home/keti/turtle_carto/build/nav2_voxel_grid' returned '0': AMENT_PREFIX_PATH=/home/keti/turtle_carto/install/nav2_common:${AMENT_PREFIX_PATH} CMAKE_PREFIX_PATH=/home/keti/turtle_carto/install/nav2_common:/opt/ros/foxy PYTHONPATH=/home/keti/turtle_carto/install/nav2_common/lib/python3.8/site-packages:${PYTHONPATH} /usr/bin/cmake /home/keti/turtle_carto/src/ros-planning/navigation2/nav2_voxel_grid -DCMAKE_INSTALL_PREFIX=/home/keti/turtle_carto/install/nav2_voxel_grid
[1.056s] Invoking command in '/home/keti/turtle_carto/build/nav2_voxel_grid': AMENT_PREFIX_PATH=/home/keti/turtle_carto/install/nav2_common:${AMENT_PREFIX_PATH} CMAKE_PREFIX_PATH=/home/keti/turtle_carto/install/nav2_common:/opt/ros/foxy PYTHONPATH=/home/keti/turtle_carto/install/nav2_common/lib/python3.8/site-packages:${PYTHONPATH} /usr/bin/cmake --build /home/keti/turtle_carto/build/nav2_voxel_grid -- -j24 -l24
[1.077s] [35m[1mScanning dependencies of target voxel_grid[0m
[1.080s] [35m[1mScanning dependencies of target gtest[0m
[1.080s] [35m[1mScanning dependencies of target gtest_main[0m
[1.093s] [ 10%] [32mBuilding CXX object gtest/CMakeFiles/gtest.dir/src/gtest-all.cc.o[0m
[1.097s] [ 20%] [32mBuilding CXX object CMakeFiles/voxel_grid.dir/src/voxel_grid.cpp.o[0m
[1.099s] [ 30%] [32mBuilding CXX object gtest/CMakeFiles/gtest_main.dir/src/gtest_main.cc.o[0m
[1.609s] [ 40%] [32m[1mLinking CXX static library libgtest_main.a[0m
[1.625s] [ 40%] Built target gtest_main
[2.091s] [ 50%] [32m[1mLinking CXX shared library libvoxel_grid.so[0m
[2.137s] [ 50%] Built target voxel_grid
[6.010s] [ 60%] [32m[1mLinking CXX static library libgtest.a[0m
[6.034s] [ 60%] Built target gtest
[6.039s] [35m[1mScanning dependencies of target voxel_grid_bresenham_3d[0m
[6.039s] [35m[1mScanning dependencies of target voxel_grid_tests[0m
[6.055s] [ 70%] [32mBuilding CXX object test/CMakeFiles/voxel_grid_bresenham_3d.dir/voxel_grid_bresenham_3d.cpp.o[0m
[6.056s] [ 80%] [32mBuilding CXX object test/CMakeFiles/voxel_grid_tests.dir/voxel_grid_tests.cpp.o[0m
[7.418s] [ 90%] [32m[1mLinking CXX executable voxel_grid_bresenham_3d[0m
[7.462s] [100%] [32m[1mLinking CXX executable voxel_grid_tests[0m
[7.468s] [100%] Built target voxel_grid_bresenham_3d
[7.525s] [100%] Built target voxel_grid_tests
[7.531s] Invoked command in '/home/keti/turtle_carto/build/nav2_voxel_grid' returned '0': AMENT_PREFIX_PATH=/home/keti/turtle_carto/install/nav2_common:${AMENT_PREFIX_PATH} CMAKE_PREFIX_PATH=/home/keti/turtle_carto/install/nav2_common:/opt/ros/foxy PYTHONPATH=/home/keti/turtle_carto/install/nav2_common/lib/python3.8/site-packages:${PYTHONPATH} /usr/bin/cmake --build /home/keti/turtle_carto/build/nav2_voxel_grid -- -j24 -l24
[7.550s] Invoking command in '/home/keti/turtle_carto/build/nav2_voxel_grid': AMENT_PREFIX_PATH=/home/keti/turtle_carto/install/nav2_common:${AMENT_PREFIX_PATH} CMAKE_PREFIX_PATH=/home/keti/turtle_carto/install/nav2_common:/opt/ros/foxy PYTHONPATH=/home/keti/turtle_carto/install/nav2_common/lib/python3.8/site-packages:${PYTHONPATH} /usr/bin/cmake --install /home/keti/turtle_carto/build/nav2_voxel_grid
[7.558s] -- Install configuration: "Release"
[7.559s] -- Installing: /home/keti/turtle_carto/install/nav2_voxel_grid/lib/libvoxel_grid.so
[7.559s] -- Set runtime path of "/home/keti/turtle_carto/install/nav2_voxel_grid/lib/libvoxel_grid.so" to ""
[7.559s] -- Installing: /home/keti/turtle_carto/install/nav2_voxel_grid/include
[7.559s] -- Installing: /home/keti/turtle_carto/install/nav2_voxel_grid/include/nav2_voxel_grid
[7.559s] -- Installing: /home/keti/turtle_carto/install/nav2_voxel_grid/include/nav2_voxel_grid/voxel_grid.hpp
[7.559s] -- Installing: /home/keti/turtle_carto/install/nav2_voxel_grid/share/nav2_voxel_grid/environment/library_path.sh
[7.559s] -- Installing: /home/keti/turtle_carto/install/nav2_voxel_grid/share/nav2_voxel_grid/environment/library_path.dsv
[7.559s] -- Installing: /home/keti/turtle_carto/install/nav2_voxel_grid/share/ament_index/resource_index/package_run_dependencies/nav2_voxel_grid
[7.559s] -- Installing: /home/keti/turtle_carto/install/nav2_voxel_grid/share/ament_index/resource_index/parent_prefix_path/nav2_voxel_grid
[7.559s] -- Installing: /home/keti/turtle_carto/install/nav2_voxel_grid/share/nav2_voxel_grid/environment/ament_prefix_path.sh
[7.559s] -- Installing: /home/keti/turtle_carto/install/nav2_voxel_grid/share/nav2_voxel_grid/environment/ament_prefix_path.dsv
[7.559s] -- Installing: /home/keti/turtle_carto/install/nav2_voxel_grid/share/nav2_voxel_grid/environment/path.sh
[7.559s] -- Installing: /home/keti/turtle_carto/install/nav2_voxel_grid/share/nav2_voxel_grid/environment/path.dsv
[7.560s] -- Installing: /home/keti/turtle_carto/install/nav2_voxel_grid/share/nav2_voxel_grid/local_setup.bash
[7.560s] -- Installing: /home/keti/turtle_carto/install/nav2_voxel_grid/share/nav2_voxel_grid/local_setup.sh
[7.560s] -- Installing: /home/keti/turtle_carto/install/nav2_voxel_grid/share/nav2_voxel_grid/local_setup.zsh
[7.560s] -- Installing: /home/keti/turtle_carto/install/nav2_voxel_grid/share/nav2_voxel_grid/local_setup.dsv
[7.560s] -- Installing: /home/keti/turtle_carto/install/nav2_voxel_grid/share/nav2_voxel_grid/package.dsv
[7.560s] -- Installing: /home/keti/turtle_carto/install/nav2_voxel_grid/share/ament_index/resource_index/packages/nav2_voxel_grid
[7.560s] -- Installing: /home/keti/turtle_carto/install/nav2_voxel_grid/share/nav2_voxel_grid/cmake/ament_cmake_export_dependencies-extras.cmake
[7.560s] -- Installing: /home/keti/turtle_carto/install/nav2_voxel_grid/share/nav2_voxel_grid/cmake/ament_cmake_export_include_directories-extras.cmake
[7.560s] -- Installing: /home/keti/turtle_carto/install/nav2_voxel_grid/share/nav2_voxel_grid/cmake/ament_cmake_export_libraries-extras.cmake
[7.560s] -- Installing: /home/keti/turtle_carto/install/nav2_voxel_grid/share/nav2_voxel_grid/cmake/nav2_voxel_gridConfig.cmake
[7.560s] -- Installing: /home/keti/turtle_carto/install/nav2_voxel_grid/share/nav2_voxel_grid/cmake/nav2_voxel_gridConfig-version.cmake
[7.560s] -- Installing: /home/keti/turtle_carto/install/nav2_voxel_grid/share/nav2_voxel_grid/package.xml
[7.566s] Invoked command in '/home/keti/turtle_carto/build/nav2_voxel_grid' returned '0': AMENT_PREFIX_PATH=/home/keti/turtle_carto/install/nav2_common:${AMENT_PREFIX_PATH} CMAKE_PREFIX_PATH=/home/keti/turtle_carto/install/nav2_common:/opt/ros/foxy PYTHONPATH=/home/keti/turtle_carto/install/nav2_common/lib/python3.8/site-packages:${PYTHONPATH} /usr/bin/cmake --install /home/keti/turtle_carto/build/nav2_voxel_grid
