[0.212s] Invoking command in '/home/keti/turtle_carto/build/nav2_rosdevday_2021': /usr/bin/cmake /home/keti/turtle_carto/src/nav2_rosdevday_2021/nav2_rosdevday_2021 -DCMAKE_INSTALL_PREFIX=/home/keti/turtle_carto/install/nav2_rosdevday_2021
[0.392s] -- The C compiler identification is GNU 9.4.0
[0.392s] -- The CXX compiler identification is GNU 9.4.0
[0.392s] -- Check for working C compiler: /usr/bin/cc
[0.392s] -- Check for working C compiler: /usr/bin/cc -- works
[0.392s] -- Detecting C compiler ABI info
[0.392s] -- Detecting C compiler ABI info - done
[0.392s] -- Detecting C compile features
[0.392s] -- Detecting C compile features - done
[0.392s] -- Check for working CXX compiler: /usr/bin/c++
[0.392s] -- Check for working CXX compiler: /usr/bin/c++ -- works
[0.392s] -- Detecting CXX compiler ABI info
[0.401s] -- Detecting CXX compiler ABI info - done
[0.407s] -- Detecting CXX compile features
[0.407s] -- Detecting CXX compile features - done
[0.412s] -- Configuring incomplete, errors occurred!
[0.413s] See also "/home/keti/turtle_carto/build/nav2_rosdevday_2021/CMakeFiles/CMakeOutput.log".
[0.413s] CMake Error at CMakeLists.txt:8 (find_package):
[0.413s]   By not providing "Findament_cmake.cmake" in CMAKE_MODULE_PATH this project
[0.413s]   has asked CMake to find a package configuration file provided by
[0.414s]   "ament_cmake", but CMake did not find one.
[0.414s] 
[0.414s]   Could not find a package configuration file provided by "ament_cmake" with
[0.414s]   any of the following names:
[0.414s] 
[0.414s]     ament_cmakeConfig.cmake
[0.414s]     ament_cmake-config.cmake
[0.414s] 
[0.414s]   Add the installation prefix of "ament_cmake" to CMAKE_PREFIX_PATH or set
[0.414s]   "ament_cmake_DIR" to a directory containing one of the above files.  If
[0.414s]   "ament_cmake" provides a separate development package or SDK, be sure it
[0.414s]   has been installed.
[0.414s] 
[0.414s] 
[0.435s] Invoked command in '/home/keti/turtle_carto/build/nav2_rosdevday_2021' returned '1': /usr/bin/cmake /home/keti/turtle_carto/src/nav2_rosdevday_2021/nav2_rosdevday_2021 -DCMAKE_INSTALL_PREFIX=/home/keti/turtle_carto/install/nav2_rosdevday_2021
