[0.376s] Invoking command in '/home/keti/turtle_carto/src/turtlebot3/turtlebot3_example': CMAKE_PREFIX_PATH=/home/keti/turtle_carto/install/turtlebot3_msgs:/home/keti/turtle_carto/install/turtlebot3:/home/keti/turtle_carto/install/turtlebot3_simulations:/home/keti/turtle_carto/install/turtlebot3_bringup:/home/keti/turtle_carto/install/turtlebot3_node:/home/keti/turtle_carto/install/turtlebot3_navigation2:/home/keti/turtle_carto/install/turtlebot3_fake_node:/home/keti/turtle_carto/install/turtlebot3_description:/home/keti/turtle_carto/install/turtlebot3_cartographer:/home/keti/turtle_carto/install/gcamp_gazebo:/home/keti/turtle_carto/install/cpp_service_pkg:/home/keti/turtle_carto/install/cpp_action_pkg:/home/keti/turtle_carto/install/custom_interfaces:/home/keti/turtle_carto/install/cpp_topic_pkg:/home/keti/turtle_carto/install/cpp_service_tutorial:/home/keti/turtle_carto/install/cpp_param_pkg:/home/keti/turtle_carto/install/cpp_first_pkg LD_LIBRARY_PATH=/home/keti/turtle_carto/install/turtlebot3_msgs/lib:/home/keti/turtle_carto/install/custom_interfaces/lib:/usr/lib/x86_64-linux-gnu/gazebo-11/plugins:/opt/ros/foxy/opt/yaml_cpp_vendor/lib:/opt/ros/foxy/opt/rviz_ogre_vendor/lib:/opt/ros/foxy/lib/x86_64-linux-gnu:/opt/ros/foxy/lib:/usr/local/cuda-11.4/lib64 PYTHONPATH=/home/keti/turtle_carto/build/turtlebot3_example/prefix_override:/home/keti/turtle_carto/install/turtlebot3_example/lib/python3.8/site-packages:/home/keti/turtle_carto/install/turtlebot3_msgs/lib/python3.8/site-packages:/home/keti/turtle_carto/install/turtlebot3_teleop/lib/python3.8/site-packages:/home/keti/turtle_carto/install/turtlebot3_example/lib/python3.8/site-packages:/home/keti/turtle_carto/install/py_topic_pkg/lib/python3.8/site-packages:/home/keti/turtle_carto/install/py_service_pkg/lib/python3.8/site-packages:/home/keti/turtle_carto/install/py_first_pkg/lib/python3.8/site-packages:/home/keti/turtle_carto/install/py_action_pkg/lib/python3.8/site-packages:/home/keti/turtle_carto/install/follow_waypoints/lib/python3.8/site-packages:/home/keti/turtle_carto/install/custom_interfaces/lib/python3.8/site-packages:/opt/ros/foxy/lib/python3.8/site-packages /usr/bin/python3 setup.py egg_info --egg-base ../../../build/turtlebot3_example build --build-base /home/keti/turtle_carto/build/turtlebot3_example/build install --record /home/keti/turtle_carto/build/turtlebot3_example/install.log --single-version-externally-managed
[0.471s] running egg_info
[0.471s] creating ../../../build/turtlebot3_example/turtlebot3_example.egg-info
[0.471s] writing ../../../build/turtlebot3_example/turtlebot3_example.egg-info/PKG-INFO
[0.471s] writing dependency_links to ../../../build/turtlebot3_example/turtlebot3_example.egg-info/dependency_links.txt
[0.471s] writing entry points to ../../../build/turtlebot3_example/turtlebot3_example.egg-info/entry_points.txt
[0.471s] writing requirements to ../../../build/turtlebot3_example/turtlebot3_example.egg-info/requires.txt
[0.471s] writing top-level names to ../../../build/turtlebot3_example/turtlebot3_example.egg-info/top_level.txt
[0.472s] writing manifest file '../../../build/turtlebot3_example/turtlebot3_example.egg-info/SOURCES.txt'
[0.486s] reading manifest file '../../../build/turtlebot3_example/turtlebot3_example.egg-info/SOURCES.txt'
[0.487s] writing manifest file '../../../build/turtlebot3_example/turtlebot3_example.egg-info/SOURCES.txt'
[0.487s] running build
[0.487s] running build_py
[0.487s] creating /home/keti/turtle_carto/build/turtlebot3_example/build
[0.487s] creating /home/keti/turtle_carto/build/turtlebot3_example/build/lib
[0.487s] creating /home/keti/turtle_carto/build/turtlebot3_example/build/lib/turtlebot3_example
[0.487s] copying turtlebot3_example/__init__.py -> /home/keti/turtle_carto/build/turtlebot3_example/build/lib/turtlebot3_example
[0.487s] creating /home/keti/turtle_carto/build/turtlebot3_example/build/lib/turtlebot3_example/turtlebot3_patrol_server
[0.487s] copying turtlebot3_example/turtlebot3_patrol_server/main.py -> /home/keti/turtle_carto/build/turtlebot3_example/build/lib/turtlebot3_example/turtlebot3_patrol_server
[0.494s] copying turtlebot3_example/turtlebot3_patrol_server/__init__.py -> /home/keti/turtle_carto/build/turtlebot3_example/build/lib/turtlebot3_example/turtlebot3_patrol_server
[0.494s] copying turtlebot3_example/turtlebot3_patrol_server/turtlebot3_path.py -> /home/keti/turtle_carto/build/turtlebot3_example/build/lib/turtlebot3_example/turtlebot3_patrol_server
[0.494s] copying turtlebot3_example/turtlebot3_patrol_server/turtlebot3_patrol_server.py -> /home/keti/turtle_carto/build/turtlebot3_example/build/lib/turtlebot3_example/turtlebot3_patrol_server
[0.495s] creating /home/keti/turtle_carto/build/turtlebot3_example/build/lib/turtlebot3_example/turtlebot3_position_control
[0.495s] copying turtlebot3_example/turtlebot3_position_control/main.py -> /home/keti/turtle_carto/build/turtlebot3_example/build/lib/turtlebot3_example/turtlebot3_position_control
[0.495s] copying turtlebot3_example/turtlebot3_position_control/__init__.py -> /home/keti/turtle_carto/build/turtlebot3_example/build/lib/turtlebot3_example/turtlebot3_position_control
[0.495s] copying turtlebot3_example/turtlebot3_position_control/turtlebot3_path.py -> /home/keti/turtle_carto/build/turtlebot3_example/build/lib/turtlebot3_example/turtlebot3_position_control
[0.495s] copying turtlebot3_example/turtlebot3_position_control/turtlebot3_position_control.py -> /home/keti/turtle_carto/build/turtlebot3_example/build/lib/turtlebot3_example/turtlebot3_position_control
[0.495s] creating /home/keti/turtle_carto/build/turtlebot3_example/build/lib/turtlebot3_example/turtlebot3_obstacle_detection
[0.495s] copying turtlebot3_example/turtlebot3_obstacle_detection/main.py -> /home/keti/turtle_carto/build/turtlebot3_example/build/lib/turtlebot3_example/turtlebot3_obstacle_detection
[0.495s] copying turtlebot3_example/turtlebot3_obstacle_detection/turtlebot3_obstacle_detection.py -> /home/keti/turtle_carto/build/turtlebot3_example/build/lib/turtlebot3_example/turtlebot3_obstacle_detection
[0.496s] copying turtlebot3_example/turtlebot3_obstacle_detection/__init__.py -> /home/keti/turtle_carto/build/turtlebot3_example/build/lib/turtlebot3_example/turtlebot3_obstacle_detection
[0.496s] creating /home/keti/turtle_carto/build/turtlebot3_example/build/lib/turtlebot3_example/turtlebot3_patrol_client
[0.496s] copying turtlebot3_example/turtlebot3_patrol_client/main.py -> /home/keti/turtle_carto/build/turtlebot3_example/build/lib/turtlebot3_example/turtlebot3_patrol_client
[0.496s] copying turtlebot3_example/turtlebot3_patrol_client/__init__.py -> /home/keti/turtle_carto/build/turtlebot3_example/build/lib/turtlebot3_example/turtlebot3_patrol_client
[0.496s] copying turtlebot3_example/turtlebot3_patrol_client/turtlebot3_patrol_client.py -> /home/keti/turtle_carto/build/turtlebot3_example/build/lib/turtlebot3_example/turtlebot3_patrol_client
[0.496s] running install
[0.497s] running install_lib
[0.497s] creating /home/keti/turtle_carto/install/turtlebot3_example/lib/python3.8/site-packages/turtlebot3_example
[0.497s] copying /home/keti/turtle_carto/build/turtlebot3_example/build/lib/turtlebot3_example/__init__.py -> /home/keti/turtle_carto/install/turtlebot3_example/lib/python3.8/site-packages/turtlebot3_example
[0.497s] creating /home/keti/turtle_carto/install/turtlebot3_example/lib/python3.8/site-packages/turtlebot3_example/turtlebot3_patrol_server
[0.497s] copying /home/keti/turtle_carto/build/turtlebot3_example/build/lib/turtlebot3_example/turtlebot3_patrol_server/main.py -> /home/keti/turtle_carto/install/turtlebot3_example/lib/python3.8/site-packages/turtlebot3_example/turtlebot3_patrol_server
[0.497s] copying /home/keti/turtle_carto/build/turtlebot3_example/build/lib/turtlebot3_example/turtlebot3_patrol_server/__init__.py -> /home/keti/turtle_carto/install/turtlebot3_example/lib/python3.8/site-packages/turtlebot3_example/turtlebot3_patrol_server
[0.497s] copying /home/keti/turtle_carto/build/turtlebot3_example/build/lib/turtlebot3_example/turtlebot3_patrol_server/turtlebot3_path.py -> /home/keti/turtle_carto/install/turtlebot3_example/lib/python3.8/site-packages/turtlebot3_example/turtlebot3_patrol_server
[0.497s] copying /home/keti/turtle_carto/build/turtlebot3_example/build/lib/turtlebot3_example/turtlebot3_patrol_server/turtlebot3_patrol_server.py -> /home/keti/turtle_carto/install/turtlebot3_example/lib/python3.8/site-packages/turtlebot3_example/turtlebot3_patrol_server
[0.497s] creating /home/keti/turtle_carto/install/turtlebot3_example/lib/python3.8/site-packages/turtlebot3_example/turtlebot3_position_control
[0.497s] copying /home/keti/turtle_carto/build/turtlebot3_example/build/lib/turtlebot3_example/turtlebot3_position_control/main.py -> /home/keti/turtle_carto/install/turtlebot3_example/lib/python3.8/site-packages/turtlebot3_example/turtlebot3_position_control
[0.497s] copying /home/keti/turtle_carto/build/turtlebot3_example/build/lib/turtlebot3_example/turtlebot3_position_control/__init__.py -> /home/keti/turtle_carto/install/turtlebot3_example/lib/python3.8/site-packages/turtlebot3_example/turtlebot3_position_control
[0.497s] copying /home/keti/turtle_carto/build/turtlebot3_example/build/lib/turtlebot3_example/turtlebot3_position_control/turtlebot3_path.py -> /home/keti/turtle_carto/install/turtlebot3_example/lib/python3.8/site-packages/turtlebot3_example/turtlebot3_position_control
[0.497s] copying /home/keti/turtle_carto/build/turtlebot3_example/build/lib/turtlebot3_example/turtlebot3_position_control/turtlebot3_position_control.py -> /home/keti/turtle_carto/install/turtlebot3_example/lib/python3.8/site-packages/turtlebot3_example/turtlebot3_position_control
[0.497s] creating /home/keti/turtle_carto/install/turtlebot3_example/lib/python3.8/site-packages/turtlebot3_example/turtlebot3_obstacle_detection
[0.497s] copying /home/keti/turtle_carto/build/turtlebot3_example/build/lib/turtlebot3_example/turtlebot3_obstacle_detection/main.py -> /home/keti/turtle_carto/install/turtlebot3_example/lib/python3.8/site-packages/turtlebot3_example/turtlebot3_obstacle_detection
[0.497s] copying /home/keti/turtle_carto/build/turtlebot3_example/build/lib/turtlebot3_example/turtlebot3_obstacle_detection/turtlebot3_obstacle_detection.py -> /home/keti/turtle_carto/install/turtlebot3_example/lib/python3.8/site-packages/turtlebot3_example/turtlebot3_obstacle_detection
[0.497s] copying /home/keti/turtle_carto/build/turtlebot3_example/build/lib/turtlebot3_example/turtlebot3_obstacle_detection/__init__.py -> /home/keti/turtle_carto/install/turtlebot3_example/lib/python3.8/site-packages/turtlebot3_example/turtlebot3_obstacle_detection
[0.498s] creating /home/keti/turtle_carto/install/turtlebot3_example/lib/python3.8/site-packages/turtlebot3_example/turtlebot3_patrol_client
[0.498s] copying /home/keti/turtle_carto/build/turtlebot3_example/build/lib/turtlebot3_example/turtlebot3_patrol_client/main.py -> /home/keti/turtle_carto/install/turtlebot3_example/lib/python3.8/site-packages/turtlebot3_example/turtlebot3_patrol_client
[0.498s] copying /home/keti/turtle_carto/build/turtlebot3_example/build/lib/turtlebot3_example/turtlebot3_patrol_client/__init__.py -> /home/keti/turtle_carto/install/turtlebot3_example/lib/python3.8/site-packages/turtlebot3_example/turtlebot3_patrol_client
[0.498s] copying /home/keti/turtle_carto/build/turtlebot3_example/build/lib/turtlebot3_example/turtlebot3_patrol_client/turtlebot3_patrol_client.py -> /home/keti/turtle_carto/install/turtlebot3_example/lib/python3.8/site-packages/turtlebot3_example/turtlebot3_patrol_client
[0.498s] byte-compiling /home/keti/turtle_carto/install/turtlebot3_example/lib/python3.8/site-packages/turtlebot3_example/__init__.py to __init__.cpython-38.pyc
[0.498s] byte-compiling /home/keti/turtle_carto/install/turtlebot3_example/lib/python3.8/site-packages/turtlebot3_example/turtlebot3_patrol_server/main.py to main.cpython-38.pyc
[0.498s] byte-compiling /home/keti/turtle_carto/install/turtlebot3_example/lib/python3.8/site-packages/turtlebot3_example/turtlebot3_patrol_server/__init__.py to __init__.cpython-38.pyc
[0.498s] byte-compiling /home/keti/turtle_carto/install/turtlebot3_example/lib/python3.8/site-packages/turtlebot3_example/turtlebot3_patrol_server/turtlebot3_path.py to turtlebot3_path.cpython-38.pyc
[0.498s] byte-compiling /home/keti/turtle_carto/install/turtlebot3_example/lib/python3.8/site-packages/turtlebot3_example/turtlebot3_patrol_server/turtlebot3_patrol_server.py to turtlebot3_patrol_server.cpython-38.pyc
[0.499s] byte-compiling /home/keti/turtle_carto/install/turtlebot3_example/lib/python3.8/site-packages/turtlebot3_example/turtlebot3_position_control/main.py to main.cpython-38.pyc
[0.499s] byte-compiling /home/keti/turtle_carto/install/turtlebot3_example/lib/python3.8/site-packages/turtlebot3_example/turtlebot3_position_control/__init__.py to __init__.cpython-38.pyc
[0.499s] byte-compiling /home/keti/turtle_carto/install/turtlebot3_example/lib/python3.8/site-packages/turtlebot3_example/turtlebot3_position_control/turtlebot3_path.py to turtlebot3_path.cpython-38.pyc
[0.499s] byte-compiling /home/keti/turtle_carto/install/turtlebot3_example/lib/python3.8/site-packages/turtlebot3_example/turtlebot3_position_control/turtlebot3_position_control.py to turtlebot3_position_control.cpython-38.pyc
[0.499s] byte-compiling /home/keti/turtle_carto/install/turtlebot3_example/lib/python3.8/site-packages/turtlebot3_example/turtlebot3_obstacle_detection/main.py to main.cpython-38.pyc
[0.499s] byte-compiling /home/keti/turtle_carto/install/turtlebot3_example/lib/python3.8/site-packages/turtlebot3_example/turtlebot3_obstacle_detection/turtlebot3_obstacle_detection.py to turtlebot3_obstacle_detection.cpython-38.pyc
[0.500s] byte-compiling /home/keti/turtle_carto/install/turtlebot3_example/lib/python3.8/site-packages/turtlebot3_example/turtlebot3_obstacle_detection/__init__.py to __init__.cpython-38.pyc
[0.500s] byte-compiling /home/keti/turtle_carto/install/turtlebot3_example/lib/python3.8/site-packages/turtlebot3_example/turtlebot3_patrol_client/main.py to main.cpython-38.pyc
[0.500s] byte-compiling /home/keti/turtle_carto/install/turtlebot3_example/lib/python3.8/site-packages/turtlebot3_example/turtlebot3_patrol_client/__init__.py to __init__.cpython-38.pyc
[0.500s] byte-compiling /home/keti/turtle_carto/install/turtlebot3_example/lib/python3.8/site-packages/turtlebot3_example/turtlebot3_patrol_client/turtlebot3_patrol_client.py to turtlebot3_patrol_client.cpython-38.pyc
[0.500s] running install_data
[0.500s] creating /home/keti/turtle_carto/install/turtlebot3_example/share/ament_index
[0.500s] creating /home/keti/turtle_carto/install/turtlebot3_example/share/ament_index/resource_index
[0.500s] creating /home/keti/turtle_carto/install/turtlebot3_example/share/ament_index/resource_index/packages
[0.500s] copying resource/turtlebot3_example -> /home/keti/turtle_carto/install/turtlebot3_example/share/ament_index/resource_index/packages
[0.500s] copying package.xml -> /home/keti/turtle_carto/install/turtlebot3_example/share/turtlebot3_example
[0.500s] running install_egg_info
[0.501s] Copying ../../../build/turtlebot3_example/turtlebot3_example.egg-info to /home/keti/turtle_carto/install/turtlebot3_example/lib/python3.8/site-packages/turtlebot3_example-2.1.4-py3.8.egg-info
[0.501s] running install_scripts
[0.509s] Installing turtlebot3_obstacle_detection script to /home/keti/turtle_carto/install/turtlebot3_example/lib/turtlebot3_example
[0.510s] Installing turtlebot3_patrol_client script to /home/keti/turtle_carto/install/turtlebot3_example/lib/turtlebot3_example
[0.510s] Installing turtlebot3_patrol_server script to /home/keti/turtle_carto/install/turtlebot3_example/lib/turtlebot3_example
[0.510s] Installing turtlebot3_position_control script to /home/keti/turtle_carto/install/turtlebot3_example/lib/turtlebot3_example
[0.510s] writing list of installed files to '/home/keti/turtle_carto/build/turtlebot3_example/install.log'
[0.521s] Invoked command in '/home/keti/turtle_carto/src/turtlebot3/turtlebot3_example' returned '0': CMAKE_PREFIX_PATH=/home/keti/turtle_carto/install/turtlebot3_msgs:/home/keti/turtle_carto/install/turtlebot3:/home/keti/turtle_carto/install/turtlebot3_simulations:/home/keti/turtle_carto/install/turtlebot3_bringup:/home/keti/turtle_carto/install/turtlebot3_node:/home/keti/turtle_carto/install/turtlebot3_navigation2:/home/keti/turtle_carto/install/turtlebot3_fake_node:/home/keti/turtle_carto/install/turtlebot3_description:/home/keti/turtle_carto/install/turtlebot3_cartographer:/home/keti/turtle_carto/install/gcamp_gazebo:/home/keti/turtle_carto/install/cpp_service_pkg:/home/keti/turtle_carto/install/cpp_action_pkg:/home/keti/turtle_carto/install/custom_interfaces:/home/keti/turtle_carto/install/cpp_topic_pkg:/home/keti/turtle_carto/install/cpp_service_tutorial:/home/keti/turtle_carto/install/cpp_param_pkg:/home/keti/turtle_carto/install/cpp_first_pkg LD_LIBRARY_PATH=/home/keti/turtle_carto/install/turtlebot3_msgs/lib:/home/keti/turtle_carto/install/custom_interfaces/lib:/usr/lib/x86_64-linux-gnu/gazebo-11/plugins:/opt/ros/foxy/opt/yaml_cpp_vendor/lib:/opt/ros/foxy/opt/rviz_ogre_vendor/lib:/opt/ros/foxy/lib/x86_64-linux-gnu:/opt/ros/foxy/lib:/usr/local/cuda-11.4/lib64 PYTHONPATH=/home/keti/turtle_carto/build/turtlebot3_example/prefix_override:/home/keti/turtle_carto/install/turtlebot3_example/lib/python3.8/site-packages:/home/keti/turtle_carto/install/turtlebot3_msgs/lib/python3.8/site-packages:/home/keti/turtle_carto/install/turtlebot3_teleop/lib/python3.8/site-packages:/home/keti/turtle_carto/install/turtlebot3_example/lib/python3.8/site-packages:/home/keti/turtle_carto/install/py_topic_pkg/lib/python3.8/site-packages:/home/keti/turtle_carto/install/py_service_pkg/lib/python3.8/site-packages:/home/keti/turtle_carto/install/py_first_pkg/lib/python3.8/site-packages:/home/keti/turtle_carto/install/py_action_pkg/lib/python3.8/site-packages:/home/keti/turtle_carto/install/follow_waypoints/lib/python3.8/site-packages:/home/keti/turtle_carto/install/custom_interfaces/lib/python3.8/site-packages:/opt/ros/foxy/lib/python3.8/site-packages /usr/bin/python3 setup.py egg_info --egg-base ../../../build/turtlebot3_example build --build-base /home/keti/turtle_carto/build/turtlebot3_example/build install --record /home/keti/turtle_carto/build/turtlebot3_example/install.log --single-version-externally-managed
