[0.011s] Invoking command in '/home/keti/turtle_carto/build/nav2_util': AMENT_PREFIX_PATH=/home/keti/turtle_carto/install/nav2_msgs:/home/keti/turtle_carto/install/nav2_common:${AMENT_PREFIX_PATH} CMAKE_PREFIX_PATH=/home/keti/turtle_carto/install/nav2_msgs:/home/keti/turtle_carto/install/nav2_common:/opt/ros/foxy LD_LIBRARY_PATH=/home/keti/turtle_carto/install/nav2_msgs/lib:/usr/lib/x86_64-linux-gnu/gazebo-11/plugins:/opt/ros/foxy/opt/yaml_cpp_vendor/lib:/opt/ros/foxy/opt/rviz_ogre_vendor/lib:/opt/ros/foxy/lib/x86_64-linux-gnu:/opt/ros/foxy/lib:/usr/local/cuda-11.4/lib64 PYTHONPATH=/home/keti/turtle_carto/install/nav2_msgs/lib/python3.8/site-packages:/home/keti/turtle_carto/install/nav2_common/lib/python3.8/site-packages:${PYTHONPATH} /usr/bin/cmake /home/keti/turtle_carto/src/ros-planning/navigation2/nav2_util -DCMAKE_INSTALL_PREFIX=/home/keti/turtle_carto/install/nav2_util
[0.017s] -- Found ament_cmake: 0.9.11 (/opt/ros/foxy/share/ament_cmake/cmake)
[0.028s] -- Using PYTHON_EXECUTABLE: /usr/bin/python3
[0.114s] -- Found nav2_common: 1.0.12 (/home/keti/turtle_carto/install/nav2_common/share/nav2_common/cmake)
[0.114s] -- Found nav2_msgs: 1.0.12 (/home/keti/turtle_carto/install/nav2_msgs/share/nav2_msgs/cmake)
[0.125s] -- Using all available rosidl_typesupport_c: rosidl_typesupport_fastrtps_c;rosidl_typesupport_introspection_c
[0.127s] -- Found rosidl_adapter: 1.3.0 (/opt/ros/foxy/share/rosidl_adapter/cmake)
[0.187s] -- Using all available rosidl_typesupport_cpp: rosidl_typesupport_fastrtps_cpp;rosidl_typesupport_introspection_cpp
[0.416s] -- Found tf2_ros: 0.13.14 (/opt/ros/foxy/share/tf2_ros/cmake)
[0.440s] -- Found rmw_implementation_cmake: 1.0.4 (/opt/ros/foxy/share/rmw_implementation_cmake/cmake)
[0.440s] -- Using RMW implementation 'rmw_fastrtps_cpp' as default
[0.661s] -- Found tf2_geometry_msgs: 0.13.14 (/opt/ros/foxy/share/tf2_geometry_msgs/cmake)
[0.664s] -- Found eigen3_cmake_module: 0.1.1 (/opt/ros/foxy/share/eigen3_cmake_module/cmake)
[0.684s] -- Found lifecycle_msgs: 1.0.0 (/opt/ros/foxy/share/lifecycle_msgs/cmake)
[0.689s] -- Found rclcpp_lifecycle: 2.4.2 (/opt/ros/foxy/share/rclcpp_lifecycle/cmake)
[0.703s] CMake Error at CMakeLists.txt:17 (find_package):
[0.703s]   By not providing "Findbondcpp.cmake" in CMAKE_MODULE_PATH this project has
[0.703s]   asked CMake to find a package configuration file provided by "bondcpp", but
[0.703s]   CMake did not find one.
[0.703s] 
[0.703s]   Could not find a package configuration file provided by "bondcpp" with any
[0.703s]   of the following names:
[0.703s] 
[0.703s]     bondcppConfig.cmake
[0.703s]     bondcpp-config.cmake
[0.703s] 
[0.703s]   Add the installation prefix of "bondcpp" to CMAKE_PREFIX_PATH or set
[0.703s]   "bondcpp_DIR" to a directory containing one of the above files.  If
[0.703s]   "bondcpp" provides a separate development package or SDK, be sure it has
[0.703s]   been installed.
[0.703s] 
[0.703s] 
[0.704s] -- Configuring incomplete, errors occurred!
[0.704s] See also "/home/keti/turtle_carto/build/nav2_util/CMakeFiles/CMakeOutput.log".
[0.704s] See also "/home/keti/turtle_carto/build/nav2_util/CMakeFiles/CMakeError.log".
[0.708s] Invoked command in '/home/keti/turtle_carto/build/nav2_util' returned '1': AMENT_PREFIX_PATH=/home/keti/turtle_carto/install/nav2_msgs:/home/keti/turtle_carto/install/nav2_common:${AMENT_PREFIX_PATH} CMAKE_PREFIX_PATH=/home/keti/turtle_carto/install/nav2_msgs:/home/keti/turtle_carto/install/nav2_common:/opt/ros/foxy LD_LIBRARY_PATH=/home/keti/turtle_carto/install/nav2_msgs/lib:/usr/lib/x86_64-linux-gnu/gazebo-11/plugins:/opt/ros/foxy/opt/yaml_cpp_vendor/lib:/opt/ros/foxy/opt/rviz_ogre_vendor/lib:/opt/ros/foxy/lib/x86_64-linux-gnu:/opt/ros/foxy/lib:/usr/local/cuda-11.4/lib64 PYTHONPATH=/home/keti/turtle_carto/install/nav2_msgs/lib/python3.8/site-packages:/home/keti/turtle_carto/install/nav2_common/lib/python3.8/site-packages:${PYTHONPATH} /usr/bin/cmake /home/keti/turtle_carto/src/ros-planning/navigation2/nav2_util -DCMAKE_INSTALL_PREFIX=/home/keti/turtle_carto/install/nav2_util
