[0.033s] Invoking command in '/home/keti/turtle_carto/build/omo_r1mini_description': /usr/bin/cmake /home/keti/turtle_carto/src/omo_r1mini-foxy/omo_r1mini_description -DCMAKE_INSTALL_PREFIX=/home/keti/turtle_carto/install/omo_r1mini_description
[0.370s] CMake Error at CMakeLists.txt:10 (find_package):
[0.370s]   By not providing "Findament_cmake.cmake" in CMAKE_MODULE_PATH this project
[0.371s]   has asked CMake to find a package configuration file provided by
[0.371s]   "ament_cmake", but CMake did not find one.
[0.371s] 
[0.371s]   Could not find a package configuration file provided by "ament_cmake" with
[0.371s]   any of the following names:
[0.371s] 
[0.371s]     ament_cmakeConfig.cmake
[0.371s]     ament_cmake-config.cmake
[0.371s] 
[0.371s]   Add the installation prefix of "ament_cmake" to CMAKE_PREFIX_PATH or set
[0.371s]   "ament_cmake_DIR" to a directory containing one of the above files.  If
[0.371s]   "ament_cmake" provides a separate development package or SDK, be sure it
[0.371s]   has been installed.
[0.371s] 
[0.371s] 
[0.374s] -- The C compiler identification is GNU 9.4.0
[0.374s] -- The CXX compiler identification is GNU 9.4.0
[0.374s] -- Check for working C compiler: /usr/bin/cc
[0.374s] -- Check for working C compiler: /usr/bin/cc -- works
[0.374s] -- Detecting C compiler ABI info
[0.374s] -- Detecting C compiler ABI info - done
[0.374s] -- Detecting C compile features
[0.374s] -- Detecting C compile features - done
[0.374s] -- Check for working CXX compiler: /usr/bin/c++
[0.374s] -- Check for working CXX compiler: /usr/bin/c++ -- works
[0.374s] -- Detecting CXX compiler ABI info
[0.374s] -- Detecting CXX compiler ABI info - done
[0.375s] -- Detecting CXX compile features
[0.375s] -- Detecting CXX compile features - done
[0.375s] -- Configuring incomplete, errors occurred!
[0.375s] See also "/home/keti/turtle_carto/build/omo_r1mini_description/CMakeFiles/CMakeOutput.log".
[0.378s] Invoked command in '/home/keti/turtle_carto/build/omo_r1mini_description' returned '1': /usr/bin/cmake /home/keti/turtle_carto/src/omo_r1mini-foxy/omo_r1mini_description -DCMAKE_INSTALL_PREFIX=/home/keti/turtle_carto/install/omo_r1mini_description
