[0.039s] Invoking command in '/home/keti/turtle_carto/build/turtlebot3_cartographer': CMAKE_PREFIX_PATH=/opt/ros/foxy /usr/bin/cmake --build /home/keti/turtle_carto/build/turtlebot3_cartographer -- -j24 -l24
[0.392s] Invoked command in '/home/keti/turtle_carto/build/turtlebot3_cartographer' returned '0': CMAKE_PREFIX_PATH=/opt/ros/foxy /usr/bin/cmake --build /home/keti/turtle_carto/build/turtlebot3_cartographer -- -j24 -l24
[0.412s] Invoking command in '/home/keti/turtle_carto/build/turtlebot3_cartographer': CMAKE_PREFIX_PATH=/opt/ros/foxy /usr/bin/cmake --install /home/keti/turtle_carto/build/turtlebot3_cartographer
[0.424s] -- Install configuration: ""
[0.424s] -- Up-to-date: /home/keti/turtle_carto/install/turtlebot3_cartographer/share/turtlebot3_cartographer/config
[0.424s] -- Up-to-date: /home/keti/turtle_carto/install/turtlebot3_cartographer/share/turtlebot3_cartographer/config/turtlebot3_lds_2d.lua
[0.424s] -- Up-to-date: /home/keti/turtle_carto/install/turtlebot3_cartographer/share/turtlebot3_cartographer/launch
[0.424s] -- Up-to-date: /home/keti/turtle_carto/install/turtlebot3_cartographer/share/turtlebot3_cartographer/launch/turtlesim1.yaml
[0.424s] -- Up-to-date: /home/keti/turtle_carto/install/turtlebot3_cartographer/share/turtlebot3_cartographer/launch/include.launch.py
[0.424s] -- Up-to-date: /home/keti/turtle_carto/install/turtlebot3_cartographer/share/turtlebot3_cartographer/launch/turtlesim.yaml
[0.424s] -- Up-to-date: /home/keti/turtle_carto/install/turtlebot3_cartographer/share/turtlebot3_cartographer/launch/cartographer.launch.py
[0.424s] -- Up-to-date: /home/keti/turtle_carto/install/turtlebot3_cartographer/share/turtlebot3_cartographer/launch/test.launch.py
[0.424s] -- Up-to-date: /home/keti/turtle_carto/install/turtlebot3_cartographer/share/turtlebot3_cartographer/launch/turtlesim2.yaml
[0.425s] -- Up-to-date: /home/keti/turtle_carto/install/turtlebot3_cartographer/share/turtlebot3_cartographer/launch/occupancy_grid.launch.py
[0.425s] -- Up-to-date: /home/keti/turtle_carto/install/turtlebot3_cartographer/share/turtlebot3_cartographer/launch/teleop_turtle.yaml
[0.425s] -- Up-to-date: /home/keti/turtle_carto/install/turtlebot3_cartographer/share/turtlebot3_cartographer/rviz
[0.425s] -- Up-to-date: /home/keti/turtle_carto/install/turtlebot3_cartographer/share/turtlebot3_cartographer/rviz/tb3_cartographer.rviz
[0.425s] -- Up-to-date: /home/keti/turtle_carto/install/turtlebot3_cartographer/share/ament_index/resource_index/package_run_dependencies/turtlebot3_cartographer
[0.425s] -- Up-to-date: /home/keti/turtle_carto/install/turtlebot3_cartographer/share/ament_index/resource_index/parent_prefix_path/turtlebot3_cartographer
[0.425s] -- Up-to-date: /home/keti/turtle_carto/install/turtlebot3_cartographer/share/turtlebot3_cartographer/environment/ament_prefix_path.sh
[0.425s] -- Up-to-date: /home/keti/turtle_carto/install/turtlebot3_cartographer/share/turtlebot3_cartographer/environment/ament_prefix_path.dsv
[0.425s] -- Up-to-date: /home/keti/turtle_carto/install/turtlebot3_cartographer/share/turtlebot3_cartographer/environment/path.sh
[0.425s] -- Up-to-date: /home/keti/turtle_carto/install/turtlebot3_cartographer/share/turtlebot3_cartographer/environment/path.dsv
[0.425s] -- Up-to-date: /home/keti/turtle_carto/install/turtlebot3_cartographer/share/turtlebot3_cartographer/local_setup.bash
[0.426s] -- Up-to-date: /home/keti/turtle_carto/install/turtlebot3_cartographer/share/turtlebot3_cartographer/local_setup.sh
[0.426s] -- Up-to-date: /home/keti/turtle_carto/install/turtlebot3_cartographer/share/turtlebot3_cartographer/local_setup.zsh
[0.426s] -- Up-to-date: /home/keti/turtle_carto/install/turtlebot3_cartographer/share/turtlebot3_cartographer/local_setup.dsv
[0.426s] -- Installing: /home/keti/turtle_carto/install/turtlebot3_cartographer/share/turtlebot3_cartographer/package.dsv
[0.426s] -- Up-to-date: /home/keti/turtle_carto/install/turtlebot3_cartographer/share/ament_index/resource_index/packages/turtlebot3_cartographer
[0.426s] -- Up-to-date: /home/keti/turtle_carto/install/turtlebot3_cartographer/share/turtlebot3_cartographer/cmake/turtlebot3_cartographerConfig.cmake
[0.426s] -- Up-to-date: /home/keti/turtle_carto/install/turtlebot3_cartographer/share/turtlebot3_cartographer/cmake/turtlebot3_cartographerConfig-version.cmake
[0.426s] -- Up-to-date: /home/keti/turtle_carto/install/turtlebot3_cartographer/share/turtlebot3_cartographer/package.xml
[0.442s] Invoked command in '/home/keti/turtle_carto/build/turtlebot3_cartographer' returned '0': CMAKE_PREFIX_PATH=/opt/ros/foxy /usr/bin/cmake --install /home/keti/turtle_carto/build/turtlebot3_cartographer
