running egg_info
creating ../../build/follow_waypoints/follow_waypoints.egg-info
writing ../../build/follow_waypoints/follow_waypoints.egg-info/PKG-INFO
writing dependency_links to ../../build/follow_waypoints/follow_waypoints.egg-info/dependency_links.txt
writing entry points to ../../build/follow_waypoints/follow_waypoints.egg-info/entry_points.txt
writing requirements to ../../build/follow_waypoints/follow_waypoints.egg-info/requires.txt
writing top-level names to ../../build/follow_waypoints/follow_waypoints.egg-info/top_level.txt
writing manifest file '../../build/follow_waypoints/follow_waypoints.egg-info/SOURCES.txt'
reading manifest file '../../build/follow_waypoints/follow_waypoints.egg-info/SOURCES.txt'
writing manifest file '../../build/follow_waypoints/follow_waypoints.egg-info/SOURCES.txt'
running build
running build_py
creating /home/keti/turtle_carto/build/follow_waypoints/build
creating /home/keti/turtle_carto/build/follow_waypoints/build/lib
creating /home/keti/turtle_carto/build/follow_waypoints/build/lib/follow_waypoints
copying follow_waypoints/__init__.py -> /home/keti/turtle_carto/build/follow_waypoints/build/lib/follow_waypoints
copying follow_waypoints/follow_waypoints.py -> /home/keti/turtle_carto/build/follow_waypoints/build/lib/follow_waypoints
running install
running install_lib
creating /home/keti/turtle_carto/install/follow_waypoints/lib/python3.8/site-packages/follow_waypoints
copying /home/keti/turtle_carto/build/follow_waypoints/build/lib/follow_waypoints/__init__.py -> /home/keti/turtle_carto/install/follow_waypoints/lib/python3.8/site-packages/follow_waypoints
copying /home/keti/turtle_carto/build/follow_waypoints/build/lib/follow_waypoints/follow_waypoints.py -> /home/keti/turtle_carto/install/follow_waypoints/lib/python3.8/site-packages/follow_waypoints
byte-compiling /home/keti/turtle_carto/install/follow_waypoints/lib/python3.8/site-packages/follow_waypoints/__init__.py to __init__.cpython-38.pyc
byte-compiling /home/keti/turtle_carto/install/follow_waypoints/lib/python3.8/site-packages/follow_waypoints/follow_waypoints.py to follow_waypoints.cpython-38.pyc
running install_data
creating /home/keti/turtle_carto/install/follow_waypoints/share/ament_index
creating /home/keti/turtle_carto/install/follow_waypoints/share/ament_index/resource_index
creating /home/keti/turtle_carto/install/follow_waypoints/share/ament_index/resource_index/packages
copying resource/follow_waypoints -> /home/keti/turtle_carto/install/follow_waypoints/share/ament_index/resource_index/packages
copying package.xml -> /home/keti/turtle_carto/install/follow_waypoints/share/follow_waypoints
running install_egg_info
Copying ../../build/follow_waypoints/follow_waypoints.egg-info to /home/keti/turtle_carto/install/follow_waypoints/lib/python3.8/site-packages/follow_waypoints-0.0.0-py3.8.egg-info
running install_scripts
writing list of installed files to '/home/keti/turtle_carto/build/follow_waypoints/install.log'
