[0.040s] Invoking command in '/home/keti/turtle_carto/build/turtlebot3_description': CMAKE_PREFIX_PATH=/opt/ros/foxy /usr/bin/cmake --build /home/keti/turtle_carto/build/turtlebot3_description -- -j24 -l24
[0.289s] Invoked command in '/home/keti/turtle_carto/build/turtlebot3_description' returned '0': CMAKE_PREFIX_PATH=/opt/ros/foxy /usr/bin/cmake --build /home/keti/turtle_carto/build/turtlebot3_description -- -j24 -l24
[0.316s] Invoking command in '/home/keti/turtle_carto/build/turtlebot3_description': CMAKE_PREFIX_PATH=/opt/ros/foxy /usr/bin/cmake --install /home/keti/turtle_carto/build/turtlebot3_description
[0.333s] -- Install configuration: ""
[0.333s] -- Up-to-date: /home/keti/turtle_carto/install/turtlebot3_description/share/turtlebot3_description/meshes
[0.333s] -- Up-to-date: /home/keti/turtle_carto/install/turtlebot3_description/share/turtlebot3_description/meshes/sensors
[0.333s] -- Up-to-date: /home/keti/turtle_carto/install/turtlebot3_description/share/turtlebot3_description/meshes/sensors/r200.dae
[0.333s] -- Up-to-date: /home/keti/turtle_carto/install/turtlebot3_description/share/turtlebot3_description/meshes/sensors/lds.stl
[0.333s] -- Up-to-date: /home/keti/turtle_carto/install/turtlebot3_description/share/turtlebot3_description/meshes/sensors/astra.jpg
[0.334s] -- Up-to-date: /home/keti/turtle_carto/install/turtlebot3_description/share/turtlebot3_description/meshes/sensors/astra.dae
[0.334s] -- Up-to-date: /home/keti/turtle_carto/install/turtlebot3_description/share/turtlebot3_description/meshes/sensors/r200.jpg
[0.334s] -- Up-to-date: /home/keti/turtle_carto/install/turtlebot3_description/share/turtlebot3_description/meshes/wheels
[0.334s] -- Up-to-date: /home/keti/turtle_carto/install/turtlebot3_description/share/turtlebot3_description/meshes/wheels/right_tire.stl
[0.334s] -- Up-to-date: /home/keti/turtle_carto/install/turtlebot3_description/share/turtlebot3_description/meshes/wheels/left_tire.stl
[0.334s] -- Up-to-date: /home/keti/turtle_carto/install/turtlebot3_description/share/turtlebot3_description/meshes/bases
[0.334s] -- Up-to-date: /home/keti/turtle_carto/install/turtlebot3_description/share/turtlebot3_description/meshes/bases/burger_base.stl
[0.334s] -- Up-to-date: /home/keti/turtle_carto/install/turtlebot3_description/share/turtlebot3_description/meshes/bases/waffle_pi_base.stl
[0.334s] -- Up-to-date: /home/keti/turtle_carto/install/turtlebot3_description/share/turtlebot3_description/meshes/bases/waffle_base.stl
[0.334s] -- Up-to-date: /home/keti/turtle_carto/install/turtlebot3_description/share/turtlebot3_description/rviz
[0.334s] -- Up-to-date: /home/keti/turtle_carto/install/turtlebot3_description/share/turtlebot3_description/rviz/model.rviz
[0.334s] -- Up-to-date: /home/keti/turtle_carto/install/turtlebot3_description/share/turtlebot3_description/urdf
[0.334s] -- Up-to-date: /home/keti/turtle_carto/install/turtlebot3_description/share/turtlebot3_description/urdf/turtlebot3_waffle_pi.urdf
[0.334s] -- Up-to-date: /home/keti/turtle_carto/install/turtlebot3_description/share/turtlebot3_description/urdf/turtlebot3_burger.urdf
[0.335s] -- Up-to-date: /home/keti/turtle_carto/install/turtlebot3_description/share/turtlebot3_description/urdf/turtlebot3_waffle.urdf
[0.335s] -- Up-to-date: /home/keti/turtle_carto/install/turtlebot3_description/share/turtlebot3_description/urdf/common_properties.urdf
[0.335s] -- Up-to-date: /home/keti/turtle_carto/install/turtlebot3_description/share/ament_index/resource_index/package_run_dependencies/turtlebot3_description
[0.335s] -- Up-to-date: /home/keti/turtle_carto/install/turtlebot3_description/share/ament_index/resource_index/parent_prefix_path/turtlebot3_description
[0.335s] -- Up-to-date: /home/keti/turtle_carto/install/turtlebot3_description/share/turtlebot3_description/environment/ament_prefix_path.sh
[0.335s] -- Up-to-date: /home/keti/turtle_carto/install/turtlebot3_description/share/turtlebot3_description/environment/ament_prefix_path.dsv
[0.335s] -- Up-to-date: /home/keti/turtle_carto/install/turtlebot3_description/share/turtlebot3_description/environment/path.sh
[0.335s] -- Up-to-date: /home/keti/turtle_carto/install/turtlebot3_description/share/turtlebot3_description/environment/path.dsv
[0.336s] -- Up-to-date: /home/keti/turtle_carto/install/turtlebot3_description/share/turtlebot3_description/local_setup.bash
[0.336s] -- Up-to-date: /home/keti/turtle_carto/install/turtlebot3_description/share/turtlebot3_description/local_setup.sh
[0.336s] -- Up-to-date: /home/keti/turtle_carto/install/turtlebot3_description/share/turtlebot3_description/local_setup.zsh
[0.336s] -- Up-to-date: /home/keti/turtle_carto/install/turtlebot3_description/share/turtlebot3_description/local_setup.dsv
[0.336s] -- Installing: /home/keti/turtle_carto/install/turtlebot3_description/share/turtlebot3_description/package.dsv
[0.336s] -- Up-to-date: /home/keti/turtle_carto/install/turtlebot3_description/share/ament_index/resource_index/packages/turtlebot3_description
[0.337s] -- Up-to-date: /home/keti/turtle_carto/install/turtlebot3_description/share/turtlebot3_description/cmake/turtlebot3_descriptionConfig.cmake
[0.337s] -- Up-to-date: /home/keti/turtle_carto/install/turtlebot3_description/share/turtlebot3_description/cmake/turtlebot3_descriptionConfig-version.cmake
[0.337s] -- Up-to-date: /home/keti/turtle_carto/install/turtlebot3_description/share/turtlebot3_description/package.xml
[0.349s] Invoked command in '/home/keti/turtle_carto/build/turtlebot3_description' returned '0': CMAKE_PREFIX_PATH=/opt/ros/foxy /usr/bin/cmake --install /home/keti/turtle_carto/build/turtlebot3_description
