[0.123s] Invoking command in '/home/keti/turtle_carto/build/cpp_topic_pkg': /usr/bin/cmake --build /home/keti/turtle_carto/build/cpp_topic_pkg -- -j24 -l24
[0.398s] [ 28%] Built target cmd_vel_pub_node
[0.398s] [ 28%] Built target topic_sub_node
[0.399s] [ 42%] Built target topic_pub_oop_node
[0.399s] [ 71%] Built target topic_sub_oop_node
[0.399s] [ 71%] Built target laser_sub_node
[0.399s] [ 85%] Built target topic_pub_node
[0.399s] [100%] Built target parking_node
[0.413s] Invoked command in '/home/keti/turtle_carto/build/cpp_topic_pkg' returned '0': /usr/bin/cmake --build /home/keti/turtle_carto/build/cpp_topic_pkg -- -j24 -l24
[0.469s] Invoking command in '/home/keti/turtle_carto/build/cpp_topic_pkg': /usr/bin/cmake --install /home/keti/turtle_carto/build/cpp_topic_pkg
[0.500s] -- Install configuration: ""
[0.500s] -- Up-to-date: /home/keti/turtle_carto/install/cpp_topic_pkg/lib/cpp_topic_pkg/cmd_vel_pub_node
[0.500s] -- Up-to-date: /home/keti/turtle_carto/install/cpp_topic_pkg/lib/cpp_topic_pkg/laser_sub_node
[0.500s] -- Up-to-date: /home/keti/turtle_carto/install/cpp_topic_pkg/lib/cpp_topic_pkg/parking_node
[0.500s] -- Up-to-date: /home/keti/turtle_carto/install/cpp_topic_pkg/lib/cpp_topic_pkg/topic_pub_node
[0.500s] -- Up-to-date: /home/keti/turtle_carto/install/cpp_topic_pkg/lib/cpp_topic_pkg/topic_pub_oop_node
[0.500s] -- Up-to-date: /home/keti/turtle_carto/install/cpp_topic_pkg/lib/cpp_topic_pkg/topic_sub_node
[0.500s] -- Up-to-date: /home/keti/turtle_carto/install/cpp_topic_pkg/lib/cpp_topic_pkg/topic_sub_oop_node
[0.500s] -- Up-to-date: /home/keti/turtle_carto/install/cpp_topic_pkg/share/ament_index/resource_index/package_run_dependencies/cpp_topic_pkg
[0.500s] -- Up-to-date: /home/keti/turtle_carto/install/cpp_topic_pkg/share/ament_index/resource_index/parent_prefix_path/cpp_topic_pkg
[0.501s] -- Up-to-date: /home/keti/turtle_carto/install/cpp_topic_pkg/share/cpp_topic_pkg/environment/ament_prefix_path.sh
[0.501s] -- Up-to-date: /home/keti/turtle_carto/install/cpp_topic_pkg/share/cpp_topic_pkg/environment/ament_prefix_path.dsv
[0.502s] -- Up-to-date: /home/keti/turtle_carto/install/cpp_topic_pkg/share/cpp_topic_pkg/environment/path.sh
[0.502s] -- Up-to-date: /home/keti/turtle_carto/install/cpp_topic_pkg/share/cpp_topic_pkg/environment/path.dsv
[0.502s] -- Up-to-date: /home/keti/turtle_carto/install/cpp_topic_pkg/share/cpp_topic_pkg/local_setup.bash
[0.502s] -- Up-to-date: /home/keti/turtle_carto/install/cpp_topic_pkg/share/cpp_topic_pkg/local_setup.sh
[0.502s] -- Up-to-date: /home/keti/turtle_carto/install/cpp_topic_pkg/share/cpp_topic_pkg/local_setup.zsh
[0.502s] -- Up-to-date: /home/keti/turtle_carto/install/cpp_topic_pkg/share/cpp_topic_pkg/local_setup.dsv
[0.502s] -- Installing: /home/keti/turtle_carto/install/cpp_topic_pkg/share/cpp_topic_pkg/package.dsv
[0.502s] -- Up-to-date: /home/keti/turtle_carto/install/cpp_topic_pkg/share/ament_index/resource_index/packages/cpp_topic_pkg
[0.503s] -- Up-to-date: /home/keti/turtle_carto/install/cpp_topic_pkg/share/cpp_topic_pkg/cmake/cpp_topic_pkgConfig.cmake
[0.503s] -- Up-to-date: /home/keti/turtle_carto/install/cpp_topic_pkg/share/cpp_topic_pkg/cmake/cpp_topic_pkgConfig-version.cmake
[0.504s] -- Up-to-date: /home/keti/turtle_carto/install/cpp_topic_pkg/share/cpp_topic_pkg/package.xml
[0.541s] Invoked command in '/home/keti/turtle_carto/build/cpp_topic_pkg' returned '0': /usr/bin/cmake --install /home/keti/turtle_carto/build/cpp_topic_pkg
