[0.340s] Invoking command in '/home/keti/turtle_carto/build/omo_r1mini_gazebo': /usr/bin/cmake /home/keti/turtle_carto/src/omo_r1mini-foxy/omo_r1mini_gazebo -DCMAKE_INSTALL_PREFIX=/home/keti/turtle_carto/install/omo_r1mini_gazebo
[0.364s] -- The C compiler identification is GNU 9.4.0
[0.393s] -- The CXX compiler identification is GNU 9.4.0
[0.400s] -- Check for working C compiler: /usr/bin/cc
[0.429s] -- Check for working C compiler: /usr/bin/cc -- works
[0.430s] -- Detecting C compiler ABI info
[0.462s] -- Detecting C compiler ABI info - done
[0.469s] -- Detecting C compile features
[0.469s] -- Detecting C compile features - done
[0.471s] -- Check for working CXX compiler: /usr/bin/c++
[0.508s] -- Check for working CXX compiler: /usr/bin/c++ -- works
[0.508s] -- Detecting CXX compiler ABI info
[0.547s] -- Detecting CXX compiler ABI info - done
[0.552s] -- Detecting CXX compile features
[0.552s] -- Detecting CXX compile features - done
[0.557s] CMake Error at CMakeLists.txt:22 (find_package):
[0.557s]   By not providing "Findament_cmake.cmake" in CMAKE_MODULE_PATH this project
[0.558s]   has asked CMake to find a package configuration file provided by
[0.558s]   "ament_cmake", but CMake did not find one.
[0.558s] 
[0.558s]   Could not find a package configuration file provided by "ament_cmake" with
[0.558s]   any of the following names:
[0.558s] 
[0.558s]     ament_cmakeConfig.cmake
[0.558s]     ament_cmake-config.cmake
[0.558s] 
[0.558s]   Add the installation prefix of "ament_cmake" to CMAKE_PREFIX_PATH or set
[0.558s]   "ament_cmake_DIR" to a directory containing one of the above files.  If
[0.558s]   "ament_cmake" provides a separate development package or SDK, be sure it
[0.558s]   has been installed.
[0.558s] 
[0.558s] 
[0.558s] -- Configuring incomplete, errors occurred!
[0.558s] See also "/home/keti/turtle_carto/build/omo_r1mini_gazebo/CMakeFiles/CMakeOutput.log".
