[0.023s] Invoking command in '/home/keti/turtle_carto/build/cpp_action_pkg': CMAKE_PREFIX_PATH=/home/keti/turtle_carto/install/custom_interfaces:/home/keti/turtle_carto/install/turtlebot3:/home/keti/turtle_carto/install/turtlebot3_simulations:/home/keti/turtle_carto/install/turtlebot3_bringup:/home/keti/turtle_carto/install/turtlebot3_node:/home/keti/turtle_carto/install/turtlebot3_navigation2:/home/keti/turtle_carto/install/turtlebot3_fake_node:/home/keti/turtle_carto/install/turtlebot3_msgs:/home/keti/turtle_carto/install/turtlebot3_description:/home/keti/turtle_carto/install/turtlebot3_cartographer:/home/keti/turtle_carto/install/gcamp_gazebo:/home/keti/turtle_carto/install/cpp_service_pkg:/home/keti/turtle_carto/install/cpp_action_pkg:/home/keti/turtle_carto/install/cpp_topic_pkg:/home/keti/turtle_carto/install/cpp_service_tutorial:/home/keti/turtle_carto/install/cpp_param_pkg:/home/keti/turtle_carto/install/cpp_first_pkg:/home/keti/turtle_carto/install/turtlebot3_teleop:/home/keti/turtle_carto/install/turtlebot3_example:/home/keti/turtle_carto/install/py_topic_pkg:/home/keti/turtle_carto/install/py_service_pkg:/home/keti/turtle_carto/install/py_first_pkg:/home/keti/turtle_carto/install/py_action_pkg:/home/keti/turtle_carto/install/follow_waypoints:/opt/ros/foxy LD_LIBRARY_PATH=/home/keti/turtle_carto/install/custom_interfaces/lib:/home/keti/turtle_carto/install/turtlebot3_msgs/lib:/usr/lib/x86_64-linux-gnu/gazebo-11/plugins:/opt/ros/foxy/opt/yaml_cpp_vendor/lib:/opt/ros/foxy/opt/rviz_ogre_vendor/lib:/opt/ros/foxy/lib/x86_64-linux-gnu:/opt/ros/foxy/lib:/usr/local/cuda-11.4/lib64 PYTHONPATH=/home/keti/turtle_carto/install/custom_interfaces/lib/python3.8/site-packages:/home/keti/turtle_carto/install/turtlebot3_teleop/lib/python3.8/site-packages:/home/keti/turtle_carto/install/turtlebot3_example/lib/python3.8/site-packages:/home/keti/turtle_carto/install/turtlebot3_msgs/lib/python3.8/site-packages:/home/keti/turtle_carto/install/py_topic_pkg/lib/python3.8/site-packages:/home/keti/turtle_carto/install/py_service_pkg/lib/python3.8/site-packages:/home/keti/turtle_carto/install/py_first_pkg/lib/python3.8/site-packages:/home/keti/turtle_carto/install/py_action_pkg/lib/python3.8/site-packages:/home/keti/turtle_carto/install/follow_waypoints/lib/python3.8/site-packages:/opt/ros/foxy/lib/python3.8/site-packages /usr/bin/cmake /home/keti/turtle_carto/src/gcamp_ros2_basic/cpp_action_pkg -DCMAKE_INSTALL_PREFIX=/home/keti/turtle_carto/install/cpp_action_pkg
[0.137s] -- The C compiler identification is GNU 9.4.0
[0.138s] -- The CXX compiler identification is GNU 9.4.0
[0.138s] -- Check for working C compiler: /usr/bin/cc
[0.138s] -- Check for working C compiler: /usr/bin/cc -- works
[0.138s] -- Detecting C compiler ABI info
[0.140s] -- Detecting C compiler ABI info - done
[0.145s] -- Detecting C compile features
[0.145s] -- Detecting C compile features - done
[0.147s] -- Check for working CXX compiler: /usr/bin/c++
[0.183s] -- Check for working CXX compiler: /usr/bin/c++ -- works
[0.183s] -- Detecting CXX compiler ABI info
[0.219s] -- Detecting CXX compiler ABI info - done
[0.225s] -- Detecting CXX compile features
[0.225s] -- Detecting CXX compile features - done
[0.226s] -- Found ament_cmake: 0.9.11 (/opt/ros/foxy/share/ament_cmake/cmake)
[0.240s] -- Found PythonInterp: /usr/bin/python3 (found suitable version "3.8.10", minimum required is "3") 
[0.240s] -- Using PYTHON_EXECUTABLE: /usr/bin/python3
[0.338s] -- Found rclcpp: 2.4.2 (/opt/ros/foxy/share/rclcpp/cmake)
[0.366s] -- Using all available rosidl_typesupport_c: rosidl_typesupport_fastrtps_c;rosidl_typesupport_introspection_c
[0.371s] -- Found rosidl_adapter: 1.3.0 (/opt/ros/foxy/share/rosidl_adapter/cmake)
[0.421s] -- Found OpenSSL: /usr/lib/x86_64-linux-gnu/libcrypto.so (found version "1.1.1f")  
[0.439s] -- Found FastRTPS: /opt/ros/foxy/include  
[0.483s] -- Using all available rosidl_typesupport_cpp: rosidl_typesupport_fastrtps_cpp;rosidl_typesupport_introspection_cpp
[0.515s] -- Found rmw_implementation_cmake: 1.0.4 (/opt/ros/foxy/share/rmw_implementation_cmake/cmake)
[0.516s] -- Using RMW implementation 'rmw_fastrtps_cpp' as default
[0.516s] -- Looking for pthread.h
[0.551s] -- Looking for pthread.h - found
[0.551s] -- Performing Test CMAKE_HAVE_LIBC_PTHREAD
[0.588s] -- Performing Test CMAKE_HAVE_LIBC_PTHREAD - Failed
[0.588s] -- Looking for pthread_create in pthreads
[0.619s] -- Looking for pthread_create in pthreads - not found
[0.619s] -- Looking for pthread_create in pthread
[0.658s] -- Looking for pthread_create in pthread - found
[0.658s] -- Found Threads: TRUE  
[0.734s] -- Found rclcpp_action: 2.4.2 (/opt/ros/foxy/share/rclcpp_action/cmake)
[0.774s] -- Found rclcpp_components: 2.4.2 (/opt/ros/foxy/share/rclcpp_components/cmake)
[0.804s] -- Found custom_interfaces: 0.0.0 (/home/keti/turtle_carto/install/custom_interfaces/share/custom_interfaces/cmake)
[0.831s] -- Found ament_lint_auto: 0.9.8 (/opt/ros/foxy/share/ament_lint_auto/cmake)
[0.878s] -- Added test 'copyright' to check source files copyright and LICENSE
[0.878s] -- Added test 'cppcheck' to perform static code analysis on C / C++ code
[0.878s] -- Configured cppcheck include dirs: 
[0.878s] -- Configured cppcheck exclude dirs and/or files: 
[0.878s] -- Added test 'cpplint' to check C / C++ code against the Google style
[0.879s] -- Configured cpplint exclude dirs and/or files: 
[0.879s] -- Added test 'lint_cmake' to check CMake code style
[0.879s] -- Added test 'uncrustify' to check C / C++ code style
[0.879s] -- Configured uncrustify additional arguments: 
[0.880s] -- Added test 'xmllint' to check XML markup files
[0.881s] -- Configuring done
[0.889s] -- Generating done
[0.890s] -- Build files have been written to: /home/keti/turtle_carto/build/cpp_action_pkg
[0.895s] Invoked command in '/home/keti/turtle_carto/build/cpp_action_pkg' returned '0': CMAKE_PREFIX_PATH=/home/keti/turtle_carto/install/custom_interfaces:/home/keti/turtle_carto/install/turtlebot3:/home/keti/turtle_carto/install/turtlebot3_simulations:/home/keti/turtle_carto/install/turtlebot3_bringup:/home/keti/turtle_carto/install/turtlebot3_node:/home/keti/turtle_carto/install/turtlebot3_navigation2:/home/keti/turtle_carto/install/turtlebot3_fake_node:/home/keti/turtle_carto/install/turtlebot3_msgs:/home/keti/turtle_carto/install/turtlebot3_description:/home/keti/turtle_carto/install/turtlebot3_cartographer:/home/keti/turtle_carto/install/gcamp_gazebo:/home/keti/turtle_carto/install/cpp_service_pkg:/home/keti/turtle_carto/install/cpp_action_pkg:/home/keti/turtle_carto/install/cpp_topic_pkg:/home/keti/turtle_carto/install/cpp_service_tutorial:/home/keti/turtle_carto/install/cpp_param_pkg:/home/keti/turtle_carto/install/cpp_first_pkg:/home/keti/turtle_carto/install/turtlebot3_teleop:/home/keti/turtle_carto/install/turtlebot3_example:/home/keti/turtle_carto/install/py_topic_pkg:/home/keti/turtle_carto/install/py_service_pkg:/home/keti/turtle_carto/install/py_first_pkg:/home/keti/turtle_carto/install/py_action_pkg:/home/keti/turtle_carto/install/follow_waypoints:/opt/ros/foxy LD_LIBRARY_PATH=/home/keti/turtle_carto/install/custom_interfaces/lib:/home/keti/turtle_carto/install/turtlebot3_msgs/lib:/usr/lib/x86_64-linux-gnu/gazebo-11/plugins:/opt/ros/foxy/opt/yaml_cpp_vendor/lib:/opt/ros/foxy/opt/rviz_ogre_vendor/lib:/opt/ros/foxy/lib/x86_64-linux-gnu:/opt/ros/foxy/lib:/usr/local/cuda-11.4/lib64 PYTHONPATH=/home/keti/turtle_carto/install/custom_interfaces/lib/python3.8/site-packages:/home/keti/turtle_carto/install/turtlebot3_teleop/lib/python3.8/site-packages:/home/keti/turtle_carto/install/turtlebot3_example/lib/python3.8/site-packages:/home/keti/turtle_carto/install/turtlebot3_msgs/lib/python3.8/site-packages:/home/keti/turtle_carto/install/py_topic_pkg/lib/python3.8/site-packages:/home/keti/turtle_carto/install/py_service_pkg/lib/python3.8/site-packages:/home/keti/turtle_carto/install/py_first_pkg/lib/python3.8/site-packages:/home/keti/turtle_carto/install/py_action_pkg/lib/python3.8/site-packages:/home/keti/turtle_carto/install/follow_waypoints/lib/python3.8/site-packages:/opt/ros/foxy/lib/python3.8/site-packages /usr/bin/cmake /home/keti/turtle_carto/src/gcamp_ros2_basic/cpp_action_pkg -DCMAKE_INSTALL_PREFIX=/home/keti/turtle_carto/install/cpp_action_pkg
[0.896s] Invoking command in '/home/keti/turtle_carto/build/cpp_action_pkg': CMAKE_PREFIX_PATH=/home/keti/turtle_carto/install/custom_interfaces:/home/keti/turtle_carto/install/turtlebot3:/home/keti/turtle_carto/install/turtlebot3_simulations:/home/keti/turtle_carto/install/turtlebot3_bringup:/home/keti/turtle_carto/install/turtlebot3_node:/home/keti/turtle_carto/install/turtlebot3_navigation2:/home/keti/turtle_carto/install/turtlebot3_fake_node:/home/keti/turtle_carto/install/turtlebot3_msgs:/home/keti/turtle_carto/install/turtlebot3_description:/home/keti/turtle_carto/install/turtlebot3_cartographer:/home/keti/turtle_carto/install/gcamp_gazebo:/home/keti/turtle_carto/install/cpp_service_pkg:/home/keti/turtle_carto/install/cpp_action_pkg:/home/keti/turtle_carto/install/cpp_topic_pkg:/home/keti/turtle_carto/install/cpp_service_tutorial:/home/keti/turtle_carto/install/cpp_param_pkg:/home/keti/turtle_carto/install/cpp_first_pkg:/home/keti/turtle_carto/install/turtlebot3_teleop:/home/keti/turtle_carto/install/turtlebot3_example:/home/keti/turtle_carto/install/py_topic_pkg:/home/keti/turtle_carto/install/py_service_pkg:/home/keti/turtle_carto/install/py_first_pkg:/home/keti/turtle_carto/install/py_action_pkg:/home/keti/turtle_carto/install/follow_waypoints:/opt/ros/foxy LD_LIBRARY_PATH=/home/keti/turtle_carto/install/custom_interfaces/lib:/home/keti/turtle_carto/install/turtlebot3_msgs/lib:/usr/lib/x86_64-linux-gnu/gazebo-11/plugins:/opt/ros/foxy/opt/yaml_cpp_vendor/lib:/opt/ros/foxy/opt/rviz_ogre_vendor/lib:/opt/ros/foxy/lib/x86_64-linux-gnu:/opt/ros/foxy/lib:/usr/local/cuda-11.4/lib64 PYTHONPATH=/home/keti/turtle_carto/install/custom_interfaces/lib/python3.8/site-packages:/home/keti/turtle_carto/install/turtlebot3_teleop/lib/python3.8/site-packages:/home/keti/turtle_carto/install/turtlebot3_example/lib/python3.8/site-packages:/home/keti/turtle_carto/install/turtlebot3_msgs/lib/python3.8/site-packages:/home/keti/turtle_carto/install/py_topic_pkg/lib/python3.8/site-packages:/home/keti/turtle_carto/install/py_service_pkg/lib/python3.8/site-packages:/home/keti/turtle_carto/install/py_first_pkg/lib/python3.8/site-packages:/home/keti/turtle_carto/install/py_action_pkg/lib/python3.8/site-packages:/home/keti/turtle_carto/install/follow_waypoints/lib/python3.8/site-packages:/opt/ros/foxy/lib/python3.8/site-packages /usr/bin/cmake --build /home/keti/turtle_carto/build/cpp_action_pkg -- -j24 -l24
[0.915s] [35m[1mScanning dependencies of target fibonacci_action_server_oop_node[0m
[0.915s] [35m[1mScanning dependencies of target fibonacci_action_client_oop_node[0m
[0.915s] [35m[1mScanning dependencies of target fibonacci_action_server_node[0m
[0.915s] [35m[1mScanning dependencies of target fibonacci_action_client_node[0m
[0.932s] [ 25%] [32mBuilding CXX object CMakeFiles/fibonacci_action_server_node.dir/src/fibonacci_action_server.cpp.o[0m
[0.932s] [ 25%] [32mBuilding CXX object CMakeFiles/fibonacci_action_client_oop_node.dir/src/fibonacci_action_client_oop.cpp.o[0m
[0.932s] [ 37%] [32mBuilding CXX object CMakeFiles/fibonacci_action_client_node.dir/src/fibonacci_action_client.cpp.o[0m
[0.933s] [ 50%] [32mBuilding CXX object CMakeFiles/fibonacci_action_server_oop_node.dir/src/fibonacci_action_server_oop.cpp.o[0m
[2.753s] [ 62%] [32m[1mLinking CXX executable fibonacci_action_server_node[0m
[2.926s] [ 62%] Built target fibonacci_action_server_node
[3.049s] [ 75%] [32m[1mLinking CXX executable fibonacci_action_server_oop_node[0m
[3.170s] [ 75%] Built target fibonacci_action_server_oop_node
[3.250s] [ 87%] [32m[1mLinking CXX executable fibonacci_action_client_oop_node[0m
[3.356s] [ 87%] Built target fibonacci_action_client_oop_node
[3.444s] [100%] [32m[1mLinking CXX executable fibonacci_action_client_node[0m
[3.530s] [100%] Built target fibonacci_action_client_node
[3.537s] Invoked command in '/home/keti/turtle_carto/build/cpp_action_pkg' returned '0': CMAKE_PREFIX_PATH=/home/keti/turtle_carto/install/custom_interfaces:/home/keti/turtle_carto/install/turtlebot3:/home/keti/turtle_carto/install/turtlebot3_simulations:/home/keti/turtle_carto/install/turtlebot3_bringup:/home/keti/turtle_carto/install/turtlebot3_node:/home/keti/turtle_carto/install/turtlebot3_navigation2:/home/keti/turtle_carto/install/turtlebot3_fake_node:/home/keti/turtle_carto/install/turtlebot3_msgs:/home/keti/turtle_carto/install/turtlebot3_description:/home/keti/turtle_carto/install/turtlebot3_cartographer:/home/keti/turtle_carto/install/gcamp_gazebo:/home/keti/turtle_carto/install/cpp_service_pkg:/home/keti/turtle_carto/install/cpp_action_pkg:/home/keti/turtle_carto/install/cpp_topic_pkg:/home/keti/turtle_carto/install/cpp_service_tutorial:/home/keti/turtle_carto/install/cpp_param_pkg:/home/keti/turtle_carto/install/cpp_first_pkg:/home/keti/turtle_carto/install/turtlebot3_teleop:/home/keti/turtle_carto/install/turtlebot3_example:/home/keti/turtle_carto/install/py_topic_pkg:/home/keti/turtle_carto/install/py_service_pkg:/home/keti/turtle_carto/install/py_first_pkg:/home/keti/turtle_carto/install/py_action_pkg:/home/keti/turtle_carto/install/follow_waypoints:/opt/ros/foxy LD_LIBRARY_PATH=/home/keti/turtle_carto/install/custom_interfaces/lib:/home/keti/turtle_carto/install/turtlebot3_msgs/lib:/usr/lib/x86_64-linux-gnu/gazebo-11/plugins:/opt/ros/foxy/opt/yaml_cpp_vendor/lib:/opt/ros/foxy/opt/rviz_ogre_vendor/lib:/opt/ros/foxy/lib/x86_64-linux-gnu:/opt/ros/foxy/lib:/usr/local/cuda-11.4/lib64 PYTHONPATH=/home/keti/turtle_carto/install/custom_interfaces/lib/python3.8/site-packages:/home/keti/turtle_carto/install/turtlebot3_teleop/lib/python3.8/site-packages:/home/keti/turtle_carto/install/turtlebot3_example/lib/python3.8/site-packages:/home/keti/turtle_carto/install/turtlebot3_msgs/lib/python3.8/site-packages:/home/keti/turtle_carto/install/py_topic_pkg/lib/python3.8/site-packages:/home/keti/turtle_carto/install/py_service_pkg/lib/python3.8/site-packages:/home/keti/turtle_carto/install/py_first_pkg/lib/python3.8/site-packages:/home/keti/turtle_carto/install/py_action_pkg/lib/python3.8/site-packages:/home/keti/turtle_carto/install/follow_waypoints/lib/python3.8/site-packages:/opt/ros/foxy/lib/python3.8/site-packages /usr/bin/cmake --build /home/keti/turtle_carto/build/cpp_action_pkg -- -j24 -l24
[3.556s] Invoking command in '/home/keti/turtle_carto/build/cpp_action_pkg': CMAKE_PREFIX_PATH=/home/keti/turtle_carto/install/custom_interfaces:/home/keti/turtle_carto/install/turtlebot3:/home/keti/turtle_carto/install/turtlebot3_simulations:/home/keti/turtle_carto/install/turtlebot3_bringup:/home/keti/turtle_carto/install/turtlebot3_node:/home/keti/turtle_carto/install/turtlebot3_navigation2:/home/keti/turtle_carto/install/turtlebot3_fake_node:/home/keti/turtle_carto/install/turtlebot3_msgs:/home/keti/turtle_carto/install/turtlebot3_description:/home/keti/turtle_carto/install/turtlebot3_cartographer:/home/keti/turtle_carto/install/gcamp_gazebo:/home/keti/turtle_carto/install/cpp_service_pkg:/home/keti/turtle_carto/install/cpp_action_pkg:/home/keti/turtle_carto/install/cpp_topic_pkg:/home/keti/turtle_carto/install/cpp_service_tutorial:/home/keti/turtle_carto/install/cpp_param_pkg:/home/keti/turtle_carto/install/cpp_first_pkg:/home/keti/turtle_carto/install/turtlebot3_teleop:/home/keti/turtle_carto/install/turtlebot3_example:/home/keti/turtle_carto/install/py_topic_pkg:/home/keti/turtle_carto/install/py_service_pkg:/home/keti/turtle_carto/install/py_first_pkg:/home/keti/turtle_carto/install/py_action_pkg:/home/keti/turtle_carto/install/follow_waypoints:/opt/ros/foxy LD_LIBRARY_PATH=/home/keti/turtle_carto/install/custom_interfaces/lib:/home/keti/turtle_carto/install/turtlebot3_msgs/lib:/usr/lib/x86_64-linux-gnu/gazebo-11/plugins:/opt/ros/foxy/opt/yaml_cpp_vendor/lib:/opt/ros/foxy/opt/rviz_ogre_vendor/lib:/opt/ros/foxy/lib/x86_64-linux-gnu:/opt/ros/foxy/lib:/usr/local/cuda-11.4/lib64 PYTHONPATH=/home/keti/turtle_carto/install/custom_interfaces/lib/python3.8/site-packages:/home/keti/turtle_carto/install/turtlebot3_teleop/lib/python3.8/site-packages:/home/keti/turtle_carto/install/turtlebot3_example/lib/python3.8/site-packages:/home/keti/turtle_carto/install/turtlebot3_msgs/lib/python3.8/site-packages:/home/keti/turtle_carto/install/py_topic_pkg/lib/python3.8/site-packages:/home/keti/turtle_carto/install/py_service_pkg/lib/python3.8/site-packages:/home/keti/turtle_carto/install/py_first_pkg/lib/python3.8/site-packages:/home/keti/turtle_carto/install/py_action_pkg/lib/python3.8/site-packages:/home/keti/turtle_carto/install/follow_waypoints/lib/python3.8/site-packages:/opt/ros/foxy/lib/python3.8/site-packages /usr/bin/cmake --install /home/keti/turtle_carto/build/cpp_action_pkg
[3.561s] -- Install configuration: ""
[3.561s] -- Installing: /home/keti/turtle_carto/install/cpp_action_pkg/lib/cpp_action_pkg/fibonacci_action_client_node
[3.561s] -- Set runtime path of "/home/keti/turtle_carto/install/cpp_action_pkg/lib/cpp_action_pkg/fibonacci_action_client_node" to ""
[3.561s] -- Installing: /home/keti/turtle_carto/install/cpp_action_pkg/lib/cpp_action_pkg/fibonacci_action_client_oop_node
[3.562s] -- Set runtime path of "/home/keti/turtle_carto/install/cpp_action_pkg/lib/cpp_action_pkg/fibonacci_action_client_oop_node" to ""
[3.562s] -- Installing: /home/keti/turtle_carto/install/cpp_action_pkg/lib/cpp_action_pkg/fibonacci_action_server_node
[3.562s] -- Set runtime path of "/home/keti/turtle_carto/install/cpp_action_pkg/lib/cpp_action_pkg/fibonacci_action_server_node" to ""
[3.562s] -- Installing: /home/keti/turtle_carto/install/cpp_action_pkg/lib/cpp_action_pkg/fibonacci_action_server_oop_node
[3.562s] -- Set runtime path of "/home/keti/turtle_carto/install/cpp_action_pkg/lib/cpp_action_pkg/fibonacci_action_server_oop_node" to ""
[3.562s] -- Installing: /home/keti/turtle_carto/install/cpp_action_pkg/share/ament_index/resource_index/package_run_dependencies/cpp_action_pkg
[3.562s] -- Installing: /home/keti/turtle_carto/install/cpp_action_pkg/share/ament_index/resource_index/parent_prefix_path/cpp_action_pkg
[3.563s] -- Installing: /home/keti/turtle_carto/install/cpp_action_pkg/share/cpp_action_pkg/environment/ament_prefix_path.sh
[3.563s] -- Installing: /home/keti/turtle_carto/install/cpp_action_pkg/share/cpp_action_pkg/environment/ament_prefix_path.dsv
[3.563s] -- Installing: /home/keti/turtle_carto/install/cpp_action_pkg/share/cpp_action_pkg/environment/path.sh
[3.563s] -- Installing: /home/keti/turtle_carto/install/cpp_action_pkg/share/cpp_action_pkg/environment/path.dsv
[3.563s] -- Installing: /home/keti/turtle_carto/install/cpp_action_pkg/share/cpp_action_pkg/local_setup.bash
[3.563s] -- Installing: /home/keti/turtle_carto/install/cpp_action_pkg/share/cpp_action_pkg/local_setup.sh
[3.563s] -- Installing: /home/keti/turtle_carto/install/cpp_action_pkg/share/cpp_action_pkg/local_setup.zsh
[3.563s] -- Installing: /home/keti/turtle_carto/install/cpp_action_pkg/share/cpp_action_pkg/local_setup.dsv
[3.563s] -- Installing: /home/keti/turtle_carto/install/cpp_action_pkg/share/cpp_action_pkg/package.dsv
[3.563s] -- Installing: /home/keti/turtle_carto/install/cpp_action_pkg/share/ament_index/resource_index/packages/cpp_action_pkg
[3.563s] -- Installing: /home/keti/turtle_carto/install/cpp_action_pkg/share/cpp_action_pkg/cmake/cpp_action_pkgConfig.cmake
[3.563s] -- Installing: /home/keti/turtle_carto/install/cpp_action_pkg/share/cpp_action_pkg/cmake/cpp_action_pkgConfig-version.cmake
[3.563s] -- Installing: /home/keti/turtle_carto/install/cpp_action_pkg/share/cpp_action_pkg/package.xml
[3.566s] Invoked command in '/home/keti/turtle_carto/build/cpp_action_pkg' returned '0': CMAKE_PREFIX_PATH=/home/keti/turtle_carto/install/custom_interfaces:/home/keti/turtle_carto/install/turtlebot3:/home/keti/turtle_carto/install/turtlebot3_simulations:/home/keti/turtle_carto/install/turtlebot3_bringup:/home/keti/turtle_carto/install/turtlebot3_node:/home/keti/turtle_carto/install/turtlebot3_navigation2:/home/keti/turtle_carto/install/turtlebot3_fake_node:/home/keti/turtle_carto/install/turtlebot3_msgs:/home/keti/turtle_carto/install/turtlebot3_description:/home/keti/turtle_carto/install/turtlebot3_cartographer:/home/keti/turtle_carto/install/gcamp_gazebo:/home/keti/turtle_carto/install/cpp_service_pkg:/home/keti/turtle_carto/install/cpp_action_pkg:/home/keti/turtle_carto/install/cpp_topic_pkg:/home/keti/turtle_carto/install/cpp_service_tutorial:/home/keti/turtle_carto/install/cpp_param_pkg:/home/keti/turtle_carto/install/cpp_first_pkg:/home/keti/turtle_carto/install/turtlebot3_teleop:/home/keti/turtle_carto/install/turtlebot3_example:/home/keti/turtle_carto/install/py_topic_pkg:/home/keti/turtle_carto/install/py_service_pkg:/home/keti/turtle_carto/install/py_first_pkg:/home/keti/turtle_carto/install/py_action_pkg:/home/keti/turtle_carto/install/follow_waypoints:/opt/ros/foxy LD_LIBRARY_PATH=/home/keti/turtle_carto/install/custom_interfaces/lib:/home/keti/turtle_carto/install/turtlebot3_msgs/lib:/usr/lib/x86_64-linux-gnu/gazebo-11/plugins:/opt/ros/foxy/opt/yaml_cpp_vendor/lib:/opt/ros/foxy/opt/rviz_ogre_vendor/lib:/opt/ros/foxy/lib/x86_64-linux-gnu:/opt/ros/foxy/lib:/usr/local/cuda-11.4/lib64 PYTHONPATH=/home/keti/turtle_carto/install/custom_interfaces/lib/python3.8/site-packages:/home/keti/turtle_carto/install/turtlebot3_teleop/lib/python3.8/site-packages:/home/keti/turtle_carto/install/turtlebot3_example/lib/python3.8/site-packages:/home/keti/turtle_carto/install/turtlebot3_msgs/lib/python3.8/site-packages:/home/keti/turtle_carto/install/py_topic_pkg/lib/python3.8/site-packages:/home/keti/turtle_carto/install/py_service_pkg/lib/python3.8/site-packages:/home/keti/turtle_carto/install/py_first_pkg/lib/python3.8/site-packages:/home/keti/turtle_carto/install/py_action_pkg/lib/python3.8/site-packages:/home/keti/turtle_carto/install/follow_waypoints/lib/python3.8/site-packages:/opt/ros/foxy/lib/python3.8/site-packages /usr/bin/cmake --install /home/keti/turtle_carto/build/cpp_action_pkg
