[0.043s] Invoking command in '/home/keti/turtle_carto/build/nav_2d_msgs': CMAKE_PREFIX_PATH=/opt/ros/foxy /usr/bin/cmake --build /home/keti/turtle_carto/build/nav_2d_msgs -- -j24 -l24
[0.396s] [  1%] Built target nav_2d_msgs__cpp
[0.397s] [ 12%] Built target nav_2d_msgs__rosidl_generator_c
[0.397s] [ 23%] Built target nav_2d_msgs__rosidl_typesupport_cpp
[0.397s] [ 45%] Built target nav_2d_msgs__rosidl_typesupport_introspection_cpp
[0.397s] [ 46%] Built target nav_2d_msgs__rosidl_typesupport_c
[0.397s] [ 57%] Built target nav_2d_msgs__rosidl_typesupport_fastrtps_cpp
[0.397s] [ 69%] Built target nav_2d_msgs__rosidl_typesupport_introspection_c
[0.397s] [ 80%] Built target nav_2d_msgs__rosidl_typesupport_fastrtps_c
[0.397s] [ 80%] Built target nav_2d_msgs
[0.397s] [ 81%] Built target nav_2d_msgs__py
[0.397s] [ 91%] Built target nav_2d_msgs__python
[0.397s] [ 94%] Built target nav_2d_msgs__rosidl_typesupport_introspection_c__pyext
[0.397s] [ 97%] Built target nav_2d_msgs__rosidl_typesupport_fastrtps_c__pyext
[0.397s] [100%] Built target nav_2d_msgs__rosidl_typesupport_c__pyext
[0.404s] Invoked command in '/home/keti/turtle_carto/build/nav_2d_msgs' returned '0': CMAKE_PREFIX_PATH=/opt/ros/foxy /usr/bin/cmake --build /home/keti/turtle_carto/build/nav_2d_msgs -- -j24 -l24
[0.480s] Invoking command in '/home/keti/turtle_carto/build/nav_2d_msgs': CMAKE_PREFIX_PATH=/opt/ros/foxy /usr/bin/cmake --install /home/keti/turtle_carto/build/nav_2d_msgs
[0.499s] -- Install configuration: ""
[0.500s] -- Up-to-date: /home/keti/turtle_carto/install/nav_2d_msgs/share/ament_index/resource_index/rosidl_interfaces/nav_2d_msgs
[0.500s] -- Up-to-date: /home/keti/turtle_carto/install/nav_2d_msgs/include/nav_2d_msgs
[0.500s] -- Up-to-date: /home/keti/turtle_carto/install/nav_2d_msgs/include/nav_2d_msgs/msg
[0.500s] -- Up-to-date: /home/keti/turtle_carto/install/nav_2d_msgs/include/nav_2d_msgs/msg/twist2_d32.h
[0.500s] -- Up-to-date: /home/keti/turtle_carto/install/nav_2d_msgs/include/nav_2d_msgs/msg/pose2_d32.h
[0.500s] -- Up-to-date: /home/keti/turtle_carto/install/nav_2d_msgs/include/nav_2d_msgs/msg/rosidl_generator_c__visibility_control.h
[0.500s] -- Up-to-date: /home/keti/turtle_carto/install/nav_2d_msgs/include/nav_2d_msgs/msg/detail
[0.500s] -- Up-to-date: /home/keti/turtle_carto/install/nav_2d_msgs/include/nav_2d_msgs/msg/detail/twist2_d32__struct.h
[0.500s] -- Up-to-date: /home/keti/turtle_carto/install/nav_2d_msgs/include/nav_2d_msgs/msg/detail/pose2_d_stamped__type_support.h
[0.500s] -- Up-to-date: /home/keti/turtle_carto/install/nav_2d_msgs/include/nav_2d_msgs/msg/detail/twist2_d__type_support.h
[0.500s] -- Up-to-date: /home/keti/turtle_carto/install/nav_2d_msgs/include/nav_2d_msgs/msg/detail/pose2_d_stamped__functions.c
[0.500s] -- Up-to-date: /home/keti/turtle_carto/install/nav_2d_msgs/include/nav_2d_msgs/msg/detail/twist2_d32__type_support.h
[0.500s] -- Up-to-date: /home/keti/turtle_carto/install/nav_2d_msgs/include/nav_2d_msgs/msg/detail/pose2_d32__type_support.h
[0.500s] -- Up-to-date: /home/keti/turtle_carto/install/nav_2d_msgs/include/nav_2d_msgs/msg/detail/pose2_d32__struct.h
[0.500s] -- Up-to-date: /home/keti/turtle_carto/install/nav_2d_msgs/include/nav_2d_msgs/msg/detail/pose2_d32__functions.h
[0.500s] -- Up-to-date: /home/keti/turtle_carto/install/nav_2d_msgs/include/nav_2d_msgs/msg/detail/pose2_d32__functions.c
[0.500s] -- Up-to-date: /home/keti/turtle_carto/install/nav_2d_msgs/include/nav_2d_msgs/msg/detail/twist2_d_stamped__type_support.h
[0.500s] -- Up-to-date: /home/keti/turtle_carto/install/nav_2d_msgs/include/nav_2d_msgs/msg/detail/path2_d__functions.h
[0.501s] -- Up-to-date: /home/keti/turtle_carto/install/nav_2d_msgs/include/nav_2d_msgs/msg/detail/twist2_d_stamped__functions.h
[0.501s] -- Up-to-date: /home/keti/turtle_carto/install/nav_2d_msgs/include/nav_2d_msgs/msg/detail/twist2_d_stamped__struct.h
[0.501s] -- Up-to-date: /home/keti/turtle_carto/install/nav_2d_msgs/include/nav_2d_msgs/msg/detail/twist2_d__functions.c
[0.501s] -- Up-to-date: /home/keti/turtle_carto/install/nav_2d_msgs/include/nav_2d_msgs/msg/detail/twist2_d__struct.h
[0.501s] -- Up-to-date: /home/keti/turtle_carto/install/nav_2d_msgs/include/nav_2d_msgs/msg/detail/path2_d__struct.h
[0.501s] -- Up-to-date: /home/keti/turtle_carto/install/nav_2d_msgs/include/nav_2d_msgs/msg/detail/pose2_d_stamped__functions.h
[0.501s] -- Up-to-date: /home/keti/turtle_carto/install/nav_2d_msgs/include/nav_2d_msgs/msg/detail/pose2_d_stamped__struct.h
[0.501s] -- Up-to-date: /home/keti/turtle_carto/install/nav_2d_msgs/include/nav_2d_msgs/msg/detail/path2_d__functions.c
[0.501s] -- Up-to-date: /home/keti/turtle_carto/install/nav_2d_msgs/include/nav_2d_msgs/msg/detail/twist2_d32__functions.h
[0.501s] -- Up-to-date: /home/keti/turtle_carto/install/nav_2d_msgs/include/nav_2d_msgs/msg/detail/twist2_d_stamped__functions.c
[0.501s] -- Up-to-date: /home/keti/turtle_carto/install/nav_2d_msgs/include/nav_2d_msgs/msg/detail/twist2_d__functions.h
[0.501s] -- Up-to-date: /home/keti/turtle_carto/install/nav_2d_msgs/include/nav_2d_msgs/msg/detail/twist2_d32__functions.c
[0.501s] -- Up-to-date: /home/keti/turtle_carto/install/nav_2d_msgs/include/nav_2d_msgs/msg/detail/path2_d__type_support.h
[0.501s] -- Up-to-date: /home/keti/turtle_carto/install/nav_2d_msgs/include/nav_2d_msgs/msg/twist2_d.h
[0.501s] -- Up-to-date: /home/keti/turtle_carto/install/nav_2d_msgs/include/nav_2d_msgs/msg/twist2_d_stamped.h
[0.501s] -- Up-to-date: /home/keti/turtle_carto/install/nav_2d_msgs/include/nav_2d_msgs/msg/pose2_d_stamped.h
[0.501s] -- Up-to-date: /home/keti/turtle_carto/install/nav_2d_msgs/include/nav_2d_msgs/msg/path2_d.h
[0.501s] -- Up-to-date: /home/keti/turtle_carto/install/nav_2d_msgs/share/nav_2d_msgs/environment/library_path.sh
[0.501s] -- Up-to-date: /home/keti/turtle_carto/install/nav_2d_msgs/share/nav_2d_msgs/environment/library_path.dsv
[0.501s] -- Up-to-date: /home/keti/turtle_carto/install/nav_2d_msgs/lib/libnav_2d_msgs__rosidl_generator_c.so
[0.501s] -- Up-to-date: /home/keti/turtle_carto/install/nav_2d_msgs/include/nav_2d_msgs
[0.501s] -- Up-to-date: /home/keti/turtle_carto/install/nav_2d_msgs/include/nav_2d_msgs/msg
[0.501s] -- Up-to-date: /home/keti/turtle_carto/install/nav_2d_msgs/include/nav_2d_msgs/msg/rosidl_typesupport_fastrtps_c__visibility_control.h
[0.501s] -- Up-to-date: /home/keti/turtle_carto/install/nav_2d_msgs/include/nav_2d_msgs/msg/detail
[0.501s] -- Up-to-date: /home/keti/turtle_carto/install/nav_2d_msgs/include/nav_2d_msgs/msg/detail/twist2_d32__rosidl_typesupport_fastrtps_c.h
[0.501s] -- Up-to-date: /home/keti/turtle_carto/install/nav_2d_msgs/include/nav_2d_msgs/msg/detail/pose2_d_stamped__rosidl_typesupport_fastrtps_c.h
[0.501s] -- Up-to-date: /home/keti/turtle_carto/install/nav_2d_msgs/include/nav_2d_msgs/msg/detail/twist2_d_stamped__rosidl_typesupport_fastrtps_c.h
[0.501s] -- Up-to-date: /home/keti/turtle_carto/install/nav_2d_msgs/include/nav_2d_msgs/msg/detail/pose2_d32__rosidl_typesupport_fastrtps_c.h
[0.501s] -- Up-to-date: /home/keti/turtle_carto/install/nav_2d_msgs/include/nav_2d_msgs/msg/detail/twist2_d__rosidl_typesupport_fastrtps_c.h
[0.501s] -- Up-to-date: /home/keti/turtle_carto/install/nav_2d_msgs/include/nav_2d_msgs/msg/detail/path2_d__rosidl_typesupport_fastrtps_c.h
[0.501s] -- Up-to-date: /home/keti/turtle_carto/install/nav_2d_msgs/lib/libnav_2d_msgs__rosidl_typesupport_fastrtps_c.so
[0.501s] -- Up-to-date: /home/keti/turtle_carto/install/nav_2d_msgs/include/nav_2d_msgs
[0.501s] -- Up-to-date: /home/keti/turtle_carto/install/nav_2d_msgs/include/nav_2d_msgs/msg
[0.501s] -- Up-to-date: /home/keti/turtle_carto/install/nav_2d_msgs/include/nav_2d_msgs/msg/detail
[0.501s] -- Up-to-date: /home/keti/turtle_carto/install/nav_2d_msgs/include/nav_2d_msgs/msg/detail/dds_fastrtps
[0.501s] -- Up-to-date: /home/keti/turtle_carto/install/nav_2d_msgs/include/nav_2d_msgs/msg/detail/twist2_d_stamped__rosidl_typesupport_fastrtps_cpp.hpp
[0.501s] -- Up-to-date: /home/keti/turtle_carto/install/nav_2d_msgs/include/nav_2d_msgs/msg/detail/path2_d__rosidl_typesupport_fastrtps_cpp.hpp
[0.501s] -- Up-to-date: /home/keti/turtle_carto/install/nav_2d_msgs/include/nav_2d_msgs/msg/detail/pose2_d32__rosidl_typesupport_fastrtps_cpp.hpp
[0.502s] -- Up-to-date: /home/keti/turtle_carto/install/nav_2d_msgs/include/nav_2d_msgs/msg/detail/pose2_d_stamped__rosidl_typesupport_fastrtps_cpp.hpp
[0.502s] -- Up-to-date: /home/keti/turtle_carto/install/nav_2d_msgs/include/nav_2d_msgs/msg/detail/twist2_d32__rosidl_typesupport_fastrtps_cpp.hpp
[0.502s] -- Up-to-date: /home/keti/turtle_carto/install/nav_2d_msgs/include/nav_2d_msgs/msg/detail/twist2_d__rosidl_typesupport_fastrtps_cpp.hpp
[0.502s] -- Up-to-date: /home/keti/turtle_carto/install/nav_2d_msgs/include/nav_2d_msgs/msg/rosidl_typesupport_fastrtps_cpp__visibility_control.h
[0.502s] -- Up-to-date: /home/keti/turtle_carto/install/nav_2d_msgs/lib/libnav_2d_msgs__rosidl_typesupport_fastrtps_cpp.so
[0.502s] -- Up-to-date: /home/keti/turtle_carto/install/nav_2d_msgs/include/nav_2d_msgs
[0.502s] -- Up-to-date: /home/keti/turtle_carto/install/nav_2d_msgs/include/nav_2d_msgs/msg
[0.502s] -- Up-to-date: /home/keti/turtle_carto/install/nav_2d_msgs/include/nav_2d_msgs/msg/detail
[0.502s] -- Up-to-date: /home/keti/turtle_carto/install/nav_2d_msgs/include/nav_2d_msgs/msg/detail/twist2_d__type_support.c
[0.502s] -- Up-to-date: /home/keti/turtle_carto/install/nav_2d_msgs/include/nav_2d_msgs/msg/detail/pose2_d_stamped__rosidl_typesupport_introspection_c.h
[0.502s] -- Up-to-date: /home/keti/turtle_carto/install/nav_2d_msgs/include/nav_2d_msgs/msg/detail/twist2_d32__rosidl_typesupport_introspection_c.h
[0.502s] -- Up-to-date: /home/keti/turtle_carto/install/nav_2d_msgs/include/nav_2d_msgs/msg/detail/twist2_d_stamped__type_support.c
[0.502s] -- Up-to-date: /home/keti/turtle_carto/install/nav_2d_msgs/include/nav_2d_msgs/msg/detail/twist2_d_stamped__rosidl_typesupport_introspection_c.h
[0.502s] -- Up-to-date: /home/keti/turtle_carto/install/nav_2d_msgs/include/nav_2d_msgs/msg/detail/pose2_d32__rosidl_typesupport_introspection_c.h
[0.502s] -- Up-to-date: /home/keti/turtle_carto/install/nav_2d_msgs/include/nav_2d_msgs/msg/detail/pose2_d_stamped__type_support.c
[0.502s] -- Up-to-date: /home/keti/turtle_carto/install/nav_2d_msgs/include/nav_2d_msgs/msg/detail/path2_d__rosidl_typesupport_introspection_c.h
[0.502s] -- Up-to-date: /home/keti/turtle_carto/install/nav_2d_msgs/include/nav_2d_msgs/msg/detail/path2_d__type_support.c
[0.502s] -- Up-to-date: /home/keti/turtle_carto/install/nav_2d_msgs/include/nav_2d_msgs/msg/detail/twist2_d__rosidl_typesupport_introspection_c.h
[0.502s] -- Up-to-date: /home/keti/turtle_carto/install/nav_2d_msgs/include/nav_2d_msgs/msg/detail/twist2_d32__type_support.c
[0.502s] -- Up-to-date: /home/keti/turtle_carto/install/nav_2d_msgs/include/nav_2d_msgs/msg/detail/pose2_d32__type_support.c
[0.502s] -- Up-to-date: /home/keti/turtle_carto/install/nav_2d_msgs/include/nav_2d_msgs/msg/rosidl_typesupport_introspection_c__visibility_control.h
[0.502s] -- Up-to-date: /home/keti/turtle_carto/install/nav_2d_msgs/lib/libnav_2d_msgs__rosidl_typesupport_introspection_c.so
[0.502s] -- Up-to-date: /home/keti/turtle_carto/install/nav_2d_msgs/lib/libnav_2d_msgs__rosidl_typesupport_c.so
[0.502s] -- Up-to-date: /home/keti/turtle_carto/install/nav_2d_msgs/include/nav_2d_msgs
[0.502s] -- Up-to-date: /home/keti/turtle_carto/install/nav_2d_msgs/include/nav_2d_msgs/msg
[0.502s] -- Up-to-date: /home/keti/turtle_carto/install/nav_2d_msgs/include/nav_2d_msgs/msg/twist2_d_stamped.hpp
[0.502s] -- Up-to-date: /home/keti/turtle_carto/install/nav_2d_msgs/include/nav_2d_msgs/msg/twist2_d.hpp
[0.502s] -- Up-to-date: /home/keti/turtle_carto/install/nav_2d_msgs/include/nav_2d_msgs/msg/twist2_d32.hpp
[0.502s] -- Up-to-date: /home/keti/turtle_carto/install/nav_2d_msgs/include/nav_2d_msgs/msg/path2_d.hpp
[0.502s] -- Up-to-date: /home/keti/turtle_carto/install/nav_2d_msgs/include/nav_2d_msgs/msg/detail
[0.502s] -- Up-to-date: /home/keti/turtle_carto/install/nav_2d_msgs/include/nav_2d_msgs/msg/detail/twist2_d32__traits.hpp
[0.502s] -- Up-to-date: /home/keti/turtle_carto/install/nav_2d_msgs/include/nav_2d_msgs/msg/detail/twist2_d_stamped__traits.hpp
[0.502s] -- Up-to-date: /home/keti/turtle_carto/install/nav_2d_msgs/include/nav_2d_msgs/msg/detail/pose2_d_stamped__traits.hpp
[0.502s] -- Up-to-date: /home/keti/turtle_carto/install/nav_2d_msgs/include/nav_2d_msgs/msg/detail/pose2_d32__struct.hpp
[0.502s] -- Up-to-date: /home/keti/turtle_carto/install/nav_2d_msgs/include/nav_2d_msgs/msg/detail/path2_d__builder.hpp
[0.502s] -- Up-to-date: /home/keti/turtle_carto/install/nav_2d_msgs/include/nav_2d_msgs/msg/detail/twist2_d__traits.hpp
[0.502s] -- Up-to-date: /home/keti/turtle_carto/install/nav_2d_msgs/include/nav_2d_msgs/msg/detail/path2_d__traits.hpp
[0.502s] -- Up-to-date: /home/keti/turtle_carto/install/nav_2d_msgs/include/nav_2d_msgs/msg/detail/pose2_d32__builder.hpp
[0.502s] -- Up-to-date: /home/keti/turtle_carto/install/nav_2d_msgs/include/nav_2d_msgs/msg/detail/pose2_d_stamped__builder.hpp
[0.503s] -- Up-to-date: /home/keti/turtle_carto/install/nav_2d_msgs/include/nav_2d_msgs/msg/detail/twist2_d32__builder.hpp
[0.503s] -- Up-to-date: /home/keti/turtle_carto/install/nav_2d_msgs/include/nav_2d_msgs/msg/detail/path2_d__struct.hpp
[0.503s] -- Up-to-date: /home/keti/turtle_carto/install/nav_2d_msgs/include/nav_2d_msgs/msg/detail/twist2_d_stamped__struct.hpp
[0.503s] -- Up-to-date: /home/keti/turtle_carto/install/nav_2d_msgs/include/nav_2d_msgs/msg/detail/pose2_d32__traits.hpp
[0.503s] -- Up-to-date: /home/keti/turtle_carto/install/nav_2d_msgs/include/nav_2d_msgs/msg/detail/twist2_d_stamped__builder.hpp
[0.503s] -- Up-to-date: /home/keti/turtle_carto/install/nav_2d_msgs/include/nav_2d_msgs/msg/detail/pose2_d_stamped__struct.hpp
[0.503s] -- Up-to-date: /home/keti/turtle_carto/install/nav_2d_msgs/include/nav_2d_msgs/msg/detail/twist2_d__builder.hpp
[0.503s] -- Up-to-date: /home/keti/turtle_carto/install/nav_2d_msgs/include/nav_2d_msgs/msg/detail/twist2_d32__struct.hpp
[0.503s] -- Up-to-date: /home/keti/turtle_carto/install/nav_2d_msgs/include/nav_2d_msgs/msg/detail/twist2_d__struct.hpp
[0.503s] -- Up-to-date: /home/keti/turtle_carto/install/nav_2d_msgs/include/nav_2d_msgs/msg/pose2_d_stamped.hpp
[0.503s] -- Up-to-date: /home/keti/turtle_carto/install/nav_2d_msgs/include/nav_2d_msgs/msg/pose2_d32.hpp
[0.503s] -- Up-to-date: /home/keti/turtle_carto/install/nav_2d_msgs/include/nav_2d_msgs
[0.503s] -- Up-to-date: /home/keti/turtle_carto/install/nav_2d_msgs/include/nav_2d_msgs/msg
[0.504s] -- Up-to-date: /home/keti/turtle_carto/install/nav_2d_msgs/include/nav_2d_msgs/msg/detail
[0.504s] -- Up-to-date: /home/keti/turtle_carto/install/nav_2d_msgs/include/nav_2d_msgs/msg/detail/pose2_d32__type_support.cpp
[0.504s] -- Up-to-date: /home/keti/turtle_carto/install/nav_2d_msgs/include/nav_2d_msgs/msg/detail/path2_d__rosidl_typesupport_introspection_cpp.hpp
[0.504s] -- Up-to-date: /home/keti/turtle_carto/install/nav_2d_msgs/include/nav_2d_msgs/msg/detail/twist2_d__type_support.cpp
[0.504s] -- Up-to-date: /home/keti/turtle_carto/install/nav_2d_msgs/include/nav_2d_msgs/msg/detail/twist2_d_stamped__type_support.cpp
[0.504s] -- Up-to-date: /home/keti/turtle_carto/install/nav_2d_msgs/include/nav_2d_msgs/msg/detail/pose2_d_stamped__type_support.cpp
[0.504s] -- Up-to-date: /home/keti/turtle_carto/install/nav_2d_msgs/include/nav_2d_msgs/msg/detail/twist2_d__rosidl_typesupport_introspection_cpp.hpp
[0.504s] -- Up-to-date: /home/keti/turtle_carto/install/nav_2d_msgs/include/nav_2d_msgs/msg/detail/path2_d__type_support.cpp
[0.504s] -- Up-to-date: /home/keti/turtle_carto/install/nav_2d_msgs/include/nav_2d_msgs/msg/detail/twist2_d32__rosidl_typesupport_introspection_cpp.hpp
[0.504s] -- Up-to-date: /home/keti/turtle_carto/install/nav_2d_msgs/include/nav_2d_msgs/msg/detail/pose2_d_stamped__rosidl_typesupport_introspection_cpp.hpp
[0.504s] -- Up-to-date: /home/keti/turtle_carto/install/nav_2d_msgs/include/nav_2d_msgs/msg/detail/twist2_d32__type_support.cpp
[0.504s] -- Up-to-date: /home/keti/turtle_carto/install/nav_2d_msgs/include/nav_2d_msgs/msg/detail/pose2_d32__rosidl_typesupport_introspection_cpp.hpp
[0.504s] -- Up-to-date: /home/keti/turtle_carto/install/nav_2d_msgs/include/nav_2d_msgs/msg/detail/twist2_d_stamped__rosidl_typesupport_introspection_cpp.hpp
[0.504s] -- Up-to-date: /home/keti/turtle_carto/install/nav_2d_msgs/lib/libnav_2d_msgs__rosidl_typesupport_introspection_cpp.so
[0.504s] -- Up-to-date: /home/keti/turtle_carto/install/nav_2d_msgs/lib/libnav_2d_msgs__rosidl_typesupport_cpp.so
[0.504s] -- Up-to-date: /home/keti/turtle_carto/install/nav_2d_msgs/share/nav_2d_msgs/environment/pythonpath.sh
[0.504s] -- Up-to-date: /home/keti/turtle_carto/install/nav_2d_msgs/share/nav_2d_msgs/environment/pythonpath.dsv
[0.504s] -- Up-to-date: /home/keti/turtle_carto/install/nav_2d_msgs/lib/python3.8/site-packages/nav_2d_msgs/__init__.py
[0.511s] -- Up-to-date: /home/keti/turtle_carto/install/nav_2d_msgs/lib/python3.8/site-packages/nav_2d_msgs/msg
[0.511s] -- Up-to-date: /home/keti/turtle_carto/install/nav_2d_msgs/lib/python3.8/site-packages/nav_2d_msgs/msg/_twist2_d32.py
[0.511s] -- Up-to-date: /home/keti/turtle_carto/install/nav_2d_msgs/lib/python3.8/site-packages/nav_2d_msgs/msg/_twist2_d32_s.c
[0.511s] -- Up-to-date: /home/keti/turtle_carto/install/nav_2d_msgs/lib/python3.8/site-packages/nav_2d_msgs/msg/__init__.py
[0.511s] -- Up-to-date: /home/keti/turtle_carto/install/nav_2d_msgs/lib/python3.8/site-packages/nav_2d_msgs/msg/_path2_d_s.c
[0.511s] -- Up-to-date: /home/keti/turtle_carto/install/nav_2d_msgs/lib/python3.8/site-packages/nav_2d_msgs/msg/_pose2_d_stamped_s.c
[0.511s] -- Up-to-date: /home/keti/turtle_carto/install/nav_2d_msgs/lib/python3.8/site-packages/nav_2d_msgs/msg/_pose2_d32.py
[0.511s] -- Up-to-date: /home/keti/turtle_carto/install/nav_2d_msgs/lib/python3.8/site-packages/nav_2d_msgs/msg/_twist2_d.py
[0.511s] -- Up-to-date: /home/keti/turtle_carto/install/nav_2d_msgs/lib/python3.8/site-packages/nav_2d_msgs/msg/_twist2_d_stamped_s.c
[0.511s] -- Up-to-date: /home/keti/turtle_carto/install/nav_2d_msgs/lib/python3.8/site-packages/nav_2d_msgs/msg/_pose2_d_stamped.py
[0.511s] -- Up-to-date: /home/keti/turtle_carto/install/nav_2d_msgs/lib/python3.8/site-packages/nav_2d_msgs/msg/_pose2_d32_s.c
[0.512s] -- Up-to-date: /home/keti/turtle_carto/install/nav_2d_msgs/lib/python3.8/site-packages/nav_2d_msgs/msg/_path2_d.py
[0.512s] -- Up-to-date: /home/keti/turtle_carto/install/nav_2d_msgs/lib/python3.8/site-packages/nav_2d_msgs/msg/_twist2_d_s.c
[0.512s] -- Up-to-date: /home/keti/turtle_carto/install/nav_2d_msgs/lib/python3.8/site-packages/nav_2d_msgs/msg/_twist2_d_stamped.py
[0.512s] -- Up-to-date: /home/keti/turtle_carto/install/nav_2d_msgs/lib/python3.8/site-packages/nav_2d_msgs/nav_2d_msgs_s__rosidl_typesupport_fastrtps_c.cpython-38-x86_64-linux-gnu.so
[0.512s] -- Up-to-date: /home/keti/turtle_carto/install/nav_2d_msgs/lib/python3.8/site-packages/nav_2d_msgs/nav_2d_msgs_s__rosidl_typesupport_introspection_c.cpython-38-x86_64-linux-gnu.so
[0.513s] -- Up-to-date: /home/keti/turtle_carto/install/nav_2d_msgs/lib/python3.8/site-packages/nav_2d_msgs/nav_2d_msgs_s__rosidl_typesupport_c.cpython-38-x86_64-linux-gnu.so
[0.513s] -- Up-to-date: /home/keti/turtle_carto/install/nav_2d_msgs/lib/libnav_2d_msgs__python.so
[0.513s] -- Up-to-date: /home/keti/turtle_carto/install/nav_2d_msgs/share/nav_2d_msgs/msg/Path2D.idl
[0.513s] -- Up-to-date: /home/keti/turtle_carto/install/nav_2d_msgs/share/nav_2d_msgs/msg/Pose2D32.idl
[0.513s] -- Up-to-date: /home/keti/turtle_carto/install/nav_2d_msgs/share/nav_2d_msgs/msg/Pose2DStamped.idl
[0.513s] -- Up-to-date: /home/keti/turtle_carto/install/nav_2d_msgs/share/nav_2d_msgs/msg/Twist2D.idl
[0.513s] -- Up-to-date: /home/keti/turtle_carto/install/nav_2d_msgs/share/nav_2d_msgs/msg/Twist2D32.idl
[0.513s] -- Up-to-date: /home/keti/turtle_carto/install/nav_2d_msgs/share/nav_2d_msgs/msg/Twist2DStamped.idl
[0.513s] -- Up-to-date: /home/keti/turtle_carto/install/nav_2d_msgs/share/nav_2d_msgs/msg/Path2D.msg
[0.513s] -- Up-to-date: /home/keti/turtle_carto/install/nav_2d_msgs/share/nav_2d_msgs/msg/Pose2D32.msg
[0.513s] -- Up-to-date: /home/keti/turtle_carto/install/nav_2d_msgs/share/nav_2d_msgs/msg/Pose2DStamped.msg
[0.513s] -- Up-to-date: /home/keti/turtle_carto/install/nav_2d_msgs/share/nav_2d_msgs/msg/Twist2D.msg
[0.513s] -- Up-to-date: /home/keti/turtle_carto/install/nav_2d_msgs/share/nav_2d_msgs/msg/Twist2D32.msg
[0.513s] -- Up-to-date: /home/keti/turtle_carto/install/nav_2d_msgs/share/nav_2d_msgs/msg/Twist2DStamped.msg
[0.513s] -- Up-to-date: /home/keti/turtle_carto/install/nav_2d_msgs/share/ament_index/resource_index/package_run_dependencies/nav_2d_msgs
[0.513s] -- Up-to-date: /home/keti/turtle_carto/install/nav_2d_msgs/share/ament_index/resource_index/parent_prefix_path/nav_2d_msgs
[0.513s] -- Up-to-date: /home/keti/turtle_carto/install/nav_2d_msgs/share/nav_2d_msgs/environment/ament_prefix_path.sh
[0.513s] -- Up-to-date: /home/keti/turtle_carto/install/nav_2d_msgs/share/nav_2d_msgs/environment/ament_prefix_path.dsv
[0.513s] -- Up-to-date: /home/keti/turtle_carto/install/nav_2d_msgs/share/nav_2d_msgs/environment/path.sh
[0.513s] -- Up-to-date: /home/keti/turtle_carto/install/nav_2d_msgs/share/nav_2d_msgs/environment/path.dsv
[0.513s] -- Up-to-date: /home/keti/turtle_carto/install/nav_2d_msgs/share/nav_2d_msgs/local_setup.bash
[0.513s] -- Up-to-date: /home/keti/turtle_carto/install/nav_2d_msgs/share/nav_2d_msgs/local_setup.sh
[0.513s] -- Up-to-date: /home/keti/turtle_carto/install/nav_2d_msgs/share/nav_2d_msgs/local_setup.zsh
[0.513s] -- Up-to-date: /home/keti/turtle_carto/install/nav_2d_msgs/share/nav_2d_msgs/local_setup.dsv
[0.513s] -- Installing: /home/keti/turtle_carto/install/nav_2d_msgs/share/nav_2d_msgs/package.dsv
[0.514s] -- Up-to-date: /home/keti/turtle_carto/install/nav_2d_msgs/share/ament_index/resource_index/packages/nav_2d_msgs
[0.514s] -- Up-to-date: /home/keti/turtle_carto/install/nav_2d_msgs/share/nav_2d_msgs/cmake/nav_2d_msgs__rosidl_generator_cExport.cmake
[0.514s] -- Up-to-date: /home/keti/turtle_carto/install/nav_2d_msgs/share/nav_2d_msgs/cmake/nav_2d_msgs__rosidl_generator_cExport-noconfig.cmake
[0.514s] -- Up-to-date: /home/keti/turtle_carto/install/nav_2d_msgs/share/nav_2d_msgs/cmake/nav_2d_msgs__rosidl_typesupport_introspection_cExport.cmake
[0.514s] -- Up-to-date: /home/keti/turtle_carto/install/nav_2d_msgs/share/nav_2d_msgs/cmake/nav_2d_msgs__rosidl_typesupport_introspection_cExport-noconfig.cmake
[0.514s] -- Up-to-date: /home/keti/turtle_carto/install/nav_2d_msgs/share/nav_2d_msgs/cmake/nav_2d_msgs__rosidl_typesupport_cExport.cmake
[0.514s] -- Up-to-date: /home/keti/turtle_carto/install/nav_2d_msgs/share/nav_2d_msgs/cmake/nav_2d_msgs__rosidl_typesupport_cExport-noconfig.cmake
[0.514s] -- Up-to-date: /home/keti/turtle_carto/install/nav_2d_msgs/share/nav_2d_msgs/cmake/nav_2d_msgs__rosidl_generator_cppExport.cmake
[0.514s] -- Up-to-date: /home/keti/turtle_carto/install/nav_2d_msgs/share/nav_2d_msgs/cmake/nav_2d_msgs__rosidl_typesupport_introspection_cppExport.cmake
[0.514s] -- Up-to-date: /home/keti/turtle_carto/install/nav_2d_msgs/share/nav_2d_msgs/cmake/nav_2d_msgs__rosidl_typesupport_introspection_cppExport-noconfig.cmake
[0.514s] -- Up-to-date: /home/keti/turtle_carto/install/nav_2d_msgs/share/nav_2d_msgs/cmake/nav_2d_msgs__rosidl_typesupport_cppExport.cmake
[0.515s] -- Up-to-date: /home/keti/turtle_carto/install/nav_2d_msgs/share/nav_2d_msgs/cmake/nav_2d_msgs__rosidl_typesupport_cppExport-noconfig.cmake
[0.515s] -- Up-to-date: /home/keti/turtle_carto/install/nav_2d_msgs/share/nav_2d_msgs/cmake/rosidl_cmake-extras.cmake
[0.515s] -- Up-to-date: /home/keti/turtle_carto/install/nav_2d_msgs/share/nav_2d_msgs/cmake/ament_cmake_export_dependencies-extras.cmake
[0.515s] -- Up-to-date: /home/keti/turtle_carto/install/nav_2d_msgs/share/nav_2d_msgs/cmake/ament_cmake_export_libraries-extras.cmake
[0.515s] -- Up-to-date: /home/keti/turtle_carto/install/nav_2d_msgs/share/nav_2d_msgs/cmake/ament_cmake_export_targets-extras.cmake
[0.515s] -- Up-to-date: /home/keti/turtle_carto/install/nav_2d_msgs/share/nav_2d_msgs/cmake/ament_cmake_export_include_directories-extras.cmake
[0.515s] -- Up-to-date: /home/keti/turtle_carto/install/nav_2d_msgs/share/nav_2d_msgs/cmake/rosidl_cmake_export_typesupport_libraries-extras.cmake
[0.515s] -- Up-to-date: /home/keti/turtle_carto/install/nav_2d_msgs/share/nav_2d_msgs/cmake/rosidl_cmake_export_typesupport_targets-extras.cmake
[0.515s] -- Up-to-date: /home/keti/turtle_carto/install/nav_2d_msgs/share/nav_2d_msgs/cmake/nav_2d_msgsConfig.cmake
[0.515s] -- Up-to-date: /home/keti/turtle_carto/install/nav_2d_msgs/share/nav_2d_msgs/cmake/nav_2d_msgsConfig-version.cmake
[0.515s] -- Up-to-date: /home/keti/turtle_carto/install/nav_2d_msgs/share/nav_2d_msgs/package.xml
[0.548s] Invoked command in '/home/keti/turtle_carto/build/nav_2d_msgs' returned '0': CMAKE_PREFIX_PATH=/opt/ros/foxy /usr/bin/cmake --install /home/keti/turtle_carto/build/nav_2d_msgs
