-- Found ament_cmake: 0.9.11 (/opt/ros/foxy/share/ament_cmake/cmake)
-- Using PYTHON_EXECUTABLE: /usr/bin/python3
-- Found rclcpp: 2.4.2 (/opt/ros/foxy/share/rclcpp/cmake)
-- Using all available rosidl_typesupport_c: rosidl_typesupport_fastrtps_c;rosidl_typesupport_introspection_c
-- Found rosidl_adapter: 1.3.0 (/opt/ros/foxy/share/rosidl_adapter/cmake)
-- Using all available rosidl_typesupport_cpp: rosidl_typesupport_fastrtps_cpp;rosidl_typesupport_introspection_cpp
-- Found rmw_implementation_cmake: 1.0.4 (/opt/ros/foxy/share/rmw_implementation_cmake/cmake)
-- Using RMW implementation 'rmw_fastrtps_cpp' as default
-- Found ament_lint_auto: 0.9.8 (/opt/ros/foxy/share/ament_lint_auto/cmake)
-- Added test 'copyright' to check source files copyright and LICENSE
-- Added test 'cppcheck' to perform static code analysis on C / C++ code
-- Configured cppcheck include dirs: 
-- Configured cppcheck exclude dirs and/or files: 
-- Added test 'cpplint' to check C / C++ code against the Google style
-- Configured cpplint exclude dirs and/or files: 
-- Added test 'flake8' to check Python code syntax and style conventions
-- Added test 'lint_cmake' to check CMake code style
-- Added test 'pep257' to check Python code against some of the style conventions in PEP 257
-- Added test 'uncrustify' to check C / C++ code style
-- Configured uncrustify additional arguments: 
-- Added test 'xmllint' to check XML markup files
-- Configuring done
-- Generating done
-- Build files have been written to: /home/keti/turtle_carto/build/cpp_first_pkg
[35m[1mScanning dependencies of target lifecycle_node[0m
[35m[1mScanning dependencies of target simple_oop_node[0m
[35m[1mScanning dependencies of target simple_node[0m
[35m[1mScanning dependencies of target simple_loop_node[0m
[35m[1mScanning dependencies of target simple_without_oop_node[0m
[ 10%] [32mBuilding CXX object CMakeFiles/simple_loop_node.dir/src/simple_loop.cpp.o[0m
[ 20%] [32mBuilding CXX object CMakeFiles/simple_node.dir/src/simple.cpp.o[0m
[ 30%] [32mBuilding CXX object CMakeFiles/simple_oop_node.dir/src/simple_oop.cpp.o[0m
[ 40%] [32mBuilding CXX object CMakeFiles/lifecycle_node.dir/src/lifecycle.cpp.o[0m
[ 50%] [32mBuilding CXX object CMakeFiles/simple_without_oop_node.dir/src/simple_without_oop.cpp.o[0m
[ 60%] [32m[1mLinking CXX executable simple_loop_node[0m
[ 70%] [32m[1mLinking CXX executable simple_node[0m
[ 80%] [32m[1mLinking CXX executable simple_without_oop_node[0m
[ 80%] Built target simple_loop_node
[ 80%] Built target simple_node
[ 80%] Built target simple_without_oop_node
[ 90%] [32m[1mLinking CXX executable lifecycle_node[0m
[ 90%] Built target lifecycle_node
[100%] [32m[1mLinking CXX executable simple_oop_node[0m
[100%] Built target simple_oop_node
-- Install configuration: ""
-- Installing: /home/keti/turtle_carto/install/cpp_first_pkg/lib/cpp_first_pkg/lifecycle_node
-- Set runtime path of "/home/keti/turtle_carto/install/cpp_first_pkg/lib/cpp_first_pkg/lifecycle_node" to ""
-- Installing: /home/keti/turtle_carto/install/cpp_first_pkg/lib/cpp_first_pkg/simple_loop_node
-- Set runtime path of "/home/keti/turtle_carto/install/cpp_first_pkg/lib/cpp_first_pkg/simple_loop_node" to ""
-- Installing: /home/keti/turtle_carto/install/cpp_first_pkg/lib/cpp_first_pkg/simple_oop_node
-- Set runtime path of "/home/keti/turtle_carto/install/cpp_first_pkg/lib/cpp_first_pkg/simple_oop_node" to ""
-- Installing: /home/keti/turtle_carto/install/cpp_first_pkg/lib/cpp_first_pkg/simple_without_oop_node
-- Set runtime path of "/home/keti/turtle_carto/install/cpp_first_pkg/lib/cpp_first_pkg/simple_without_oop_node" to ""
-- Installing: /home/keti/turtle_carto/install/cpp_first_pkg/lib/cpp_first_pkg/simple_node
-- Set runtime path of "/home/keti/turtle_carto/install/cpp_first_pkg/lib/cpp_first_pkg/simple_node" to ""
-- Up-to-date: /home/keti/turtle_carto/install/cpp_first_pkg/share/ament_index/resource_index/package_run_dependencies/cpp_first_pkg
-- Installing: /home/keti/turtle_carto/install/cpp_first_pkg/share/ament_index/resource_index/parent_prefix_path/cpp_first_pkg
-- Up-to-date: /home/keti/turtle_carto/install/cpp_first_pkg/share/cpp_first_pkg/environment/ament_prefix_path.sh
-- Installing: /home/keti/turtle_carto/install/cpp_first_pkg/share/cpp_first_pkg/environment/ament_prefix_path.dsv
-- Up-to-date: /home/keti/turtle_carto/install/cpp_first_pkg/share/cpp_first_pkg/environment/path.sh
-- Installing: /home/keti/turtle_carto/install/cpp_first_pkg/share/cpp_first_pkg/environment/path.dsv
-- Up-to-date: /home/keti/turtle_carto/install/cpp_first_pkg/share/cpp_first_pkg/local_setup.bash
-- Up-to-date: /home/keti/turtle_carto/install/cpp_first_pkg/share/cpp_first_pkg/local_setup.sh
-- Up-to-date: /home/keti/turtle_carto/install/cpp_first_pkg/share/cpp_first_pkg/local_setup.zsh
-- Installing: /home/keti/turtle_carto/install/cpp_first_pkg/share/cpp_first_pkg/local_setup.dsv
-- Installing: /home/keti/turtle_carto/install/cpp_first_pkg/share/cpp_first_pkg/package.dsv
-- Up-to-date: /home/keti/turtle_carto/install/cpp_first_pkg/share/ament_index/resource_index/packages/cpp_first_pkg
-- Up-to-date: /home/keti/turtle_carto/install/cpp_first_pkg/share/cpp_first_pkg/cmake/cpp_first_pkgConfig.cmake
-- Up-to-date: /home/keti/turtle_carto/install/cpp_first_pkg/share/cpp_first_pkg/cmake/cpp_first_pkgConfig-version.cmake
-- Installing: /home/keti/turtle_carto/install/cpp_first_pkg/share/cpp_first_pkg/package.xml
-- Up-to-date: /home/keti/turtle_carto/install/cpp_first_pkg/share/cpp_first_pkg//launch
-- Installing: /home/keti/turtle_carto/install/cpp_first_pkg/share/cpp_first_pkg//launch/simple_node.launch.py
