[0.183s] Invoking command in '/home/keti/turtle_carto/build/cpp_first_pkg': CMAKE_PREFIX_PATH=/opt/ros/foxy /usr/bin/cmake --build /home/keti/turtle_carto/build/cpp_first_pkg -- -j24 -l24
[0.546s] -- Found ament_cmake: 0.9.11 (/opt/ros/foxy/share/ament_cmake/cmake)
[0.546s] -- Using PYTHON_EXECUTABLE: /usr/bin/python3
[0.546s] -- Found rclcpp: 2.4.2 (/opt/ros/foxy/share/rclcpp/cmake)
[0.546s] -- Using all available rosidl_typesupport_c: rosidl_typesupport_fastrtps_c;rosidl_typesupport_introspection_c
[0.547s] -- Found rosidl_adapter: 1.3.0 (/opt/ros/foxy/share/rosidl_adapter/cmake)
[0.547s] -- Using all available rosidl_typesupport_cpp: rosidl_typesupport_fastrtps_cpp;rosidl_typesupport_introspection_cpp
[0.547s] -- Found rmw_implementation_cmake: 1.0.4 (/opt/ros/foxy/share/rmw_implementation_cmake/cmake)
[0.547s] -- Using RMW implementation 'rmw_fastrtps_cpp' as default
[0.547s] -- Found ament_lint_auto: 0.9.8 (/opt/ros/foxy/share/ament_lint_auto/cmake)
[0.547s] -- Added test 'copyright' to check source files copyright and LICENSE
[0.547s] -- Added test 'cppcheck' to perform static code analysis on C / C++ code
[0.547s] -- Configured cppcheck include dirs: 
[0.547s] -- Configured cppcheck exclude dirs and/or files: 
[0.547s] -- Added test 'cpplint' to check C / C++ code against the Google style
[0.547s] -- Configured cpplint exclude dirs and/or files: 
[0.547s] -- Added test 'flake8' to check Python code syntax and style conventions
[0.547s] -- Added test 'lint_cmake' to check CMake code style
[0.547s] -- Added test 'pep257' to check Python code against some of the style conventions in PEP 257
[0.547s] -- Added test 'uncrustify' to check C / C++ code style
[0.547s] -- Configured uncrustify additional arguments: 
[0.547s] -- Added test 'xmllint' to check XML markup files
[0.547s] -- Configuring done
[0.547s] -- Generating done
[0.547s] -- Build files have been written to: /home/keti/turtle_carto/build/cpp_first_pkg
[0.547s] [35m[1mScanning dependencies of target lifecycle_node[0m
[0.547s] [35m[1mScanning dependencies of target simple_oop_node[0m
[0.547s] [35m[1mScanning dependencies of target simple_node[0m
[0.547s] [35m[1mScanning dependencies of target simple_loop_node[0m
[0.547s] [35m[1mScanning dependencies of target simple_without_oop_node[0m
[0.548s] [ 10%] [32mBuilding CXX object CMakeFiles/simple_loop_node.dir/src/simple_loop.cpp.o[0m
[0.549s] [ 20%] [32mBuilding CXX object CMakeFiles/simple_node.dir/src/simple.cpp.o[0m
[0.550s] [ 30%] [32mBuilding CXX object CMakeFiles/simple_oop_node.dir/src/simple_oop.cpp.o[0m
[0.550s] [ 40%] [32mBuilding CXX object CMakeFiles/lifecycle_node.dir/src/lifecycle.cpp.o[0m
[0.550s] [ 50%] [32mBuilding CXX object CMakeFiles/simple_without_oop_node.dir/src/simple_without_oop.cpp.o[0m
[1.836s] [ 60%] [32m[1mLinking CXX executable simple_loop_node[0m
[1.878s] [ 70%] [32m[1mLinking CXX executable simple_node[0m
[1.919s] [ 80%] [32m[1mLinking CXX executable simple_without_oop_node[0m
[1.942s] [ 80%] Built target simple_loop_node
[1.974s] [ 80%] Built target simple_node
[2.027s] [ 80%] Built target simple_without_oop_node
[2.046s] [ 90%] [32m[1mLinking CXX executable lifecycle_node[0m
[2.135s] [ 90%] Built target lifecycle_node
[2.273s] [100%] [32m[1mLinking CXX executable simple_oop_node[0m
[2.396s] [100%] Built target simple_oop_node
[2.579s] Invoked command in '/home/keti/turtle_carto/build/cpp_first_pkg' returned '0': CMAKE_PREFIX_PATH=/opt/ros/foxy /usr/bin/cmake --build /home/keti/turtle_carto/build/cpp_first_pkg -- -j24 -l24
[2.670s] Invoking command in '/home/keti/turtle_carto/build/cpp_first_pkg': CMAKE_PREFIX_PATH=/opt/ros/foxy /usr/bin/cmake --install /home/keti/turtle_carto/build/cpp_first_pkg
[2.684s] -- Install configuration: ""
[2.685s] -- Installing: /home/keti/turtle_carto/install/cpp_first_pkg/lib/cpp_first_pkg/lifecycle_node
[2.685s] -- Set runtime path of "/home/keti/turtle_carto/install/cpp_first_pkg/lib/cpp_first_pkg/lifecycle_node" to ""
[2.689s] -- Installing: /home/keti/turtle_carto/install/cpp_first_pkg/lib/cpp_first_pkg/simple_loop_node
[2.689s] -- Set runtime path of "/home/keti/turtle_carto/install/cpp_first_pkg/lib/cpp_first_pkg/simple_loop_node" to ""
[2.689s] -- Installing: /home/keti/turtle_carto/install/cpp_first_pkg/lib/cpp_first_pkg/simple_oop_node
[2.689s] -- Set runtime path of "/home/keti/turtle_carto/install/cpp_first_pkg/lib/cpp_first_pkg/simple_oop_node" to ""
[2.689s] -- Installing: /home/keti/turtle_carto/install/cpp_first_pkg/lib/cpp_first_pkg/simple_without_oop_node
[2.690s] -- Set runtime path of "/home/keti/turtle_carto/install/cpp_first_pkg/lib/cpp_first_pkg/simple_without_oop_node" to ""
[2.690s] -- Installing: /home/keti/turtle_carto/install/cpp_first_pkg/lib/cpp_first_pkg/simple_node
[2.690s] -- Set runtime path of "/home/keti/turtle_carto/install/cpp_first_pkg/lib/cpp_first_pkg/simple_node" to ""
[2.690s] -- Up-to-date: /home/keti/turtle_carto/install/cpp_first_pkg/share/ament_index/resource_index/package_run_dependencies/cpp_first_pkg
[2.690s] -- Installing: /home/keti/turtle_carto/install/cpp_first_pkg/share/ament_index/resource_index/parent_prefix_path/cpp_first_pkg
[2.690s] -- Up-to-date: /home/keti/turtle_carto/install/cpp_first_pkg/share/cpp_first_pkg/environment/ament_prefix_path.sh
[2.690s] -- Installing: /home/keti/turtle_carto/install/cpp_first_pkg/share/cpp_first_pkg/environment/ament_prefix_path.dsv
[2.690s] -- Up-to-date: /home/keti/turtle_carto/install/cpp_first_pkg/share/cpp_first_pkg/environment/path.sh
[2.690s] -- Installing: /home/keti/turtle_carto/install/cpp_first_pkg/share/cpp_first_pkg/environment/path.dsv
[2.690s] -- Up-to-date: /home/keti/turtle_carto/install/cpp_first_pkg/share/cpp_first_pkg/local_setup.bash
[2.690s] -- Up-to-date: /home/keti/turtle_carto/install/cpp_first_pkg/share/cpp_first_pkg/local_setup.sh
[2.690s] -- Up-to-date: /home/keti/turtle_carto/install/cpp_first_pkg/share/cpp_first_pkg/local_setup.zsh
[2.690s] -- Installing: /home/keti/turtle_carto/install/cpp_first_pkg/share/cpp_first_pkg/local_setup.dsv
[2.690s] -- Installing: /home/keti/turtle_carto/install/cpp_first_pkg/share/cpp_first_pkg/package.dsv
[2.690s] -- Up-to-date: /home/keti/turtle_carto/install/cpp_first_pkg/share/ament_index/resource_index/packages/cpp_first_pkg
[2.690s] -- Up-to-date: /home/keti/turtle_carto/install/cpp_first_pkg/share/cpp_first_pkg/cmake/cpp_first_pkgConfig.cmake
[2.690s] -- Up-to-date: /home/keti/turtle_carto/install/cpp_first_pkg/share/cpp_first_pkg/cmake/cpp_first_pkgConfig-version.cmake
[2.690s] -- Installing: /home/keti/turtle_carto/install/cpp_first_pkg/share/cpp_first_pkg/package.xml
[2.690s] -- Up-to-date: /home/keti/turtle_carto/install/cpp_first_pkg/share/cpp_first_pkg//launch
[2.690s] -- Installing: /home/keti/turtle_carto/install/cpp_first_pkg/share/cpp_first_pkg//launch/simple_node.launch.py
[2.736s] Invoked command in '/home/keti/turtle_carto/build/cpp_first_pkg' returned '0': CMAKE_PREFIX_PATH=/opt/ros/foxy /usr/bin/cmake --install /home/keti/turtle_carto/build/cpp_first_pkg
