running egg_info
writing ../../../build/omo_r1mini_teleop/omo_r1mini_teleop.egg-info/PKG-INFO
writing dependency_links to ../../../build/omo_r1mini_teleop/omo_r1mini_teleop.egg-info/dependency_links.txt
writing entry points to ../../../build/omo_r1mini_teleop/omo_r1mini_teleop.egg-info/entry_points.txt
writing requirements to ../../../build/omo_r1mini_teleop/omo_r1mini_teleop.egg-info/requires.txt
writing top-level names to ../../../build/omo_r1mini_teleop/omo_r1mini_teleop.egg-info/top_level.txt
reading manifest file '../../../build/omo_r1mini_teleop/omo_r1mini_teleop.egg-info/SOURCES.txt'
writing manifest file '../../../build/omo_r1mini_teleop/omo_r1mini_teleop.egg-info/SOURCES.txt'
running build
running build_py
copying omo_r1mini_teleop/script/teleop_keyboard.py -> /home/keti/turtle_carto/build/omo_r1mini_teleop/build/lib/omo_r1mini_teleop/script
running install
running install_lib
copying /home/keti/turtle_carto/build/omo_r1mini_teleop/build/lib/omo_r1mini_teleop/script/teleop_keyboard.py -> /home/keti/turtle_carto/install/omo_r1mini_teleop/lib/python3.8/site-packages/omo_r1mini_teleop/script
byte-compiling /home/keti/turtle_carto/install/omo_r1mini_teleop/lib/python3.8/site-packages/omo_r1mini_teleop/script/teleop_keyboard.py to teleop_keyboard.cpython-38.pyc
running install_data
running install_egg_info
removing '/home/keti/turtle_carto/install/omo_r1mini_teleop/lib/python3.8/site-packages/omo_r1mini_teleop-2.1.2-py3.8.egg-info' (and everything under it)
Copying ../../../build/omo_r1mini_teleop/omo_r1mini_teleop.egg-info to /home/keti/turtle_carto/install/omo_r1mini_teleop/lib/python3.8/site-packages/omo_r1mini_teleop-2.1.2-py3.8.egg-info
running install_scripts
Installing teleop_joy script to /home/keti/turtle_carto/install/omo_r1mini_teleop/lib/omo_r1mini_teleop
Installing teleop_keyboard script to /home/keti/turtle_carto/install/omo_r1mini_teleop/lib/omo_r1mini_teleop
writing list of installed files to '/home/keti/turtle_carto/build/omo_r1mini_teleop/install.log'
