[0.006s] Invoking command in '/home/keti/turtle_carto/build/turtlebot3_simulations': AMENT_PREFIX_PATH=/home/keti/turtle_carto/install/turtlebot3_fake_node:/home/keti/turtle_carto/install/turtlebot3_msgs CMAKE_PREFIX_PATH=/home/keti/turtle_carto/install/turtlebot3_fake_node:/home/keti/turtle_carto/install/turtlebot3_msgs LD_LIBRARY_PATH=/home/keti/turtle_carto/install/turtlebot3_msgs/lib${LD_LIBRARY_PATH} PYTHONPATH=/home/keti/turtle_carto/install/turtlebot3_msgs/lib/python3.8/site-packages /usr/bin/cmake --build /home/keti/turtle_carto/build/turtlebot3_simulations -- -j24 -l24
[0.023s] Invoked command in '/home/keti/turtle_carto/build/turtlebot3_simulations' returned '0': AMENT_PREFIX_PATH=/home/keti/turtle_carto/install/turtlebot3_fake_node:/home/keti/turtle_carto/install/turtlebot3_msgs CMAKE_PREFIX_PATH=/home/keti/turtle_carto/install/turtlebot3_fake_node:/home/keti/turtle_carto/install/turtlebot3_msgs LD_LIBRARY_PATH=/home/keti/turtle_carto/install/turtlebot3_msgs/lib${LD_LIBRARY_PATH} PYTHONPATH=/home/keti/turtle_carto/install/turtlebot3_msgs/lib/python3.8/site-packages /usr/bin/cmake --build /home/keti/turtle_carto/build/turtlebot3_simulations -- -j24 -l24
[0.032s] Invoking command in '/home/keti/turtle_carto/build/turtlebot3_simulations': AMENT_PREFIX_PATH=/home/keti/turtle_carto/install/turtlebot3_fake_node:/home/keti/turtle_carto/install/turtlebot3_msgs CMAKE_PREFIX_PATH=/home/keti/turtle_carto/install/turtlebot3_fake_node:/home/keti/turtle_carto/install/turtlebot3_msgs LD_LIBRARY_PATH=/home/keti/turtle_carto/install/turtlebot3_msgs/lib${LD_LIBRARY_PATH} PYTHONPATH=/home/keti/turtle_carto/install/turtlebot3_msgs/lib/python3.8/site-packages /usr/bin/cmake --install /home/keti/turtle_carto/build/turtlebot3_simulations
[0.039s] -- Install configuration: ""
[0.039s] -- Up-to-date: /home/keti/turtle_carto/install/turtlebot3_simulations/share/ament_index/resource_index/package_run_dependencies/turtlebot3_simulations
[0.039s] -- Up-to-date: /home/keti/turtle_carto/install/turtlebot3_simulations/share/ament_index/resource_index/parent_prefix_path/turtlebot3_simulations
[0.039s] -- Up-to-date: /home/keti/turtle_carto/install/turtlebot3_simulations/share/turtlebot3_simulations/environment/ament_prefix_path.sh
[0.039s] -- Up-to-date: /home/keti/turtle_carto/install/turtlebot3_simulations/share/turtlebot3_simulations/environment/ament_prefix_path.dsv
[0.039s] -- Up-to-date: /home/keti/turtle_carto/install/turtlebot3_simulations/share/turtlebot3_simulations/environment/path.sh
[0.040s] -- Up-to-date: /home/keti/turtle_carto/install/turtlebot3_simulations/share/turtlebot3_simulations/environment/path.dsv
[0.040s] -- Up-to-date: /home/keti/turtle_carto/install/turtlebot3_simulations/share/turtlebot3_simulations/local_setup.bash
[0.040s] -- Up-to-date: /home/keti/turtle_carto/install/turtlebot3_simulations/share/turtlebot3_simulations/local_setup.sh
[0.041s] -- Up-to-date: /home/keti/turtle_carto/install/turtlebot3_simulations/share/turtlebot3_simulations/local_setup.zsh
[0.041s] -- Up-to-date: /home/keti/turtle_carto/install/turtlebot3_simulations/share/turtlebot3_simulations/local_setup.dsv
[0.042s] -- Installing: /home/keti/turtle_carto/install/turtlebot3_simulations/share/turtlebot3_simulations/package.dsv
[0.042s] -- Up-to-date: /home/keti/turtle_carto/install/turtlebot3_simulations/share/ament_index/resource_index/packages/turtlebot3_simulations
[0.042s] -- Up-to-date: /home/keti/turtle_carto/install/turtlebot3_simulations/share/turtlebot3_simulations/cmake/turtlebot3_simulationsConfig.cmake
[0.042s] -- Up-to-date: /home/keti/turtle_carto/install/turtlebot3_simulations/share/turtlebot3_simulations/cmake/turtlebot3_simulationsConfig-version.cmake
[0.042s] -- Up-to-date: /home/keti/turtle_carto/install/turtlebot3_simulations/share/turtlebot3_simulations/package.xml
[0.046s] Invoked command in '/home/keti/turtle_carto/build/turtlebot3_simulations' returned '0': AMENT_PREFIX_PATH=/home/keti/turtle_carto/install/turtlebot3_fake_node:/home/keti/turtle_carto/install/turtlebot3_msgs CMAKE_PREFIX_PATH=/home/keti/turtle_carto/install/turtlebot3_fake_node:/home/keti/turtle_carto/install/turtlebot3_msgs LD_LIBRARY_PATH=/home/keti/turtle_carto/install/turtlebot3_msgs/lib${LD_LIBRARY_PATH} PYTHONPATH=/home/keti/turtle_carto/install/turtlebot3_msgs/lib/python3.8/site-packages /usr/bin/cmake --install /home/keti/turtle_carto/build/turtlebot3_simulations
