[0.927s] Invoking command in '/home/keti/turtle_carto/src/gcamp_ros2_basic/py_service_pkg': AMENT_PREFIX_PATH=/home/keti/turtle_carto/install/custom_interfaces:${AMENT_PREFIX_PATH} CMAKE_PREFIX_PATH=/home/keti/turtle_carto/install/custom_interfaces LD_LIBRARY_PATH=/home/keti/turtle_carto/install/custom_interfaces/lib:/usr/lib/x86_64-linux-gnu/gazebo-11/plugins:/opt/ros/foxy/opt/yaml_cpp_vendor/lib:/opt/ros/foxy/opt/rviz_ogre_vendor/lib:/opt/ros/foxy/lib/x86_64-linux-gnu:/opt/ros/foxy/lib:/usr/local/cuda-11.4/lib64 PYTHONPATH=/home/keti/turtle_carto/build/py_service_pkg/prefix_override:/home/keti/turtle_carto/install/py_service_pkg/lib/python3.8/site-packages:/home/keti/turtle_carto/install/custom_interfaces/lib/python3.8/site-packages:${PYTHONPATH} /usr/bin/python3 setup.py egg_info --egg-base ../../../build/py_service_pkg build --build-base /home/keti/turtle_carto/build/py_service_pkg/build install --record /home/keti/turtle_carto/build/py_service_pkg/install.log --install-scripts $base/lib/py_service_pkg --single-version-externally-managed
[1.047s] running egg_info
[1.047s] writing ../../../build/py_service_pkg/py_service_pkg.egg-info/PKG-INFO
[1.047s] writing dependency_links to ../../../build/py_service_pkg/py_service_pkg.egg-info/dependency_links.txt
[1.047s] writing entry points to ../../../build/py_service_pkg/py_service_pkg.egg-info/entry_points.txt
[1.048s] writing requirements to ../../../build/py_service_pkg/py_service_pkg.egg-info/requires.txt
[1.048s] writing top-level names to ../../../build/py_service_pkg/py_service_pkg.egg-info/top_level.txt
[1.068s] reading manifest file '../../../build/py_service_pkg/py_service_pkg.egg-info/SOURCES.txt'
[1.068s] writing manifest file '../../../build/py_service_pkg/py_service_pkg.egg-info/SOURCES.txt'
[1.068s] running build
[1.068s] running build_py
[1.069s] copying py_service_pkg/basic_srv_server.py -> /home/keti/turtle_carto/build/py_service_pkg/build/lib/py_service_pkg
[1.069s] copying py_service_pkg/spawn_skidbot.py -> /home/keti/turtle_carto/build/py_service_pkg/build/lib/py_service_pkg
[1.069s] copying py_service_pkg/__init__.py -> /home/keti/turtle_carto/build/py_service_pkg/build/lib/py_service_pkg
[1.069s] copying py_service_pkg/custom_srv_server.py -> /home/keti/turtle_carto/build/py_service_pkg/build/lib/py_service_pkg
[1.069s] copying py_service_pkg/robot_turning_client.py -> /home/keti/turtle_carto/build/py_service_pkg/build/lib/py_service_pkg
[1.069s] copying py_service_pkg/custom_srv_client.py -> /home/keti/turtle_carto/build/py_service_pkg/build/lib/py_service_pkg
[1.069s] copying py_service_pkg/basic_srv_client.py -> /home/keti/turtle_carto/build/py_service_pkg/build/lib/py_service_pkg
[1.069s] copying py_service_pkg/spawn_model.py -> /home/keti/turtle_carto/build/py_service_pkg/build/lib/py_service_pkg
[1.069s] copying py_service_pkg/robot_turning_srv.py -> /home/keti/turtle_carto/build/py_service_pkg/build/lib/py_service_pkg
[1.069s] running install
[1.069s] running install_lib
[1.070s] copying /home/keti/turtle_carto/build/py_service_pkg/build/lib/py_service_pkg/basic_srv_server.py -> /home/keti/turtle_carto/install/py_service_pkg/lib/python3.8/site-packages/py_service_pkg
[1.070s] copying /home/keti/turtle_carto/build/py_service_pkg/build/lib/py_service_pkg/spawn_skidbot.py -> /home/keti/turtle_carto/install/py_service_pkg/lib/python3.8/site-packages/py_service_pkg
[1.070s] copying /home/keti/turtle_carto/build/py_service_pkg/build/lib/py_service_pkg/__init__.py -> /home/keti/turtle_carto/install/py_service_pkg/lib/python3.8/site-packages/py_service_pkg
[1.070s] copying /home/keti/turtle_carto/build/py_service_pkg/build/lib/py_service_pkg/custom_srv_server.py -> /home/keti/turtle_carto/install/py_service_pkg/lib/python3.8/site-packages/py_service_pkg
[1.070s] copying /home/keti/turtle_carto/build/py_service_pkg/build/lib/py_service_pkg/robot_turning_client.py -> /home/keti/turtle_carto/install/py_service_pkg/lib/python3.8/site-packages/py_service_pkg
[1.070s] copying /home/keti/turtle_carto/build/py_service_pkg/build/lib/py_service_pkg/custom_srv_client.py -> /home/keti/turtle_carto/install/py_service_pkg/lib/python3.8/site-packages/py_service_pkg
[1.070s] copying /home/keti/turtle_carto/build/py_service_pkg/build/lib/py_service_pkg/basic_srv_client.py -> /home/keti/turtle_carto/install/py_service_pkg/lib/python3.8/site-packages/py_service_pkg
[1.070s] copying /home/keti/turtle_carto/build/py_service_pkg/build/lib/py_service_pkg/spawn_model.py -> /home/keti/turtle_carto/install/py_service_pkg/lib/python3.8/site-packages/py_service_pkg
[1.070s] copying /home/keti/turtle_carto/build/py_service_pkg/build/lib/py_service_pkg/robot_turning_srv.py -> /home/keti/turtle_carto/install/py_service_pkg/lib/python3.8/site-packages/py_service_pkg
[1.071s] byte-compiling /home/keti/turtle_carto/install/py_service_pkg/lib/python3.8/site-packages/py_service_pkg/basic_srv_server.py to basic_srv_server.cpython-38.pyc
[1.071s] byte-compiling /home/keti/turtle_carto/install/py_service_pkg/lib/python3.8/site-packages/py_service_pkg/spawn_skidbot.py to spawn_skidbot.cpython-38.pyc
[1.072s] byte-compiling /home/keti/turtle_carto/install/py_service_pkg/lib/python3.8/site-packages/py_service_pkg/__init__.py to __init__.cpython-38.pyc
[1.072s] byte-compiling /home/keti/turtle_carto/install/py_service_pkg/lib/python3.8/site-packages/py_service_pkg/custom_srv_server.py to custom_srv_server.cpython-38.pyc
[1.072s] byte-compiling /home/keti/turtle_carto/install/py_service_pkg/lib/python3.8/site-packages/py_service_pkg/robot_turning_client.py to robot_turning_client.cpython-38.pyc
[1.072s] byte-compiling /home/keti/turtle_carto/install/py_service_pkg/lib/python3.8/site-packages/py_service_pkg/custom_srv_client.py to custom_srv_client.cpython-38.pyc
[1.073s] byte-compiling /home/keti/turtle_carto/install/py_service_pkg/lib/python3.8/site-packages/py_service_pkg/basic_srv_client.py to basic_srv_client.cpython-38.pyc
[1.073s] byte-compiling /home/keti/turtle_carto/install/py_service_pkg/lib/python3.8/site-packages/py_service_pkg/spawn_model.py to spawn_model.cpython-38.pyc
[1.073s] byte-compiling /home/keti/turtle_carto/install/py_service_pkg/lib/python3.8/site-packages/py_service_pkg/robot_turning_srv.py to robot_turning_srv.cpython-38.pyc
[1.073s] running install_data
[1.074s] copying resource/py_service_pkg -> /home/keti/turtle_carto/install/py_service_pkg/share/ament_index/resource_index/packages
[1.074s] copying package.xml -> /home/keti/turtle_carto/install/py_service_pkg/share/py_service_pkg
[1.074s] running install_egg_info
[1.075s] removing '/home/keti/turtle_carto/install/py_service_pkg/lib/python3.8/site-packages/py_service_pkg-0.0.0-py3.8.egg-info' (and everything under it)
[1.075s] Copying ../../../build/py_service_pkg/py_service_pkg.egg-info to /home/keti/turtle_carto/install/py_service_pkg/lib/python3.8/site-packages/py_service_pkg-0.0.0-py3.8.egg-info
[1.075s] running install_scripts
[1.087s] Installing basic_client script to /home/keti/turtle_carto/install/py_service_pkg/lib/py_service_pkg
[1.087s] Installing basic_server script to /home/keti/turtle_carto/install/py_service_pkg/lib/py_service_pkg
[1.087s] Installing custom_srv_client script to /home/keti/turtle_carto/install/py_service_pkg/lib/py_service_pkg
[1.087s] Installing custom_srv_server script to /home/keti/turtle_carto/install/py_service_pkg/lib/py_service_pkg
[1.087s] Installing gazebo_model_spawner script to /home/keti/turtle_carto/install/py_service_pkg/lib/py_service_pkg
[1.087s] Installing robot_turning_client script to /home/keti/turtle_carto/install/py_service_pkg/lib/py_service_pkg
[1.088s] Installing robot_turning_server script to /home/keti/turtle_carto/install/py_service_pkg/lib/py_service_pkg
[1.088s] Installing spawn_skidbot script to /home/keti/turtle_carto/install/py_service_pkg/lib/py_service_pkg
[1.088s] writing list of installed files to '/home/keti/turtle_carto/build/py_service_pkg/install.log'
[1.105s] Invoked command in '/home/keti/turtle_carto/src/gcamp_ros2_basic/py_service_pkg' returned '0': AMENT_PREFIX_PATH=/home/keti/turtle_carto/install/custom_interfaces:${AMENT_PREFIX_PATH} CMAKE_PREFIX_PATH=/home/keti/turtle_carto/install/custom_interfaces LD_LIBRARY_PATH=/home/keti/turtle_carto/install/custom_interfaces/lib:/usr/lib/x86_64-linux-gnu/gazebo-11/plugins:/opt/ros/foxy/opt/yaml_cpp_vendor/lib:/opt/ros/foxy/opt/rviz_ogre_vendor/lib:/opt/ros/foxy/lib/x86_64-linux-gnu:/opt/ros/foxy/lib:/usr/local/cuda-11.4/lib64 PYTHONPATH=/home/keti/turtle_carto/build/py_service_pkg/prefix_override:/home/keti/turtle_carto/install/py_service_pkg/lib/python3.8/site-packages:/home/keti/turtle_carto/install/custom_interfaces/lib/python3.8/site-packages:${PYTHONPATH} /usr/bin/python3 setup.py egg_info --egg-base ../../../build/py_service_pkg build --build-base /home/keti/turtle_carto/build/py_service_pkg/build install --record /home/keti/turtle_carto/build/py_service_pkg/install.log --install-scripts $base/lib/py_service_pkg --single-version-externally-managed
