[0.109s] Invoking command in '/home/keti/turtle_carto/build/turtlebot3_cartographer': CMAKE_PREFIX_PATH=${CMAKE_PREFIX_PATH}:/home/keti/turtle_carto/install/turtlebot3_teleop:/home/keti/turtle_carto/install/turtlebot3_example:/home/keti/turtle_carto/install/py_topic_pkg:/home/keti/turtle_carto/install/py_service_pkg:/home/keti/turtle_carto/install/py_first_pkg:/home/keti/turtle_carto/install/py_action_pkg:/home/keti/turtle_carto/install/follow_waypoints:/opt/ros/foxy /usr/bin/cmake /home/keti/turtle_carto/src/turtlebot3/turtlebot3_cartographer -DCMAKE_INSTALL_PREFIX=/home/keti/turtle_carto/install/turtlebot3_cartographer
[0.467s] -- The C compiler identification is GNU 9.4.0
[0.467s] -- The CXX compiler identification is GNU 9.4.0
[0.467s] -- Check for working C compiler: /usr/bin/cc
[0.467s] -- Check for working C compiler: /usr/bin/cc -- works
[0.467s] -- Detecting C compiler ABI info
[0.467s] -- Detecting C compiler ABI info - done
[0.467s] -- Detecting C compile features
[0.467s] -- Detecting C compile features - done
[0.467s] -- Check for working CXX compiler: /usr/bin/c++
[0.467s] -- Check for working CXX compiler: /usr/bin/c++ -- works
[0.467s] -- Detecting CXX compiler ABI info
[0.467s] -- Detecting CXX compiler ABI info - done
[0.467s] -- Detecting CXX compile features
[0.467s] -- Detecting CXX compile features - done
[0.467s] -- Found ament_cmake: 0.9.11 (/opt/ros/foxy/share/ament_cmake/cmake)
[0.467s] -- Found PythonInterp: /usr/bin/python3 (found suitable version "3.8.10", minimum required is "3") 
[0.467s] -- Using PYTHON_EXECUTABLE: /usr/bin/python3
[0.482s] -- Configuring done
[0.483s] -- Generating done
[0.483s] -- Build files have been written to: /home/keti/turtle_carto/build/turtlebot3_cartographer
[0.584s] Invoked command in '/home/keti/turtle_carto/build/turtlebot3_cartographer' returned '0': CMAKE_PREFIX_PATH=${CMAKE_PREFIX_PATH}:/home/keti/turtle_carto/install/turtlebot3_teleop:/home/keti/turtle_carto/install/turtlebot3_example:/home/keti/turtle_carto/install/py_topic_pkg:/home/keti/turtle_carto/install/py_service_pkg:/home/keti/turtle_carto/install/py_first_pkg:/home/keti/turtle_carto/install/py_action_pkg:/home/keti/turtle_carto/install/follow_waypoints:/opt/ros/foxy /usr/bin/cmake /home/keti/turtle_carto/src/turtlebot3/turtlebot3_cartographer -DCMAKE_INSTALL_PREFIX=/home/keti/turtle_carto/install/turtlebot3_cartographer
[0.587s] Invoking command in '/home/keti/turtle_carto/build/turtlebot3_cartographer': CMAKE_PREFIX_PATH=${CMAKE_PREFIX_PATH}:/home/keti/turtle_carto/install/turtlebot3_teleop:/home/keti/turtle_carto/install/turtlebot3_example:/home/keti/turtle_carto/install/py_topic_pkg:/home/keti/turtle_carto/install/py_service_pkg:/home/keti/turtle_carto/install/py_first_pkg:/home/keti/turtle_carto/install/py_action_pkg:/home/keti/turtle_carto/install/follow_waypoints:/opt/ros/foxy /usr/bin/cmake --build /home/keti/turtle_carto/build/turtlebot3_cartographer -- -j24 -l24
[0.616s] Invoked command in '/home/keti/turtle_carto/build/turtlebot3_cartographer' returned '0': CMAKE_PREFIX_PATH=${CMAKE_PREFIX_PATH}:/home/keti/turtle_carto/install/turtlebot3_teleop:/home/keti/turtle_carto/install/turtlebot3_example:/home/keti/turtle_carto/install/py_topic_pkg:/home/keti/turtle_carto/install/py_service_pkg:/home/keti/turtle_carto/install/py_first_pkg:/home/keti/turtle_carto/install/py_action_pkg:/home/keti/turtle_carto/install/follow_waypoints:/opt/ros/foxy /usr/bin/cmake --build /home/keti/turtle_carto/build/turtlebot3_cartographer -- -j24 -l24
[0.637s] Invoking command in '/home/keti/turtle_carto/build/turtlebot3_cartographer': CMAKE_PREFIX_PATH=${CMAKE_PREFIX_PATH}:/home/keti/turtle_carto/install/turtlebot3_teleop:/home/keti/turtle_carto/install/turtlebot3_example:/home/keti/turtle_carto/install/py_topic_pkg:/home/keti/turtle_carto/install/py_service_pkg:/home/keti/turtle_carto/install/py_first_pkg:/home/keti/turtle_carto/install/py_action_pkg:/home/keti/turtle_carto/install/follow_waypoints:/opt/ros/foxy /usr/bin/cmake --install /home/keti/turtle_carto/build/turtlebot3_cartographer
[0.644s] -- Install configuration: ""
[0.645s] -- Installing: /home/keti/turtle_carto/install/turtlebot3_cartographer/share/turtlebot3_cartographer/config
[0.645s] -- Installing: /home/keti/turtle_carto/install/turtlebot3_cartographer/share/turtlebot3_cartographer/config/turtlebot3_lds_2d.lua
[0.645s] -- Installing: /home/keti/turtle_carto/install/turtlebot3_cartographer/share/turtlebot3_cartographer/launch
[0.645s] -- Installing: /home/keti/turtle_carto/install/turtlebot3_cartographer/share/turtlebot3_cartographer/launch/turtlesim1.yaml
[0.645s] -- Installing: /home/keti/turtle_carto/install/turtlebot3_cartographer/share/turtlebot3_cartographer/launch/include.launch.py
[0.645s] -- Installing: /home/keti/turtle_carto/install/turtlebot3_cartographer/share/turtlebot3_cartographer/launch/turtlesim.yaml
[0.645s] -- Installing: /home/keti/turtle_carto/install/turtlebot3_cartographer/share/turtlebot3_cartographer/launch/cartographer.launch.py
[0.645s] -- Installing: /home/keti/turtle_carto/install/turtlebot3_cartographer/share/turtlebot3_cartographer/launch/test.launch.py
[0.645s] -- Installing: /home/keti/turtle_carto/install/turtlebot3_cartographer/share/turtlebot3_cartographer/launch/turtlesim2.yaml
[0.645s] -- Installing: /home/keti/turtle_carto/install/turtlebot3_cartographer/share/turtlebot3_cartographer/launch/occupancy_grid.launch.py
[0.645s] -- Installing: /home/keti/turtle_carto/install/turtlebot3_cartographer/share/turtlebot3_cartographer/launch/teleop_turtle.yaml
[0.645s] -- Installing: /home/keti/turtle_carto/install/turtlebot3_cartographer/share/turtlebot3_cartographer/rviz
[0.645s] -- Installing: /home/keti/turtle_carto/install/turtlebot3_cartographer/share/turtlebot3_cartographer/rviz/tb3_cartographer.rviz
[0.646s] -- Installing: /home/keti/turtle_carto/install/turtlebot3_cartographer/share/ament_index/resource_index/package_run_dependencies/turtlebot3_cartographer
[0.646s] -- Installing: /home/keti/turtle_carto/install/turtlebot3_cartographer/share/ament_index/resource_index/parent_prefix_path/turtlebot3_cartographer
[0.646s] -- Installing: /home/keti/turtle_carto/install/turtlebot3_cartographer/share/turtlebot3_cartographer/environment/ament_prefix_path.sh
[0.646s] -- Installing: /home/keti/turtle_carto/install/turtlebot3_cartographer/share/turtlebot3_cartographer/environment/ament_prefix_path.dsv
[0.646s] -- Installing: /home/keti/turtle_carto/install/turtlebot3_cartographer/share/turtlebot3_cartographer/environment/path.sh
[0.646s] -- Installing: /home/keti/turtle_carto/install/turtlebot3_cartographer/share/turtlebot3_cartographer/environment/path.dsv
[0.646s] -- Installing: /home/keti/turtle_carto/install/turtlebot3_cartographer/share/turtlebot3_cartographer/local_setup.bash
[0.647s] -- Installing: /home/keti/turtle_carto/install/turtlebot3_cartographer/share/turtlebot3_cartographer/local_setup.sh
[0.647s] -- Installing: /home/keti/turtle_carto/install/turtlebot3_cartographer/share/turtlebot3_cartographer/local_setup.zsh
[0.647s] -- Installing: /home/keti/turtle_carto/install/turtlebot3_cartographer/share/turtlebot3_cartographer/local_setup.dsv
[0.647s] -- Installing: /home/keti/turtle_carto/install/turtlebot3_cartographer/share/turtlebot3_cartographer/package.dsv
[0.647s] -- Installing: /home/keti/turtle_carto/install/turtlebot3_cartographer/share/ament_index/resource_index/packages/turtlebot3_cartographer
[0.648s] -- Installing: /home/keti/turtle_carto/install/turtlebot3_cartographer/share/turtlebot3_cartographer/cmake/turtlebot3_cartographerConfig.cmake
[0.648s] -- Installing: /home/keti/turtle_carto/install/turtlebot3_cartographer/share/turtlebot3_cartographer/cmake/turtlebot3_cartographerConfig-version.cmake
[0.648s] -- Installing: /home/keti/turtle_carto/install/turtlebot3_cartographer/share/turtlebot3_cartographer/package.xml
[0.649s] Invoked command in '/home/keti/turtle_carto/build/turtlebot3_cartographer' returned '0': CMAKE_PREFIX_PATH=${CMAKE_PREFIX_PATH}:/home/keti/turtle_carto/install/turtlebot3_teleop:/home/keti/turtle_carto/install/turtlebot3_example:/home/keti/turtle_carto/install/py_topic_pkg:/home/keti/turtle_carto/install/py_service_pkg:/home/keti/turtle_carto/install/py_first_pkg:/home/keti/turtle_carto/install/py_action_pkg:/home/keti/turtle_carto/install/follow_waypoints:/opt/ros/foxy /usr/bin/cmake --install /home/keti/turtle_carto/build/turtlebot3_cartographer
