[1.174s] Invoking command in '/home/keti/turtle_carto/src/turtlebot3/turtlebot3_teleop': PYTHONPATH=/home/keti/turtle_carto/build/turtlebot3_teleop/prefix_override:/home/keti/turtle_carto/install/turtlebot3_teleop/lib/python3.8/site-packages:${PYTHONPATH} /usr/bin/python3 setup.py egg_info --egg-base ../../../build/turtlebot3_teleop build --build-base /home/keti/turtle_carto/build/turtlebot3_teleop/build install --record /home/keti/turtle_carto/build/turtlebot3_teleop/install.log --single-version-externally-managed
[1.404s] running egg_info
[1.404s] writing ../../../build/turtlebot3_teleop/turtlebot3_teleop.egg-info/PKG-INFO
[1.404s] writing dependency_links to ../../../build/turtlebot3_teleop/turtlebot3_teleop.egg-info/dependency_links.txt
[1.405s] writing entry points to ../../../build/turtlebot3_teleop/turtlebot3_teleop.egg-info/entry_points.txt
[1.405s] writing requirements to ../../../build/turtlebot3_teleop/turtlebot3_teleop.egg-info/requires.txt
[1.405s] writing top-level names to ../../../build/turtlebot3_teleop/turtlebot3_teleop.egg-info/top_level.txt
[1.439s] reading manifest file '../../../build/turtlebot3_teleop/turtlebot3_teleop.egg-info/SOURCES.txt'
[1.439s] writing manifest file '../../../build/turtlebot3_teleop/turtlebot3_teleop.egg-info/SOURCES.txt'
[1.439s] running build
[1.440s] running build_py
[1.440s] running install
[1.440s] running install_lib
[1.440s] running install_data
[1.440s] running install_egg_info
[1.441s] removing '/home/keti/turtle_carto/install/turtlebot3_teleop/lib/python3.8/site-packages/turtlebot3_teleop-2.1.4-py3.8.egg-info' (and everything under it)
[1.441s] Copying ../../../build/turtlebot3_teleop/turtlebot3_teleop.egg-info to /home/keti/turtle_carto/install/turtlebot3_teleop/lib/python3.8/site-packages/turtlebot3_teleop-2.1.4-py3.8.egg-info
[1.442s] running install_scripts
[1.459s] Installing teleop_keyboard script to /home/keti/turtle_carto/install/turtlebot3_teleop/lib/turtlebot3_teleop
[1.460s] writing list of installed files to '/home/keti/turtle_carto/build/turtlebot3_teleop/install.log'
[1.830s] Invoked command in '/home/keti/turtle_carto/src/turtlebot3/turtlebot3_teleop' returned '0': PYTHONPATH=/home/keti/turtle_carto/build/turtlebot3_teleop/prefix_override:/home/keti/turtle_carto/install/turtlebot3_teleop/lib/python3.8/site-packages:${PYTHONPATH} /usr/bin/python3 setup.py egg_info --egg-base ../../../build/turtlebot3_teleop build --build-base /home/keti/turtle_carto/build/turtlebot3_teleop/build install --record /home/keti/turtle_carto/build/turtlebot3_teleop/install.log --single-version-externally-managed
