[0.040s] Invoking command in '/home/keti/turtle_carto/build/omo_r1mini_description': CMAKE_PREFIX_PATH=/opt/ros/foxy /usr/bin/cmake /home/keti/turtle_carto/src/omo_r1mini-foxy/omo_r1mini_description -DCMAKE_INSTALL_PREFIX=/home/keti/turtle_carto/install/omo_r1mini_description
[0.389s] -- Found ament_cmake: 0.9.11 (/opt/ros/foxy/share/ament_cmake/cmake)
[0.390s] -- Found PythonInterp: /usr/bin/python3 (found suitable version "3.8.10", minimum required is "3") 
[0.390s] -- Using PYTHON_EXECUTABLE: /usr/bin/python3
[0.390s] -- Found urdf: 2.4.0 (/opt/ros/foxy/share/urdf/cmake)
[0.390s] -- Configuring done
[0.390s] -- Generating done
[0.390s] -- Build files have been written to: /home/keti/turtle_carto/build/omo_r1mini_description
[0.396s] Invoked command in '/home/keti/turtle_carto/build/omo_r1mini_description' returned '0': CMAKE_PREFIX_PATH=/opt/ros/foxy /usr/bin/cmake /home/keti/turtle_carto/src/omo_r1mini-foxy/omo_r1mini_description -DCMAKE_INSTALL_PREFIX=/home/keti/turtle_carto/install/omo_r1mini_description
[0.397s] Invoking command in '/home/keti/turtle_carto/build/omo_r1mini_description': CMAKE_PREFIX_PATH=/opt/ros/foxy /usr/bin/cmake --build /home/keti/turtle_carto/build/omo_r1mini_description -- -j24 -l24
[0.426s] Invoked command in '/home/keti/turtle_carto/build/omo_r1mini_description' returned '0': CMAKE_PREFIX_PATH=/opt/ros/foxy /usr/bin/cmake --build /home/keti/turtle_carto/build/omo_r1mini_description -- -j24 -l24
[0.477s] Invoking command in '/home/keti/turtle_carto/build/omo_r1mini_description': CMAKE_PREFIX_PATH=/opt/ros/foxy /usr/bin/cmake --install /home/keti/turtle_carto/build/omo_r1mini_description
[0.497s] -- Install configuration: ""
[0.497s] -- Installing: /home/keti/turtle_carto/install/omo_r1mini_description/share/omo_r1mini_description/meshes
[0.497s] -- Installing: /home/keti/turtle_carto/install/omo_r1mini_description/share/omo_r1mini_description/meshes/sensors
[0.497s] -- Installing: /home/keti/turtle_carto/install/omo_r1mini_description/share/omo_r1mini_description/meshes/sensors/ydlidar_assy.dae
[0.497s] -- Installing: /home/keti/turtle_carto/install/omo_r1mini_description/share/omo_r1mini_description/meshes/wheels
[0.497s] -- Installing: /home/keti/turtle_carto/install/omo_r1mini_description/share/omo_r1mini_description/meshes/wheels/caster_wheel.dae
[0.497s] -- Installing: /home/keti/turtle_carto/install/omo_r1mini_description/share/omo_r1mini_description/meshes/wheels/caster_wheel_rotate.dae
[0.497s] -- Installing: /home/keti/turtle_carto/install/omo_r1mini_description/share/omo_r1mini_description/meshes/wheels/caster_wheel_mount.dae
[0.497s] -- Installing: /home/keti/turtle_carto/install/omo_r1mini_description/share/omo_r1mini_description/meshes/wheels/wheel_assy.dae
[0.500s] -- Installing: /home/keti/turtle_carto/install/omo_r1mini_description/share/omo_r1mini_description/meshes/bases
[0.501s] -- Installing: /home/keti/turtle_carto/install/omo_r1mini_description/share/omo_r1mini_description/meshes/bases/housing_body.dae
[0.502s] -- Installing: /home/keti/turtle_carto/install/omo_r1mini_description/share/omo_r1mini_description/meshes/bases/body_assy.dae
[0.502s] -- Installing: /home/keti/turtle_carto/install/omo_r1mini_description/share/omo_r1mini_description/rviz
[0.502s] -- Installing: /home/keti/turtle_carto/install/omo_r1mini_description/share/omo_r1mini_description/rviz/model.rviz
[0.502s] -- Installing: /home/keti/turtle_carto/install/omo_r1mini_description/share/omo_r1mini_description/urdf
[0.503s] -- Installing: /home/keti/turtle_carto/install/omo_r1mini_description/share/omo_r1mini_description/urdf/omo_r1mini.urdf
[0.503s] -- Installing: /home/keti/turtle_carto/install/omo_r1mini_description/share/omo_r1mini_description/launch
[0.503s] -- Installing: /home/keti/turtle_carto/install/omo_r1mini_description/share/omo_r1mini_description/launch/omo_r1mini_description_rviz.launch.py
[0.503s] -- Installing: /home/keti/turtle_carto/install/omo_r1mini_description/share/omo_r1mini_description/launch/omo_r1mini_description.launch.py
[0.503s] -- Installing: /home/keti/turtle_carto/install/omo_r1mini_description/share/omo_r1mini_description/launch/omo_r1mini_state_publisher.launch.py
[0.503s] -- Installing: /home/keti/turtle_carto/install/omo_r1mini_description/share/ament_index/resource_index/package_run_dependencies/omo_r1mini_description
[0.503s] -- Installing: /home/keti/turtle_carto/install/omo_r1mini_description/share/ament_index/resource_index/parent_prefix_path/omo_r1mini_description
[0.503s] -- Installing: /home/keti/turtle_carto/install/omo_r1mini_description/share/omo_r1mini_description/environment/ament_prefix_path.sh
[0.503s] -- Installing: /home/keti/turtle_carto/install/omo_r1mini_description/share/omo_r1mini_description/environment/ament_prefix_path.dsv
[0.503s] -- Installing: /home/keti/turtle_carto/install/omo_r1mini_description/share/omo_r1mini_description/environment/path.sh
[0.503s] -- Installing: /home/keti/turtle_carto/install/omo_r1mini_description/share/omo_r1mini_description/environment/path.dsv
[0.503s] -- Installing: /home/keti/turtle_carto/install/omo_r1mini_description/share/omo_r1mini_description/local_setup.bash
[0.503s] -- Installing: /home/keti/turtle_carto/install/omo_r1mini_description/share/omo_r1mini_description/local_setup.sh
[0.503s] -- Installing: /home/keti/turtle_carto/install/omo_r1mini_description/share/omo_r1mini_description/local_setup.zsh
[0.503s] -- Installing: /home/keti/turtle_carto/install/omo_r1mini_description/share/omo_r1mini_description/local_setup.dsv
[0.504s] -- Installing: /home/keti/turtle_carto/install/omo_r1mini_description/share/omo_r1mini_description/package.dsv
[0.504s] -- Installing: /home/keti/turtle_carto/install/omo_r1mini_description/share/ament_index/resource_index/packages/omo_r1mini_description
[0.504s] -- Installing: /home/keti/turtle_carto/install/omo_r1mini_description/share/omo_r1mini_description/cmake/omo_r1mini_descriptionConfig.cmake
[0.504s] -- Installing: /home/keti/turtle_carto/install/omo_r1mini_description/share/omo_r1mini_description/cmake/omo_r1mini_descriptionConfig-version.cmake
[0.504s] -- Installing: /home/keti/turtle_carto/install/omo_r1mini_description/share/omo_r1mini_description/package.xml
[0.548s] Invoked command in '/home/keti/turtle_carto/build/omo_r1mini_description' returned '0': CMAKE_PREFIX_PATH=/opt/ros/foxy /usr/bin/cmake --install /home/keti/turtle_carto/build/omo_r1mini_description
