[0.041s] Invoking command in '/home/keti/turtle_carto/build/omo_r1mini_interfaces': CMAKE_PREFIX_PATH=/opt/ros/foxy /usr/bin/cmake /home/keti/turtle_carto/src/omo_r1mini-foxy/omo_r1mini_interfaces -DCMAKE_INSTALL_PREFIX=/home/keti/turtle_carto/install/omo_r1mini_interfaces
[0.392s] -- Found ament_cmake: 0.9.11 (/opt/ros/foxy/share/ament_cmake/cmake)
[0.392s] -- Found PythonInterp: /usr/bin/python3 (found suitable version "3.8.10", minimum required is "3") 
[0.392s] -- Using PYTHON_EXECUTABLE: /usr/bin/python3
[0.392s] -- Found rosidl_default_generators: 1.0.1 (/opt/ros/foxy/share/rosidl_default_generators/cmake)
[0.392s] -- Using all available rosidl_typesupport_c: rosidl_typesupport_fastrtps_c;rosidl_typesupport_introspection_c
[0.392s] -- Found rosidl_adapter: 1.3.0 (/opt/ros/foxy/share/rosidl_adapter/cmake)
[0.392s] -- Found OpenSSL: /usr/lib/x86_64-linux-gnu/libcrypto.so (found version "1.1.1f")  
[0.392s] -- Found FastRTPS: /opt/ros/foxy/include  
[0.392s] -- Using all available rosidl_typesupport_cpp: rosidl_typesupport_fastrtps_cpp;rosidl_typesupport_introspection_cpp
[0.392s] -- Found PythonInterp: /usr/bin/python3 (found version "3.8.10") 
[0.392s] -- Found ament_cmake_ros: 0.9.2 (/opt/ros/foxy/share/ament_cmake_ros/cmake)
[0.450s] -- Using all available rosidl_typesupport_c: rosidl_typesupport_fastrtps_c;rosidl_typesupport_introspection_c
[0.455s] -- Using all available rosidl_typesupport_cpp: rosidl_typesupport_fastrtps_cpp;rosidl_typesupport_introspection_cpp
[0.468s] -- Found PythonInterp: /usr/bin/python3 (found suitable version "3.8.10", minimum required is "3.5") 
[0.469s] -- Found python_cmake_module: 0.8.1 (/opt/ros/foxy/share/python_cmake_module/cmake)
[0.486s] -- Found PythonLibs: /usr/lib/x86_64-linux-gnu/libpython3.8.so (found suitable version "3.8.10", minimum required is "3.5") 
[0.486s] -- Using PYTHON_EXECUTABLE: /usr/bin/python3
[0.486s] -- Using PYTHON_INCLUDE_DIRS: /usr/include/python3.8
[0.486s] -- Using PYTHON_LIBRARIES: /usr/lib/x86_64-linux-gnu/libpython3.8.so
[0.502s] -- Found PythonExtra: .so  
[0.519s] -- Found ament_lint_auto: 0.9.8 (/opt/ros/foxy/share/ament_lint_auto/cmake)
[0.530s] -- Added test 'copyright' to check source files copyright and LICENSE
[0.531s] -- Added test 'lint_cmake' to check CMake code style
[0.531s] -- Added test 'xmllint' to check XML markup files
[0.532s] -- Configuring done
[0.551s] -- Generating done
[0.552s] -- Build files have been written to: /home/keti/turtle_carto/build/omo_r1mini_interfaces
[0.569s] Invoked command in '/home/keti/turtle_carto/build/omo_r1mini_interfaces' returned '0': CMAKE_PREFIX_PATH=/opt/ros/foxy /usr/bin/cmake /home/keti/turtle_carto/src/omo_r1mini-foxy/omo_r1mini_interfaces -DCMAKE_INSTALL_PREFIX=/home/keti/turtle_carto/install/omo_r1mini_interfaces
[0.571s] Invoking command in '/home/keti/turtle_carto/build/omo_r1mini_interfaces': CMAKE_PREFIX_PATH=/opt/ros/foxy /usr/bin/cmake --build /home/keti/turtle_carto/build/omo_r1mini_interfaces -- -j24 -l24
[0.594s] [35m[1mScanning dependencies of target omo_r1mini_interfaces__cpp[0m
[0.596s] [  1%] [34m[1mGenerating C code for ROS interfaces[0m
[0.600s] [  2%] [34m[1mGenerating C++ code for ROS interfaces[0m
[0.852s] [  2%] Built target omo_r1mini_interfaces__cpp
[0.860s] [  4%] [34m[1mGenerating C++ type support dispatch for ROS interfaces[0m
[0.860s] [  5%] [34m[1mGenerating C++ type support for eProsima Fast-RTPS[0m
[0.860s] [  7%] [34m[1mGenerating C++ introspection for ROS interfaces[0m
[0.868s] [35m[1mScanning dependencies of target omo_r1mini_interfaces__rosidl_generator_c[0m
[0.878s] [  8%] [32mBuilding C object CMakeFiles/omo_r1mini_interfaces__rosidl_generator_c.dir/rosidl_generator_c/omo_r1mini_interfaces/srv/detail/save_color__functions.c.o[0m
[0.879s] [  9%] [32mBuilding C object CMakeFiles/omo_r1mini_interfaces__rosidl_generator_c.dir/rosidl_generator_c/omo_r1mini_interfaces/srv/detail/onoff__functions.c.o[0m
[0.879s] [ 14%] [32mBuilding C object CMakeFiles/omo_r1mini_interfaces__rosidl_generator_c.dir/rosidl_generator_c/omo_r1mini_interfaces/srv/detail/battery__functions.c.o[0m
[0.879s] [ 14%] [32mBuilding C object CMakeFiles/omo_r1mini_interfaces__rosidl_generator_c.dir/rosidl_generator_c/omo_r1mini_interfaces/srv/detail/color__functions.c.o[0m
[0.879s] [ 14%] [32mBuilding C object CMakeFiles/omo_r1mini_interfaces__rosidl_generator_c.dir/rosidl_generator_c/omo_r1mini_interfaces/srv/detail/reset_odom__functions.c.o[0m
[0.879s] [ 15%] [32mBuilding C object CMakeFiles/omo_r1mini_interfaces__rosidl_generator_c.dir/rosidl_generator_c/omo_r1mini_interfaces/srv/detail/calg__functions.c.o[0m
[0.919s] [ 16%] [32m[1mLinking C shared library libomo_r1mini_interfaces__rosidl_generator_c.so[0m
[0.949s] [ 16%] Built target omo_r1mini_interfaces__rosidl_generator_c
[0.949s] [ 19%] [34m[1mGenerating C type support dispatch for ROS interfaces[0m
[0.949s] [ 19%] [34m[1mGenerating C introspection for ROS interfaces[0m
[1.088s] [35m[1mScanning dependencies of target omo_r1mini_interfaces__rosidl_typesupport_introspection_cpp[0m
[1.097s] [ 21%] [32mBuilding CXX object CMakeFiles/omo_r1mini_interfaces__rosidl_typesupport_introspection_cpp.dir/rosidl_typesupport_introspection_cpp/omo_r1mini_interfaces/srv/detail/onoff__type_support.cpp.o[0m
[1.098s] [ 22%] [32mBuilding CXX object CMakeFiles/omo_r1mini_interfaces__rosidl_typesupport_introspection_cpp.dir/rosidl_typesupport_introspection_cpp/omo_r1mini_interfaces/srv/detail/save_color__type_support.cpp.o[0m
[1.098s] [ 23%] [32mBuilding CXX object CMakeFiles/omo_r1mini_interfaces__rosidl_typesupport_introspection_cpp.dir/rosidl_typesupport_introspection_cpp/omo_r1mini_interfaces/srv/detail/reset_odom__type_support.cpp.o[0m
[1.098s] [ 25%] [32mBuilding CXX object CMakeFiles/omo_r1mini_interfaces__rosidl_typesupport_introspection_cpp.dir/rosidl_typesupport_introspection_cpp/omo_r1mini_interfaces/srv/detail/color__type_support.cpp.o[0m
[1.098s] [ 26%] [32mBuilding CXX object CMakeFiles/omo_r1mini_interfaces__rosidl_typesupport_introspection_cpp.dir/rosidl_typesupport_introspection_cpp/omo_r1mini_interfaces/srv/detail/battery__type_support.cpp.o[0m
[1.098s] [ 28%] [32mBuilding CXX object CMakeFiles/omo_r1mini_interfaces__rosidl_typesupport_introspection_cpp.dir/rosidl_typesupport_introspection_cpp/omo_r1mini_interfaces/srv/detail/calg__type_support.cpp.o[0m
[1.106s] [35m[1mScanning dependencies of target omo_r1mini_interfaces__rosidl_typesupport_fastrtps_cpp[0m
[1.109s] [35m[1mScanning dependencies of target omo_r1mini_interfaces__rosidl_typesupport_cpp[0m
[1.117s] [ 30%] [32mBuilding CXX object CMakeFiles/omo_r1mini_interfaces__rosidl_typesupport_cpp.dir/rosidl_typesupport_cpp/omo_r1mini_interfaces/srv/calg__type_support.cpp.o[0m
[1.117s] [ 32%] [32mBuilding CXX object CMakeFiles/omo_r1mini_interfaces__rosidl_typesupport_cpp.dir/rosidl_typesupport_cpp/omo_r1mini_interfaces/srv/onoff__type_support.cpp.o[0m
[1.117s] [ 33%] [32mBuilding CXX object CMakeFiles/omo_r1mini_interfaces__rosidl_typesupport_cpp.dir/rosidl_typesupport_cpp/omo_r1mini_interfaces/srv/battery__type_support.cpp.o[0m
[1.117s] [ 33%] [32mBuilding CXX object CMakeFiles/omo_r1mini_interfaces__rosidl_typesupport_cpp.dir/rosidl_typesupport_cpp/omo_r1mini_interfaces/srv/color__type_support.cpp.o[0m
[1.117s] [ 35%] [32mBuilding CXX object CMakeFiles/omo_r1mini_interfaces__rosidl_typesupport_cpp.dir/rosidl_typesupport_cpp/omo_r1mini_interfaces/srv/reset_odom__type_support.cpp.o[0m
[1.120s] [ 36%] [32mBuilding CXX object CMakeFiles/omo_r1mini_interfaces__rosidl_typesupport_fastrtps_cpp.dir/rosidl_typesupport_fastrtps_cpp/omo_r1mini_interfaces/srv/detail/dds_fastrtps/color__type_support.cpp.o[0m
[1.120s] [ 38%] [32mBuilding CXX object CMakeFiles/omo_r1mini_interfaces__rosidl_typesupport_fastrtps_cpp.dir/rosidl_typesupport_fastrtps_cpp/omo_r1mini_interfaces/srv/detail/dds_fastrtps/calg__type_support.cpp.o[0m
[1.120s] [ 39%] [32mBuilding CXX object CMakeFiles/omo_r1mini_interfaces__rosidl_typesupport_fastrtps_cpp.dir/rosidl_typesupport_fastrtps_cpp/omo_r1mini_interfaces/srv/detail/dds_fastrtps/onoff__type_support.cpp.o[0m
[1.120s] [ 40%] [32mBuilding CXX object CMakeFiles/omo_r1mini_interfaces__rosidl_typesupport_fastrtps_cpp.dir/rosidl_typesupport_fastrtps_cpp/omo_r1mini_interfaces/srv/detail/dds_fastrtps/battery__type_support.cpp.o[0m
[1.120s] [35m[1mScanning dependencies of target omo_r1mini_interfaces__rosidl_typesupport_c[0m
[1.123s] [ 42%] [32mBuilding CXX object CMakeFiles/omo_r1mini_interfaces__rosidl_typesupport_fastrtps_cpp.dir/rosidl_typesupport_fastrtps_cpp/omo_r1mini_interfaces/srv/detail/dds_fastrtps/save_color__type_support.cpp.o[0m
[1.123s] [ 43%] [32mBuilding CXX object CMakeFiles/omo_r1mini_interfaces__rosidl_typesupport_fastrtps_cpp.dir/rosidl_typesupport_fastrtps_cpp/omo_r1mini_interfaces/srv/detail/dds_fastrtps/reset_odom__type_support.cpp.o[0m
[1.129s] [ 45%] [32mBuilding CXX object CMakeFiles/omo_r1mini_interfaces__rosidl_typesupport_c.dir/rosidl_typesupport_c/omo_r1mini_interfaces/srv/calg__type_support.cpp.o[0m
[1.129s] [ 46%] [32mBuilding CXX object CMakeFiles/omo_r1mini_interfaces__rosidl_typesupport_c.dir/rosidl_typesupport_c/omo_r1mini_interfaces/srv/battery__type_support.cpp.o[0m
[1.130s] [ 47%] [32mBuilding CXX object CMakeFiles/omo_r1mini_interfaces__rosidl_typesupport_c.dir/rosidl_typesupport_c/omo_r1mini_interfaces/srv/color__type_support.cpp.o[0m
[1.130s] [ 49%] [32mBuilding CXX object CMakeFiles/omo_r1mini_interfaces__rosidl_typesupport_c.dir/rosidl_typesupport_c/omo_r1mini_interfaces/srv/onoff__type_support.cpp.o[0m
[1.135s] [ 50%] [32mBuilding CXX object CMakeFiles/omo_r1mini_interfaces__rosidl_typesupport_cpp.dir/rosidl_typesupport_cpp/omo_r1mini_interfaces/srv/save_color__type_support.cpp.o[0m
[1.147s] [ 52%] [32mBuilding CXX object CMakeFiles/omo_r1mini_interfaces__rosidl_typesupport_c.dir/rosidl_typesupport_c/omo_r1mini_interfaces/srv/reset_odom__type_support.cpp.o[0m
[1.204s] [ 53%] [32mBuilding CXX object CMakeFiles/omo_r1mini_interfaces__rosidl_typesupport_c.dir/rosidl_typesupport_c/omo_r1mini_interfaces/srv/save_color__type_support.cpp.o[0m
[1.230s] [35m[1mScanning dependencies of target omo_r1mini_interfaces__rosidl_typesupport_introspection_c[0m
[1.240s] [ 54%] [32m[1mLinking CXX shared library libomo_r1mini_interfaces__rosidl_typesupport_c.so[0m
[1.244s] [ 56%] [32mBuilding C object CMakeFiles/omo_r1mini_interfaces__rosidl_typesupport_introspection_c.dir/rosidl_typesupport_introspection_c/omo_r1mini_interfaces/srv/detail/battery__type_support.c.o[0m
[1.251s] [ 57%] [32mBuilding C object CMakeFiles/omo_r1mini_interfaces__rosidl_typesupport_introspection_c.dir/rosidl_typesupport_introspection_c/omo_r1mini_interfaces/srv/detail/calg__type_support.c.o[0m
[1.257s] [ 60%] [32mBuilding C object CMakeFiles/omo_r1mini_interfaces__rosidl_typesupport_introspection_c.dir/rosidl_typesupport_introspection_c/omo_r1mini_interfaces/srv/detail/onoff__type_support.c.o[0m
[1.258s] [ 60%] [32mBuilding C object CMakeFiles/omo_r1mini_interfaces__rosidl_typesupport_introspection_c.dir/rosidl_typesupport_introspection_c/omo_r1mini_interfaces/srv/detail/reset_odom__type_support.c.o[0m
[1.262s] [ 61%] [32mBuilding C object CMakeFiles/omo_r1mini_interfaces__rosidl_typesupport_introspection_c.dir/rosidl_typesupport_introspection_c/omo_r1mini_interfaces/srv/detail/color__type_support.c.o[0m
[1.295s] [ 63%] [32mBuilding C object CMakeFiles/omo_r1mini_interfaces__rosidl_typesupport_introspection_c.dir/rosidl_typesupport_introspection_c/omo_r1mini_interfaces/srv/detail/save_color__type_support.c.o[0m
[1.303s] [ 63%] Built target omo_r1mini_interfaces__rosidl_typesupport_c
[1.319s] [ 64%] [32m[1mLinking C shared library libomo_r1mini_interfaces__rosidl_typesupport_introspection_c.so[0m
[1.340s] [ 64%] Built target omo_r1mini_interfaces__rosidl_typesupport_introspection_c
[1.347s] [ 66%] [32m[1mLinking CXX shared library libomo_r1mini_interfaces__rosidl_typesupport_introspection_cpp.so[0m
[1.372s] [ 66%] Built target omo_r1mini_interfaces__rosidl_typesupport_introspection_cpp
[1.404s] [ 67%] [32m[1mLinking CXX shared library libomo_r1mini_interfaces__rosidl_typesupport_cpp.so[0m
[1.424s] [ 67%] Built target omo_r1mini_interfaces__rosidl_typesupport_cpp
[1.458s] [ 69%] [32m[1mLinking CXX shared library libomo_r1mini_interfaces__rosidl_typesupport_fastrtps_cpp.so[0m
[1.498s] [ 69%] Built target omo_r1mini_interfaces__rosidl_typesupport_fastrtps_cpp
[1.503s] [ 70%] [34m[1mGenerating C type support for eProsima Fast-RTPS[0m
[1.709s] [35m[1mScanning dependencies of target omo_r1mini_interfaces__rosidl_typesupport_fastrtps_c[0m
[1.719s] [ 76%] [32mBuilding CXX object CMakeFiles/omo_r1mini_interfaces__rosidl_typesupport_fastrtps_c.dir/rosidl_typesupport_fastrtps_c/omo_r1mini_interfaces/srv/detail/calg__type_support_c.cpp.o[0m
[1.719s] [ 76%] [32mBuilding CXX object CMakeFiles/omo_r1mini_interfaces__rosidl_typesupport_fastrtps_c.dir/rosidl_typesupport_fastrtps_c/omo_r1mini_interfaces/srv/detail/battery__type_support_c.cpp.o[0m
[1.719s] [ 76%] [32mBuilding CXX object CMakeFiles/omo_r1mini_interfaces__rosidl_typesupport_fastrtps_c.dir/rosidl_typesupport_fastrtps_c/omo_r1mini_interfaces/srv/detail/color__type_support_c.cpp.o[0m
[1.719s] [ 76%] [32mBuilding CXX object CMakeFiles/omo_r1mini_interfaces__rosidl_typesupport_fastrtps_c.dir/rosidl_typesupport_fastrtps_c/omo_r1mini_interfaces/srv/detail/onoff__type_support_c.cpp.o[0m
[1.719s] [ 77%] [32mBuilding CXX object CMakeFiles/omo_r1mini_interfaces__rosidl_typesupport_fastrtps_c.dir/rosidl_typesupport_fastrtps_c/omo_r1mini_interfaces/srv/detail/reset_odom__type_support_c.cpp.o[0m
[1.721s] [ 78%] [32mBuilding CXX object CMakeFiles/omo_r1mini_interfaces__rosidl_typesupport_fastrtps_c.dir/rosidl_typesupport_fastrtps_c/omo_r1mini_interfaces/srv/detail/save_color__type_support_c.cpp.o[0m
[1.874s] [ 80%] [32m[1mLinking CXX shared library libomo_r1mini_interfaces__rosidl_typesupport_fastrtps_c.so[0m
[1.915s] [ 80%] Built target omo_r1mini_interfaces__rosidl_typesupport_fastrtps_c
[1.920s] [35m[1mScanning dependencies of target omo_r1mini_interfaces[0m
[1.925s] [ 80%] Built target omo_r1mini_interfaces
[1.930s] [35m[1mScanning dependencies of target omo_r1mini_interfaces__py[0m
[1.935s] [ 81%] [34m[1mGenerating Python code for ROS interfaces[0m
[2.416s] [ 81%] Built target omo_r1mini_interfaces__py
[2.421s] [35m[1mScanning dependencies of target omo_r1mini_interfaces__python[0m
[2.434s] [ 88%] [32mBuilding C object CMakeFiles/omo_r1mini_interfaces__python.dir/rosidl_generator_py/omo_r1mini_interfaces/srv/_onoff_s.c.o[0m
[2.434s] [ 88%] [32mBuilding C object CMakeFiles/omo_r1mini_interfaces__python.dir/rosidl_generator_py/omo_r1mini_interfaces/srv/_color_s.c.o[0m
[2.434s] [ 88%] [32mBuilding C object CMakeFiles/omo_r1mini_interfaces__python.dir/rosidl_generator_py/omo_r1mini_interfaces/srv/_reset_odom_s.c.o[0m
[2.434s] [ 88%] [32mBuilding C object CMakeFiles/omo_r1mini_interfaces__python.dir/rosidl_generator_py/omo_r1mini_interfaces/srv/_battery_s.c.o[0m
[2.434s] [ 88%] [32mBuilding C object CMakeFiles/omo_r1mini_interfaces__python.dir/rosidl_generator_py/omo_r1mini_interfaces/srv/_calg_s.c.o[0m
[2.434s] [ 90%] [32mBuilding C object CMakeFiles/omo_r1mini_interfaces__python.dir/rosidl_generator_py/omo_r1mini_interfaces/srv/_save_color_s.c.o[0m
[2.476s] [ 91%] [32m[1mLinking C shared library rosidl_generator_py/omo_r1mini_interfaces/libomo_r1mini_interfaces__python.so[0m
[2.495s] [ 91%] Built target omo_r1mini_interfaces__python
[2.500s] [35m[1mScanning dependencies of target omo_r1mini_interfaces__rosidl_typesupport_c__pyext[0m
[2.500s] [35m[1mScanning dependencies of target omo_r1mini_interfaces__rosidl_typesupport_introspection_c__pyext[0m
[2.500s] [35m[1mScanning dependencies of target omo_r1mini_interfaces__rosidl_typesupport_fastrtps_c__pyext[0m
[2.509s] [ 95%] [32mBuilding C object CMakeFiles/omo_r1mini_interfaces__rosidl_typesupport_fastrtps_c__pyext.dir/rosidl_generator_py/omo_r1mini_interfaces/_omo_r1mini_interfaces_s.ep.rosidl_typesupport_fastrtps_c.c.o[0m
[2.509s] [ 95%] [32mBuilding C object CMakeFiles/omo_r1mini_interfaces__rosidl_typesupport_c__pyext.dir/rosidl_generator_py/omo_r1mini_interfaces/_omo_r1mini_interfaces_s.ep.rosidl_typesupport_c.c.o[0m
[2.509s] [ 95%] [32mBuilding C object CMakeFiles/omo_r1mini_interfaces__rosidl_typesupport_introspection_c__pyext.dir/rosidl_generator_py/omo_r1mini_interfaces/_omo_r1mini_interfaces_s.ep.rosidl_typesupport_introspection_c.c.o[0m
[2.562s] [100%] [32m[1mLinking C shared library rosidl_generator_py/omo_r1mini_interfaces/omo_r1mini_interfaces_s__rosidl_typesupport_introspection_c.cpython-38-x86_64-linux-gnu.so[0m
[2.562s] [100%] [32m[1mLinking CXX shared library rosidl_generator_py/omo_r1mini_interfaces/omo_r1mini_interfaces_s__rosidl_typesupport_fastrtps_c.cpython-38-x86_64-linux-gnu.so[0m
[2.562s] [100%] [32m[1mLinking C shared library rosidl_generator_py/omo_r1mini_interfaces/omo_r1mini_interfaces_s__rosidl_typesupport_c.cpython-38-x86_64-linux-gnu.so[0m
[2.578s] [100%] Built target omo_r1mini_interfaces__rosidl_typesupport_c__pyext
[2.578s] [100%] Built target omo_r1mini_interfaces__rosidl_typesupport_introspection_c__pyext
[2.591s] [100%] Built target omo_r1mini_interfaces__rosidl_typesupport_fastrtps_c__pyext
