-- The C compiler identification is GNU 9.4.0
-- The CXX compiler identification is GNU 9.4.0
-- Check for working C compiler: /usr/bin/cc
-- Check for working C compiler: /usr/bin/cc -- works
-- Detecting C compiler ABI info
-- Detecting C compiler ABI info - done
-- Detecting C compile features
-- Detecting C compile features - done
-- Check for working CXX compiler: /usr/bin/c++
-- Check for working CXX compiler: /usr/bin/c++ -- works
-- Detecting CXX compiler ABI info
-- Detecting CXX compiler ABI info - done
-- Detecting CXX compile features
-- Detecting CXX compile features - done
-- Found ament_cmake: 0.9.11 (/opt/ros/foxy/share/ament_cmake/cmake)
-- Found PythonInterp: /usr/bin/python3 (found suitable version "3.8.10", minimum required is "3") 
-- Using PYTHON_EXECUTABLE: /usr/bin/python3
-- Found nav2_bringup: 0.4.7 (/opt/ros/foxy/share/nav2_bringup/cmake)
-- Found navigation2: 0.4.7 (/opt/ros/foxy/share/navigation2/cmake)
-- Configuring done
-- Generating done
-- Build files have been written to: /home/keti/turtle_carto/build/neo_simulation2
-- Install configuration: ""
-- Installing: /home/keti/turtle_carto/install/neo_simulation2/share/neo_simulation2/launch
-- Installing: /home/keti/turtle_carto/install/neo_simulation2/share/neo_simulation2/launch/mapping.launch.py
-- Installing: /home/keti/turtle_carto/install/neo_simulation2/share/neo_simulation2/launch/navigation.launch.py
-- Installing: /home/keti/turtle_carto/install/neo_simulation2/share/neo_simulation2/launch/simulation.launch.py
-- Installing: /home/keti/turtle_carto/install/neo_simulation2/share/neo_simulation2/configs
-- Installing: /home/keti/turtle_carto/install/neo_simulation2/share/neo_simulation2/configs/mp_500
-- Installing: /home/keti/turtle_carto/install/neo_simulation2/share/neo_simulation2/configs/mp_500/navigation.yaml
-- Installing: /home/keti/turtle_carto/install/neo_simulation2/share/neo_simulation2/configs/mp_500/mapping.yaml
-- Installing: /home/keti/turtle_carto/install/neo_simulation2/share/neo_simulation2/configs/mpo_500
-- Installing: /home/keti/turtle_carto/install/neo_simulation2/share/neo_simulation2/configs/mpo_500/navigation.yaml
-- Installing: /home/keti/turtle_carto/install/neo_simulation2/share/neo_simulation2/configs/mpo_500/mapping.yaml
-- Installing: /home/keti/turtle_carto/install/neo_simulation2/share/neo_simulation2/configs/mpo_700
-- Installing: /home/keti/turtle_carto/install/neo_simulation2/share/neo_simulation2/configs/mpo_700/navigation.yaml
-- Installing: /home/keti/turtle_carto/install/neo_simulation2/share/neo_simulation2/configs/mpo_700/mapping.yaml
-- Installing: /home/keti/turtle_carto/install/neo_simulation2/share/neo_simulation2/configs/mp_400
-- Installing: /home/keti/turtle_carto/install/neo_simulation2/share/neo_simulation2/configs/mp_400/navigation.yaml
-- Installing: /home/keti/turtle_carto/install/neo_simulation2/share/neo_simulation2/configs/mp_400/mapping.yaml
-- Installing: /home/keti/turtle_carto/install/neo_simulation2/share/neo_simulation2/maps
-- Installing: /home/keti/turtle_carto/install/neo_simulation2/share/neo_simulation2/maps/neo_workshop.yaml
-- Installing: /home/keti/turtle_carto/install/neo_simulation2/share/neo_simulation2/maps/neo_workshop.pgm
-- Installing: /home/keti/turtle_carto/install/neo_simulation2/share/neo_simulation2/maps/aws.pgm
-- Installing: /home/keti/turtle_carto/install/neo_simulation2/share/neo_simulation2/maps/neo_track1.pgm
-- Installing: /home/keti/turtle_carto/install/neo_simulation2/share/neo_simulation2/maps/neo_track1.yaml
-- Installing: /home/keti/turtle_carto/install/neo_simulation2/share/neo_simulation2/maps/aws.yaml
-- Installing: /home/keti/turtle_carto/install/neo_simulation2/share/neo_simulation2/worlds
-- Installing: /home/keti/turtle_carto/install/neo_simulation2/share/neo_simulation2/worlds/aws.world
-- Installing: /home/keti/turtle_carto/install/neo_simulation2/share/neo_simulation2/worlds/neo_track1.world
-- Installing: /home/keti/turtle_carto/install/neo_simulation2/share/neo_simulation2/worlds/neo_workshop.world
-- Installing: /home/keti/turtle_carto/install/neo_simulation2/share/neo_simulation2/worlds/neo_track2.world
-- Installing: /home/keti/turtle_carto/install/neo_simulation2/share/neo_simulation2/robots
-- Installing: /home/keti/turtle_carto/install/neo_simulation2/share/neo_simulation2/robots/mp_500
-- Installing: /home/keti/turtle_carto/install/neo_simulation2/share/neo_simulation2/robots/mp_500/mp_500.urdf
-- Installing: /home/keti/turtle_carto/install/neo_simulation2/share/neo_simulation2/robots/mp_500/meshes
-- Installing: /home/keti/turtle_carto/install/neo_simulation2/share/neo_simulation2/robots/mp_500/meshes/MP-500-WHEEL-LEFT.dae
-- Installing: /home/keti/turtle_carto/install/neo_simulation2/share/neo_simulation2/robots/mp_500/meshes/d435.dae
-- Installing: /home/keti/turtle_carto/install/neo_simulation2/share/neo_simulation2/robots/mp_500/meshes/MP-500-WHEEL-RIGHT.dae
-- Installing: /home/keti/turtle_carto/install/neo_simulation2/share/neo_simulation2/robots/mp_500/meshes/MP-500-BODY.dae
-- Installing: /home/keti/turtle_carto/install/neo_simulation2/share/neo_simulation2/robots/mp_500/meshes/MP-500-WHEEL.dae
-- Installing: /home/keti/turtle_carto/install/neo_simulation2/share/neo_simulation2/robots/mpo_500
-- Installing: /home/keti/turtle_carto/install/neo_simulation2/share/neo_simulation2/robots/mpo_500/mpo_500.urdf
-- Installing: /home/keti/turtle_carto/install/neo_simulation2/share/neo_simulation2/robots/mpo_500/meshes
-- Installing: /home/keti/turtle_carto/install/neo_simulation2/share/neo_simulation2/robots/mpo_500/meshes/MPO-500-BODY.dae
-- Installing: /home/keti/turtle_carto/install/neo_simulation2/share/neo_simulation2/robots/mpo_500/meshes/MPO-500-WHEEL.dae
-- Installing: /home/keti/turtle_carto/install/neo_simulation2/share/neo_simulation2/robots/mpo_700
-- Installing: /home/keti/turtle_carto/install/neo_simulation2/share/neo_simulation2/robots/mpo_700/mpo_700.urdf
-- Installing: /home/keti/turtle_carto/install/neo_simulation2/share/neo_simulation2/robots/mpo_700/meshes
-- Installing: /home/keti/turtle_carto/install/neo_simulation2/share/neo_simulation2/robots/mpo_700/meshes/MPO-700-WHEEL.dae
-- Installing: /home/keti/turtle_carto/install/neo_simulation2/share/neo_simulation2/robots/mpo_700/meshes/MPO-700-caster.dae
-- Installing: /home/keti/turtle_carto/install/neo_simulation2/share/neo_simulation2/robots/mpo_700/meshes/MPO-700-BODY.dae
-- Installing: /home/keti/turtle_carto/install/neo_simulation2/share/neo_simulation2/robots/mpo_700/meshes/MPO-700-charge-port.dae
-- Installing: /home/keti/turtle_carto/install/neo_simulation2/share/neo_simulation2/robots/mpo_700/meshes/MPO-700-HEAD.dae
-- Installing: /home/keti/turtle_carto/install/neo_simulation2/share/neo_simulation2/robots/mp_400
-- Installing: /home/keti/turtle_carto/install/neo_simulation2/share/neo_simulation2/robots/mp_400/mp_400.urdf
-- Installing: /home/keti/turtle_carto/install/neo_simulation2/share/neo_simulation2/robots/mp_400/meshes
-- Installing: /home/keti/turtle_carto/install/neo_simulation2/share/neo_simulation2/robots/mp_400/meshes/MP-400-BODY.dae
-- Installing: /home/keti/turtle_carto/install/neo_simulation2/share/neo_simulation2/robots/mp_400/meshes/MP-400-CASTER-WHEEL.dae
-- Installing: /home/keti/turtle_carto/install/neo_simulation2/share/neo_simulation2/robots/mp_400/meshes/MP-400-FIXED-WHEEL-RIGHT.dae
-- Installing: /home/keti/turtle_carto/install/neo_simulation2/share/neo_simulation2/robots/mp_400/meshes/MP-400-FIXED-WHEEL-LEFT.dae
-- Installing: /home/keti/turtle_carto/install/neo_simulation2/share/neo_simulation2/components
-- Installing: /home/keti/turtle_carto/install/neo_simulation2/share/neo_simulation2/components/sensors
-- Installing: /home/keti/turtle_carto/install/neo_simulation2/share/neo_simulation2/components/sensors/d435.dae
-- Installing: /home/keti/turtle_carto/install/neo_simulation2/share/neo_simulation2/components/sensors/SICK-MICROSCAN3.dae
-- Installing: /home/keti/turtle_carto/install/neo_simulation2/share/neo_simulation2/components/sensors/SICK-S300.dae
-- Installing: /home/keti/turtle_carto/install/neo_simulation2/share/neo_simulation2/models
-- Installing: /home/keti/turtle_carto/install/neo_simulation2/share/neo_simulation2/models/docking_station
-- Installing: /home/keti/turtle_carto/install/neo_simulation2/share/neo_simulation2/models/docking_station/meshes
-- Installing: /home/keti/turtle_carto/install/neo_simulation2/share/neo_simulation2/models/docking_station/meshes/d1.stl
-- Installing: /home/keti/turtle_carto/install/neo_simulation2/share/neo_simulation2/models/docking_station/meshes/d1_back1.dae
-- Installing: /home/keti/turtle_carto/install/neo_simulation2/share/neo_simulation2/models/docking_station/meshes/d1.dae
-- Installing: /home/keti/turtle_carto/install/neo_simulation2/share/neo_simulation2/models/docking_station/model.config
-- Installing: /home/keti/turtle_carto/install/neo_simulation2/share/neo_simulation2/models/docking_station/materials
-- Installing: /home/keti/turtle_carto/install/neo_simulation2/share/neo_simulation2/models/docking_station/materials/scripts
-- Installing: /home/keti/turtle_carto/install/neo_simulation2/share/neo_simulation2/models/docking_station/materials/scripts/door_3d.material
-- Installing: /home/keti/turtle_carto/install/neo_simulation2/share/neo_simulation2/models/docking_station/materials/scripts/door_handle.material
-- Installing: /home/keti/turtle_carto/install/neo_simulation2/share/neo_simulation2/models/docking_station/materials/textures
-- Installing: /home/keti/turtle_carto/install/neo_simulation2/share/neo_simulation2/models/docking_station/materials/textures/silver_door.jpg
-- Installing: /home/keti/turtle_carto/install/neo_simulation2/share/neo_simulation2/models/docking_station/materials/textures/door_3d.jpg
-- Installing: /home/keti/turtle_carto/install/neo_simulation2/share/neo_simulation2/models/docking_station/model.sdf
-- Installing: /home/keti/turtle_carto/install/neo_simulation2/share/neo_simulation2/models/Ar_tags_nr9
-- Installing: /home/keti/turtle_carto/install/neo_simulation2/share/neo_simulation2/models/Ar_tags_nr9/meshes
-- Installing: /home/keti/turtle_carto/install/neo_simulation2/share/neo_simulation2/models/Ar_tags_nr9/meshes/plate.blend
-- Installing: /home/keti/turtle_carto/install/neo_simulation2/share/neo_simulation2/models/Ar_tags_nr9/meshes/Ar_tag_nr9.dae
-- Installing: /home/keti/turtle_carto/install/neo_simulation2/share/neo_simulation2/models/Ar_tags_nr9/meshes/Ar_tag_nr2.dae
-- Installing: /home/keti/turtle_carto/install/neo_simulation2/share/neo_simulation2/models/Ar_tags_nr9/model.config
-- Installing: /home/keti/turtle_carto/install/neo_simulation2/share/neo_simulation2/models/Ar_tags_nr9/materials
-- Installing: /home/keti/turtle_carto/install/neo_simulation2/share/neo_simulation2/models/Ar_tags_nr9/materials/scripts
-- Installing: /home/keti/turtle_carto/install/neo_simulation2/share/neo_simulation2/models/Ar_tags_nr9/materials/scripts/ar_tag.material
-- Installing: /home/keti/turtle_carto/install/neo_simulation2/share/neo_simulation2/models/Ar_tags_nr9/materials/textures
-- Installing: /home/keti/turtle_carto/install/neo_simulation2/share/neo_simulation2/models/Ar_tags_nr9/materials/textures/qrcode1.png
-- Installing: /home/keti/turtle_carto/install/neo_simulation2/share/neo_simulation2/models/Ar_tags_nr9/materials/textures/MarkerData_10.png
-- Installing: /home/keti/turtle_carto/install/neo_simulation2/share/neo_simulation2/models/Ar_tags_nr9/materials/textures/qrcode.png
-- Installing: /home/keti/turtle_carto/install/neo_simulation2/share/neo_simulation2/models/Ar_tags_nr9/materials/textures/MarkerData_2.png
-- Installing: /home/keti/turtle_carto/install/neo_simulation2/share/neo_simulation2/models/Ar_tags_nr9/materials/textures/MarkerData_9.png
-- Installing: /home/keti/turtle_carto/install/neo_simulation2/share/neo_simulation2/models/Ar_tags_nr9/model.sdf
-- Installing: /home/keti/turtle_carto/install/neo_simulation2/share/neo_simulation2/models/aws_robomaker_warehouse_Lamp_01
-- Installing: /home/keti/turtle_carto/install/neo_simulation2/share/neo_simulation2/models/aws_robomaker_warehouse_Lamp_01/meshes
-- Installing: /home/keti/turtle_carto/install/neo_simulation2/share/neo_simulation2/models/aws_robomaker_warehouse_Lamp_01/meshes/aws_robomaker_warehouse_Lamp_01_visual.DAE
-- Installing: /home/keti/turtle_carto/install/neo_simulation2/share/neo_simulation2/models/aws_robomaker_warehouse_Lamp_01/meshes/aws_robomaker_warehouse_Lamp_01_collision.DAE
-- Installing: /home/keti/turtle_carto/install/neo_simulation2/share/neo_simulation2/models/aws_robomaker_warehouse_Lamp_01/model.config
-- Installing: /home/keti/turtle_carto/install/neo_simulation2/share/neo_simulation2/models/aws_robomaker_warehouse_Lamp_01/materials
-- Installing: /home/keti/turtle_carto/install/neo_simulation2/share/neo_simulation2/models/aws_robomaker_warehouse_Lamp_01/materials/textures
-- Installing: /home/keti/turtle_carto/install/neo_simulation2/share/neo_simulation2/models/aws_robomaker_warehouse_Lamp_01/materials/textures/aws_robomaker_warehouse_Lamp_01.png
-- Installing: /home/keti/turtle_carto/install/neo_simulation2/share/neo_simulation2/models/aws_robomaker_warehouse_Lamp_01/model.sdf
-- Installing: /home/keti/turtle_carto/install/neo_simulation2/share/neo_simulation2/models/aws_robomaker_warehouse_ShelfF_01
-- Installing: /home/keti/turtle_carto/install/neo_simulation2/share/neo_simulation2/models/aws_robomaker_warehouse_ShelfF_01/meshes
-- Installing: /home/keti/turtle_carto/install/neo_simulation2/share/neo_simulation2/models/aws_robomaker_warehouse_ShelfF_01/meshes/aws_robomaker_warehouse_ShelfF_01_visual.DAE
-- Installing: /home/keti/turtle_carto/install/neo_simulation2/share/neo_simulation2/models/aws_robomaker_warehouse_ShelfF_01/meshes/aws_robomaker_warehouse_ShelfF_01_collision.DAE
-- Installing: /home/keti/turtle_carto/install/neo_simulation2/share/neo_simulation2/models/aws_robomaker_warehouse_ShelfF_01/model.config
-- Installing: /home/keti/turtle_carto/install/neo_simulation2/share/neo_simulation2/models/aws_robomaker_warehouse_ShelfF_01/materials
-- Installing: /home/keti/turtle_carto/install/neo_simulation2/share/neo_simulation2/models/aws_robomaker_warehouse_ShelfF_01/materials/textures
-- Installing: /home/keti/turtle_carto/install/neo_simulation2/share/neo_simulation2/models/aws_robomaker_warehouse_ShelfF_01/materials/textures/aws_robomaker_warehouse_ShelfF_02.png
-- Installing: /home/keti/turtle_carto/install/neo_simulation2/share/neo_simulation2/models/aws_robomaker_warehouse_ShelfF_01/materials/textures/aws_robomaker_warehouse_ShelfF_01.png
-- Installing: /home/keti/turtle_carto/install/neo_simulation2/share/neo_simulation2/models/aws_robomaker_warehouse_ShelfF_01/materials/textures/aws_robomaker_warehouse_ShelfF_03.png
-- Installing: /home/keti/turtle_carto/install/neo_simulation2/share/neo_simulation2/models/aws_robomaker_warehouse_ShelfF_01/model.sdf
-- Installing: /home/keti/turtle_carto/install/neo_simulation2/share/neo_simulation2/models/Ar_tags_nr11
-- Installing: /home/keti/turtle_carto/install/neo_simulation2/share/neo_simulation2/models/Ar_tags_nr11/meshes
-- Installing: /home/keti/turtle_carto/install/neo_simulation2/share/neo_simulation2/models/Ar_tags_nr11/meshes/plate.blend
-- Installing: /home/keti/turtle_carto/install/neo_simulation2/share/neo_simulation2/models/Ar_tags_nr11/meshes/Ar_tag_nr11.dae
-- Installing: /home/keti/turtle_carto/install/neo_simulation2/share/neo_simulation2/models/Ar_tags_nr11/model.config
-- Installing: /home/keti/turtle_carto/install/neo_simulation2/share/neo_simulation2/models/Ar_tags_nr11/materials
-- Installing: /home/keti/turtle_carto/install/neo_simulation2/share/neo_simulation2/models/Ar_tags_nr11/materials/scripts
-- Installing: /home/keti/turtle_carto/install/neo_simulation2/share/neo_simulation2/models/Ar_tags_nr11/materials/scripts/ar_tag.material
-- Installing: /home/keti/turtle_carto/install/neo_simulation2/share/neo_simulation2/models/Ar_tags_nr11/materials/textures
-- Installing: /home/keti/turtle_carto/install/neo_simulation2/share/neo_simulation2/models/Ar_tags_nr11/materials/textures/MarkerData_11.png
-- Installing: /home/keti/turtle_carto/install/neo_simulation2/share/neo_simulation2/models/Ar_tags_nr11/model.sdf
-- Installing: /home/keti/turtle_carto/install/neo_simulation2/share/neo_simulation2/models/aws_robomaker_warehouse_PalletJackB_01
-- Installing: /home/keti/turtle_carto/install/neo_simulation2/share/neo_simulation2/models/aws_robomaker_warehouse_PalletJackB_01/.DS_Store
-- Installing: /home/keti/turtle_carto/install/neo_simulation2/share/neo_simulation2/models/aws_robomaker_warehouse_PalletJackB_01/meshes
-- Installing: /home/keti/turtle_carto/install/neo_simulation2/share/neo_simulation2/models/aws_robomaker_warehouse_PalletJackB_01/meshes/aws_robomaker_warehouse_PalletJackB_01_collision.DAE
-- Installing: /home/keti/turtle_carto/install/neo_simulation2/share/neo_simulation2/models/aws_robomaker_warehouse_PalletJackB_01/meshes/aws_robomaker_warehouse_PalletJackB_01_visual.DAE
-- Installing: /home/keti/turtle_carto/install/neo_simulation2/share/neo_simulation2/models/aws_robomaker_warehouse_PalletJackB_01/model.config
-- Installing: /home/keti/turtle_carto/install/neo_simulation2/share/neo_simulation2/models/aws_robomaker_warehouse_PalletJackB_01/materials
-- Installing: /home/keti/turtle_carto/install/neo_simulation2/share/neo_simulation2/models/aws_robomaker_warehouse_PalletJackB_01/materials/.DS_Store
-- Installing: /home/keti/turtle_carto/install/neo_simulation2/share/neo_simulation2/models/aws_robomaker_warehouse_PalletJackB_01/materials/textures
-- Installing: /home/keti/turtle_carto/install/neo_simulation2/share/neo_simulation2/models/aws_robomaker_warehouse_PalletJackB_01/materials/textures/aws_robomaker_warehouse_PalletJackB_02.png
-- Installing: /home/keti/turtle_carto/install/neo_simulation2/share/neo_simulation2/models/aws_robomaker_warehouse_PalletJackB_01/materials/textures/aws_robomaker_warehouse_PalletJackB_01.png
-- Installing: /home/keti/turtle_carto/install/neo_simulation2/share/neo_simulation2/models/aws_robomaker_warehouse_PalletJackB_01/model.sdf
-- Installing: /home/keti/turtle_carto/install/neo_simulation2/share/neo_simulation2/models/neobotix_wall_stickers
-- Installing: /home/keti/turtle_carto/install/neo_simulation2/share/neo_simulation2/models/neobotix_wall_stickers/model.config
-- Installing: /home/keti/turtle_carto/install/neo_simulation2/share/neo_simulation2/models/neobotix_wall_stickers/materials
-- Installing: /home/keti/turtle_carto/install/neo_simulation2/share/neo_simulation2/models/neobotix_wall_stickers/materials/scripts
-- Installing: /home/keti/turtle_carto/install/neo_simulation2/share/neo_simulation2/models/neobotix_wall_stickers/materials/scripts/neobotix_ground_plane.material
-- Installing: /home/keti/turtle_carto/install/neo_simulation2/share/neo_simulation2/models/neobotix_wall_stickers/materials/textures
-- Installing: /home/keti/turtle_carto/install/neo_simulation2/share/neo_simulation2/models/neobotix_wall_stickers/materials/textures/MyImage.jpg
-- Installing: /home/keti/turtle_carto/install/neo_simulation2/share/neo_simulation2/models/neobotix_wall_stickers/model.sdf
-- Installing: /home/keti/turtle_carto/install/neo_simulation2/share/neo_simulation2/models/construction_cone
-- Installing: /home/keti/turtle_carto/install/neo_simulation2/share/neo_simulation2/models/construction_cone/meshes
-- Installing: /home/keti/turtle_carto/install/neo_simulation2/share/neo_simulation2/models/construction_cone/meshes/construction_cone.dae
-- Installing: /home/keti/turtle_carto/install/neo_simulation2/share/neo_simulation2/models/construction_cone/model-1_3.sdf
-- Installing: /home/keti/turtle_carto/install/neo_simulation2/share/neo_simulation2/models/construction_cone/model.config
-- Installing: /home/keti/turtle_carto/install/neo_simulation2/share/neo_simulation2/models/construction_cone/model-1_4.sdf
-- Installing: /home/keti/turtle_carto/install/neo_simulation2/share/neo_simulation2/models/construction_cone/materials
-- Installing: /home/keti/turtle_carto/install/neo_simulation2/share/neo_simulation2/models/construction_cone/materials/textures
-- Installing: /home/keti/turtle_carto/install/neo_simulation2/share/neo_simulation2/models/construction_cone/materials/textures/Construction_Cone_Diffuse.png
-- Installing: /home/keti/turtle_carto/install/neo_simulation2/share/neo_simulation2/models/construction_cone/model.sdf
-- Installing: /home/keti/turtle_carto/install/neo_simulation2/share/neo_simulation2/models/aws_robomaker_warehouse_ClutteringC_01
-- Installing: /home/keti/turtle_carto/install/neo_simulation2/share/neo_simulation2/models/aws_robomaker_warehouse_ClutteringC_01/meshes
-- Installing: /home/keti/turtle_carto/install/neo_simulation2/share/neo_simulation2/models/aws_robomaker_warehouse_ClutteringC_01/meshes/aws_robomaker_warehouse_ClutteringC_01_collision.DAE
-- Installing: /home/keti/turtle_carto/install/neo_simulation2/share/neo_simulation2/models/aws_robomaker_warehouse_ClutteringC_01/meshes/aws_robomaker_warehouse_ClutteringC_01_visual.DAE
-- Installing: /home/keti/turtle_carto/install/neo_simulation2/share/neo_simulation2/models/aws_robomaker_warehouse_ClutteringC_01/model.config
-- Installing: /home/keti/turtle_carto/install/neo_simulation2/share/neo_simulation2/models/aws_robomaker_warehouse_ClutteringC_01/materials
-- Installing: /home/keti/turtle_carto/install/neo_simulation2/share/neo_simulation2/models/aws_robomaker_warehouse_ClutteringC_01/materials/textures
-- Installing: /home/keti/turtle_carto/install/neo_simulation2/share/neo_simulation2/models/aws_robomaker_warehouse_ClutteringC_01/materials/textures/aws_robomaker_warehouse_ClutteringC_02.png
-- Installing: /home/keti/turtle_carto/install/neo_simulation2/share/neo_simulation2/models/aws_robomaker_warehouse_ClutteringC_01/materials/textures/aws_robomaker_warehouse_ClutteringC_01.png
-- Installing: /home/keti/turtle_carto/install/neo_simulation2/share/neo_simulation2/models/aws_robomaker_warehouse_ClutteringC_01/model.sdf
-- Installing: /home/keti/turtle_carto/install/neo_simulation2/share/neo_simulation2/models/Ar_tags_nr8
-- Installing: /home/keti/turtle_carto/install/neo_simulation2/share/neo_simulation2/models/Ar_tags_nr8/meshes
-- Installing: /home/keti/turtle_carto/install/neo_simulation2/share/neo_simulation2/models/Ar_tags_nr8/meshes/plate.blend
-- Installing: /home/keti/turtle_carto/install/neo_simulation2/share/neo_simulation2/models/Ar_tags_nr8/meshes/Ar_tag_nr8.dae
-- Installing: /home/keti/turtle_carto/install/neo_simulation2/share/neo_simulation2/models/Ar_tags_nr8/model.config
-- Installing: /home/keti/turtle_carto/install/neo_simulation2/share/neo_simulation2/models/Ar_tags_nr8/materials
-- Installing: /home/keti/turtle_carto/install/neo_simulation2/share/neo_simulation2/models/Ar_tags_nr8/materials/scripts
-- Installing: /home/keti/turtle_carto/install/neo_simulation2/share/neo_simulation2/models/Ar_tags_nr8/materials/scripts/ar_tag.material
-- Installing: /home/keti/turtle_carto/install/neo_simulation2/share/neo_simulation2/models/Ar_tags_nr8/materials/textures
-- Installing: /home/keti/turtle_carto/install/neo_simulation2/share/neo_simulation2/models/Ar_tags_nr8/materials/textures/MarkerData_8.png
-- Installing: /home/keti/turtle_carto/install/neo_simulation2/share/neo_simulation2/models/Ar_tags_nr8/model.sdf
-- Installing: /home/keti/turtle_carto/install/neo_simulation2/share/neo_simulation2/models/office_env_w 1
-- Installing: /home/keti/turtle_carto/install/neo_simulation2/share/neo_simulation2/models/office_env_w 1/model.config
-- Installing: /home/keti/turtle_carto/install/neo_simulation2/share/neo_simulation2/models/office_env_w 1/materials
-- Installing: /home/keti/turtle_carto/install/neo_simulation2/share/neo_simulation2/models/office_env_w 1/materials/scripts
-- Installing: /home/keti/turtle_carto/install/neo_simulation2/share/neo_simulation2/models/office_env_w 1/materials/scripts/wall_white.material
-- Installing: /home/keti/turtle_carto/install/neo_simulation2/share/neo_simulation2/models/office_env_w 1/materials/textures
-- Installing: /home/keti/turtle_carto/install/neo_simulation2/share/neo_simulation2/models/office_env_w 1/materials/textures/wall_color_white.jpg
-- Installing: /home/keti/turtle_carto/install/neo_simulation2/share/neo_simulation2/models/office_env_w 1/model.sdf
-- Installing: /home/keti/turtle_carto/install/neo_simulation2/share/neo_simulation2/models/Ar_tags_nr12
-- Installing: /home/keti/turtle_carto/install/neo_simulation2/share/neo_simulation2/models/Ar_tags_nr12/meshes
-- Installing: /home/keti/turtle_carto/install/neo_simulation2/share/neo_simulation2/models/Ar_tags_nr12/meshes/Ar_tag_nr12.dae
-- Installing: /home/keti/turtle_carto/install/neo_simulation2/share/neo_simulation2/models/Ar_tags_nr12/meshes/plate.blend
-- Installing: /home/keti/turtle_carto/install/neo_simulation2/share/neo_simulation2/models/Ar_tags_nr12/model.config
-- Installing: /home/keti/turtle_carto/install/neo_simulation2/share/neo_simulation2/models/Ar_tags_nr12/materials
-- Installing: /home/keti/turtle_carto/install/neo_simulation2/share/neo_simulation2/models/Ar_tags_nr12/materials/scripts
-- Installing: /home/keti/turtle_carto/install/neo_simulation2/share/neo_simulation2/models/Ar_tags_nr12/materials/scripts/ar_tag.material
-- Installing: /home/keti/turtle_carto/install/neo_simulation2/share/neo_simulation2/models/Ar_tags_nr12/materials/textures
-- Installing: /home/keti/turtle_carto/install/neo_simulation2/share/neo_simulation2/models/Ar_tags_nr12/materials/textures/MarkerData_12.png
-- Installing: /home/keti/turtle_carto/install/neo_simulation2/share/neo_simulation2/models/Ar_tags_nr12/model.sdf
-- Installing: /home/keti/turtle_carto/install/neo_simulation2/share/neo_simulation2/models/Ar_tag.dae
-- Installing: /home/keti/turtle_carto/install/neo_simulation2/share/neo_simulation2/models/aws_robomaker_warehouse_DeskC_01
-- Installing: /home/keti/turtle_carto/install/neo_simulation2/share/neo_simulation2/models/aws_robomaker_warehouse_DeskC_01/meshes
-- Installing: /home/keti/turtle_carto/install/neo_simulation2/share/neo_simulation2/models/aws_robomaker_warehouse_DeskC_01/meshes/aws_robomaker_warehouse_DeskC_01_visual.DAE
-- Installing: /home/keti/turtle_carto/install/neo_simulation2/share/neo_simulation2/models/aws_robomaker_warehouse_DeskC_01/meshes/aws_robomaker_warehouse_DeskC_01_collision.DAE
-- Installing: /home/keti/turtle_carto/install/neo_simulation2/share/neo_simulation2/models/aws_robomaker_warehouse_DeskC_01/model.config
-- Installing: /home/keti/turtle_carto/install/neo_simulation2/share/neo_simulation2/models/aws_robomaker_warehouse_DeskC_01/materials
-- Installing: /home/keti/turtle_carto/install/neo_simulation2/share/neo_simulation2/models/aws_robomaker_warehouse_DeskC_01/materials/.DS_Store
-- Installing: /home/keti/turtle_carto/install/neo_simulation2/share/neo_simulation2/models/aws_robomaker_warehouse_DeskC_01/materials/textures
-- Installing: /home/keti/turtle_carto/install/neo_simulation2/share/neo_simulation2/models/aws_robomaker_warehouse_DeskC_01/materials/textures/aws_robomaker_warehouse_DeskC_02.png
-- Installing: /home/keti/turtle_carto/install/neo_simulation2/share/neo_simulation2/models/aws_robomaker_warehouse_DeskC_01/materials/textures/aws_robomaker_warehouse_DeskC_03.png
-- Installing: /home/keti/turtle_carto/install/neo_simulation2/share/neo_simulation2/models/aws_robomaker_warehouse_DeskC_01/materials/textures/aws_robomaker_warehouse_DeskC_01.png
-- Installing: /home/keti/turtle_carto/install/neo_simulation2/share/neo_simulation2/models/aws_robomaker_warehouse_DeskC_01/materials/textures/aws_robomaker_warehouse_DeskC_04.png
-- Installing: /home/keti/turtle_carto/install/neo_simulation2/share/neo_simulation2/models/aws_robomaker_warehouse_DeskC_01/materials/textures/aws_robomaker_warehouse_DeskC_03.psd
-- Installing: /home/keti/turtle_carto/install/neo_simulation2/share/neo_simulation2/models/aws_robomaker_warehouse_DeskC_01/model.sdf
-- Installing: /home/keti/turtle_carto/install/neo_simulation2/share/neo_simulation2/models/aws_robomaker_warehouse_ShelfD_01
-- Installing: /home/keti/turtle_carto/install/neo_simulation2/share/neo_simulation2/models/aws_robomaker_warehouse_ShelfD_01/meshes
-- Installing: /home/keti/turtle_carto/install/neo_simulation2/share/neo_simulation2/models/aws_robomaker_warehouse_ShelfD_01/meshes/aws_robomaker_warehouse_ShelfD_01_visual.DAE
-- Installing: /home/keti/turtle_carto/install/neo_simulation2/share/neo_simulation2/models/aws_robomaker_warehouse_ShelfD_01/meshes/aws_robomaker_warehouse_ShelfD_01_collision.DAE
-- Installing: /home/keti/turtle_carto/install/neo_simulation2/share/neo_simulation2/models/aws_robomaker_warehouse_ShelfD_01/model.config
-- Installing: /home/keti/turtle_carto/install/neo_simulation2/share/neo_simulation2/models/aws_robomaker_warehouse_ShelfD_01/materials
-- Installing: /home/keti/turtle_carto/install/neo_simulation2/share/neo_simulation2/models/aws_robomaker_warehouse_ShelfD_01/materials/textures
-- Installing: /home/keti/turtle_carto/install/neo_simulation2/share/neo_simulation2/models/aws_robomaker_warehouse_ShelfD_01/materials/textures/aws_robomaker_warehouse_ShelfD_04.png
-- Installing: /home/keti/turtle_carto/install/neo_simulation2/share/neo_simulation2/models/aws_robomaker_warehouse_ShelfD_01/materials/textures/aws_robomaker_warehouse_ShelfD_01.png
-- Installing: /home/keti/turtle_carto/install/neo_simulation2/share/neo_simulation2/models/aws_robomaker_warehouse_ShelfD_01/materials/textures/aws_robomaker_warehouse_ShelfD_03.png
-- Installing: /home/keti/turtle_carto/install/neo_simulation2/share/neo_simulation2/models/aws_robomaker_warehouse_ShelfD_01/materials/textures/aws_robomaker_warehouse_ShelfD_02.png
-- Installing: /home/keti/turtle_carto/install/neo_simulation2/share/neo_simulation2/models/aws_robomaker_warehouse_ShelfD_01/model.sdf
-- Installing: /home/keti/turtle_carto/install/neo_simulation2/share/neo_simulation2/models/office_env
-- Installing: /home/keti/turtle_carto/install/neo_simulation2/share/neo_simulation2/models/office_env/model.config
-- Installing: /home/keti/turtle_carto/install/neo_simulation2/share/neo_simulation2/models/office_env/materials
-- Installing: /home/keti/turtle_carto/install/neo_simulation2/share/neo_simulation2/models/office_env/materials/scripts
-- Installing: /home/keti/turtle_carto/install/neo_simulation2/share/neo_simulation2/models/office_env/materials/scripts/wall.material
-- Installing: /home/keti/turtle_carto/install/neo_simulation2/share/neo_simulation2/models/office_env/materials/textures
-- Installing: /home/keti/turtle_carto/install/neo_simulation2/share/neo_simulation2/models/office_env/materials/textures/wall_color.jpg
-- Installing: /home/keti/turtle_carto/install/neo_simulation2/share/neo_simulation2/models/office_env/model.sdf
-- Installing: /home/keti/turtle_carto/install/neo_simulation2/share/neo_simulation2/models/yellow_bin
-- Installing: /home/keti/turtle_carto/install/neo_simulation2/share/neo_simulation2/models/yellow_bin/meshes
-- Installing: /home/keti/turtle_carto/install/neo_simulation2/share/neo_simulation2/models/yellow_bin/meshes/green_cylinder.stl
-- Installing: /home/keti/turtle_carto/install/neo_simulation2/share/neo_simulation2/models/yellow_bin/model.config
-- Installing: /home/keti/turtle_carto/install/neo_simulation2/share/neo_simulation2/models/yellow_bin/model.sdf
-- Installing: /home/keti/turtle_carto/install/neo_simulation2/share/neo_simulation2/models/neobotix_ground_plane
-- Installing: /home/keti/turtle_carto/install/neo_simulation2/share/neo_simulation2/models/neobotix_ground_plane/model.config
-- Installing: /home/keti/turtle_carto/install/neo_simulation2/share/neo_simulation2/models/neobotix_ground_plane/materials
-- Installing: /home/keti/turtle_carto/install/neo_simulation2/share/neo_simulation2/models/neobotix_ground_plane/materials/scripts
-- Installing: /home/keti/turtle_carto/install/neo_simulation2/share/neo_simulation2/models/neobotix_ground_plane/materials/scripts/neobotix_ground_plane.material
-- Installing: /home/keti/turtle_carto/install/neo_simulation2/share/neo_simulation2/models/neobotix_ground_plane/materials/textures
-- Installing: /home/keti/turtle_carto/install/neo_simulation2/share/neo_simulation2/models/neobotix_ground_plane/materials/textures/MyImage.jpg
-- Installing: /home/keti/turtle_carto/install/neo_simulation2/share/neo_simulation2/models/neobotix_ground_plane/model.sdf
-- Installing: /home/keti/turtle_carto/install/neo_simulation2/share/neo_simulation2/models/Ar_tags_nr13
-- Installing: /home/keti/turtle_carto/install/neo_simulation2/share/neo_simulation2/models/Ar_tags_nr13/meshes
-- Installing: /home/keti/turtle_carto/install/neo_simulation2/share/neo_simulation2/models/Ar_tags_nr13/meshes/plate.blend
-- Installing: /home/keti/turtle_carto/install/neo_simulation2/share/neo_simulation2/models/Ar_tags_nr13/meshes/Ar_tag_nr13.dae
-- Installing: /home/keti/turtle_carto/install/neo_simulation2/share/neo_simulation2/models/Ar_tags_nr13/model.config
-- Installing: /home/keti/turtle_carto/install/neo_simulation2/share/neo_simulation2/models/Ar_tags_nr13/materials
-- Installing: /home/keti/turtle_carto/install/neo_simulation2/share/neo_simulation2/models/Ar_tags_nr13/materials/scripts
-- Installing: /home/keti/turtle_carto/install/neo_simulation2/share/neo_simulation2/models/Ar_tags_nr13/materials/scripts/ar_tag.material
-- Installing: /home/keti/turtle_carto/install/neo_simulation2/share/neo_simulation2/models/Ar_tags_nr13/materials/textures
-- Installing: /home/keti/turtle_carto/install/neo_simulation2/share/neo_simulation2/models/Ar_tags_nr13/materials/textures/MarkerData_13.png
-- Installing: /home/keti/turtle_carto/install/neo_simulation2/share/neo_simulation2/models/Ar_tags_nr13/model.sdf
-- Installing: /home/keti/turtle_carto/install/neo_simulation2/share/neo_simulation2/models/aws_robomaker_warehouse_GroundB_01
-- Installing: /home/keti/turtle_carto/install/neo_simulation2/share/neo_simulation2/models/aws_robomaker_warehouse_GroundB_01/meshes
-- Installing: /home/keti/turtle_carto/install/neo_simulation2/share/neo_simulation2/models/aws_robomaker_warehouse_GroundB_01/meshes/aws_robomaker_warehouse_GroundB_01_collision.DAE
-- Installing: /home/keti/turtle_carto/install/neo_simulation2/share/neo_simulation2/models/aws_robomaker_warehouse_GroundB_01/meshes/aws_robomaker_warehouse_GroundB_01_visual.DAE
-- Installing: /home/keti/turtle_carto/install/neo_simulation2/share/neo_simulation2/models/aws_robomaker_warehouse_GroundB_01/model.config
-- Installing: /home/keti/turtle_carto/install/neo_simulation2/share/neo_simulation2/models/aws_robomaker_warehouse_GroundB_01/materials
-- Installing: /home/keti/turtle_carto/install/neo_simulation2/share/neo_simulation2/models/aws_robomaker_warehouse_GroundB_01/materials/textures
-- Installing: /home/keti/turtle_carto/install/neo_simulation2/share/neo_simulation2/models/aws_robomaker_warehouse_GroundB_01/materials/textures/aws_robomaker_warehouse_GroundB_01.png
-- Installing: /home/keti/turtle_carto/install/neo_simulation2/share/neo_simulation2/models/aws_robomaker_warehouse_GroundB_01/materials/textures/aws_robomaker_warehouse_GroundB_02.png
-- Installing: /home/keti/turtle_carto/install/neo_simulation2/share/neo_simulation2/models/aws_robomaker_warehouse_GroundB_01/model.sdf
-- Installing: /home/keti/turtle_carto/install/neo_simulation2/share/neo_simulation2/models/office_env_w
-- Installing: /home/keti/turtle_carto/install/neo_simulation2/share/neo_simulation2/models/office_env_w/model.config
-- Installing: /home/keti/turtle_carto/install/neo_simulation2/share/neo_simulation2/models/office_env_w/materials
-- Installing: /home/keti/turtle_carto/install/neo_simulation2/share/neo_simulation2/models/office_env_w/materials/scripts
-- Installing: /home/keti/turtle_carto/install/neo_simulation2/share/neo_simulation2/models/office_env_w/materials/scripts/wall_white.material
-- Installing: /home/keti/turtle_carto/install/neo_simulation2/share/neo_simulation2/models/office_env_w/materials/textures
-- Installing: /home/keti/turtle_carto/install/neo_simulation2/share/neo_simulation2/models/office_env_w/materials/textures/wall_color_white.jpg
-- Installing: /home/keti/turtle_carto/install/neo_simulation2/share/neo_simulation2/models/office_env_w/model.sdf
-- Installing: /home/keti/turtle_carto/install/neo_simulation2/share/neo_simulation2/models/office_env_w 2
-- Installing: /home/keti/turtle_carto/install/neo_simulation2/share/neo_simulation2/models/office_env_w 2/model.config
-- Installing: /home/keti/turtle_carto/install/neo_simulation2/share/neo_simulation2/models/office_env_w 2/materials
-- Installing: /home/keti/turtle_carto/install/neo_simulation2/share/neo_simulation2/models/office_env_w 2/materials/scripts
-- Installing: /home/keti/turtle_carto/install/neo_simulation2/share/neo_simulation2/models/office_env_w 2/materials/scripts/wall_white.material
-- Installing: /home/keti/turtle_carto/install/neo_simulation2/share/neo_simulation2/models/office_env_w 2/materials/textures
-- Installing: /home/keti/turtle_carto/install/neo_simulation2/share/neo_simulation2/models/office_env_w 2/materials/textures/wall_color_white.jpg
-- Installing: /home/keti/turtle_carto/install/neo_simulation2/share/neo_simulation2/models/office_env_w 2/model.sdf
-- Installing: /home/keti/turtle_carto/install/neo_simulation2/share/neo_simulation2/models/drc_practice_straight
-- Installing: /home/keti/turtle_carto/install/neo_simulation2/share/neo_simulation2/models/drc_practice_straight/model.config
-- Installing: /home/keti/turtle_carto/install/neo_simulation2/share/neo_simulation2/models/drc_practice_straight/model.sdf
-- Installing: /home/keti/turtle_carto/install/neo_simulation2/share/neo_simulation2/models/office_small
-- Installing: /home/keti/turtle_carto/install/neo_simulation2/share/neo_simulation2/models/office_small/model.config
-- Installing: /home/keti/turtle_carto/install/neo_simulation2/share/neo_simulation2/models/office_small/materials
-- Installing: /home/keti/turtle_carto/install/neo_simulation2/share/neo_simulation2/models/office_small/materials/scripts
-- Installing: /home/keti/turtle_carto/install/neo_simulation2/share/neo_simulation2/models/office_small/materials/scripts/Floor.material
-- Installing: /home/keti/turtle_carto/install/neo_simulation2/share/neo_simulation2/models/office_small/materials/scripts/wall_white.material
-- Installing: /home/keti/turtle_carto/install/neo_simulation2/share/neo_simulation2/models/office_small/materials/textures
-- Installing: /home/keti/turtle_carto/install/neo_simulation2/share/neo_simulation2/models/office_small/materials/textures/cl3.jpg
-- Installing: /home/keti/turtle_carto/install/neo_simulation2/share/neo_simulation2/models/office_small/materials/textures/hd8.jpg
-- Installing: /home/keti/turtle_carto/install/neo_simulation2/share/neo_simulation2/models/office_small/materials/textures/cp6.jpg
-- Installing: /home/keti/turtle_carto/install/neo_simulation2/share/neo_simulation2/models/office_small/materials/textures/cl2.jpg
-- Installing: /home/keti/turtle_carto/install/neo_simulation2/share/neo_simulation2/models/office_small/materials/textures/cp3.jpg
-- Installing: /home/keti/turtle_carto/install/neo_simulation2/share/neo_simulation2/models/office_small/materials/textures/cp2.jpg
-- Installing: /home/keti/turtle_carto/install/neo_simulation2/share/neo_simulation2/models/office_small/materials/textures/cp9.jpg
-- Installing: /home/keti/turtle_carto/install/neo_simulation2/share/neo_simulation2/models/office_small/materials/textures/wall_color_white.jpg
-- Installing: /home/keti/turtle_carto/install/neo_simulation2/share/neo_simulation2/models/office_small/materials/textures/hd5.jpg
-- Installing: /home/keti/turtle_carto/install/neo_simulation2/share/neo_simulation2/models/office_small/materials/textures/hd3.jpg
-- Installing: /home/keti/turtle_carto/install/neo_simulation2/share/neo_simulation2/models/office_small/materials/textures/cp8.jpg
-- Installing: /home/keti/turtle_carto/install/neo_simulation2/share/neo_simulation2/models/office_small/materials/textures/hd2.gif
-- Installing: /home/keti/turtle_carto/install/neo_simulation2/share/neo_simulation2/models/office_small/materials/textures/cp11.jpg
-- Installing: /home/keti/turtle_carto/install/neo_simulation2/share/neo_simulation2/models/office_small/materials/textures/cp5.png
-- Installing: /home/keti/turtle_carto/install/neo_simulation2/share/neo_simulation2/models/office_small/materials/textures/cp12.jpg
-- Installing: /home/keti/turtle_carto/install/neo_simulation2/share/neo_simulation2/models/office_small/materials/textures/cp10.jpg
-- Installing: /home/keti/turtle_carto/install/neo_simulation2/share/neo_simulation2/models/office_small/materials/textures/cl6.jpg
-- Installing: /home/keti/turtle_carto/install/neo_simulation2/share/neo_simulation2/models/office_small/materials/textures/cl4.jpg
-- Installing: /home/keti/turtle_carto/install/neo_simulation2/share/neo_simulation2/models/office_small/materials/textures/cl1.jpg
-- Installing: /home/keti/turtle_carto/install/neo_simulation2/share/neo_simulation2/models/office_small/materials/textures/cp1.jpg
-- Installing: /home/keti/turtle_carto/install/neo_simulation2/share/neo_simulation2/models/office_small/materials/textures/cl5.jpg
-- Installing: /home/keti/turtle_carto/install/neo_simulation2/share/neo_simulation2/models/office_small/materials/textures/cp7.jpg
-- Installing: /home/keti/turtle_carto/install/neo_simulation2/share/neo_simulation2/models/office_small/materials/textures/hd6.png
-- Installing: /home/keti/turtle_carto/install/neo_simulation2/share/neo_simulation2/models/office_small/materials/textures/hd4.jpg
-- Installing: /home/keti/turtle_carto/install/neo_simulation2/share/neo_simulation2/models/office_small/materials/textures/hd7.jpg
-- Installing: /home/keti/turtle_carto/install/neo_simulation2/share/neo_simulation2/models/office_small/materials/textures/hd1.jpg
-- Installing: /home/keti/turtle_carto/install/neo_simulation2/share/neo_simulation2/models/office_small/materials/textures/cp4.jpg
-- Installing: /home/keti/turtle_carto/install/neo_simulation2/share/neo_simulation2/models/office_small/model.sdf
-- Installing: /home/keti/turtle_carto/install/neo_simulation2/share/neo_simulation2/models/Ar_tags_nr2
-- Installing: /home/keti/turtle_carto/install/neo_simulation2/share/neo_simulation2/models/Ar_tags_nr2/meshes
-- Installing: /home/keti/turtle_carto/install/neo_simulation2/share/neo_simulation2/models/Ar_tags_nr2/meshes/plate.blend
-- Installing: /home/keti/turtle_carto/install/neo_simulation2/share/neo_simulation2/models/Ar_tags_nr2/meshes/Ar_tag.dae
-- Installing: /home/keti/turtle_carto/install/neo_simulation2/share/neo_simulation2/models/Ar_tags_nr2/meshes/Ar_tag_nr2.dae
-- Installing: /home/keti/turtle_carto/install/neo_simulation2/share/neo_simulation2/models/Ar_tags_nr2/model.config
-- Installing: /home/keti/turtle_carto/install/neo_simulation2/share/neo_simulation2/models/Ar_tags_nr2/materials
-- Installing: /home/keti/turtle_carto/install/neo_simulation2/share/neo_simulation2/models/Ar_tags_nr2/materials/scripts
-- Installing: /home/keti/turtle_carto/install/neo_simulation2/share/neo_simulation2/models/Ar_tags_nr2/materials/scripts/ar_tag.material
-- Installing: /home/keti/turtle_carto/install/neo_simulation2/share/neo_simulation2/models/Ar_tags_nr2/materials/textures
-- Installing: /home/keti/turtle_carto/install/neo_simulation2/share/neo_simulation2/models/Ar_tags_nr2/materials/textures/qrcode1.png
-- Installing: /home/keti/turtle_carto/install/neo_simulation2/share/neo_simulation2/models/Ar_tags_nr2/materials/textures/MarkerData_10.png
-- Installing: /home/keti/turtle_carto/install/neo_simulation2/share/neo_simulation2/models/Ar_tags_nr2/materials/textures/qrcode.png
-- Installing: /home/keti/turtle_carto/install/neo_simulation2/share/neo_simulation2/models/Ar_tags_nr2/materials/textures/MarkerData_2.png
-- Installing: /home/keti/turtle_carto/install/neo_simulation2/share/neo_simulation2/models/Ar_tags_nr2/model.sdf
-- Installing: /home/keti/turtle_carto/install/neo_simulation2/share/neo_simulation2/models/aws_robomaker_warehouse_WallB_01
-- Installing: /home/keti/turtle_carto/install/neo_simulation2/share/neo_simulation2/models/aws_robomaker_warehouse_WallB_01/meshes
-- Installing: /home/keti/turtle_carto/install/neo_simulation2/share/neo_simulation2/models/aws_robomaker_warehouse_WallB_01/meshes/aws_robomaker_warehouse_WallB_01_visual.DAE
-- Installing: /home/keti/turtle_carto/install/neo_simulation2/share/neo_simulation2/models/aws_robomaker_warehouse_WallB_01/meshes/aws_robomaker_warehouse_WallB_01_collision.DAE
-- Installing: /home/keti/turtle_carto/install/neo_simulation2/share/neo_simulation2/models/aws_robomaker_warehouse_WallB_01/model.config
-- Installing: /home/keti/turtle_carto/install/neo_simulation2/share/neo_simulation2/models/aws_robomaker_warehouse_WallB_01/materials
-- Installing: /home/keti/turtle_carto/install/neo_simulation2/share/neo_simulation2/models/aws_robomaker_warehouse_WallB_01/materials/textures
-- Installing: /home/keti/turtle_carto/install/neo_simulation2/share/neo_simulation2/models/aws_robomaker_warehouse_WallB_01/materials/textures/aws_robomaker_warehouse_WallB_01.png
-- Installing: /home/keti/turtle_carto/install/neo_simulation2/share/neo_simulation2/models/aws_robomaker_warehouse_WallB_01/model.sdf
-- Installing: /home/keti/turtle_carto/install/neo_simulation2/share/neo_simulation2/models/aws_robomaker_warehouse_Bucket_01
-- Installing: /home/keti/turtle_carto/install/neo_simulation2/share/neo_simulation2/models/aws_robomaker_warehouse_Bucket_01/.DS_Store
-- Installing: /home/keti/turtle_carto/install/neo_simulation2/share/neo_simulation2/models/aws_robomaker_warehouse_Bucket_01/meshes
-- Installing: /home/keti/turtle_carto/install/neo_simulation2/share/neo_simulation2/models/aws_robomaker_warehouse_Bucket_01/meshes/aws_robomaker_warehouse_Bucket_01_visual.DAE
-- Installing: /home/keti/turtle_carto/install/neo_simulation2/share/neo_simulation2/models/aws_robomaker_warehouse_Bucket_01/meshes/aws_robomaker_warehouse_Bucket_01_collision.DAE
-- Installing: /home/keti/turtle_carto/install/neo_simulation2/share/neo_simulation2/models/aws_robomaker_warehouse_Bucket_01/model.config
-- Installing: /home/keti/turtle_carto/install/neo_simulation2/share/neo_simulation2/models/aws_robomaker_warehouse_Bucket_01/materials
-- Installing: /home/keti/turtle_carto/install/neo_simulation2/share/neo_simulation2/models/aws_robomaker_warehouse_Bucket_01/materials/.DS_Store
-- Installing: /home/keti/turtle_carto/install/neo_simulation2/share/neo_simulation2/models/aws_robomaker_warehouse_Bucket_01/materials/textures
-- Installing: /home/keti/turtle_carto/install/neo_simulation2/share/neo_simulation2/models/aws_robomaker_warehouse_Bucket_01/materials/textures/aws_robomaker_warehouse_Bucket_01.png
-- Installing: /home/keti/turtle_carto/install/neo_simulation2/share/neo_simulation2/models/aws_robomaker_warehouse_Bucket_01/model.sdf
-- Installing: /home/keti/turtle_carto/install/neo_simulation2/share/neo_simulation2/models/aws_robomaker_warehouse_ClutteringD_01
-- Installing: /home/keti/turtle_carto/install/neo_simulation2/share/neo_simulation2/models/aws_robomaker_warehouse_ClutteringD_01/meshes
-- Installing: /home/keti/turtle_carto/install/neo_simulation2/share/neo_simulation2/models/aws_robomaker_warehouse_ClutteringD_01/meshes/aws_robomaker_warehouse_ClutteringD_01_collision.DAE
-- Installing: /home/keti/turtle_carto/install/neo_simulation2/share/neo_simulation2/models/aws_robomaker_warehouse_ClutteringD_01/meshes/aws_robomaker_warehouse_ClutteringD_01_visual.DAE
-- Installing: /home/keti/turtle_carto/install/neo_simulation2/share/neo_simulation2/models/aws_robomaker_warehouse_ClutteringD_01/model.config
-- Installing: /home/keti/turtle_carto/install/neo_simulation2/share/neo_simulation2/models/aws_robomaker_warehouse_ClutteringD_01/materials
-- Installing: /home/keti/turtle_carto/install/neo_simulation2/share/neo_simulation2/models/aws_robomaker_warehouse_ClutteringD_01/materials/textures
-- Installing: /home/keti/turtle_carto/install/neo_simulation2/share/neo_simulation2/models/aws_robomaker_warehouse_ClutteringD_01/materials/textures/aws_robomaker_warehouse_ClutteringD_01.png
-- Installing: /home/keti/turtle_carto/install/neo_simulation2/share/neo_simulation2/models/aws_robomaker_warehouse_ClutteringD_01/materials/textures/aws_robomaker_warehouse_ClutteringD_02.png
-- Installing: /home/keti/turtle_carto/install/neo_simulation2/share/neo_simulation2/models/aws_robomaker_warehouse_ClutteringD_01/model.sdf
-- Installing: /home/keti/turtle_carto/install/neo_simulation2/share/neo_simulation2/models/aws_robomaker_warehouse_ShelfE_01
-- Installing: /home/keti/turtle_carto/install/neo_simulation2/share/neo_simulation2/models/aws_robomaker_warehouse_ShelfE_01/.DS_Store
-- Installing: /home/keti/turtle_carto/install/neo_simulation2/share/neo_simulation2/models/aws_robomaker_warehouse_ShelfE_01/meshes
-- Installing: /home/keti/turtle_carto/install/neo_simulation2/share/neo_simulation2/models/aws_robomaker_warehouse_ShelfE_01/meshes/aws_robomaker_warehouse_ShelfE_01_collision.DAE
-- Installing: /home/keti/turtle_carto/install/neo_simulation2/share/neo_simulation2/models/aws_robomaker_warehouse_ShelfE_01/meshes/aws_robomaker_warehouse_ShelfE_01_visual.DAE
-- Installing: /home/keti/turtle_carto/install/neo_simulation2/share/neo_simulation2/models/aws_robomaker_warehouse_ShelfE_01/model.config
-- Installing: /home/keti/turtle_carto/install/neo_simulation2/share/neo_simulation2/models/aws_robomaker_warehouse_ShelfE_01/materials
-- Installing: /home/keti/turtle_carto/install/neo_simulation2/share/neo_simulation2/models/aws_robomaker_warehouse_ShelfE_01/materials/.DS_Store
-- Installing: /home/keti/turtle_carto/install/neo_simulation2/share/neo_simulation2/models/aws_robomaker_warehouse_ShelfE_01/materials/textures
-- Installing: /home/keti/turtle_carto/install/neo_simulation2/share/neo_simulation2/models/aws_robomaker_warehouse_ShelfE_01/materials/textures/aws_robomaker_warehouse_ShelfE_01.png
-- Installing: /home/keti/turtle_carto/install/neo_simulation2/share/neo_simulation2/models/aws_robomaker_warehouse_ShelfE_01/materials/textures/aws_robomaker_warehouse_ShelfE_02.png
-- Installing: /home/keti/turtle_carto/install/neo_simulation2/share/neo_simulation2/models/aws_robomaker_warehouse_ShelfE_01/materials/textures/aws_robomaker_warehouse_ShelfE_04.png
-- Installing: /home/keti/turtle_carto/install/neo_simulation2/share/neo_simulation2/models/aws_robomaker_warehouse_ShelfE_01/materials/textures/aws_robomaker_warehouse_ShelfE_03.png
-- Installing: /home/keti/turtle_carto/install/neo_simulation2/share/neo_simulation2/models/aws_robomaker_warehouse_ShelfE_01/model.sdf
-- Installing: /home/keti/turtle_carto/install/neo_simulation2/share/neo_simulation2/models/Ar_tags
-- Installing: /home/keti/turtle_carto/install/neo_simulation2/share/neo_simulation2/models/Ar_tags/meshes
-- Installing: /home/keti/turtle_carto/install/neo_simulation2/share/neo_simulation2/models/Ar_tags/meshes/Ar_tag.dae
-- Installing: /home/keti/turtle_carto/install/neo_simulation2/share/neo_simulation2/models/Ar_tags/model.config
-- Installing: /home/keti/turtle_carto/install/neo_simulation2/share/neo_simulation2/models/Ar_tags/materials
-- Installing: /home/keti/turtle_carto/install/neo_simulation2/share/neo_simulation2/models/Ar_tags/materials/scripts
-- Installing: /home/keti/turtle_carto/install/neo_simulation2/share/neo_simulation2/models/Ar_tags/materials/scripts/ar_tag.material
-- Installing: /home/keti/turtle_carto/install/neo_simulation2/share/neo_simulation2/models/Ar_tags/materials/textures
-- Installing: /home/keti/turtle_carto/install/neo_simulation2/share/neo_simulation2/models/Ar_tags/materials/textures/MarkerData_2.png
-- Installing: /home/keti/turtle_carto/install/neo_simulation2/share/neo_simulation2/models/Ar_tags/model.sdf
-- Installing: /home/keti/turtle_carto/install/neo_simulation2/share/neo_simulation2/models/office_env_w_complete
-- Installing: /home/keti/turtle_carto/install/neo_simulation2/share/neo_simulation2/models/office_env_w_complete/model.config
-- Installing: /home/keti/turtle_carto/install/neo_simulation2/share/neo_simulation2/models/office_env_w_complete/materials
-- Installing: /home/keti/turtle_carto/install/neo_simulation2/share/neo_simulation2/models/office_env_w_complete/materials/scripts
-- Installing: /home/keti/turtle_carto/install/neo_simulation2/share/neo_simulation2/models/office_env_w_complete/materials/scripts/wall_white.material
-- Installing: /home/keti/turtle_carto/install/neo_simulation2/share/neo_simulation2/models/office_env_w_complete/materials/textures
-- Installing: /home/keti/turtle_carto/install/neo_simulation2/share/neo_simulation2/models/office_env_w_complete/materials/textures/wall_color_white.jpg
-- Installing: /home/keti/turtle_carto/install/neo_simulation2/share/neo_simulation2/models/office_env_w_complete/model.sdf
-- Installing: /home/keti/turtle_carto/install/neo_simulation2/share/neo_simulation2/models/door_3d
-- Installing: /home/keti/turtle_carto/install/neo_simulation2/share/neo_simulation2/models/door_3d/meshes
-- Installing: /home/keti/turtle_carto/install/neo_simulation2/share/neo_simulation2/models/door_3d/meshes/model.dae
-- Installing: /home/keti/turtle_carto/install/neo_simulation2/share/neo_simulation2/models/door_3d/meshes/door_v2_handle.dae
-- Installing: /home/keti/turtle_carto/install/neo_simulation2/share/neo_simulation2/models/door_3d/meshes/door_v2_door.dae
-- Installing: /home/keti/turtle_carto/install/neo_simulation2/share/neo_simulation2/models/door_3d/meshes/door.dae
-- Installing: /home/keti/turtle_carto/install/neo_simulation2/share/neo_simulation2/models/door_3d/meshes/door_v2.dae
-- Installing: /home/keti/turtle_carto/install/neo_simulation2/share/neo_simulation2/models/door_3d/model.config
-- Installing: /home/keti/turtle_carto/install/neo_simulation2/share/neo_simulation2/models/door_3d/materials
-- Installing: /home/keti/turtle_carto/install/neo_simulation2/share/neo_simulation2/models/door_3d/materials/scripts
-- Installing: /home/keti/turtle_carto/install/neo_simulation2/share/neo_simulation2/models/door_3d/materials/scripts/door_3d.material
-- Installing: /home/keti/turtle_carto/install/neo_simulation2/share/neo_simulation2/models/door_3d/materials/scripts/door_handle.material
-- Installing: /home/keti/turtle_carto/install/neo_simulation2/share/neo_simulation2/models/door_3d/materials/textures
-- Installing: /home/keti/turtle_carto/install/neo_simulation2/share/neo_simulation2/models/door_3d/materials/textures/silver_door.jpg
-- Installing: /home/keti/turtle_carto/install/neo_simulation2/share/neo_simulation2/models/door_3d/materials/textures/door_3d.jpg
-- Installing: /home/keti/turtle_carto/install/neo_simulation2/share/neo_simulation2/models/door_3d/model.sdf
-- Installing: /home/keti/turtle_carto/install/neo_simulation2/share/neo_simulation2/models/aws_robomaker_warehouse_RoofB_01
-- Installing: /home/keti/turtle_carto/install/neo_simulation2/share/neo_simulation2/models/aws_robomaker_warehouse_RoofB_01/meshes
-- Installing: /home/keti/turtle_carto/install/neo_simulation2/share/neo_simulation2/models/aws_robomaker_warehouse_RoofB_01/meshes/aws_robomaker_warehouse_RoofB_01_collision.DAE
-- Installing: /home/keti/turtle_carto/install/neo_simulation2/share/neo_simulation2/models/aws_robomaker_warehouse_RoofB_01/meshes/aws_robomaker_warehouse_RoofB_01_visual.DAE
-- Installing: /home/keti/turtle_carto/install/neo_simulation2/share/neo_simulation2/models/aws_robomaker_warehouse_RoofB_01/model.config
-- Installing: /home/keti/turtle_carto/install/neo_simulation2/share/neo_simulation2/models/aws_robomaker_warehouse_RoofB_01/materials
-- Installing: /home/keti/turtle_carto/install/neo_simulation2/share/neo_simulation2/models/aws_robomaker_warehouse_RoofB_01/materials/textures
-- Installing: /home/keti/turtle_carto/install/neo_simulation2/share/neo_simulation2/models/aws_robomaker_warehouse_RoofB_01/materials/textures/aws_robomaker_warehouse_RoofB_01.png
-- Installing: /home/keti/turtle_carto/install/neo_simulation2/share/neo_simulation2/models/aws_robomaker_warehouse_RoofB_01/model.sdf
-- Installing: /home/keti/turtle_carto/install/neo_simulation2/share/neo_simulation2/models/aws_robomaker_warehouse_ClutteringA_01
-- Installing: /home/keti/turtle_carto/install/neo_simulation2/share/neo_simulation2/models/aws_robomaker_warehouse_ClutteringA_01/.DS_Store
-- Installing: /home/keti/turtle_carto/install/neo_simulation2/share/neo_simulation2/models/aws_robomaker_warehouse_ClutteringA_01/meshes
-- Installing: /home/keti/turtle_carto/install/neo_simulation2/share/neo_simulation2/models/aws_robomaker_warehouse_ClutteringA_01/meshes/aws_robomaker_warehouse_ClutteringA_01_collision.DAE
-- Installing: /home/keti/turtle_carto/install/neo_simulation2/share/neo_simulation2/models/aws_robomaker_warehouse_ClutteringA_01/meshes/aws_robomaker_warehouse_ClutteringA_01_visual.DAE
-- Installing: /home/keti/turtle_carto/install/neo_simulation2/share/neo_simulation2/models/aws_robomaker_warehouse_ClutteringA_01/model.config
-- Installing: /home/keti/turtle_carto/install/neo_simulation2/share/neo_simulation2/models/aws_robomaker_warehouse_ClutteringA_01/materials
-- Installing: /home/keti/turtle_carto/install/neo_simulation2/share/neo_simulation2/models/aws_robomaker_warehouse_ClutteringA_01/materials/.DS_Store
-- Installing: /home/keti/turtle_carto/install/neo_simulation2/share/neo_simulation2/models/aws_robomaker_warehouse_ClutteringA_01/materials/textures
-- Installing: /home/keti/turtle_carto/install/neo_simulation2/share/neo_simulation2/models/aws_robomaker_warehouse_ClutteringA_01/materials/textures/.DS_Store
-- Installing: /home/keti/turtle_carto/install/neo_simulation2/share/neo_simulation2/models/aws_robomaker_warehouse_ClutteringA_01/materials/textures/aws_robomaker_warehouse_ClutteringA_03.png
-- Installing: /home/keti/turtle_carto/install/neo_simulation2/share/neo_simulation2/models/aws_robomaker_warehouse_ClutteringA_01/materials/textures/aws_robomaker_warehouse_ClutteringA_01.png
-- Installing: /home/keti/turtle_carto/install/neo_simulation2/share/neo_simulation2/models/aws_robomaker_warehouse_ClutteringA_01/materials/textures/aws_robomaker_warehouse_ClutteringA_02.png
-- Installing: /home/keti/turtle_carto/install/neo_simulation2/share/neo_simulation2/models/aws_robomaker_warehouse_ClutteringA_01/model.sdf
-- Installing: /home/keti/turtle_carto/install/neo_simulation2/share/neo_simulation2/models/aws_robomaker_warehouse_TrashCanC_01
-- Installing: /home/keti/turtle_carto/install/neo_simulation2/share/neo_simulation2/models/aws_robomaker_warehouse_TrashCanC_01/meshes
-- Installing: /home/keti/turtle_carto/install/neo_simulation2/share/neo_simulation2/models/aws_robomaker_warehouse_TrashCanC_01/meshes/aws_robomaker_warehouse_TrashCanC_01_collision.DAE
-- Installing: /home/keti/turtle_carto/install/neo_simulation2/share/neo_simulation2/models/aws_robomaker_warehouse_TrashCanC_01/meshes/aws_robomaker_warehouse_TrashCanC_01_visual.DAE
-- Installing: /home/keti/turtle_carto/install/neo_simulation2/share/neo_simulation2/models/aws_robomaker_warehouse_TrashCanC_01/model.config
-- Installing: /home/keti/turtle_carto/install/neo_simulation2/share/neo_simulation2/models/aws_robomaker_warehouse_TrashCanC_01/materials
-- Installing: /home/keti/turtle_carto/install/neo_simulation2/share/neo_simulation2/models/aws_robomaker_warehouse_TrashCanC_01/materials/textures
-- Installing: /home/keti/turtle_carto/install/neo_simulation2/share/neo_simulation2/models/aws_robomaker_warehouse_TrashCanC_01/materials/textures/aws_robomaker_warehouse_TrashCanC_01.png
-- Installing: /home/keti/turtle_carto/install/neo_simulation2/share/neo_simulation2/models/aws_robomaker_warehouse_TrashCanC_01/model.sdf
-- Installing: /home/keti/turtle_carto/install/neo_simulation2/share/neo_simulation2/models/window
-- Installing: /home/keti/turtle_carto/install/neo_simulation2/share/neo_simulation2/models/window/model.config
-- Installing: /home/keti/turtle_carto/install/neo_simulation2/share/neo_simulation2/models/window/model.sdf
-- Installing: /home/keti/turtle_carto/install/neo_simulation2/share/neo_simulation2/models/door
-- Installing: /home/keti/turtle_carto/install/neo_simulation2/share/neo_simulation2/models/door/model.config
-- Installing: /home/keti/turtle_carto/install/neo_simulation2/share/neo_simulation2/models/door/materials
-- Installing: /home/keti/turtle_carto/install/neo_simulation2/share/neo_simulation2/models/door/materials/scripts
-- Installing: /home/keti/turtle_carto/install/neo_simulation2/share/neo_simulation2/models/door/materials/scripts/door.material
-- Installing: /home/keti/turtle_carto/install/neo_simulation2/share/neo_simulation2/models/door/materials/textures
-- Installing: /home/keti/turtle_carto/install/neo_simulation2/share/neo_simulation2/models/door/materials/textures/door.jpg
-- Installing: /home/keti/turtle_carto/install/neo_simulation2/share/neo_simulation2/models/door/model.sdf
-- Installing: /home/keti/turtle_carto/install/neo_simulation2/share/ament_index/resource_index/package_run_dependencies/neo_simulation2
-- Installing: /home/keti/turtle_carto/install/neo_simulation2/share/ament_index/resource_index/parent_prefix_path/neo_simulation2
-- Installing: /home/keti/turtle_carto/install/neo_simulation2/share/neo_simulation2/environment/ament_prefix_path.sh
-- Installing: /home/keti/turtle_carto/install/neo_simulation2/share/neo_simulation2/environment/ament_prefix_path.dsv
-- Installing: /home/keti/turtle_carto/install/neo_simulation2/share/neo_simulation2/environment/path.sh
-- Installing: /home/keti/turtle_carto/install/neo_simulation2/share/neo_simulation2/environment/path.dsv
-- Installing: /home/keti/turtle_carto/install/neo_simulation2/share/neo_simulation2/local_setup.bash
-- Installing: /home/keti/turtle_carto/install/neo_simulation2/share/neo_simulation2/local_setup.sh
-- Installing: /home/keti/turtle_carto/install/neo_simulation2/share/neo_simulation2/local_setup.zsh
-- Installing: /home/keti/turtle_carto/install/neo_simulation2/share/neo_simulation2/local_setup.dsv
-- Installing: /home/keti/turtle_carto/install/neo_simulation2/share/neo_simulation2/package.dsv
-- Installing: /home/keti/turtle_carto/install/neo_simulation2/share/ament_index/resource_index/packages/neo_simulation2
-- Installing: /home/keti/turtle_carto/install/neo_simulation2/share/neo_simulation2/cmake/neo_simulation2Config.cmake
-- Installing: /home/keti/turtle_carto/install/neo_simulation2/share/neo_simulation2/cmake/neo_simulation2Config-version.cmake
-- Installing: /home/keti/turtle_carto/install/neo_simulation2/share/neo_simulation2/package.xml
