[0.252s] Invoking command in '/home/keti/turtle_carto/build/neo_simulation2': CMAKE_PREFIX_PATH=/opt/ros/foxy /usr/bin/cmake /home/keti/turtle_carto/src/neobotix/neo_simulation2 -DCMAKE_INSTALL_PREFIX=/home/keti/turtle_carto/install/neo_simulation2
[0.284s] -- The C compiler identification is GNU 9.4.0
[0.316s] -- The CXX compiler identification is GNU 9.4.0
[0.316s] -- Check for working C compiler: /usr/bin/cc
[0.350s] -- Check for working C compiler: /usr/bin/cc -- works
[0.350s] -- Detecting C compiler ABI info
[0.392s] -- Detecting C compiler ABI info - done
[0.393s] -- Detecting C compile features
[0.393s] -- Detecting C compile features - done
[0.393s] -- Check for working CXX compiler: /usr/bin/c++
[0.429s] -- Check for working CXX compiler: /usr/bin/c++ -- works
[0.430s] -- Detecting CXX compiler ABI info
[0.471s] -- Detecting CXX compiler ABI info - done
[0.474s] -- Detecting CXX compile features
[0.475s] -- Detecting CXX compile features - done
[0.478s] -- Found ament_cmake: 0.9.11 (/opt/ros/foxy/share/ament_cmake/cmake)
[0.488s] -- Found PythonInterp: /usr/bin/python3 (found suitable version "3.8.10", minimum required is "3") 
[0.488s] -- Using PYTHON_EXECUTABLE: /usr/bin/python3
[0.584s] -- Found nav2_bringup: 0.4.7 (/opt/ros/foxy/share/nav2_bringup/cmake)
[0.585s] -- Found navigation2: 0.4.7 (/opt/ros/foxy/share/navigation2/cmake)
[0.613s] -- Configuring done
[0.614s] -- Generating done
[0.614s] -- Build files have been written to: /home/keti/turtle_carto/build/neo_simulation2
[0.666s] Invoked command in '/home/keti/turtle_carto/build/neo_simulation2' returned '0': CMAKE_PREFIX_PATH=/opt/ros/foxy /usr/bin/cmake /home/keti/turtle_carto/src/neobotix/neo_simulation2 -DCMAKE_INSTALL_PREFIX=/home/keti/turtle_carto/install/neo_simulation2
[0.666s] Invoking command in '/home/keti/turtle_carto/build/neo_simulation2': CMAKE_PREFIX_PATH=/opt/ros/foxy /usr/bin/cmake --build /home/keti/turtle_carto/build/neo_simulation2 -- -j24 -l24
[0.887s] Invoked command in '/home/keti/turtle_carto/build/neo_simulation2' returned '0': CMAKE_PREFIX_PATH=/opt/ros/foxy /usr/bin/cmake --build /home/keti/turtle_carto/build/neo_simulation2 -- -j24 -l24
[0.910s] Invoking command in '/home/keti/turtle_carto/build/neo_simulation2': CMAKE_PREFIX_PATH=/opt/ros/foxy /usr/bin/cmake --install /home/keti/turtle_carto/build/neo_simulation2
[0.914s] -- Install configuration: ""
[0.914s] -- Installing: /home/keti/turtle_carto/install/neo_simulation2/share/neo_simulation2/launch
[0.915s] -- Installing: /home/keti/turtle_carto/install/neo_simulation2/share/neo_simulation2/launch/mapping.launch.py
[0.915s] -- Installing: /home/keti/turtle_carto/install/neo_simulation2/share/neo_simulation2/launch/navigation.launch.py
[0.915s] -- Installing: /home/keti/turtle_carto/install/neo_simulation2/share/neo_simulation2/launch/simulation.launch.py
[0.915s] -- Installing: /home/keti/turtle_carto/install/neo_simulation2/share/neo_simulation2/configs
[0.916s] -- Installing: /home/keti/turtle_carto/install/neo_simulation2/share/neo_simulation2/configs/mp_500
[0.916s] -- Installing: /home/keti/turtle_carto/install/neo_simulation2/share/neo_simulation2/configs/mp_500/navigation.yaml
[0.916s] -- Installing: /home/keti/turtle_carto/install/neo_simulation2/share/neo_simulation2/configs/mp_500/mapping.yaml
[0.917s] -- Installing: /home/keti/turtle_carto/install/neo_simulation2/share/neo_simulation2/configs/mpo_500
[0.917s] -- Installing: /home/keti/turtle_carto/install/neo_simulation2/share/neo_simulation2/configs/mpo_500/navigation.yaml
[0.917s] -- Installing: /home/keti/turtle_carto/install/neo_simulation2/share/neo_simulation2/configs/mpo_500/mapping.yaml
[0.917s] -- Installing: /home/keti/turtle_carto/install/neo_simulation2/share/neo_simulation2/configs/mpo_700
[0.918s] -- Installing: /home/keti/turtle_carto/install/neo_simulation2/share/neo_simulation2/configs/mpo_700/navigation.yaml
[0.918s] -- Installing: /home/keti/turtle_carto/install/neo_simulation2/share/neo_simulation2/configs/mpo_700/mapping.yaml
[0.918s] -- Installing: /home/keti/turtle_carto/install/neo_simulation2/share/neo_simulation2/configs/mp_400
[0.918s] -- Installing: /home/keti/turtle_carto/install/neo_simulation2/share/neo_simulation2/configs/mp_400/navigation.yaml
[0.919s] -- Installing: /home/keti/turtle_carto/install/neo_simulation2/share/neo_simulation2/configs/mp_400/mapping.yaml
[0.919s] -- Installing: /home/keti/turtle_carto/install/neo_simulation2/share/neo_simulation2/maps
[0.919s] -- Installing: /home/keti/turtle_carto/install/neo_simulation2/share/neo_simulation2/maps/neo_workshop.yaml
[0.919s] -- Installing: /home/keti/turtle_carto/install/neo_simulation2/share/neo_simulation2/maps/neo_workshop.pgm
[0.931s] -- Installing: /home/keti/turtle_carto/install/neo_simulation2/share/neo_simulation2/maps/aws.pgm
[0.932s] -- Installing: /home/keti/turtle_carto/install/neo_simulation2/share/neo_simulation2/maps/neo_track1.pgm
[0.943s] -- Installing: /home/keti/turtle_carto/install/neo_simulation2/share/neo_simulation2/maps/neo_track1.yaml
[0.943s] -- Installing: /home/keti/turtle_carto/install/neo_simulation2/share/neo_simulation2/maps/aws.yaml
[0.945s] -- Installing: /home/keti/turtle_carto/install/neo_simulation2/share/neo_simulation2/worlds
[0.945s] -- Installing: /home/keti/turtle_carto/install/neo_simulation2/share/neo_simulation2/worlds/aws.world
[0.945s] -- Installing: /home/keti/turtle_carto/install/neo_simulation2/share/neo_simulation2/worlds/neo_track1.world
[0.945s] -- Installing: /home/keti/turtle_carto/install/neo_simulation2/share/neo_simulation2/worlds/neo_workshop.world
[0.947s] -- Installing: /home/keti/turtle_carto/install/neo_simulation2/share/neo_simulation2/worlds/neo_track2.world
[0.951s] -- Installing: /home/keti/turtle_carto/install/neo_simulation2/share/neo_simulation2/robots
[0.951s] -- Installing: /home/keti/turtle_carto/install/neo_simulation2/share/neo_simulation2/robots/mp_500
[0.951s] -- Installing: /home/keti/turtle_carto/install/neo_simulation2/share/neo_simulation2/robots/mp_500/mp_500.urdf
[0.951s] -- Installing: /home/keti/turtle_carto/install/neo_simulation2/share/neo_simulation2/robots/mp_500/meshes
[0.951s] -- Installing: /home/keti/turtle_carto/install/neo_simulation2/share/neo_simulation2/robots/mp_500/meshes/MP-500-WHEEL-LEFT.dae
[0.951s] -- Installing: /home/keti/turtle_carto/install/neo_simulation2/share/neo_simulation2/robots/mp_500/meshes/d435.dae
[0.961s] -- Installing: /home/keti/turtle_carto/install/neo_simulation2/share/neo_simulation2/robots/mp_500/meshes/MP-500-WHEEL-RIGHT.dae
[0.963s] -- Installing: /home/keti/turtle_carto/install/neo_simulation2/share/neo_simulation2/robots/mp_500/meshes/MP-500-BODY.dae
[0.963s] -- Installing: /home/keti/turtle_carto/install/neo_simulation2/share/neo_simulation2/robots/mp_500/meshes/MP-500-WHEEL.dae
[0.963s] -- Installing: /home/keti/turtle_carto/install/neo_simulation2/share/neo_simulation2/robots/mpo_500
[0.963s] -- Installing: /home/keti/turtle_carto/install/neo_simulation2/share/neo_simulation2/robots/mpo_500/mpo_500.urdf
[0.963s] -- Installing: /home/keti/turtle_carto/install/neo_simulation2/share/neo_simulation2/robots/mpo_500/meshes
[0.963s] -- Installing: /home/keti/turtle_carto/install/neo_simulation2/share/neo_simulation2/robots/mpo_500/meshes/MPO-500-BODY.dae
[0.966s] -- Installing: /home/keti/turtle_carto/install/neo_simulation2/share/neo_simulation2/robots/mpo_500/meshes/MPO-500-WHEEL.dae
[0.973s] -- Installing: /home/keti/turtle_carto/install/neo_simulation2/share/neo_simulation2/robots/mpo_700
[0.973s] -- Installing: /home/keti/turtle_carto/install/neo_simulation2/share/neo_simulation2/robots/mpo_700/mpo_700.urdf
[0.973s] -- Installing: /home/keti/turtle_carto/install/neo_simulation2/share/neo_simulation2/robots/mpo_700/meshes
[0.973s] -- Installing: /home/keti/turtle_carto/install/neo_simulation2/share/neo_simulation2/robots/mpo_700/meshes/MPO-700-WHEEL.dae
[0.974s] -- Installing: /home/keti/turtle_carto/install/neo_simulation2/share/neo_simulation2/robots/mpo_700/meshes/MPO-700-caster.dae
[0.976s] -- Installing: /home/keti/turtle_carto/install/neo_simulation2/share/neo_simulation2/robots/mpo_700/meshes/MPO-700-BODY.dae
[0.976s] -- Installing: /home/keti/turtle_carto/install/neo_simulation2/share/neo_simulation2/robots/mpo_700/meshes/MPO-700-charge-port.dae
[0.977s] -- Installing: /home/keti/turtle_carto/install/neo_simulation2/share/neo_simulation2/robots/mpo_700/meshes/MPO-700-HEAD.dae
[0.977s] -- Installing: /home/keti/turtle_carto/install/neo_simulation2/share/neo_simulation2/robots/mp_400
[0.977s] -- Installing: /home/keti/turtle_carto/install/neo_simulation2/share/neo_simulation2/robots/mp_400/mp_400.urdf
[0.978s] -- Installing: /home/keti/turtle_carto/install/neo_simulation2/share/neo_simulation2/robots/mp_400/meshes
[0.978s] -- Installing: /home/keti/turtle_carto/install/neo_simulation2/share/neo_simulation2/robots/mp_400/meshes/MP-400-BODY.dae
[0.979s] -- Installing: /home/keti/turtle_carto/install/neo_simulation2/share/neo_simulation2/robots/mp_400/meshes/MP-400-CASTER-WHEEL.dae
[0.980s] -- Installing: /home/keti/turtle_carto/install/neo_simulation2/share/neo_simulation2/robots/mp_400/meshes/MP-400-FIXED-WHEEL-RIGHT.dae
[0.982s] -- Installing: /home/keti/turtle_carto/install/neo_simulation2/share/neo_simulation2/robots/mp_400/meshes/MP-400-FIXED-WHEEL-LEFT.dae
[0.982s] -- Installing: /home/keti/turtle_carto/install/neo_simulation2/share/neo_simulation2/components
[0.982s] -- Installing: /home/keti/turtle_carto/install/neo_simulation2/share/neo_simulation2/components/sensors
[0.983s] -- Installing: /home/keti/turtle_carto/install/neo_simulation2/share/neo_simulation2/components/sensors/d435.dae
[0.994s] -- Installing: /home/keti/turtle_carto/install/neo_simulation2/share/neo_simulation2/components/sensors/SICK-MICROSCAN3.dae
[0.997s] -- Installing: /home/keti/turtle_carto/install/neo_simulation2/share/neo_simulation2/components/sensors/SICK-S300.dae
[0.998s] -- Installing: /home/keti/turtle_carto/install/neo_simulation2/share/neo_simulation2/models
[0.998s] -- Installing: /home/keti/turtle_carto/install/neo_simulation2/share/neo_simulation2/models/docking_station
[0.998s] -- Installing: /home/keti/turtle_carto/install/neo_simulation2/share/neo_simulation2/models/docking_station/meshes
[0.998s] -- Installing: /home/keti/turtle_carto/install/neo_simulation2/share/neo_simulation2/models/docking_station/meshes/d1.stl
[1.000s] -- Installing: /home/keti/turtle_carto/install/neo_simulation2/share/neo_simulation2/models/docking_station/meshes/d1_back1.dae
[1.000s] -- Installing: /home/keti/turtle_carto/install/neo_simulation2/share/neo_simulation2/models/docking_station/meshes/d1.dae
[1.000s] -- Installing: /home/keti/turtle_carto/install/neo_simulation2/share/neo_simulation2/models/docking_station/model.config
[1.000s] -- Installing: /home/keti/turtle_carto/install/neo_simulation2/share/neo_simulation2/models/docking_station/materials
[1.000s] -- Installing: /home/keti/turtle_carto/install/neo_simulation2/share/neo_simulation2/models/docking_station/materials/scripts
[1.000s] -- Installing: /home/keti/turtle_carto/install/neo_simulation2/share/neo_simulation2/models/docking_station/materials/scripts/door_3d.material
[1.000s] -- Installing: /home/keti/turtle_carto/install/neo_simulation2/share/neo_simulation2/models/docking_station/materials/scripts/door_handle.material
[1.000s] -- Installing: /home/keti/turtle_carto/install/neo_simulation2/share/neo_simulation2/models/docking_station/materials/textures
[1.000s] -- Installing: /home/keti/turtle_carto/install/neo_simulation2/share/neo_simulation2/models/docking_station/materials/textures/silver_door.jpg
[1.000s] -- Installing: /home/keti/turtle_carto/install/neo_simulation2/share/neo_simulation2/models/docking_station/materials/textures/door_3d.jpg
[1.001s] -- Installing: /home/keti/turtle_carto/install/neo_simulation2/share/neo_simulation2/models/docking_station/model.sdf
[1.001s] -- Installing: /home/keti/turtle_carto/install/neo_simulation2/share/neo_simulation2/models/Ar_tags_nr9
[1.001s] -- Installing: /home/keti/turtle_carto/install/neo_simulation2/share/neo_simulation2/models/Ar_tags_nr9/meshes
[1.001s] -- Installing: /home/keti/turtle_carto/install/neo_simulation2/share/neo_simulation2/models/Ar_tags_nr9/meshes/plate.blend
[1.001s] -- Installing: /home/keti/turtle_carto/install/neo_simulation2/share/neo_simulation2/models/Ar_tags_nr9/meshes/Ar_tag_nr9.dae
[1.001s] -- Installing: /home/keti/turtle_carto/install/neo_simulation2/share/neo_simulation2/models/Ar_tags_nr9/meshes/Ar_tag_nr2.dae
[1.001s] -- Installing: /home/keti/turtle_carto/install/neo_simulation2/share/neo_simulation2/models/Ar_tags_nr9/model.config
[1.001s] -- Installing: /home/keti/turtle_carto/install/neo_simulation2/share/neo_simulation2/models/Ar_tags_nr9/materials
[1.001s] -- Installing: /home/keti/turtle_carto/install/neo_simulation2/share/neo_simulation2/models/Ar_tags_nr9/materials/scripts
[1.001s] -- Installing: /home/keti/turtle_carto/install/neo_simulation2/share/neo_simulation2/models/Ar_tags_nr9/materials/scripts/ar_tag.material
[1.001s] -- Installing: /home/keti/turtle_carto/install/neo_simulation2/share/neo_simulation2/models/Ar_tags_nr9/materials/textures
[1.001s] -- Installing: /home/keti/turtle_carto/install/neo_simulation2/share/neo_simulation2/models/Ar_tags_nr9/materials/textures/qrcode1.png
[1.001s] -- Installing: /home/keti/turtle_carto/install/neo_simulation2/share/neo_simulation2/models/Ar_tags_nr9/materials/textures/MarkerData_10.png
[1.001s] -- Installing: /home/keti/turtle_carto/install/neo_simulation2/share/neo_simulation2/models/Ar_tags_nr9/materials/textures/qrcode.png
[1.001s] -- Installing: /home/keti/turtle_carto/install/neo_simulation2/share/neo_simulation2/models/Ar_tags_nr9/materials/textures/MarkerData_2.png
[1.003s] -- Installing: /home/keti/turtle_carto/install/neo_simulation2/share/neo_simulation2/models/Ar_tags_nr9/materials/textures/MarkerData_9.png
[1.003s] -- Installing: /home/keti/turtle_carto/install/neo_simulation2/share/neo_simulation2/models/Ar_tags_nr9/model.sdf
[1.003s] -- Installing: /home/keti/turtle_carto/install/neo_simulation2/share/neo_simulation2/models/aws_robomaker_warehouse_Lamp_01
[1.003s] -- Installing: /home/keti/turtle_carto/install/neo_simulation2/share/neo_simulation2/models/aws_robomaker_warehouse_Lamp_01/meshes
[1.003s] -- Installing: /home/keti/turtle_carto/install/neo_simulation2/share/neo_simulation2/models/aws_robomaker_warehouse_Lamp_01/meshes/aws_robomaker_warehouse_Lamp_01_visual.DAE
[1.003s] -- Installing: /home/keti/turtle_carto/install/neo_simulation2/share/neo_simulation2/models/aws_robomaker_warehouse_Lamp_01/meshes/aws_robomaker_warehouse_Lamp_01_collision.DAE
[1.003s] -- Installing: /home/keti/turtle_carto/install/neo_simulation2/share/neo_simulation2/models/aws_robomaker_warehouse_Lamp_01/model.config
[1.003s] -- Installing: /home/keti/turtle_carto/install/neo_simulation2/share/neo_simulation2/models/aws_robomaker_warehouse_Lamp_01/materials
[1.003s] -- Installing: /home/keti/turtle_carto/install/neo_simulation2/share/neo_simulation2/models/aws_robomaker_warehouse_Lamp_01/materials/textures
[1.003s] -- Installing: /home/keti/turtle_carto/install/neo_simulation2/share/neo_simulation2/models/aws_robomaker_warehouse_Lamp_01/materials/textures/aws_robomaker_warehouse_Lamp_01.png
[1.003s] -- Installing: /home/keti/turtle_carto/install/neo_simulation2/share/neo_simulation2/models/aws_robomaker_warehouse_Lamp_01/model.sdf
[1.003s] -- Installing: /home/keti/turtle_carto/install/neo_simulation2/share/neo_simulation2/models/aws_robomaker_warehouse_ShelfF_01
[1.003s] -- Installing: /home/keti/turtle_carto/install/neo_simulation2/share/neo_simulation2/models/aws_robomaker_warehouse_ShelfF_01/meshes
[1.003s] -- Installing: /home/keti/turtle_carto/install/neo_simulation2/share/neo_simulation2/models/aws_robomaker_warehouse_ShelfF_01/meshes/aws_robomaker_warehouse_ShelfF_01_visual.DAE
[1.003s] -- Installing: /home/keti/turtle_carto/install/neo_simulation2/share/neo_simulation2/models/aws_robomaker_warehouse_ShelfF_01/meshes/aws_robomaker_warehouse_ShelfF_01_collision.DAE
[1.003s] -- Installing: /home/keti/turtle_carto/install/neo_simulation2/share/neo_simulation2/models/aws_robomaker_warehouse_ShelfF_01/model.config
[1.004s] -- Installing: /home/keti/turtle_carto/install/neo_simulation2/share/neo_simulation2/models/aws_robomaker_warehouse_ShelfF_01/materials
[1.004s] -- Installing: /home/keti/turtle_carto/install/neo_simulation2/share/neo_simulation2/models/aws_robomaker_warehouse_ShelfF_01/materials/textures
[1.004s] -- Installing: /home/keti/turtle_carto/install/neo_simulation2/share/neo_simulation2/models/aws_robomaker_warehouse_ShelfF_01/materials/textures/aws_robomaker_warehouse_ShelfF_02.png
[1.004s] -- Installing: /home/keti/turtle_carto/install/neo_simulation2/share/neo_simulation2/models/aws_robomaker_warehouse_ShelfF_01/materials/textures/aws_robomaker_warehouse_ShelfF_01.png
[1.004s] -- Installing: /home/keti/turtle_carto/install/neo_simulation2/share/neo_simulation2/models/aws_robomaker_warehouse_ShelfF_01/materials/textures/aws_robomaker_warehouse_ShelfF_03.png
[1.004s] -- Installing: /home/keti/turtle_carto/install/neo_simulation2/share/neo_simulation2/models/aws_robomaker_warehouse_ShelfF_01/model.sdf
[1.006s] -- Installing: /home/keti/turtle_carto/install/neo_simulation2/share/neo_simulation2/models/Ar_tags_nr11
[1.006s] -- Installing: /home/keti/turtle_carto/install/neo_simulation2/share/neo_simulation2/models/Ar_tags_nr11/meshes
[1.006s] -- Installing: /home/keti/turtle_carto/install/neo_simulation2/share/neo_simulation2/models/Ar_tags_nr11/meshes/plate.blend
[1.006s] -- Installing: /home/keti/turtle_carto/install/neo_simulation2/share/neo_simulation2/models/Ar_tags_nr11/meshes/Ar_tag_nr11.dae
[1.006s] -- Installing: /home/keti/turtle_carto/install/neo_simulation2/share/neo_simulation2/models/Ar_tags_nr11/model.config
[1.006s] -- Installing: /home/keti/turtle_carto/install/neo_simulation2/share/neo_simulation2/models/Ar_tags_nr11/materials
[1.006s] -- Installing: /home/keti/turtle_carto/install/neo_simulation2/share/neo_simulation2/models/Ar_tags_nr11/materials/scripts
[1.006s] -- Installing: /home/keti/turtle_carto/install/neo_simulation2/share/neo_simulation2/models/Ar_tags_nr11/materials/scripts/ar_tag.material
[1.006s] -- Installing: /home/keti/turtle_carto/install/neo_simulation2/share/neo_simulation2/models/Ar_tags_nr11/materials/textures
[1.006s] -- Installing: /home/keti/turtle_carto/install/neo_simulation2/share/neo_simulation2/models/Ar_tags_nr11/materials/textures/MarkerData_11.png
[1.007s] -- Installing: /home/keti/turtle_carto/install/neo_simulation2/share/neo_simulation2/models/Ar_tags_nr11/model.sdf
[1.007s] -- Installing: /home/keti/turtle_carto/install/neo_simulation2/share/neo_simulation2/models/aws_robomaker_warehouse_PalletJackB_01
[1.007s] -- Installing: /home/keti/turtle_carto/install/neo_simulation2/share/neo_simulation2/models/aws_robomaker_warehouse_PalletJackB_01/.DS_Store
[1.007s] -- Installing: /home/keti/turtle_carto/install/neo_simulation2/share/neo_simulation2/models/aws_robomaker_warehouse_PalletJackB_01/meshes
[1.007s] -- Installing: /home/keti/turtle_carto/install/neo_simulation2/share/neo_simulation2/models/aws_robomaker_warehouse_PalletJackB_01/meshes/aws_robomaker_warehouse_PalletJackB_01_collision.DAE
[1.007s] -- Installing: /home/keti/turtle_carto/install/neo_simulation2/share/neo_simulation2/models/aws_robomaker_warehouse_PalletJackB_01/meshes/aws_robomaker_warehouse_PalletJackB_01_visual.DAE
[1.007s] -- Installing: /home/keti/turtle_carto/install/neo_simulation2/share/neo_simulation2/models/aws_robomaker_warehouse_PalletJackB_01/model.config
[1.007s] -- Installing: /home/keti/turtle_carto/install/neo_simulation2/share/neo_simulation2/models/aws_robomaker_warehouse_PalletJackB_01/materials
[1.007s] -- Installing: /home/keti/turtle_carto/install/neo_simulation2/share/neo_simulation2/models/aws_robomaker_warehouse_PalletJackB_01/materials/.DS_Store
[1.007s] -- Installing: /home/keti/turtle_carto/install/neo_simulation2/share/neo_simulation2/models/aws_robomaker_warehouse_PalletJackB_01/materials/textures
[1.007s] -- Installing: /home/keti/turtle_carto/install/neo_simulation2/share/neo_simulation2/models/aws_robomaker_warehouse_PalletJackB_01/materials/textures/aws_robomaker_warehouse_PalletJackB_02.png
[1.008s] -- Installing: /home/keti/turtle_carto/install/neo_simulation2/share/neo_simulation2/models/aws_robomaker_warehouse_PalletJackB_01/materials/textures/aws_robomaker_warehouse_PalletJackB_01.png
[1.008s] -- Installing: /home/keti/turtle_carto/install/neo_simulation2/share/neo_simulation2/models/aws_robomaker_warehouse_PalletJackB_01/model.sdf
[1.008s] -- Installing: /home/keti/turtle_carto/install/neo_simulation2/share/neo_simulation2/models/neobotix_wall_stickers
[1.008s] -- Installing: /home/keti/turtle_carto/install/neo_simulation2/share/neo_simulation2/models/neobotix_wall_stickers/model.config
[1.009s] -- Installing: /home/keti/turtle_carto/install/neo_simulation2/share/neo_simulation2/models/neobotix_wall_stickers/materials
[1.009s] -- Installing: /home/keti/turtle_carto/install/neo_simulation2/share/neo_simulation2/models/neobotix_wall_stickers/materials/scripts
[1.009s] -- Installing: /home/keti/turtle_carto/install/neo_simulation2/share/neo_simulation2/models/neobotix_wall_stickers/materials/scripts/neobotix_ground_plane.material
[1.010s] -- Installing: /home/keti/turtle_carto/install/neo_simulation2/share/neo_simulation2/models/neobotix_wall_stickers/materials/textures
[1.010s] -- Installing: /home/keti/turtle_carto/install/neo_simulation2/share/neo_simulation2/models/neobotix_wall_stickers/materials/textures/MyImage.jpg
[1.010s] -- Installing: /home/keti/turtle_carto/install/neo_simulation2/share/neo_simulation2/models/neobotix_wall_stickers/model.sdf
[1.010s] -- Installing: /home/keti/turtle_carto/install/neo_simulation2/share/neo_simulation2/models/construction_cone
[1.010s] -- Installing: /home/keti/turtle_carto/install/neo_simulation2/share/neo_simulation2/models/construction_cone/meshes
[1.010s] -- Installing: /home/keti/turtle_carto/install/neo_simulation2/share/neo_simulation2/models/construction_cone/meshes/construction_cone.dae
[1.010s] -- Installing: /home/keti/turtle_carto/install/neo_simulation2/share/neo_simulation2/models/construction_cone/model-1_3.sdf
[1.010s] -- Installing: /home/keti/turtle_carto/install/neo_simulation2/share/neo_simulation2/models/construction_cone/model.config
[1.010s] -- Installing: /home/keti/turtle_carto/install/neo_simulation2/share/neo_simulation2/models/construction_cone/model-1_4.sdf
[1.010s] -- Installing: /home/keti/turtle_carto/install/neo_simulation2/share/neo_simulation2/models/construction_cone/materials
[1.010s] -- Installing: /home/keti/turtle_carto/install/neo_simulation2/share/neo_simulation2/models/construction_cone/materials/textures
[1.010s] -- Installing: /home/keti/turtle_carto/install/neo_simulation2/share/neo_simulation2/models/construction_cone/materials/textures/Construction_Cone_Diffuse.png
[1.011s] -- Installing: /home/keti/turtle_carto/install/neo_simulation2/share/neo_simulation2/models/construction_cone/model.sdf
[1.011s] -- Installing: /home/keti/turtle_carto/install/neo_simulation2/share/neo_simulation2/models/aws_robomaker_warehouse_ClutteringC_01
[1.011s] -- Installing: /home/keti/turtle_carto/install/neo_simulation2/share/neo_simulation2/models/aws_robomaker_warehouse_ClutteringC_01/meshes
[1.011s] -- Installing: /home/keti/turtle_carto/install/neo_simulation2/share/neo_simulation2/models/aws_robomaker_warehouse_ClutteringC_01/meshes/aws_robomaker_warehouse_ClutteringC_01_collision.DAE
[1.011s] -- Installing: /home/keti/turtle_carto/install/neo_simulation2/share/neo_simulation2/models/aws_robomaker_warehouse_ClutteringC_01/meshes/aws_robomaker_warehouse_ClutteringC_01_visual.DAE
[1.011s] -- Installing: /home/keti/turtle_carto/install/neo_simulation2/share/neo_simulation2/models/aws_robomaker_warehouse_ClutteringC_01/model.config
[1.011s] -- Installing: /home/keti/turtle_carto/install/neo_simulation2/share/neo_simulation2/models/aws_robomaker_warehouse_ClutteringC_01/materials
[1.011s] -- Installing: /home/keti/turtle_carto/install/neo_simulation2/share/neo_simulation2/models/aws_robomaker_warehouse_ClutteringC_01/materials/textures
[1.011s] -- Installing: /home/keti/turtle_carto/install/neo_simulation2/share/neo_simulation2/models/aws_robomaker_warehouse_ClutteringC_01/materials/textures/aws_robomaker_warehouse_ClutteringC_02.png
[1.011s] -- Installing: /home/keti/turtle_carto/install/neo_simulation2/share/neo_simulation2/models/aws_robomaker_warehouse_ClutteringC_01/materials/textures/aws_robomaker_warehouse_ClutteringC_01.png
[1.014s] -- Installing: /home/keti/turtle_carto/install/neo_simulation2/share/neo_simulation2/models/aws_robomaker_warehouse_ClutteringC_01/model.sdf
[1.014s] -- Installing: /home/keti/turtle_carto/install/neo_simulation2/share/neo_simulation2/models/Ar_tags_nr8
[1.014s] -- Installing: /home/keti/turtle_carto/install/neo_simulation2/share/neo_simulation2/models/Ar_tags_nr8/meshes
[1.014s] -- Installing: /home/keti/turtle_carto/install/neo_simulation2/share/neo_simulation2/models/Ar_tags_nr8/meshes/plate.blend
[1.014s] -- Installing: /home/keti/turtle_carto/install/neo_simulation2/share/neo_simulation2/models/Ar_tags_nr8/meshes/Ar_tag_nr8.dae
[1.014s] -- Installing: /home/keti/turtle_carto/install/neo_simulation2/share/neo_simulation2/models/Ar_tags_nr8/model.config
[1.014s] -- Installing: /home/keti/turtle_carto/install/neo_simulation2/share/neo_simulation2/models/Ar_tags_nr8/materials
[1.014s] -- Installing: /home/keti/turtle_carto/install/neo_simulation2/share/neo_simulation2/models/Ar_tags_nr8/materials/scripts
[1.014s] -- Installing: /home/keti/turtle_carto/install/neo_simulation2/share/neo_simulation2/models/Ar_tags_nr8/materials/scripts/ar_tag.material
[1.014s] -- Installing: /home/keti/turtle_carto/install/neo_simulation2/share/neo_simulation2/models/Ar_tags_nr8/materials/textures
[1.014s] -- Installing: /home/keti/turtle_carto/install/neo_simulation2/share/neo_simulation2/models/Ar_tags_nr8/materials/textures/MarkerData_8.png
[1.014s] -- Installing: /home/keti/turtle_carto/install/neo_simulation2/share/neo_simulation2/models/Ar_tags_nr8/model.sdf
[1.014s] -- Installing: /home/keti/turtle_carto/install/neo_simulation2/share/neo_simulation2/models/office_env_w 1
[1.014s] -- Installing: /home/keti/turtle_carto/install/neo_simulation2/share/neo_simulation2/models/office_env_w 1/model.config
[1.014s] -- Installing: /home/keti/turtle_carto/install/neo_simulation2/share/neo_simulation2/models/office_env_w 1/materials
[1.014s] -- Installing: /home/keti/turtle_carto/install/neo_simulation2/share/neo_simulation2/models/office_env_w 1/materials/scripts
[1.014s] -- Installing: /home/keti/turtle_carto/install/neo_simulation2/share/neo_simulation2/models/office_env_w 1/materials/scripts/wall_white.material
[1.014s] -- Installing: /home/keti/turtle_carto/install/neo_simulation2/share/neo_simulation2/models/office_env_w 1/materials/textures
[1.014s] -- Installing: /home/keti/turtle_carto/install/neo_simulation2/share/neo_simulation2/models/office_env_w 1/materials/textures/wall_color_white.jpg
[1.014s] -- Installing: /home/keti/turtle_carto/install/neo_simulation2/share/neo_simulation2/models/office_env_w 1/model.sdf
[1.014s] -- Installing: /home/keti/turtle_carto/install/neo_simulation2/share/neo_simulation2/models/Ar_tags_nr12
[1.014s] -- Installing: /home/keti/turtle_carto/install/neo_simulation2/share/neo_simulation2/models/Ar_tags_nr12/meshes
[1.014s] -- Installing: /home/keti/turtle_carto/install/neo_simulation2/share/neo_simulation2/models/Ar_tags_nr12/meshes/Ar_tag_nr12.dae
[1.014s] -- Installing: /home/keti/turtle_carto/install/neo_simulation2/share/neo_simulation2/models/Ar_tags_nr12/meshes/plate.blend
[1.015s] -- Installing: /home/keti/turtle_carto/install/neo_simulation2/share/neo_simulation2/models/Ar_tags_nr12/model.config
[1.015s] -- Installing: /home/keti/turtle_carto/install/neo_simulation2/share/neo_simulation2/models/Ar_tags_nr12/materials
[1.015s] -- Installing: /home/keti/turtle_carto/install/neo_simulation2/share/neo_simulation2/models/Ar_tags_nr12/materials/scripts
[1.016s] -- Installing: /home/keti/turtle_carto/install/neo_simulation2/share/neo_simulation2/models/Ar_tags_nr12/materials/scripts/ar_tag.material
[1.016s] -- Installing: /home/keti/turtle_carto/install/neo_simulation2/share/neo_simulation2/models/Ar_tags_nr12/materials/textures
[1.016s] -- Installing: /home/keti/turtle_carto/install/neo_simulation2/share/neo_simulation2/models/Ar_tags_nr12/materials/textures/MarkerData_12.png
[1.016s] -- Installing: /home/keti/turtle_carto/install/neo_simulation2/share/neo_simulation2/models/Ar_tags_nr12/model.sdf
[1.016s] -- Installing: /home/keti/turtle_carto/install/neo_simulation2/share/neo_simulation2/models/Ar_tag.dae
[1.016s] -- Installing: /home/keti/turtle_carto/install/neo_simulation2/share/neo_simulation2/models/aws_robomaker_warehouse_DeskC_01
[1.016s] -- Installing: /home/keti/turtle_carto/install/neo_simulation2/share/neo_simulation2/models/aws_robomaker_warehouse_DeskC_01/meshes
[1.016s] -- Installing: /home/keti/turtle_carto/install/neo_simulation2/share/neo_simulation2/models/aws_robomaker_warehouse_DeskC_01/meshes/aws_robomaker_warehouse_DeskC_01_visual.DAE
[1.017s] -- Installing: /home/keti/turtle_carto/install/neo_simulation2/share/neo_simulation2/models/aws_robomaker_warehouse_DeskC_01/meshes/aws_robomaker_warehouse_DeskC_01_collision.DAE
[1.017s] -- Installing: /home/keti/turtle_carto/install/neo_simulation2/share/neo_simulation2/models/aws_robomaker_warehouse_DeskC_01/model.config
[1.017s] -- Installing: /home/keti/turtle_carto/install/neo_simulation2/share/neo_simulation2/models/aws_robomaker_warehouse_DeskC_01/materials
[1.017s] -- Installing: /home/keti/turtle_carto/install/neo_simulation2/share/neo_simulation2/models/aws_robomaker_warehouse_DeskC_01/materials/.DS_Store
[1.017s] -- Installing: /home/keti/turtle_carto/install/neo_simulation2/share/neo_simulation2/models/aws_robomaker_warehouse_DeskC_01/materials/textures
[1.017s] -- Installing: /home/keti/turtle_carto/install/neo_simulation2/share/neo_simulation2/models/aws_robomaker_warehouse_DeskC_01/materials/textures/aws_robomaker_warehouse_DeskC_02.png
[1.018s] -- Installing: /home/keti/turtle_carto/install/neo_simulation2/share/neo_simulation2/models/aws_robomaker_warehouse_DeskC_01/materials/textures/aws_robomaker_warehouse_DeskC_03.png
[1.018s] -- Installing: /home/keti/turtle_carto/install/neo_simulation2/share/neo_simulation2/models/aws_robomaker_warehouse_DeskC_01/materials/textures/aws_robomaker_warehouse_DeskC_01.png
[1.019s] -- Installing: /home/keti/turtle_carto/install/neo_simulation2/share/neo_simulation2/models/aws_robomaker_warehouse_DeskC_01/materials/textures/aws_robomaker_warehouse_DeskC_04.png
[1.019s] -- Installing: /home/keti/turtle_carto/install/neo_simulation2/share/neo_simulation2/models/aws_robomaker_warehouse_DeskC_01/materials/textures/aws_robomaker_warehouse_DeskC_03.psd
[1.021s] -- Installing: /home/keti/turtle_carto/install/neo_simulation2/share/neo_simulation2/models/aws_robomaker_warehouse_DeskC_01/model.sdf
[1.021s] -- Installing: /home/keti/turtle_carto/install/neo_simulation2/share/neo_simulation2/models/aws_robomaker_warehouse_ShelfD_01
[1.021s] -- Installing: /home/keti/turtle_carto/install/neo_simulation2/share/neo_simulation2/models/aws_robomaker_warehouse_ShelfD_01/meshes
[1.021s] -- Installing: /home/keti/turtle_carto/install/neo_simulation2/share/neo_simulation2/models/aws_robomaker_warehouse_ShelfD_01/meshes/aws_robomaker_warehouse_ShelfD_01_visual.DAE
[1.021s] -- Installing: /home/keti/turtle_carto/install/neo_simulation2/share/neo_simulation2/models/aws_robomaker_warehouse_ShelfD_01/meshes/aws_robomaker_warehouse_ShelfD_01_collision.DAE
[1.021s] -- Installing: /home/keti/turtle_carto/install/neo_simulation2/share/neo_simulation2/models/aws_robomaker_warehouse_ShelfD_01/model.config
[1.021s] -- Installing: /home/keti/turtle_carto/install/neo_simulation2/share/neo_simulation2/models/aws_robomaker_warehouse_ShelfD_01/materials
[1.021s] -- Installing: /home/keti/turtle_carto/install/neo_simulation2/share/neo_simulation2/models/aws_robomaker_warehouse_ShelfD_01/materials/textures
[1.021s] -- Installing: /home/keti/turtle_carto/install/neo_simulation2/share/neo_simulation2/models/aws_robomaker_warehouse_ShelfD_01/materials/textures/aws_robomaker_warehouse_ShelfD_04.png
[1.022s] -- Installing: /home/keti/turtle_carto/install/neo_simulation2/share/neo_simulation2/models/aws_robomaker_warehouse_ShelfD_01/materials/textures/aws_robomaker_warehouse_ShelfD_01.png
[1.026s] -- Installing: /home/keti/turtle_carto/install/neo_simulation2/share/neo_simulation2/models/aws_robomaker_warehouse_ShelfD_01/materials/textures/aws_robomaker_warehouse_ShelfD_03.png
[1.026s] -- Installing: /home/keti/turtle_carto/install/neo_simulation2/share/neo_simulation2/models/aws_robomaker_warehouse_ShelfD_01/materials/textures/aws_robomaker_warehouse_ShelfD_02.png
[1.026s] -- Installing: /home/keti/turtle_carto/install/neo_simulation2/share/neo_simulation2/models/aws_robomaker_warehouse_ShelfD_01/model.sdf
[1.026s] -- Installing: /home/keti/turtle_carto/install/neo_simulation2/share/neo_simulation2/models/office_env
[1.026s] -- Installing: /home/keti/turtle_carto/install/neo_simulation2/share/neo_simulation2/models/office_env/model.config
[1.026s] -- Installing: /home/keti/turtle_carto/install/neo_simulation2/share/neo_simulation2/models/office_env/materials
[1.026s] -- Installing: /home/keti/turtle_carto/install/neo_simulation2/share/neo_simulation2/models/office_env/materials/scripts
[1.026s] -- Installing: /home/keti/turtle_carto/install/neo_simulation2/share/neo_simulation2/models/office_env/materials/scripts/wall.material
[1.027s] -- Installing: /home/keti/turtle_carto/install/neo_simulation2/share/neo_simulation2/models/office_env/materials/textures
[1.027s] -- Installing: /home/keti/turtle_carto/install/neo_simulation2/share/neo_simulation2/models/office_env/materials/textures/wall_color.jpg
[1.027s] -- Installing: /home/keti/turtle_carto/install/neo_simulation2/share/neo_simulation2/models/office_env/model.sdf
[1.027s] -- Installing: /home/keti/turtle_carto/install/neo_simulation2/share/neo_simulation2/models/yellow_bin
[1.028s] -- Installing: /home/keti/turtle_carto/install/neo_simulation2/share/neo_simulation2/models/yellow_bin/meshes
[1.028s] -- Installing: /home/keti/turtle_carto/install/neo_simulation2/share/neo_simulation2/models/yellow_bin/meshes/green_cylinder.stl
[1.028s] -- Installing: /home/keti/turtle_carto/install/neo_simulation2/share/neo_simulation2/models/yellow_bin/model.config
[1.028s] -- Installing: /home/keti/turtle_carto/install/neo_simulation2/share/neo_simulation2/models/yellow_bin/model.sdf
[1.028s] -- Installing: /home/keti/turtle_carto/install/neo_simulation2/share/neo_simulation2/models/neobotix_ground_plane
[1.028s] -- Installing: /home/keti/turtle_carto/install/neo_simulation2/share/neo_simulation2/models/neobotix_ground_plane/model.config
[1.028s] -- Installing: /home/keti/turtle_carto/install/neo_simulation2/share/neo_simulation2/models/neobotix_ground_plane/materials
[1.028s] -- Installing: /home/keti/turtle_carto/install/neo_simulation2/share/neo_simulation2/models/neobotix_ground_plane/materials/scripts
[1.028s] -- Installing: /home/keti/turtle_carto/install/neo_simulation2/share/neo_simulation2/models/neobotix_ground_plane/materials/scripts/neobotix_ground_plane.material
[1.029s] -- Installing: /home/keti/turtle_carto/install/neo_simulation2/share/neo_simulation2/models/neobotix_ground_plane/materials/textures
[1.029s] -- Installing: /home/keti/turtle_carto/install/neo_simulation2/share/neo_simulation2/models/neobotix_ground_plane/materials/textures/MyImage.jpg
[1.029s] -- Installing: /home/keti/turtle_carto/install/neo_simulation2/share/neo_simulation2/models/neobotix_ground_plane/model.sdf
[1.029s] -- Installing: /home/keti/turtle_carto/install/neo_simulation2/share/neo_simulation2/models/Ar_tags_nr13
[1.029s] -- Installing: /home/keti/turtle_carto/install/neo_simulation2/share/neo_simulation2/models/Ar_tags_nr13/meshes
[1.029s] -- Installing: /home/keti/turtle_carto/install/neo_simulation2/share/neo_simulation2/models/Ar_tags_nr13/meshes/plate.blend
[1.029s] -- Installing: /home/keti/turtle_carto/install/neo_simulation2/share/neo_simulation2/models/Ar_tags_nr13/meshes/Ar_tag_nr13.dae
[1.029s] -- Installing: /home/keti/turtle_carto/install/neo_simulation2/share/neo_simulation2/models/Ar_tags_nr13/model.config
[1.029s] -- Installing: /home/keti/turtle_carto/install/neo_simulation2/share/neo_simulation2/models/Ar_tags_nr13/materials
[1.030s] -- Installing: /home/keti/turtle_carto/install/neo_simulation2/share/neo_simulation2/models/Ar_tags_nr13/materials/scripts
[1.030s] -- Installing: /home/keti/turtle_carto/install/neo_simulation2/share/neo_simulation2/models/Ar_tags_nr13/materials/scripts/ar_tag.material
[1.030s] -- Installing: /home/keti/turtle_carto/install/neo_simulation2/share/neo_simulation2/models/Ar_tags_nr13/materials/textures
[1.030s] -- Installing: /home/keti/turtle_carto/install/neo_simulation2/share/neo_simulation2/models/Ar_tags_nr13/materials/textures/MarkerData_13.png
[1.030s] -- Installing: /home/keti/turtle_carto/install/neo_simulation2/share/neo_simulation2/models/Ar_tags_nr13/model.sdf
[1.030s] -- Installing: /home/keti/turtle_carto/install/neo_simulation2/share/neo_simulation2/models/aws_robomaker_warehouse_GroundB_01
[1.030s] -- Installing: /home/keti/turtle_carto/install/neo_simulation2/share/neo_simulation2/models/aws_robomaker_warehouse_GroundB_01/meshes
[1.030s] -- Installing: /home/keti/turtle_carto/install/neo_simulation2/share/neo_simulation2/models/aws_robomaker_warehouse_GroundB_01/meshes/aws_robomaker_warehouse_GroundB_01_collision.DAE
[1.030s] -- Installing: /home/keti/turtle_carto/install/neo_simulation2/share/neo_simulation2/models/aws_robomaker_warehouse_GroundB_01/meshes/aws_robomaker_warehouse_GroundB_01_visual.DAE
[1.030s] -- Installing: /home/keti/turtle_carto/install/neo_simulation2/share/neo_simulation2/models/aws_robomaker_warehouse_GroundB_01/model.config
[1.030s] -- Installing: /home/keti/turtle_carto/install/neo_simulation2/share/neo_simulation2/models/aws_robomaker_warehouse_GroundB_01/materials
[1.030s] -- Installing: /home/keti/turtle_carto/install/neo_simulation2/share/neo_simulation2/models/aws_robomaker_warehouse_GroundB_01/materials/textures
[1.030s] -- Installing: /home/keti/turtle_carto/install/neo_simulation2/share/neo_simulation2/models/aws_robomaker_warehouse_GroundB_01/materials/textures/aws_robomaker_warehouse_GroundB_01.png
[1.030s] -- Installing: /home/keti/turtle_carto/install/neo_simulation2/share/neo_simulation2/models/aws_robomaker_warehouse_GroundB_01/materials/textures/aws_robomaker_warehouse_GroundB_02.png
[1.030s] -- Installing: /home/keti/turtle_carto/install/neo_simulation2/share/neo_simulation2/models/aws_robomaker_warehouse_GroundB_01/model.sdf
[1.030s] -- Installing: /home/keti/turtle_carto/install/neo_simulation2/share/neo_simulation2/models/office_env_w
[1.030s] -- Installing: /home/keti/turtle_carto/install/neo_simulation2/share/neo_simulation2/models/office_env_w/model.config
[1.030s] -- Installing: /home/keti/turtle_carto/install/neo_simulation2/share/neo_simulation2/models/office_env_w/materials
[1.030s] -- Installing: /home/keti/turtle_carto/install/neo_simulation2/share/neo_simulation2/models/office_env_w/materials/scripts
[1.030s] -- Installing: /home/keti/turtle_carto/install/neo_simulation2/share/neo_simulation2/models/office_env_w/materials/scripts/wall_white.material
[1.030s] -- Installing: /home/keti/turtle_carto/install/neo_simulation2/share/neo_simulation2/models/office_env_w/materials/textures
[1.030s] -- Installing: /home/keti/turtle_carto/install/neo_simulation2/share/neo_simulation2/models/office_env_w/materials/textures/wall_color_white.jpg
[1.030s] -- Installing: /home/keti/turtle_carto/install/neo_simulation2/share/neo_simulation2/models/office_env_w/model.sdf
[1.030s] -- Installing: /home/keti/turtle_carto/install/neo_simulation2/share/neo_simulation2/models/office_env_w 2
[1.030s] -- Installing: /home/keti/turtle_carto/install/neo_simulation2/share/neo_simulation2/models/office_env_w 2/model.config
[1.031s] -- Installing: /home/keti/turtle_carto/install/neo_simulation2/share/neo_simulation2/models/office_env_w 2/materials
[1.031s] -- Installing: /home/keti/turtle_carto/install/neo_simulation2/share/neo_simulation2/models/office_env_w 2/materials/scripts
[1.031s] -- Installing: /home/keti/turtle_carto/install/neo_simulation2/share/neo_simulation2/models/office_env_w 2/materials/scripts/wall_white.material
[1.031s] -- Installing: /home/keti/turtle_carto/install/neo_simulation2/share/neo_simulation2/models/office_env_w 2/materials/textures
[1.032s] -- Installing: /home/keti/turtle_carto/install/neo_simulation2/share/neo_simulation2/models/office_env_w 2/materials/textures/wall_color_white.jpg
[1.032s] -- Installing: /home/keti/turtle_carto/install/neo_simulation2/share/neo_simulation2/models/office_env_w 2/model.sdf
[1.032s] -- Installing: /home/keti/turtle_carto/install/neo_simulation2/share/neo_simulation2/models/drc_practice_straight
[1.032s] -- Installing: /home/keti/turtle_carto/install/neo_simulation2/share/neo_simulation2/models/drc_practice_straight/model.config
[1.032s] -- Installing: /home/keti/turtle_carto/install/neo_simulation2/share/neo_simulation2/models/drc_practice_straight/model.sdf
[1.032s] -- Installing: /home/keti/turtle_carto/install/neo_simulation2/share/neo_simulation2/models/office_small
[1.032s] -- Installing: /home/keti/turtle_carto/install/neo_simulation2/share/neo_simulation2/models/office_small/model.config
[1.032s] -- Installing: /home/keti/turtle_carto/install/neo_simulation2/share/neo_simulation2/models/office_small/materials
[1.032s] -- Installing: /home/keti/turtle_carto/install/neo_simulation2/share/neo_simulation2/models/office_small/materials/scripts
[1.032s] -- Installing: /home/keti/turtle_carto/install/neo_simulation2/share/neo_simulation2/models/office_small/materials/scripts/Floor.material
[1.032s] -- Installing: /home/keti/turtle_carto/install/neo_simulation2/share/neo_simulation2/models/office_small/materials/scripts/wall_white.material
[1.032s] -- Installing: /home/keti/turtle_carto/install/neo_simulation2/share/neo_simulation2/models/office_small/materials/textures
[1.032s] -- Installing: /home/keti/turtle_carto/install/neo_simulation2/share/neo_simulation2/models/office_small/materials/textures/cl3.jpg
[1.032s] -- Installing: /home/keti/turtle_carto/install/neo_simulation2/share/neo_simulation2/models/office_small/materials/textures/hd8.jpg
[1.032s] -- Installing: /home/keti/turtle_carto/install/neo_simulation2/share/neo_simulation2/models/office_small/materials/textures/cp6.jpg
[1.032s] -- Installing: /home/keti/turtle_carto/install/neo_simulation2/share/neo_simulation2/models/office_small/materials/textures/cl2.jpg
[1.032s] -- Installing: /home/keti/turtle_carto/install/neo_simulation2/share/neo_simulation2/models/office_small/materials/textures/cp3.jpg
[1.033s] -- Installing: /home/keti/turtle_carto/install/neo_simulation2/share/neo_simulation2/models/office_small/materials/textures/cp2.jpg
[1.036s] -- Installing: /home/keti/turtle_carto/install/neo_simulation2/share/neo_simulation2/models/office_small/materials/textures/cp9.jpg
[1.037s] -- Installing: /home/keti/turtle_carto/install/neo_simulation2/share/neo_simulation2/models/office_small/materials/textures/wall_color_white.jpg
[1.037s] -- Installing: /home/keti/turtle_carto/install/neo_simulation2/share/neo_simulation2/models/office_small/materials/textures/hd5.jpg
[1.037s] -- Installing: /home/keti/turtle_carto/install/neo_simulation2/share/neo_simulation2/models/office_small/materials/textures/hd3.jpg
[1.037s] -- Installing: /home/keti/turtle_carto/install/neo_simulation2/share/neo_simulation2/models/office_small/materials/textures/cp8.jpg
[1.037s] -- Installing: /home/keti/turtle_carto/install/neo_simulation2/share/neo_simulation2/models/office_small/materials/textures/hd2.gif
[1.037s] -- Installing: /home/keti/turtle_carto/install/neo_simulation2/share/neo_simulation2/models/office_small/materials/textures/cp11.jpg
[1.037s] -- Installing: /home/keti/turtle_carto/install/neo_simulation2/share/neo_simulation2/models/office_small/materials/textures/cp5.png
[1.038s] -- Installing: /home/keti/turtle_carto/install/neo_simulation2/share/neo_simulation2/models/office_small/materials/textures/cp12.jpg
[1.039s] -- Installing: /home/keti/turtle_carto/install/neo_simulation2/share/neo_simulation2/models/office_small/materials/textures/cp10.jpg
[1.039s] -- Installing: /home/keti/turtle_carto/install/neo_simulation2/share/neo_simulation2/models/office_small/materials/textures/cl6.jpg
[1.039s] -- Installing: /home/keti/turtle_carto/install/neo_simulation2/share/neo_simulation2/models/office_small/materials/textures/cl4.jpg
[1.039s] -- Installing: /home/keti/turtle_carto/install/neo_simulation2/share/neo_simulation2/models/office_small/materials/textures/cl1.jpg
[1.039s] -- Installing: /home/keti/turtle_carto/install/neo_simulation2/share/neo_simulation2/models/office_small/materials/textures/cp1.jpg
[1.039s] -- Installing: /home/keti/turtle_carto/install/neo_simulation2/share/neo_simulation2/models/office_small/materials/textures/cl5.jpg
[1.040s] -- Installing: /home/keti/turtle_carto/install/neo_simulation2/share/neo_simulation2/models/office_small/materials/textures/cp7.jpg
[1.040s] -- Installing: /home/keti/turtle_carto/install/neo_simulation2/share/neo_simulation2/models/office_small/materials/textures/hd6.png
[1.040s] -- Installing: /home/keti/turtle_carto/install/neo_simulation2/share/neo_simulation2/models/office_small/materials/textures/hd4.jpg
[1.040s] -- Installing: /home/keti/turtle_carto/install/neo_simulation2/share/neo_simulation2/models/office_small/materials/textures/hd7.jpg
[1.041s] -- Installing: /home/keti/turtle_carto/install/neo_simulation2/share/neo_simulation2/models/office_small/materials/textures/hd1.jpg
[1.041s] -- Installing: /home/keti/turtle_carto/install/neo_simulation2/share/neo_simulation2/models/office_small/materials/textures/cp4.jpg
[1.041s] -- Installing: /home/keti/turtle_carto/install/neo_simulation2/share/neo_simulation2/models/office_small/model.sdf
[1.042s] -- Installing: /home/keti/turtle_carto/install/neo_simulation2/share/neo_simulation2/models/Ar_tags_nr2
[1.042s] -- Installing: /home/keti/turtle_carto/install/neo_simulation2/share/neo_simulation2/models/Ar_tags_nr2/meshes
[1.042s] -- Installing: /home/keti/turtle_carto/install/neo_simulation2/share/neo_simulation2/models/Ar_tags_nr2/meshes/plate.blend
[1.042s] -- Installing: /home/keti/turtle_carto/install/neo_simulation2/share/neo_simulation2/models/Ar_tags_nr2/meshes/Ar_tag.dae
[1.042s] -- Installing: /home/keti/turtle_carto/install/neo_simulation2/share/neo_simulation2/models/Ar_tags_nr2/meshes/Ar_tag_nr2.dae
[1.042s] -- Installing: /home/keti/turtle_carto/install/neo_simulation2/share/neo_simulation2/models/Ar_tags_nr2/model.config
[1.043s] -- Installing: /home/keti/turtle_carto/install/neo_simulation2/share/neo_simulation2/models/Ar_tags_nr2/materials
[1.043s] -- Installing: /home/keti/turtle_carto/install/neo_simulation2/share/neo_simulation2/models/Ar_tags_nr2/materials/scripts
[1.043s] -- Installing: /home/keti/turtle_carto/install/neo_simulation2/share/neo_simulation2/models/Ar_tags_nr2/materials/scripts/ar_tag.material
[1.043s] -- Installing: /home/keti/turtle_carto/install/neo_simulation2/share/neo_simulation2/models/Ar_tags_nr2/materials/textures
[1.043s] -- Installing: /home/keti/turtle_carto/install/neo_simulation2/share/neo_simulation2/models/Ar_tags_nr2/materials/textures/qrcode1.png
[1.043s] -- Installing: /home/keti/turtle_carto/install/neo_simulation2/share/neo_simulation2/models/Ar_tags_nr2/materials/textures/MarkerData_10.png
[1.043s] -- Installing: /home/keti/turtle_carto/install/neo_simulation2/share/neo_simulation2/models/Ar_tags_nr2/materials/textures/qrcode.png
[1.043s] -- Installing: /home/keti/turtle_carto/install/neo_simulation2/share/neo_simulation2/models/Ar_tags_nr2/materials/textures/MarkerData_2.png
[1.043s] -- Installing: /home/keti/turtle_carto/install/neo_simulation2/share/neo_simulation2/models/Ar_tags_nr2/model.sdf
[1.043s] -- Installing: /home/keti/turtle_carto/install/neo_simulation2/share/neo_simulation2/models/aws_robomaker_warehouse_WallB_01
[1.043s] -- Installing: /home/keti/turtle_carto/install/neo_simulation2/share/neo_simulation2/models/aws_robomaker_warehouse_WallB_01/meshes
[1.043s] -- Installing: /home/keti/turtle_carto/install/neo_simulation2/share/neo_simulation2/models/aws_robomaker_warehouse_WallB_01/meshes/aws_robomaker_warehouse_WallB_01_visual.DAE
[1.043s] -- Installing: /home/keti/turtle_carto/install/neo_simulation2/share/neo_simulation2/models/aws_robomaker_warehouse_WallB_01/meshes/aws_robomaker_warehouse_WallB_01_collision.DAE
[1.043s] -- Installing: /home/keti/turtle_carto/install/neo_simulation2/share/neo_simulation2/models/aws_robomaker_warehouse_WallB_01/model.config
[1.043s] -- Installing: /home/keti/turtle_carto/install/neo_simulation2/share/neo_simulation2/models/aws_robomaker_warehouse_WallB_01/materials
[1.043s] -- Installing: /home/keti/turtle_carto/install/neo_simulation2/share/neo_simulation2/models/aws_robomaker_warehouse_WallB_01/materials/textures
[1.043s] -- Installing: /home/keti/turtle_carto/install/neo_simulation2/share/neo_simulation2/models/aws_robomaker_warehouse_WallB_01/materials/textures/aws_robomaker_warehouse_WallB_01.png
[1.044s] -- Installing: /home/keti/turtle_carto/install/neo_simulation2/share/neo_simulation2/models/aws_robomaker_warehouse_WallB_01/model.sdf
[1.044s] -- Installing: /home/keti/turtle_carto/install/neo_simulation2/share/neo_simulation2/models/aws_robomaker_warehouse_Bucket_01
[1.044s] -- Installing: /home/keti/turtle_carto/install/neo_simulation2/share/neo_simulation2/models/aws_robomaker_warehouse_Bucket_01/.DS_Store
[1.044s] -- Installing: /home/keti/turtle_carto/install/neo_simulation2/share/neo_simulation2/models/aws_robomaker_warehouse_Bucket_01/meshes
[1.044s] -- Installing: /home/keti/turtle_carto/install/neo_simulation2/share/neo_simulation2/models/aws_robomaker_warehouse_Bucket_01/meshes/aws_robomaker_warehouse_Bucket_01_visual.DAE
[1.044s] -- Installing: /home/keti/turtle_carto/install/neo_simulation2/share/neo_simulation2/models/aws_robomaker_warehouse_Bucket_01/meshes/aws_robomaker_warehouse_Bucket_01_collision.DAE
[1.044s] -- Installing: /home/keti/turtle_carto/install/neo_simulation2/share/neo_simulation2/models/aws_robomaker_warehouse_Bucket_01/model.config
[1.044s] -- Installing: /home/keti/turtle_carto/install/neo_simulation2/share/neo_simulation2/models/aws_robomaker_warehouse_Bucket_01/materials
[1.044s] -- Installing: /home/keti/turtle_carto/install/neo_simulation2/share/neo_simulation2/models/aws_robomaker_warehouse_Bucket_01/materials/.DS_Store
[1.044s] -- Installing: /home/keti/turtle_carto/install/neo_simulation2/share/neo_simulation2/models/aws_robomaker_warehouse_Bucket_01/materials/textures
[1.045s] -- Installing: /home/keti/turtle_carto/install/neo_simulation2/share/neo_simulation2/models/aws_robomaker_warehouse_Bucket_01/materials/textures/aws_robomaker_warehouse_Bucket_01.png
[1.045s] -- Installing: /home/keti/turtle_carto/install/neo_simulation2/share/neo_simulation2/models/aws_robomaker_warehouse_Bucket_01/model.sdf
[1.045s] -- Installing: /home/keti/turtle_carto/install/neo_simulation2/share/neo_simulation2/models/aws_robomaker_warehouse_ClutteringD_01
[1.045s] -- Installing: /home/keti/turtle_carto/install/neo_simulation2/share/neo_simulation2/models/aws_robomaker_warehouse_ClutteringD_01/meshes
[1.045s] -- Installing: /home/keti/turtle_carto/install/neo_simulation2/share/neo_simulation2/models/aws_robomaker_warehouse_ClutteringD_01/meshes/aws_robomaker_warehouse_ClutteringD_01_collision.DAE
[1.045s] -- Installing: /home/keti/turtle_carto/install/neo_simulation2/share/neo_simulation2/models/aws_robomaker_warehouse_ClutteringD_01/meshes/aws_robomaker_warehouse_ClutteringD_01_visual.DAE
[1.045s] -- Installing: /home/keti/turtle_carto/install/neo_simulation2/share/neo_simulation2/models/aws_robomaker_warehouse_ClutteringD_01/model.config
[1.045s] -- Installing: /home/keti/turtle_carto/install/neo_simulation2/share/neo_simulation2/models/aws_robomaker_warehouse_ClutteringD_01/materials
[1.045s] -- Installing: /home/keti/turtle_carto/install/neo_simulation2/share/neo_simulation2/models/aws_robomaker_warehouse_ClutteringD_01/materials/textures
[1.045s] -- Installing: /home/keti/turtle_carto/install/neo_simulation2/share/neo_simulation2/models/aws_robomaker_warehouse_ClutteringD_01/materials/textures/aws_robomaker_warehouse_ClutteringD_01.png
[1.046s] -- Installing: /home/keti/turtle_carto/install/neo_simulation2/share/neo_simulation2/models/aws_robomaker_warehouse_ClutteringD_01/materials/textures/aws_robomaker_warehouse_ClutteringD_02.png
[1.046s] -- Installing: /home/keti/turtle_carto/install/neo_simulation2/share/neo_simulation2/models/aws_robomaker_warehouse_ClutteringD_01/model.sdf
[1.046s] -- Installing: /home/keti/turtle_carto/install/neo_simulation2/share/neo_simulation2/models/aws_robomaker_warehouse_ShelfE_01
[1.046s] -- Installing: /home/keti/turtle_carto/install/neo_simulation2/share/neo_simulation2/models/aws_robomaker_warehouse_ShelfE_01/.DS_Store
[1.046s] -- Installing: /home/keti/turtle_carto/install/neo_simulation2/share/neo_simulation2/models/aws_robomaker_warehouse_ShelfE_01/meshes
[1.047s] -- Installing: /home/keti/turtle_carto/install/neo_simulation2/share/neo_simulation2/models/aws_robomaker_warehouse_ShelfE_01/meshes/aws_robomaker_warehouse_ShelfE_01_collision.DAE
[1.047s] -- Installing: /home/keti/turtle_carto/install/neo_simulation2/share/neo_simulation2/models/aws_robomaker_warehouse_ShelfE_01/meshes/aws_robomaker_warehouse_ShelfE_01_visual.DAE
[1.047s] -- Installing: /home/keti/turtle_carto/install/neo_simulation2/share/neo_simulation2/models/aws_robomaker_warehouse_ShelfE_01/model.config
[1.047s] -- Installing: /home/keti/turtle_carto/install/neo_simulation2/share/neo_simulation2/models/aws_robomaker_warehouse_ShelfE_01/materials
[1.047s] -- Installing: /home/keti/turtle_carto/install/neo_simulation2/share/neo_simulation2/models/aws_robomaker_warehouse_ShelfE_01/materials/.DS_Store
[1.047s] -- Installing: /home/keti/turtle_carto/install/neo_simulation2/share/neo_simulation2/models/aws_robomaker_warehouse_ShelfE_01/materials/textures
[1.047s] -- Installing: /home/keti/turtle_carto/install/neo_simulation2/share/neo_simulation2/models/aws_robomaker_warehouse_ShelfE_01/materials/textures/aws_robomaker_warehouse_ShelfE_01.png
[1.047s] -- Installing: /home/keti/turtle_carto/install/neo_simulation2/share/neo_simulation2/models/aws_robomaker_warehouse_ShelfE_01/materials/textures/aws_robomaker_warehouse_ShelfE_02.png
[1.048s] -- Installing: /home/keti/turtle_carto/install/neo_simulation2/share/neo_simulation2/models/aws_robomaker_warehouse_ShelfE_01/materials/textures/aws_robomaker_warehouse_ShelfE_04.png
[1.048s] -- Installing: /home/keti/turtle_carto/install/neo_simulation2/share/neo_simulation2/models/aws_robomaker_warehouse_ShelfE_01/materials/textures/aws_robomaker_warehouse_ShelfE_03.png
[1.049s] -- Installing: /home/keti/turtle_carto/install/neo_simulation2/share/neo_simulation2/models/aws_robomaker_warehouse_ShelfE_01/model.sdf
[1.049s] -- Installing: /home/keti/turtle_carto/install/neo_simulation2/share/neo_simulation2/models/Ar_tags
[1.049s] -- Installing: /home/keti/turtle_carto/install/neo_simulation2/share/neo_simulation2/models/Ar_tags/meshes
[1.049s] -- Installing: /home/keti/turtle_carto/install/neo_simulation2/share/neo_simulation2/models/Ar_tags/meshes/Ar_tag.dae
[1.049s] -- Installing: /home/keti/turtle_carto/install/neo_simulation2/share/neo_simulation2/models/Ar_tags/model.config
[1.049s] -- Installing: /home/keti/turtle_carto/install/neo_simulation2/share/neo_simulation2/models/Ar_tags/materials
[1.049s] -- Installing: /home/keti/turtle_carto/install/neo_simulation2/share/neo_simulation2/models/Ar_tags/materials/scripts
[1.049s] -- Installing: /home/keti/turtle_carto/install/neo_simulation2/share/neo_simulation2/models/Ar_tags/materials/scripts/ar_tag.material
[1.050s] -- Installing: /home/keti/turtle_carto/install/neo_simulation2/share/neo_simulation2/models/Ar_tags/materials/textures
[1.050s] -- Installing: /home/keti/turtle_carto/install/neo_simulation2/share/neo_simulation2/models/Ar_tags/materials/textures/MarkerData_2.png
[1.050s] -- Installing: /home/keti/turtle_carto/install/neo_simulation2/share/neo_simulation2/models/Ar_tags/model.sdf
[1.050s] -- Installing: /home/keti/turtle_carto/install/neo_simulation2/share/neo_simulation2/models/office_env_w_complete
[1.050s] -- Installing: /home/keti/turtle_carto/install/neo_simulation2/share/neo_simulation2/models/office_env_w_complete/model.config
[1.050s] -- Installing: /home/keti/turtle_carto/install/neo_simulation2/share/neo_simulation2/models/office_env_w_complete/materials
[1.050s] -- Installing: /home/keti/turtle_carto/install/neo_simulation2/share/neo_simulation2/models/office_env_w_complete/materials/scripts
[1.050s] -- Installing: /home/keti/turtle_carto/install/neo_simulation2/share/neo_simulation2/models/office_env_w_complete/materials/scripts/wall_white.material
[1.050s] -- Installing: /home/keti/turtle_carto/install/neo_simulation2/share/neo_simulation2/models/office_env_w_complete/materials/textures
[1.050s] -- Installing: /home/keti/turtle_carto/install/neo_simulation2/share/neo_simulation2/models/office_env_w_complete/materials/textures/wall_color_white.jpg
[1.050s] -- Installing: /home/keti/turtle_carto/install/neo_simulation2/share/neo_simulation2/models/office_env_w_complete/model.sdf
[1.051s] -- Installing: /home/keti/turtle_carto/install/neo_simulation2/share/neo_simulation2/models/door_3d
[1.051s] -- Installing: /home/keti/turtle_carto/install/neo_simulation2/share/neo_simulation2/models/door_3d/meshes
[1.051s] -- Installing: /home/keti/turtle_carto/install/neo_simulation2/share/neo_simulation2/models/door_3d/meshes/model.dae
[1.051s] -- Installing: /home/keti/turtle_carto/install/neo_simulation2/share/neo_simulation2/models/door_3d/meshes/door_v2_handle.dae
[1.051s] -- Installing: /home/keti/turtle_carto/install/neo_simulation2/share/neo_simulation2/models/door_3d/meshes/door_v2_door.dae
[1.052s] -- Installing: /home/keti/turtle_carto/install/neo_simulation2/share/neo_simulation2/models/door_3d/meshes/door.dae
[1.052s] -- Installing: /home/keti/turtle_carto/install/neo_simulation2/share/neo_simulation2/models/door_3d/meshes/door_v2.dae
[1.052s] -- Installing: /home/keti/turtle_carto/install/neo_simulation2/share/neo_simulation2/models/door_3d/model.config
[1.053s] -- Installing: /home/keti/turtle_carto/install/neo_simulation2/share/neo_simulation2/models/door_3d/materials
[1.053s] -- Installing: /home/keti/turtle_carto/install/neo_simulation2/share/neo_simulation2/models/door_3d/materials/scripts
[1.053s] -- Installing: /home/keti/turtle_carto/install/neo_simulation2/share/neo_simulation2/models/door_3d/materials/scripts/door_3d.material
[1.053s] -- Installing: /home/keti/turtle_carto/install/neo_simulation2/share/neo_simulation2/models/door_3d/materials/scripts/door_handle.material
[1.053s] -- Installing: /home/keti/turtle_carto/install/neo_simulation2/share/neo_simulation2/models/door_3d/materials/textures
[1.053s] -- Installing: /home/keti/turtle_carto/install/neo_simulation2/share/neo_simulation2/models/door_3d/materials/textures/silver_door.jpg
[1.053s] -- Installing: /home/keti/turtle_carto/install/neo_simulation2/share/neo_simulation2/models/door_3d/materials/textures/door_3d.jpg
[1.053s] -- Installing: /home/keti/turtle_carto/install/neo_simulation2/share/neo_simulation2/models/door_3d/model.sdf
[1.053s] -- Installing: /home/keti/turtle_carto/install/neo_simulation2/share/neo_simulation2/models/aws_robomaker_warehouse_RoofB_01
[1.053s] -- Installing: /home/keti/turtle_carto/install/neo_simulation2/share/neo_simulation2/models/aws_robomaker_warehouse_RoofB_01/meshes
[1.053s] -- Installing: /home/keti/turtle_carto/install/neo_simulation2/share/neo_simulation2/models/aws_robomaker_warehouse_RoofB_01/meshes/aws_robomaker_warehouse_RoofB_01_collision.DAE
[1.053s] -- Installing: /home/keti/turtle_carto/install/neo_simulation2/share/neo_simulation2/models/aws_robomaker_warehouse_RoofB_01/meshes/aws_robomaker_warehouse_RoofB_01_visual.DAE
[1.054s] -- Installing: /home/keti/turtle_carto/install/neo_simulation2/share/neo_simulation2/models/aws_robomaker_warehouse_RoofB_01/model.config
[1.054s] -- Installing: /home/keti/turtle_carto/install/neo_simulation2/share/neo_simulation2/models/aws_robomaker_warehouse_RoofB_01/materials
[1.054s] -- Installing: /home/keti/turtle_carto/install/neo_simulation2/share/neo_simulation2/models/aws_robomaker_warehouse_RoofB_01/materials/textures
[1.054s] -- Installing: /home/keti/turtle_carto/install/neo_simulation2/share/neo_simulation2/models/aws_robomaker_warehouse_RoofB_01/materials/textures/aws_robomaker_warehouse_RoofB_01.png
[1.054s] -- Installing: /home/keti/turtle_carto/install/neo_simulation2/share/neo_simulation2/models/aws_robomaker_warehouse_RoofB_01/model.sdf
[1.054s] -- Installing: /home/keti/turtle_carto/install/neo_simulation2/share/neo_simulation2/models/aws_robomaker_warehouse_ClutteringA_01
[1.054s] -- Installing: /home/keti/turtle_carto/install/neo_simulation2/share/neo_simulation2/models/aws_robomaker_warehouse_ClutteringA_01/.DS_Store
[1.054s] -- Installing: /home/keti/turtle_carto/install/neo_simulation2/share/neo_simulation2/models/aws_robomaker_warehouse_ClutteringA_01/meshes
[1.054s] -- Installing: /home/keti/turtle_carto/install/neo_simulation2/share/neo_simulation2/models/aws_robomaker_warehouse_ClutteringA_01/meshes/aws_robomaker_warehouse_ClutteringA_01_collision.DAE
[1.054s] -- Installing: /home/keti/turtle_carto/install/neo_simulation2/share/neo_simulation2/models/aws_robomaker_warehouse_ClutteringA_01/meshes/aws_robomaker_warehouse_ClutteringA_01_visual.DAE
[1.055s] -- Installing: /home/keti/turtle_carto/install/neo_simulation2/share/neo_simulation2/models/aws_robomaker_warehouse_ClutteringA_01/model.config
[1.055s] -- Installing: /home/keti/turtle_carto/install/neo_simulation2/share/neo_simulation2/models/aws_robomaker_warehouse_ClutteringA_01/materials
[1.055s] -- Installing: /home/keti/turtle_carto/install/neo_simulation2/share/neo_simulation2/models/aws_robomaker_warehouse_ClutteringA_01/materials/.DS_Store
[1.055s] -- Installing: /home/keti/turtle_carto/install/neo_simulation2/share/neo_simulation2/models/aws_robomaker_warehouse_ClutteringA_01/materials/textures
[1.055s] -- Installing: /home/keti/turtle_carto/install/neo_simulation2/share/neo_simulation2/models/aws_robomaker_warehouse_ClutteringA_01/materials/textures/.DS_Store
[1.055s] -- Installing: /home/keti/turtle_carto/install/neo_simulation2/share/neo_simulation2/models/aws_robomaker_warehouse_ClutteringA_01/materials/textures/aws_robomaker_warehouse_ClutteringA_03.png
[1.055s] -- Installing: /home/keti/turtle_carto/install/neo_simulation2/share/neo_simulation2/models/aws_robomaker_warehouse_ClutteringA_01/materials/textures/aws_robomaker_warehouse_ClutteringA_01.png
[1.056s] -- Installing: /home/keti/turtle_carto/install/neo_simulation2/share/neo_simulation2/models/aws_robomaker_warehouse_ClutteringA_01/materials/textures/aws_robomaker_warehouse_ClutteringA_02.png
[1.056s] -- Installing: /home/keti/turtle_carto/install/neo_simulation2/share/neo_simulation2/models/aws_robomaker_warehouse_ClutteringA_01/model.sdf
[1.057s] -- Installing: /home/keti/turtle_carto/install/neo_simulation2/share/neo_simulation2/models/aws_robomaker_warehouse_TrashCanC_01
[1.057s] -- Installing: /home/keti/turtle_carto/install/neo_simulation2/share/neo_simulation2/models/aws_robomaker_warehouse_TrashCanC_01/meshes
[1.057s] -- Installing: /home/keti/turtle_carto/install/neo_simulation2/share/neo_simulation2/models/aws_robomaker_warehouse_TrashCanC_01/meshes/aws_robomaker_warehouse_TrashCanC_01_collision.DAE
[1.057s] -- Installing: /home/keti/turtle_carto/install/neo_simulation2/share/neo_simulation2/models/aws_robomaker_warehouse_TrashCanC_01/meshes/aws_robomaker_warehouse_TrashCanC_01_visual.DAE
[1.057s] -- Installing: /home/keti/turtle_carto/install/neo_simulation2/share/neo_simulation2/models/aws_robomaker_warehouse_TrashCanC_01/model.config
[1.057s] -- Installing: /home/keti/turtle_carto/install/neo_simulation2/share/neo_simulation2/models/aws_robomaker_warehouse_TrashCanC_01/materials
[1.058s] -- Installing: /home/keti/turtle_carto/install/neo_simulation2/share/neo_simulation2/models/aws_robomaker_warehouse_TrashCanC_01/materials/textures
[1.058s] -- Installing: /home/keti/turtle_carto/install/neo_simulation2/share/neo_simulation2/models/aws_robomaker_warehouse_TrashCanC_01/materials/textures/aws_robomaker_warehouse_TrashCanC_01.png
[1.058s] -- Installing: /home/keti/turtle_carto/install/neo_simulation2/share/neo_simulation2/models/aws_robomaker_warehouse_TrashCanC_01/model.sdf
[1.058s] -- Installing: /home/keti/turtle_carto/install/neo_simulation2/share/neo_simulation2/models/window
[1.058s] -- Installing: /home/keti/turtle_carto/install/neo_simulation2/share/neo_simulation2/models/window/model.config
[1.058s] -- Installing: /home/keti/turtle_carto/install/neo_simulation2/share/neo_simulation2/models/window/model.sdf
[1.058s] -- Installing: /home/keti/turtle_carto/install/neo_simulation2/share/neo_simulation2/models/door
[1.058s] -- Installing: /home/keti/turtle_carto/install/neo_simulation2/share/neo_simulation2/models/door/model.config
[1.058s] -- Installing: /home/keti/turtle_carto/install/neo_simulation2/share/neo_simulation2/models/door/materials
[1.058s] -- Installing: /home/keti/turtle_carto/install/neo_simulation2/share/neo_simulation2/models/door/materials/scripts
[1.059s] -- Installing: /home/keti/turtle_carto/install/neo_simulation2/share/neo_simulation2/models/door/materials/scripts/door.material
[1.059s] -- Installing: /home/keti/turtle_carto/install/neo_simulation2/share/neo_simulation2/models/door/materials/textures
[1.059s] -- Installing: /home/keti/turtle_carto/install/neo_simulation2/share/neo_simulation2/models/door/materials/textures/door.jpg
[1.059s] -- Installing: /home/keti/turtle_carto/install/neo_simulation2/share/neo_simulation2/models/door/model.sdf
[1.059s] -- Installing: /home/keti/turtle_carto/install/neo_simulation2/share/ament_index/resource_index/package_run_dependencies/neo_simulation2
[1.059s] -- Installing: /home/keti/turtle_carto/install/neo_simulation2/share/ament_index/resource_index/parent_prefix_path/neo_simulation2
[1.059s] -- Installing: /home/keti/turtle_carto/install/neo_simulation2/share/neo_simulation2/environment/ament_prefix_path.sh
[1.059s] -- Installing: /home/keti/turtle_carto/install/neo_simulation2/share/neo_simulation2/environment/ament_prefix_path.dsv
[1.059s] -- Installing: /home/keti/turtle_carto/install/neo_simulation2/share/neo_simulation2/environment/path.sh
[1.059s] -- Installing: /home/keti/turtle_carto/install/neo_simulation2/share/neo_simulation2/environment/path.dsv
[1.059s] -- Installing: /home/keti/turtle_carto/install/neo_simulation2/share/neo_simulation2/local_setup.bash
[1.059s] -- Installing: /home/keti/turtle_carto/install/neo_simulation2/share/neo_simulation2/local_setup.sh
[1.059s] -- Installing: /home/keti/turtle_carto/install/neo_simulation2/share/neo_simulation2/local_setup.zsh
[1.060s] -- Installing: /home/keti/turtle_carto/install/neo_simulation2/share/neo_simulation2/local_setup.dsv
[1.060s] -- Installing: /home/keti/turtle_carto/install/neo_simulation2/share/neo_simulation2/package.dsv
[1.060s] -- Installing: /home/keti/turtle_carto/install/neo_simulation2/share/ament_index/resource_index/packages/neo_simulation2
[1.060s] -- Installing: /home/keti/turtle_carto/install/neo_simulation2/share/neo_simulation2/cmake/neo_simulation2Config.cmake
[1.060s] -- Installing: /home/keti/turtle_carto/install/neo_simulation2/share/neo_simulation2/cmake/neo_simulation2Config-version.cmake
[1.060s] -- Installing: /home/keti/turtle_carto/install/neo_simulation2/share/neo_simulation2/package.xml
[1.062s] Invoked command in '/home/keti/turtle_carto/build/neo_simulation2' returned '0': CMAKE_PREFIX_PATH=/opt/ros/foxy /usr/bin/cmake --install /home/keti/turtle_carto/build/neo_simulation2
