[0.104s] Invoking command in '/home/keti/turtle_carto/build/custom_interfaces': CMAKE_PREFIX_PATH=${CMAKE_PREFIX_PATH}:/home/keti/turtle_carto/install/turtlebot3_teleop:/home/keti/turtle_carto/install/turtlebot3_example:/home/keti/turtle_carto/install/py_topic_pkg:/home/keti/turtle_carto/install/py_service_pkg:/home/keti/turtle_carto/install/py_first_pkg:/home/keti/turtle_carto/install/py_action_pkg:/home/keti/turtle_carto/install/follow_waypoints:/opt/ros/foxy /usr/bin/cmake /home/keti/turtle_carto/src/gcamp_ros2_basic/custom_interfaces -DCMAKE_INSTALL_PREFIX=/home/keti/turtle_carto/install/custom_interfaces
[0.471s] -- The C compiler identification is GNU 9.4.0
[0.472s] -- The CXX compiler identification is GNU 9.4.0
[0.472s] -- Check for working C compiler: /usr/bin/cc
[0.472s] -- Check for working C compiler: /usr/bin/cc -- works
[0.472s] -- Detecting C compiler ABI info
[0.472s] -- Detecting C compiler ABI info - done
[0.472s] -- Detecting C compile features
[0.472s] -- Detecting C compile features - done
[0.472s] -- Check for working CXX compiler: /usr/bin/c++
[0.472s] -- Check for working CXX compiler: /usr/bin/c++ -- works
[0.472s] -- Detecting CXX compiler ABI info
[0.472s] -- Detecting CXX compiler ABI info - done
[0.472s] -- Detecting CXX compile features
[0.472s] -- Detecting CXX compile features - done
[0.473s] -- Found ament_cmake: 0.9.11 (/opt/ros/foxy/share/ament_cmake/cmake)
[0.473s] -- Found PythonInterp: /usr/bin/python3 (found suitable version "3.8.10", minimum required is "3") 
[0.473s] -- Using PYTHON_EXECUTABLE: /usr/bin/python3
[0.473s] -- Found rosidl_default_generators: 1.0.1 (/opt/ros/foxy/share/rosidl_default_generators/cmake)
[0.473s] -- Using all available rosidl_typesupport_c: rosidl_typesupport_fastrtps_c;rosidl_typesupport_introspection_c
[0.476s] -- Found rosidl_adapter: 1.3.0 (/opt/ros/foxy/share/rosidl_adapter/cmake)
[0.535s] -- Found OpenSSL: /usr/lib/x86_64-linux-gnu/libcrypto.so (found version "1.1.1f")  
[0.555s] -- Found FastRTPS: /opt/ros/foxy/include  
[0.603s] -- Using all available rosidl_typesupport_cpp: rosidl_typesupport_fastrtps_cpp;rosidl_typesupport_introspection_cpp
[0.626s] -- Found PythonInterp: /usr/bin/python3 (found version "3.8.10") 
[0.769s] -- Found ament_cmake_ros: 0.9.2 (/opt/ros/foxy/share/ament_cmake_ros/cmake)
[0.876s] -- Using all available rosidl_typesupport_c: rosidl_typesupport_fastrtps_c;rosidl_typesupport_introspection_c
[0.893s] -- Using all available rosidl_typesupport_cpp: rosidl_typesupport_fastrtps_cpp;rosidl_typesupport_introspection_cpp
[0.909s] -- Found PythonInterp: /usr/bin/python3 (found suitable version "3.8.10", minimum required is "3.5") 
[0.912s] -- Found python_cmake_module: 0.8.1 (/opt/ros/foxy/share/python_cmake_module/cmake)
[0.929s] -- Found PythonLibs: /usr/lib/x86_64-linux-gnu/libpython3.8.so (found suitable version "3.8.10", minimum required is "3.5") 
[0.929s] -- Using PYTHON_EXECUTABLE: /usr/bin/python3
[0.929s] -- Using PYTHON_INCLUDE_DIRS: /usr/include/python3.8
[0.929s] -- Using PYTHON_LIBRARIES: /usr/lib/x86_64-linux-gnu/libpython3.8.so
[0.941s] -- Found PythonExtra: .so  
[0.986s] -- Found ament_lint_auto: 0.9.8 (/opt/ros/foxy/share/ament_lint_auto/cmake)
[1.007s] -- Added test 'copyright' to check source files copyright and LICENSE
[1.008s] -- Added test 'lint_cmake' to check CMake code style
[1.008s] -- Added test 'xmllint' to check XML markup files
[1.011s] -- Configuring done
[1.035s] -- Generating done
[1.036s] -- Build files have been written to: /home/keti/turtle_carto/build/custom_interfaces
[1.041s] Invoked command in '/home/keti/turtle_carto/build/custom_interfaces' returned '0': CMAKE_PREFIX_PATH=${CMAKE_PREFIX_PATH}:/home/keti/turtle_carto/install/turtlebot3_teleop:/home/keti/turtle_carto/install/turtlebot3_example:/home/keti/turtle_carto/install/py_topic_pkg:/home/keti/turtle_carto/install/py_service_pkg:/home/keti/turtle_carto/install/py_first_pkg:/home/keti/turtle_carto/install/py_action_pkg:/home/keti/turtle_carto/install/follow_waypoints:/opt/ros/foxy /usr/bin/cmake /home/keti/turtle_carto/src/gcamp_ros2_basic/custom_interfaces -DCMAKE_INSTALL_PREFIX=/home/keti/turtle_carto/install/custom_interfaces
[1.043s] Invoking command in '/home/keti/turtle_carto/build/custom_interfaces': CMAKE_PREFIX_PATH=${CMAKE_PREFIX_PATH}:/home/keti/turtle_carto/install/turtlebot3_teleop:/home/keti/turtle_carto/install/turtlebot3_example:/home/keti/turtle_carto/install/py_topic_pkg:/home/keti/turtle_carto/install/py_service_pkg:/home/keti/turtle_carto/install/py_first_pkg:/home/keti/turtle_carto/install/py_action_pkg:/home/keti/turtle_carto/install/follow_waypoints:/opt/ros/foxy /usr/bin/cmake --build /home/keti/turtle_carto/build/custom_interfaces -- -j24 -l24
[1.066s] [  1%] [34m[1mGenerating C code for ROS interfaces[0m
[1.067s] [35m[1mScanning dependencies of target custom_interfaces__cpp[0m
[1.072s] [  3%] [34m[1mGenerating C++ code for ROS interfaces[0m
[1.513s] [  3%] Built target custom_interfaces__cpp
[1.542s] [  4%] [34m[1mGenerating C++ type support for eProsima Fast-RTPS[0m
[1.558s] [  6%] [34m[1mGenerating C++ introspection for ROS interfaces[0m
[1.566s] [  7%] [34m[1mGenerating C++ type support dispatch for ROS interfaces[0m
[1.578s] [35m[1mScanning dependencies of target custom_interfaces__rosidl_generator_c[0m
[1.608s] [  9%] [32mBuilding C object CMakeFiles/custom_interfaces__rosidl_generator_c.dir/rosidl_generator_c/custom_interfaces/msg/detail/num__functions.c.o[0m
[1.628s] [ 11%] [32mBuilding C object CMakeFiles/custom_interfaces__rosidl_generator_c.dir/rosidl_generator_c/custom_interfaces/srv/detail/add_three_ints__functions.c.o[0m
[1.631s] [ 12%] [32mBuilding C object CMakeFiles/custom_interfaces__rosidl_generator_c.dir/rosidl_generator_c/custom_interfaces/srv/detail/turning_control__functions.c.o[0m
[1.707s] [ 14%] [32mBuilding C object CMakeFiles/custom_interfaces__rosidl_generator_c.dir/rosidl_generator_c/custom_interfaces/action/detail/fibonacci__functions.c.o[0m
[1.716s] [ 15%] [32mBuilding C object CMakeFiles/custom_interfaces__rosidl_generator_c.dir/rosidl_generator_c/custom_interfaces/action/detail/maze__functions.c.o[0m
[2.006s] [ 17%] [32m[1mLinking C shared library libcustom_interfaces__rosidl_generator_c.so[0m
[2.067s] [35m[1mScanning dependencies of target custom_interfaces__rosidl_typesupport_cpp[0m
[2.072s] [ 17%] Built target custom_interfaces__rosidl_generator_c
[2.085s] [ 19%] [34m[1mGenerating C type support dispatch for ROS interfaces[0m
[2.101s] [ 20%] [34m[1mGenerating C introspection for ROS interfaces[0m
[2.106s] [ 22%] [32mBuilding CXX object CMakeFiles/custom_interfaces__rosidl_typesupport_cpp.dir/rosidl_typesupport_cpp/custom_interfaces/msg/num__type_support.cpp.o[0m
[2.108s] [ 23%] [32mBuilding CXX object CMakeFiles/custom_interfaces__rosidl_typesupport_cpp.dir/rosidl_typesupport_cpp/custom_interfaces/srv/add_three_ints__type_support.cpp.o[0m
[2.115s] [35m[1mScanning dependencies of target custom_interfaces__rosidl_typesupport_introspection_cpp[0m
[2.129s] [ 25%] [32mBuilding CXX object CMakeFiles/custom_interfaces__rosidl_typesupport_cpp.dir/rosidl_typesupport_cpp/custom_interfaces/srv/turning_control__type_support.cpp.o[0m
[2.131s] [35m[1mScanning dependencies of target custom_interfaces__rosidl_typesupport_fastrtps_cpp[0m
[2.166s] [ 26%] [32mBuilding CXX object CMakeFiles/custom_interfaces__rosidl_typesupport_introspection_cpp.dir/rosidl_typesupport_introspection_cpp/custom_interfaces/msg/detail/num__type_support.cpp.o[0m
[2.175s] [ 28%] [32mBuilding CXX object CMakeFiles/custom_interfaces__rosidl_typesupport_fastrtps_cpp.dir/rosidl_typesupport_fastrtps_cpp/custom_interfaces/msg/detail/dds_fastrtps/num__type_support.cpp.o[0m
[2.196s] [ 30%] [32mBuilding CXX object CMakeFiles/custom_interfaces__rosidl_typesupport_cpp.dir/rosidl_typesupport_cpp/custom_interfaces/action/fibonacci__type_support.cpp.o[0m
[2.196s] [ 33%] [32mBuilding CXX object CMakeFiles/custom_interfaces__rosidl_typesupport_introspection_cpp.dir/rosidl_typesupport_introspection_cpp/custom_interfaces/srv/detail/add_three_ints__type_support.cpp.o[0m
[2.196s] [ 33%] [32mBuilding CXX object CMakeFiles/custom_interfaces__rosidl_typesupport_fastrtps_cpp.dir/rosidl_typesupport_fastrtps_cpp/custom_interfaces/srv/detail/dds_fastrtps/add_three_ints__type_support.cpp.o[0m
[2.196s] [ 34%] [32mBuilding CXX object CMakeFiles/custom_interfaces__rosidl_typesupport_introspection_cpp.dir/rosidl_typesupport_introspection_cpp/custom_interfaces/srv/detail/turning_control__type_support.cpp.o[0m
[2.197s] [ 38%] [32mBuilding CXX object CMakeFiles/custom_interfaces__rosidl_typesupport_cpp.dir/rosidl_typesupport_cpp/custom_interfaces/action/maze__type_support.cpp.o[0m
[2.198s] [ 39%] [32mBuilding CXX object CMakeFiles/custom_interfaces__rosidl_typesupport_introspection_cpp.dir/rosidl_typesupport_introspection_cpp/custom_interfaces/action/detail/fibonacci__type_support.cpp.o[0m
[2.200s] [ 36%] [32mBuilding CXX object CMakeFiles/custom_interfaces__rosidl_typesupport_fastrtps_cpp.dir/rosidl_typesupport_fastrtps_cpp/custom_interfaces/srv/detail/dds_fastrtps/turning_control__type_support.cpp.o[0m
[2.207s] [ 41%] [32mBuilding CXX object CMakeFiles/custom_interfaces__rosidl_typesupport_fastrtps_cpp.dir/rosidl_typesupport_fastrtps_cpp/custom_interfaces/action/detail/dds_fastrtps/fibonacci__type_support.cpp.o[0m
[2.244s] [ 42%] [32mBuilding CXX object CMakeFiles/custom_interfaces__rosidl_typesupport_introspection_cpp.dir/rosidl_typesupport_introspection_cpp/custom_interfaces/action/detail/maze__type_support.cpp.o[0m
[2.307s] [ 44%] [32mBuilding CXX object CMakeFiles/custom_interfaces__rosidl_typesupport_fastrtps_cpp.dir/rosidl_typesupport_fastrtps_cpp/custom_interfaces/action/detail/dds_fastrtps/maze__type_support.cpp.o[0m
[2.567s] [35m[1mScanning dependencies of target custom_interfaces__rosidl_typesupport_c[0m
[2.615s] [ 46%] [32mBuilding CXX object CMakeFiles/custom_interfaces__rosidl_typesupport_c.dir/rosidl_typesupport_c/custom_interfaces/msg/num__type_support.cpp.o[0m
[2.641s] [ 47%] [32mBuilding CXX object CMakeFiles/custom_interfaces__rosidl_typesupport_c.dir/rosidl_typesupport_c/custom_interfaces/srv/add_three_ints__type_support.cpp.o[0m
[2.661s] [ 49%] [32mBuilding CXX object CMakeFiles/custom_interfaces__rosidl_typesupport_c.dir/rosidl_typesupport_c/custom_interfaces/srv/turning_control__type_support.cpp.o[0m
[2.716s] [ 50%] [32mBuilding CXX object CMakeFiles/custom_interfaces__rosidl_typesupport_c.dir/rosidl_typesupport_c/custom_interfaces/action/fibonacci__type_support.cpp.o[0m
[2.723s] [ 52%] [32mBuilding CXX object CMakeFiles/custom_interfaces__rosidl_typesupport_c.dir/rosidl_typesupport_c/custom_interfaces/action/maze__type_support.cpp.o[0m
[2.827s] [ 53%] [32m[1mLinking CXX shared library libcustom_interfaces__rosidl_typesupport_cpp.so[0m
[2.866s] [ 55%] [32m[1mLinking CXX shared library libcustom_interfaces__rosidl_typesupport_c.so[0m
[2.943s] [35m[1mScanning dependencies of target custom_interfaces__rosidl_typesupport_introspection_c[0m
[2.946s] [ 57%] [32m[1mLinking CXX shared library libcustom_interfaces__rosidl_typesupport_introspection_cpp.so[0m
[2.968s] [ 57%] Built target custom_interfaces__rosidl_typesupport_cpp
[2.990s] [ 57%] Built target custom_interfaces__rosidl_typesupport_c
[3.001s] [ 58%] [32mBuilding C object CMakeFiles/custom_interfaces__rosidl_typesupport_introspection_c.dir/rosidl_typesupport_introspection_c/custom_interfaces/msg/detail/num__type_support.c.o[0m
[3.013s] [ 60%] [32mBuilding C object CMakeFiles/custom_interfaces__rosidl_typesupport_introspection_c.dir/rosidl_typesupport_introspection_c/custom_interfaces/srv/detail/turning_control__type_support.c.o[0m
[3.025s] [ 61%] [32mBuilding C object CMakeFiles/custom_interfaces__rosidl_typesupport_introspection_c.dir/rosidl_typesupport_introspection_c/custom_interfaces/action/detail/fibonacci__type_support.c.o[0m
[3.029s] [ 63%] [32mBuilding C object CMakeFiles/custom_interfaces__rosidl_typesupport_introspection_c.dir/rosidl_typesupport_introspection_c/custom_interfaces/srv/detail/add_three_ints__type_support.c.o[0m
[3.051s] [ 65%] [32mBuilding C object CMakeFiles/custom_interfaces__rosidl_typesupport_introspection_c.dir/rosidl_typesupport_introspection_c/custom_interfaces/action/detail/maze__type_support.c.o[0m
[3.098s] [ 66%] [32m[1mLinking CXX shared library libcustom_interfaces__rosidl_typesupport_fastrtps_cpp.so[0m
[3.139s] [ 66%] Built target custom_interfaces__rosidl_typesupport_introspection_cpp
[3.147s] [ 68%] [32m[1mLinking C shared library libcustom_interfaces__rosidl_typesupport_introspection_c.so[0m
[3.194s] [ 68%] Built target custom_interfaces__rosidl_typesupport_introspection_c
[3.195s] [ 68%] Built target custom_interfaces__rosidl_typesupport_fastrtps_cpp
[3.204s] [ 69%] [34m[1mGenerating C type support for eProsima Fast-RTPS[0m
[3.613s] [35m[1mScanning dependencies of target custom_interfaces__rosidl_typesupport_fastrtps_c[0m
[3.627s] [ 71%] [32mBuilding CXX object CMakeFiles/custom_interfaces__rosidl_typesupport_fastrtps_c.dir/rosidl_typesupport_fastrtps_c/custom_interfaces/msg/detail/num__type_support_c.cpp.o[0m
[3.630s] [ 76%] [32mBuilding CXX object CMakeFiles/custom_interfaces__rosidl_typesupport_fastrtps_c.dir/rosidl_typesupport_fastrtps_c/custom_interfaces/action/detail/fibonacci__type_support_c.cpp.o[0m
[3.630s] [ 76%] [32mBuilding CXX object CMakeFiles/custom_interfaces__rosidl_typesupport_fastrtps_c.dir/rosidl_typesupport_fastrtps_c/custom_interfaces/action/detail/maze__type_support_c.cpp.o[0m
[3.630s] [ 76%] [32mBuilding CXX object CMakeFiles/custom_interfaces__rosidl_typesupport_fastrtps_c.dir/rosidl_typesupport_fastrtps_c/custom_interfaces/srv/detail/add_three_ints__type_support_c.cpp.o[0m
[3.632s] [ 77%] [32mBuilding CXX object CMakeFiles/custom_interfaces__rosidl_typesupport_fastrtps_c.dir/rosidl_typesupport_fastrtps_c/custom_interfaces/srv/detail/turning_control__type_support_c.cpp.o[0m
[3.959s] [ 79%] [32m[1mLinking CXX shared library libcustom_interfaces__rosidl_typesupport_fastrtps_c.so[0m
[4.008s] [ 79%] Built target custom_interfaces__rosidl_typesupport_fastrtps_c
[4.014s] [35m[1mScanning dependencies of target custom_interfaces[0m
[4.020s] [ 79%] Built target custom_interfaces
[4.028s] [35m[1mScanning dependencies of target custom_interfaces__py[0m
[4.034s] [ 80%] [34m[1mGenerating Python code for ROS interfaces[0m
[4.785s] [ 80%] Built target custom_interfaces__py
[4.789s] [35m[1mScanning dependencies of target custom_interfaces__python[0m
[4.801s] [ 82%] [32mBuilding C object CMakeFiles/custom_interfaces__python.dir/rosidl_generator_py/custom_interfaces/msg/_num_s.c.o[0m
[4.803s] [ 88%] [32mBuilding C object CMakeFiles/custom_interfaces__python.dir/rosidl_generator_py/custom_interfaces/action/_fibonacci_s.c.o[0m
[4.803s] [ 88%] [32mBuilding C object CMakeFiles/custom_interfaces__python.dir/rosidl_generator_py/custom_interfaces/srv/_add_three_ints_s.c.o[0m
[4.803s] [ 88%] [32mBuilding C object CMakeFiles/custom_interfaces__python.dir/rosidl_generator_py/custom_interfaces/srv/_turning_control_s.c.o[0m
[4.803s] [ 88%] [32mBuilding C object CMakeFiles/custom_interfaces__python.dir/rosidl_generator_py/custom_interfaces/action/_maze_s.c.o[0m
[4.913s] [ 90%] [32m[1mLinking C shared library rosidl_generator_py/custom_interfaces/libcustom_interfaces__python.so[0m
[4.938s] [ 90%] Built target custom_interfaces__python
[4.944s] [35m[1mScanning dependencies of target custom_interfaces__rosidl_typesupport_introspection_c__pyext[0m
[4.944s] [35m[1mScanning dependencies of target custom_interfaces__rosidl_typesupport_fastrtps_c__pyext[0m
[4.944s] [35m[1mScanning dependencies of target custom_interfaces__rosidl_typesupport_c__pyext[0m
[4.954s] [ 93%] [32mBuilding C object CMakeFiles/custom_interfaces__rosidl_typesupport_introspection_c__pyext.dir/rosidl_generator_py/custom_interfaces/_custom_interfaces_s.ep.rosidl_typesupport_introspection_c.c.o[0m
[4.954s] [ 93%] [32mBuilding C object CMakeFiles/custom_interfaces__rosidl_typesupport_fastrtps_c__pyext.dir/rosidl_generator_py/custom_interfaces/_custom_interfaces_s.ep.rosidl_typesupport_fastrtps_c.c.o[0m
[4.954s] [ 95%] [32mBuilding C object CMakeFiles/custom_interfaces__rosidl_typesupport_c__pyext.dir/rosidl_generator_py/custom_interfaces/_custom_interfaces_s.ep.rosidl_typesupport_c.c.o[0m
[5.023s] [ 96%] [32m[1mLinking C shared library rosidl_generator_py/custom_interfaces/custom_interfaces_s__rosidl_typesupport_c.cpython-38-x86_64-linux-gnu.so[0m
[5.025s] [ 98%] [32m[1mLinking CXX shared library rosidl_generator_py/custom_interfaces/custom_interfaces_s__rosidl_typesupport_fastrtps_c.cpython-38-x86_64-linux-gnu.so[0m
[5.028s] [100%] [32m[1mLinking C shared library rosidl_generator_py/custom_interfaces/custom_interfaces_s__rosidl_typesupport_introspection_c.cpython-38-x86_64-linux-gnu.so[0m
[5.048s] [100%] Built target custom_interfaces__rosidl_typesupport_c__pyext
[5.053s] [100%] Built target custom_interfaces__rosidl_typesupport_introspection_c__pyext
[5.073s] [100%] Built target custom_interfaces__rosidl_typesupport_fastrtps_c__pyext
[5.081s] Invoked command in '/home/keti/turtle_carto/build/custom_interfaces' returned '0': CMAKE_PREFIX_PATH=${CMAKE_PREFIX_PATH}:/home/keti/turtle_carto/install/turtlebot3_teleop:/home/keti/turtle_carto/install/turtlebot3_example:/home/keti/turtle_carto/install/py_topic_pkg:/home/keti/turtle_carto/install/py_service_pkg:/home/keti/turtle_carto/install/py_first_pkg:/home/keti/turtle_carto/install/py_action_pkg:/home/keti/turtle_carto/install/follow_waypoints:/opt/ros/foxy /usr/bin/cmake --build /home/keti/turtle_carto/build/custom_interfaces -- -j24 -l24
[5.132s] Invoking command in '/home/keti/turtle_carto/build/custom_interfaces': CMAKE_PREFIX_PATH=${CMAKE_PREFIX_PATH}:/home/keti/turtle_carto/install/turtlebot3_teleop:/home/keti/turtle_carto/install/turtlebot3_example:/home/keti/turtle_carto/install/py_topic_pkg:/home/keti/turtle_carto/install/py_service_pkg:/home/keti/turtle_carto/install/py_first_pkg:/home/keti/turtle_carto/install/py_action_pkg:/home/keti/turtle_carto/install/follow_waypoints:/opt/ros/foxy /usr/bin/cmake --install /home/keti/turtle_carto/build/custom_interfaces
[5.138s] -- Install configuration: ""
[5.138s] -- Installing: /home/keti/turtle_carto/install/custom_interfaces/share/ament_index/resource_index/rosidl_interfaces/custom_interfaces
[5.138s] -- Installing: /home/keti/turtle_carto/install/custom_interfaces/include/custom_interfaces
[5.138s] -- Installing: /home/keti/turtle_carto/install/custom_interfaces/include/custom_interfaces/msg
[5.138s] -- Installing: /home/keti/turtle_carto/install/custom_interfaces/include/custom_interfaces/msg/rosidl_generator_c__visibility_control.h
[5.138s] -- Installing: /home/keti/turtle_carto/install/custom_interfaces/include/custom_interfaces/msg/num.h
[5.138s] -- Installing: /home/keti/turtle_carto/install/custom_interfaces/include/custom_interfaces/msg/detail
[5.138s] -- Installing: /home/keti/turtle_carto/install/custom_interfaces/include/custom_interfaces/msg/detail/num__type_support.h
[5.138s] -- Installing: /home/keti/turtle_carto/install/custom_interfaces/include/custom_interfaces/msg/detail/num__functions.h
[5.138s] -- Installing: /home/keti/turtle_carto/install/custom_interfaces/include/custom_interfaces/msg/detail/num__functions.c
[5.139s] -- Installing: /home/keti/turtle_carto/install/custom_interfaces/include/custom_interfaces/msg/detail/num__struct.h
[5.139s] -- Installing: /home/keti/turtle_carto/install/custom_interfaces/include/custom_interfaces/action
[5.139s] -- Installing: /home/keti/turtle_carto/install/custom_interfaces/include/custom_interfaces/action/detail
[5.139s] -- Installing: /home/keti/turtle_carto/install/custom_interfaces/include/custom_interfaces/action/detail/maze__struct.h
[5.139s] -- Installing: /home/keti/turtle_carto/install/custom_interfaces/include/custom_interfaces/action/detail/maze__functions.h
[5.139s] -- Installing: /home/keti/turtle_carto/install/custom_interfaces/include/custom_interfaces/action/detail/fibonacci__struct.h
[5.139s] -- Installing: /home/keti/turtle_carto/install/custom_interfaces/include/custom_interfaces/action/detail/fibonacci__type_support.h
[5.139s] -- Installing: /home/keti/turtle_carto/install/custom_interfaces/include/custom_interfaces/action/detail/maze__functions.c
[5.139s] -- Installing: /home/keti/turtle_carto/install/custom_interfaces/include/custom_interfaces/action/detail/maze__type_support.h
[5.139s] -- Installing: /home/keti/turtle_carto/install/custom_interfaces/include/custom_interfaces/action/detail/fibonacci__functions.c
[5.139s] -- Installing: /home/keti/turtle_carto/install/custom_interfaces/include/custom_interfaces/action/detail/fibonacci__functions.h
[5.139s] -- Installing: /home/keti/turtle_carto/install/custom_interfaces/include/custom_interfaces/action/maze.h
[5.139s] -- Installing: /home/keti/turtle_carto/install/custom_interfaces/include/custom_interfaces/action/fibonacci.h
[5.139s] -- Installing: /home/keti/turtle_carto/install/custom_interfaces/include/custom_interfaces/srv
[5.139s] -- Installing: /home/keti/turtle_carto/install/custom_interfaces/include/custom_interfaces/srv/detail
[5.140s] -- Installing: /home/keti/turtle_carto/install/custom_interfaces/include/custom_interfaces/srv/detail/turning_control__functions.c
[5.140s] -- Installing: /home/keti/turtle_carto/install/custom_interfaces/include/custom_interfaces/srv/detail/turning_control__struct.h
[5.140s] -- Installing: /home/keti/turtle_carto/install/custom_interfaces/include/custom_interfaces/srv/detail/add_three_ints__struct.h
[5.140s] -- Installing: /home/keti/turtle_carto/install/custom_interfaces/include/custom_interfaces/srv/detail/add_three_ints__type_support.h
[5.140s] -- Installing: /home/keti/turtle_carto/install/custom_interfaces/include/custom_interfaces/srv/detail/add_three_ints__functions.c
[5.140s] -- Installing: /home/keti/turtle_carto/install/custom_interfaces/include/custom_interfaces/srv/detail/turning_control__functions.h
[5.140s] -- Installing: /home/keti/turtle_carto/install/custom_interfaces/include/custom_interfaces/srv/detail/add_three_ints__functions.h
[5.140s] -- Installing: /home/keti/turtle_carto/install/custom_interfaces/include/custom_interfaces/srv/detail/turning_control__type_support.h
[5.140s] -- Installing: /home/keti/turtle_carto/install/custom_interfaces/include/custom_interfaces/srv/turning_control.h
[5.140s] -- Installing: /home/keti/turtle_carto/install/custom_interfaces/include/custom_interfaces/srv/add_three_ints.h
[5.140s] -- Installing: /home/keti/turtle_carto/install/custom_interfaces/share/custom_interfaces/environment/library_path.sh
[5.140s] -- Installing: /home/keti/turtle_carto/install/custom_interfaces/share/custom_interfaces/environment/library_path.dsv
[5.141s] -- Installing: /home/keti/turtle_carto/install/custom_interfaces/lib/libcustom_interfaces__rosidl_generator_c.so
[5.141s] -- Set runtime path of "/home/keti/turtle_carto/install/custom_interfaces/lib/libcustom_interfaces__rosidl_generator_c.so" to ""
[5.141s] -- Up-to-date: /home/keti/turtle_carto/install/custom_interfaces/include/custom_interfaces
[5.141s] -- Up-to-date: /home/keti/turtle_carto/install/custom_interfaces/include/custom_interfaces/msg
[5.141s] -- Installing: /home/keti/turtle_carto/install/custom_interfaces/include/custom_interfaces/msg/rosidl_typesupport_fastrtps_c__visibility_control.h
[5.141s] -- Up-to-date: /home/keti/turtle_carto/install/custom_interfaces/include/custom_interfaces/msg/detail
[5.141s] -- Installing: /home/keti/turtle_carto/install/custom_interfaces/include/custom_interfaces/msg/detail/num__rosidl_typesupport_fastrtps_c.h
[5.141s] -- Up-to-date: /home/keti/turtle_carto/install/custom_interfaces/include/custom_interfaces/action
[5.141s] -- Up-to-date: /home/keti/turtle_carto/install/custom_interfaces/include/custom_interfaces/action/detail
[5.141s] -- Installing: /home/keti/turtle_carto/install/custom_interfaces/include/custom_interfaces/action/detail/maze__rosidl_typesupport_fastrtps_c.h
[5.142s] -- Installing: /home/keti/turtle_carto/install/custom_interfaces/include/custom_interfaces/action/detail/fibonacci__rosidl_typesupport_fastrtps_c.h
[5.142s] -- Up-to-date: /home/keti/turtle_carto/install/custom_interfaces/include/custom_interfaces/srv
[5.142s] -- Up-to-date: /home/keti/turtle_carto/install/custom_interfaces/include/custom_interfaces/srv/detail
[5.142s] -- Installing: /home/keti/turtle_carto/install/custom_interfaces/include/custom_interfaces/srv/detail/add_three_ints__rosidl_typesupport_fastrtps_c.h
[5.142s] -- Installing: /home/keti/turtle_carto/install/custom_interfaces/include/custom_interfaces/srv/detail/turning_control__rosidl_typesupport_fastrtps_c.h
[5.142s] -- Installing: /home/keti/turtle_carto/install/custom_interfaces/lib/libcustom_interfaces__rosidl_typesupport_fastrtps_c.so
[5.142s] -- Set runtime path of "/home/keti/turtle_carto/install/custom_interfaces/lib/libcustom_interfaces__rosidl_typesupport_fastrtps_c.so" to ""
[5.142s] -- Up-to-date: /home/keti/turtle_carto/install/custom_interfaces/include/custom_interfaces
[5.142s] -- Up-to-date: /home/keti/turtle_carto/install/custom_interfaces/include/custom_interfaces/msg
[5.142s] -- Up-to-date: /home/keti/turtle_carto/install/custom_interfaces/include/custom_interfaces/msg/detail
[5.142s] -- Installing: /home/keti/turtle_carto/install/custom_interfaces/include/custom_interfaces/msg/detail/dds_fastrtps
[5.143s] -- Installing: /home/keti/turtle_carto/install/custom_interfaces/include/custom_interfaces/msg/detail/num__rosidl_typesupport_fastrtps_cpp.hpp
[5.143s] -- Installing: /home/keti/turtle_carto/install/custom_interfaces/include/custom_interfaces/msg/rosidl_typesupport_fastrtps_cpp__visibility_control.h
[5.143s] -- Up-to-date: /home/keti/turtle_carto/install/custom_interfaces/include/custom_interfaces/action
[5.143s] -- Up-to-date: /home/keti/turtle_carto/install/custom_interfaces/include/custom_interfaces/action/detail
[5.143s] -- Installing: /home/keti/turtle_carto/install/custom_interfaces/include/custom_interfaces/action/detail/fibonacci__rosidl_typesupport_fastrtps_cpp.hpp
[5.143s] -- Installing: /home/keti/turtle_carto/install/custom_interfaces/include/custom_interfaces/action/detail/dds_fastrtps
[5.143s] -- Installing: /home/keti/turtle_carto/install/custom_interfaces/include/custom_interfaces/action/detail/maze__rosidl_typesupport_fastrtps_cpp.hpp
[5.143s] -- Up-to-date: /home/keti/turtle_carto/install/custom_interfaces/include/custom_interfaces/srv
[5.143s] -- Up-to-date: /home/keti/turtle_carto/install/custom_interfaces/include/custom_interfaces/srv/detail
[5.143s] -- Installing: /home/keti/turtle_carto/install/custom_interfaces/include/custom_interfaces/srv/detail/dds_fastrtps
[5.143s] -- Installing: /home/keti/turtle_carto/install/custom_interfaces/include/custom_interfaces/srv/detail/turning_control__rosidl_typesupport_fastrtps_cpp.hpp
[5.143s] -- Installing: /home/keti/turtle_carto/install/custom_interfaces/include/custom_interfaces/srv/detail/add_three_ints__rosidl_typesupport_fastrtps_cpp.hpp
[5.143s] -- Installing: /home/keti/turtle_carto/install/custom_interfaces/lib/libcustom_interfaces__rosidl_typesupport_fastrtps_cpp.so
[5.143s] -- Set runtime path of "/home/keti/turtle_carto/install/custom_interfaces/lib/libcustom_interfaces__rosidl_typesupport_fastrtps_cpp.so" to ""
[5.143s] -- Up-to-date: /home/keti/turtle_carto/install/custom_interfaces/include/custom_interfaces
[5.143s] -- Up-to-date: /home/keti/turtle_carto/install/custom_interfaces/include/custom_interfaces/msg
[5.144s] -- Up-to-date: /home/keti/turtle_carto/install/custom_interfaces/include/custom_interfaces/msg/detail
[5.144s] -- Installing: /home/keti/turtle_carto/install/custom_interfaces/include/custom_interfaces/msg/detail/num__type_support.c
[5.144s] -- Installing: /home/keti/turtle_carto/install/custom_interfaces/include/custom_interfaces/msg/detail/num__rosidl_typesupport_introspection_c.h
[5.144s] -- Installing: /home/keti/turtle_carto/install/custom_interfaces/include/custom_interfaces/msg/rosidl_typesupport_introspection_c__visibility_control.h
[5.144s] -- Up-to-date: /home/keti/turtle_carto/install/custom_interfaces/include/custom_interfaces/action
[5.144s] -- Up-to-date: /home/keti/turtle_carto/install/custom_interfaces/include/custom_interfaces/action/detail
[5.144s] -- Installing: /home/keti/turtle_carto/install/custom_interfaces/include/custom_interfaces/action/detail/fibonacci__rosidl_typesupport_introspection_c.h
[5.144s] -- Installing: /home/keti/turtle_carto/install/custom_interfaces/include/custom_interfaces/action/detail/maze__type_support.c
[5.144s] -- Installing: /home/keti/turtle_carto/install/custom_interfaces/include/custom_interfaces/action/detail/maze__rosidl_typesupport_introspection_c.h
[5.144s] -- Installing: /home/keti/turtle_carto/install/custom_interfaces/include/custom_interfaces/action/detail/fibonacci__type_support.c
[5.144s] -- Up-to-date: /home/keti/turtle_carto/install/custom_interfaces/include/custom_interfaces/srv
[5.144s] -- Up-to-date: /home/keti/turtle_carto/install/custom_interfaces/include/custom_interfaces/srv/detail
[5.144s] -- Installing: /home/keti/turtle_carto/install/custom_interfaces/include/custom_interfaces/srv/detail/turning_control__type_support.c
[5.144s] -- Installing: /home/keti/turtle_carto/install/custom_interfaces/include/custom_interfaces/srv/detail/add_three_ints__type_support.c
[5.144s] -- Installing: /home/keti/turtle_carto/install/custom_interfaces/include/custom_interfaces/srv/detail/add_three_ints__rosidl_typesupport_introspection_c.h
[5.145s] -- Installing: /home/keti/turtle_carto/install/custom_interfaces/include/custom_interfaces/srv/detail/turning_control__rosidl_typesupport_introspection_c.h
[5.145s] -- Installing: /home/keti/turtle_carto/install/custom_interfaces/lib/libcustom_interfaces__rosidl_typesupport_introspection_c.so
[5.145s] -- Set runtime path of "/home/keti/turtle_carto/install/custom_interfaces/lib/libcustom_interfaces__rosidl_typesupport_introspection_c.so" to ""
[5.145s] -- Installing: /home/keti/turtle_carto/install/custom_interfaces/lib/libcustom_interfaces__rosidl_typesupport_c.so
[5.145s] -- Set runtime path of "/home/keti/turtle_carto/install/custom_interfaces/lib/libcustom_interfaces__rosidl_typesupport_c.so" to ""
[5.145s] -- Up-to-date: /home/keti/turtle_carto/install/custom_interfaces/include/custom_interfaces
[5.145s] -- Up-to-date: /home/keti/turtle_carto/install/custom_interfaces/include/custom_interfaces/msg
[5.145s] -- Installing: /home/keti/turtle_carto/install/custom_interfaces/include/custom_interfaces/msg/num.hpp
[5.145s] -- Up-to-date: /home/keti/turtle_carto/install/custom_interfaces/include/custom_interfaces/msg/detail
[5.145s] -- Installing: /home/keti/turtle_carto/install/custom_interfaces/include/custom_interfaces/msg/detail/num__struct.hpp
[5.145s] -- Installing: /home/keti/turtle_carto/install/custom_interfaces/include/custom_interfaces/msg/detail/num__traits.hpp
[5.145s] -- Installing: /home/keti/turtle_carto/install/custom_interfaces/include/custom_interfaces/msg/detail/num__builder.hpp
[5.145s] -- Up-to-date: /home/keti/turtle_carto/install/custom_interfaces/include/custom_interfaces/action
[5.145s] -- Installing: /home/keti/turtle_carto/install/custom_interfaces/include/custom_interfaces/action/fibonacci.hpp
[5.145s] -- Up-to-date: /home/keti/turtle_carto/install/custom_interfaces/include/custom_interfaces/action/detail
[5.145s] -- Installing: /home/keti/turtle_carto/install/custom_interfaces/include/custom_interfaces/action/detail/fibonacci__struct.hpp
[5.145s] -- Installing: /home/keti/turtle_carto/install/custom_interfaces/include/custom_interfaces/action/detail/fibonacci__traits.hpp
[5.146s] -- Installing: /home/keti/turtle_carto/install/custom_interfaces/include/custom_interfaces/action/detail/maze__struct.hpp
[5.146s] -- Installing: /home/keti/turtle_carto/install/custom_interfaces/include/custom_interfaces/action/detail/maze__traits.hpp
[5.146s] -- Installing: /home/keti/turtle_carto/install/custom_interfaces/include/custom_interfaces/action/detail/maze__builder.hpp
[5.146s] -- Installing: /home/keti/turtle_carto/install/custom_interfaces/include/custom_interfaces/action/detail/fibonacci__builder.hpp
[5.146s] -- Installing: /home/keti/turtle_carto/install/custom_interfaces/include/custom_interfaces/action/maze.hpp
[5.146s] -- Up-to-date: /home/keti/turtle_carto/install/custom_interfaces/include/custom_interfaces/srv
[5.146s] -- Installing: /home/keti/turtle_carto/install/custom_interfaces/include/custom_interfaces/srv/turning_control.hpp
[5.146s] -- Installing: /home/keti/turtle_carto/install/custom_interfaces/include/custom_interfaces/srv/add_three_ints.hpp
[5.146s] -- Up-to-date: /home/keti/turtle_carto/install/custom_interfaces/include/custom_interfaces/srv/detail
[5.146s] -- Installing: /home/keti/turtle_carto/install/custom_interfaces/include/custom_interfaces/srv/detail/add_three_ints__builder.hpp
[5.146s] -- Installing: /home/keti/turtle_carto/install/custom_interfaces/include/custom_interfaces/srv/detail/add_three_ints__traits.hpp
[5.146s] -- Installing: /home/keti/turtle_carto/install/custom_interfaces/include/custom_interfaces/srv/detail/turning_control__builder.hpp
[5.146s] -- Installing: /home/keti/turtle_carto/install/custom_interfaces/include/custom_interfaces/srv/detail/turning_control__struct.hpp
[5.146s] -- Installing: /home/keti/turtle_carto/install/custom_interfaces/include/custom_interfaces/srv/detail/add_three_ints__struct.hpp
[5.146s] -- Installing: /home/keti/turtle_carto/install/custom_interfaces/include/custom_interfaces/srv/detail/turning_control__traits.hpp
[5.147s] -- Up-to-date: /home/keti/turtle_carto/install/custom_interfaces/include/custom_interfaces
[5.147s] -- Up-to-date: /home/keti/turtle_carto/install/custom_interfaces/include/custom_interfaces/msg
[5.147s] -- Up-to-date: /home/keti/turtle_carto/install/custom_interfaces/include/custom_interfaces/msg/detail
[5.147s] -- Installing: /home/keti/turtle_carto/install/custom_interfaces/include/custom_interfaces/msg/detail/num__rosidl_typesupport_introspection_cpp.hpp
[5.147s] -- Installing: /home/keti/turtle_carto/install/custom_interfaces/include/custom_interfaces/msg/detail/num__type_support.cpp
[5.147s] -- Up-to-date: /home/keti/turtle_carto/install/custom_interfaces/include/custom_interfaces/action
[5.147s] -- Up-to-date: /home/keti/turtle_carto/install/custom_interfaces/include/custom_interfaces/action/detail
[5.147s] -- Installing: /home/keti/turtle_carto/install/custom_interfaces/include/custom_interfaces/action/detail/maze__type_support.cpp
[5.147s] -- Installing: /home/keti/turtle_carto/install/custom_interfaces/include/custom_interfaces/action/detail/maze__rosidl_typesupport_introspection_cpp.hpp
[5.147s] -- Installing: /home/keti/turtle_carto/install/custom_interfaces/include/custom_interfaces/action/detail/fibonacci__type_support.cpp
[5.147s] -- Installing: /home/keti/turtle_carto/install/custom_interfaces/include/custom_interfaces/action/detail/fibonacci__rosidl_typesupport_introspection_cpp.hpp
[5.147s] -- Up-to-date: /home/keti/turtle_carto/install/custom_interfaces/include/custom_interfaces/srv
[5.147s] -- Up-to-date: /home/keti/turtle_carto/install/custom_interfaces/include/custom_interfaces/srv/detail
[5.147s] -- Installing: /home/keti/turtle_carto/install/custom_interfaces/include/custom_interfaces/srv/detail/turning_control__rosidl_typesupport_introspection_cpp.hpp
[5.147s] -- Installing: /home/keti/turtle_carto/install/custom_interfaces/include/custom_interfaces/srv/detail/turning_control__type_support.cpp
[5.148s] -- Installing: /home/keti/turtle_carto/install/custom_interfaces/include/custom_interfaces/srv/detail/add_three_ints__rosidl_typesupport_introspection_cpp.hpp
[5.148s] -- Installing: /home/keti/turtle_carto/install/custom_interfaces/include/custom_interfaces/srv/detail/add_three_ints__type_support.cpp
[5.148s] -- Installing: /home/keti/turtle_carto/install/custom_interfaces/lib/libcustom_interfaces__rosidl_typesupport_introspection_cpp.so
[5.148s] -- Set runtime path of "/home/keti/turtle_carto/install/custom_interfaces/lib/libcustom_interfaces__rosidl_typesupport_introspection_cpp.so" to ""
[5.148s] -- Installing: /home/keti/turtle_carto/install/custom_interfaces/lib/libcustom_interfaces__rosidl_typesupport_cpp.so
[5.148s] -- Set runtime path of "/home/keti/turtle_carto/install/custom_interfaces/lib/libcustom_interfaces__rosidl_typesupport_cpp.so" to ""
[5.148s] -- Installing: /home/keti/turtle_carto/install/custom_interfaces/share/custom_interfaces/environment/pythonpath.sh
[5.148s] -- Installing: /home/keti/turtle_carto/install/custom_interfaces/share/custom_interfaces/environment/pythonpath.dsv
[5.148s] -- Installing: /home/keti/turtle_carto/install/custom_interfaces/lib/python3.8/site-packages/custom_interfaces/__init__.py
[5.161s] Compiling '/home/keti/turtle_carto/install/custom_interfaces/lib/python3.8/site-packages/custom_interfaces/__init__.py'...
[5.163s] -- Installing: /home/keti/turtle_carto/install/custom_interfaces/lib/python3.8/site-packages/custom_interfaces/msg
[5.163s] -- Installing: /home/keti/turtle_carto/install/custom_interfaces/lib/python3.8/site-packages/custom_interfaces/msg/__init__.py
[5.163s] -- Installing: /home/keti/turtle_carto/install/custom_interfaces/lib/python3.8/site-packages/custom_interfaces/msg/_num.py
[5.164s] -- Installing: /home/keti/turtle_carto/install/custom_interfaces/lib/python3.8/site-packages/custom_interfaces/msg/_num_s.c
[5.164s] -- Installing: /home/keti/turtle_carto/install/custom_interfaces/lib/python3.8/site-packages/custom_interfaces/srv
[5.164s] -- Installing: /home/keti/turtle_carto/install/custom_interfaces/lib/python3.8/site-packages/custom_interfaces/srv/_turning_control_s.c
[5.164s] -- Installing: /home/keti/turtle_carto/install/custom_interfaces/lib/python3.8/site-packages/custom_interfaces/srv/_turning_control.py
[5.164s] -- Installing: /home/keti/turtle_carto/install/custom_interfaces/lib/python3.8/site-packages/custom_interfaces/srv/__init__.py
[5.164s] -- Installing: /home/keti/turtle_carto/install/custom_interfaces/lib/python3.8/site-packages/custom_interfaces/srv/_add_three_ints.py
[5.164s] -- Installing: /home/keti/turtle_carto/install/custom_interfaces/lib/python3.8/site-packages/custom_interfaces/srv/_add_three_ints_s.c
[5.164s] -- Installing: /home/keti/turtle_carto/install/custom_interfaces/lib/python3.8/site-packages/custom_interfaces/action
[5.164s] -- Installing: /home/keti/turtle_carto/install/custom_interfaces/lib/python3.8/site-packages/custom_interfaces/action/_maze.py
[5.164s] -- Installing: /home/keti/turtle_carto/install/custom_interfaces/lib/python3.8/site-packages/custom_interfaces/action/__init__.py
[5.164s] -- Installing: /home/keti/turtle_carto/install/custom_interfaces/lib/python3.8/site-packages/custom_interfaces/action/_fibonacci.py
[5.164s] -- Installing: /home/keti/turtle_carto/install/custom_interfaces/lib/python3.8/site-packages/custom_interfaces/action/_maze_s.c
[5.164s] -- Installing: /home/keti/turtle_carto/install/custom_interfaces/lib/python3.8/site-packages/custom_interfaces/action/_fibonacci_s.c
[5.164s] -- Installing: /home/keti/turtle_carto/install/custom_interfaces/lib/python3.8/site-packages/custom_interfaces/custom_interfaces_s__rosidl_typesupport_fastrtps_c.cpython-38-x86_64-linux-gnu.so
[5.164s] -- Set runtime path of "/home/keti/turtle_carto/install/custom_interfaces/lib/python3.8/site-packages/custom_interfaces/custom_interfaces_s__rosidl_typesupport_fastrtps_c.cpython-38-x86_64-linux-gnu.so" to ""
[5.164s] -- Installing: /home/keti/turtle_carto/install/custom_interfaces/lib/python3.8/site-packages/custom_interfaces/custom_interfaces_s__rosidl_typesupport_introspection_c.cpython-38-x86_64-linux-gnu.so
[5.165s] -- Set runtime path of "/home/keti/turtle_carto/install/custom_interfaces/lib/python3.8/site-packages/custom_interfaces/custom_interfaces_s__rosidl_typesupport_introspection_c.cpython-38-x86_64-linux-gnu.so" to ""
[5.165s] -- Installing: /home/keti/turtle_carto/install/custom_interfaces/lib/python3.8/site-packages/custom_interfaces/custom_interfaces_s__rosidl_typesupport_c.cpython-38-x86_64-linux-gnu.so
[5.165s] -- Set runtime path of "/home/keti/turtle_carto/install/custom_interfaces/lib/python3.8/site-packages/custom_interfaces/custom_interfaces_s__rosidl_typesupport_c.cpython-38-x86_64-linux-gnu.so" to ""
[5.165s] -- Installing: /home/keti/turtle_carto/install/custom_interfaces/lib/libcustom_interfaces__python.so
[5.165s] -- Set runtime path of "/home/keti/turtle_carto/install/custom_interfaces/lib/libcustom_interfaces__python.so" to ""
[5.165s] -- Installing: /home/keti/turtle_carto/install/custom_interfaces/share/custom_interfaces/msg/Num.idl
[5.165s] -- Installing: /home/keti/turtle_carto/install/custom_interfaces/share/custom_interfaces/srv/AddThreeInts.idl
[5.165s] -- Installing: /home/keti/turtle_carto/install/custom_interfaces/share/custom_interfaces/srv/TurningControl.idl
[5.166s] -- Installing: /home/keti/turtle_carto/install/custom_interfaces/share/custom_interfaces/action/Fibonacci.idl
[5.166s] -- Installing: /home/keti/turtle_carto/install/custom_interfaces/share/custom_interfaces/action/Maze.idl
[5.166s] -- Installing: /home/keti/turtle_carto/install/custom_interfaces/share/custom_interfaces/msg/Num.msg
[5.166s] -- Installing: /home/keti/turtle_carto/install/custom_interfaces/share/custom_interfaces/srv/AddThreeInts.srv
[5.166s] -- Installing: /home/keti/turtle_carto/install/custom_interfaces/share/custom_interfaces/srv/AddThreeInts_Request.msg
[5.166s] -- Installing: /home/keti/turtle_carto/install/custom_interfaces/share/custom_interfaces/srv/AddThreeInts_Response.msg
[5.166s] -- Installing: /home/keti/turtle_carto/install/custom_interfaces/share/custom_interfaces/srv/TurningControl.srv
[5.166s] -- Installing: /home/keti/turtle_carto/install/custom_interfaces/share/custom_interfaces/srv/TurningControl_Request.msg
[5.166s] -- Installing: /home/keti/turtle_carto/install/custom_interfaces/share/custom_interfaces/srv/TurningControl_Response.msg
[5.166s] -- Installing: /home/keti/turtle_carto/install/custom_interfaces/share/custom_interfaces/action/Fibonacci.action
[5.167s] -- Installing: /home/keti/turtle_carto/install/custom_interfaces/share/custom_interfaces/action/Maze.action
[5.167s] -- Installing: /home/keti/turtle_carto/install/custom_interfaces/share/ament_index/resource_index/package_run_dependencies/custom_interfaces
[5.167s] -- Installing: /home/keti/turtle_carto/install/custom_interfaces/share/ament_index/resource_index/parent_prefix_path/custom_interfaces
[5.167s] -- Installing: /home/keti/turtle_carto/install/custom_interfaces/share/custom_interfaces/environment/ament_prefix_path.sh
[5.167s] -- Installing: /home/keti/turtle_carto/install/custom_interfaces/share/custom_interfaces/environment/ament_prefix_path.dsv
[5.167s] -- Installing: /home/keti/turtle_carto/install/custom_interfaces/share/custom_interfaces/environment/path.sh
[5.167s] -- Installing: /home/keti/turtle_carto/install/custom_interfaces/share/custom_interfaces/environment/path.dsv
[5.167s] -- Installing: /home/keti/turtle_carto/install/custom_interfaces/share/custom_interfaces/local_setup.bash
[5.167s] -- Installing: /home/keti/turtle_carto/install/custom_interfaces/share/custom_interfaces/local_setup.sh
[5.167s] -- Installing: /home/keti/turtle_carto/install/custom_interfaces/share/custom_interfaces/local_setup.zsh
[5.167s] -- Installing: /home/keti/turtle_carto/install/custom_interfaces/share/custom_interfaces/local_setup.dsv
[5.167s] -- Installing: /home/keti/turtle_carto/install/custom_interfaces/share/custom_interfaces/package.dsv
[5.168s] -- Installing: /home/keti/turtle_carto/install/custom_interfaces/share/ament_index/resource_index/packages/custom_interfaces
[5.168s] -- Installing: /home/keti/turtle_carto/install/custom_interfaces/share/custom_interfaces/cmake/custom_interfaces__rosidl_generator_cExport.cmake
[5.168s] -- Installing: /home/keti/turtle_carto/install/custom_interfaces/share/custom_interfaces/cmake/custom_interfaces__rosidl_generator_cExport-noconfig.cmake
[5.168s] -- Installing: /home/keti/turtle_carto/install/custom_interfaces/share/custom_interfaces/cmake/custom_interfaces__rosidl_typesupport_introspection_cExport.cmake
[5.168s] -- Installing: /home/keti/turtle_carto/install/custom_interfaces/share/custom_interfaces/cmake/custom_interfaces__rosidl_typesupport_introspection_cExport-noconfig.cmake
[5.168s] -- Installing: /home/keti/turtle_carto/install/custom_interfaces/share/custom_interfaces/cmake/custom_interfaces__rosidl_typesupport_cExport.cmake
[5.168s] -- Installing: /home/keti/turtle_carto/install/custom_interfaces/share/custom_interfaces/cmake/custom_interfaces__rosidl_typesupport_cExport-noconfig.cmake
[5.168s] -- Installing: /home/keti/turtle_carto/install/custom_interfaces/share/custom_interfaces/cmake/custom_interfaces__rosidl_generator_cppExport.cmake
[5.168s] -- Installing: /home/keti/turtle_carto/install/custom_interfaces/share/custom_interfaces/cmake/custom_interfaces__rosidl_typesupport_introspection_cppExport.cmake
[5.168s] -- Installing: /home/keti/turtle_carto/install/custom_interfaces/share/custom_interfaces/cmake/custom_interfaces__rosidl_typesupport_introspection_cppExport-noconfig.cmake
[5.168s] -- Installing: /home/keti/turtle_carto/install/custom_interfaces/share/custom_interfaces/cmake/custom_interfaces__rosidl_typesupport_cppExport.cmake
[5.168s] -- Installing: /home/keti/turtle_carto/install/custom_interfaces/share/custom_interfaces/cmake/custom_interfaces__rosidl_typesupport_cppExport-noconfig.cmake
[5.168s] -- Installing: /home/keti/turtle_carto/install/custom_interfaces/share/custom_interfaces/cmake/rosidl_cmake-extras.cmake
[5.168s] -- Installing: /home/keti/turtle_carto/install/custom_interfaces/share/custom_interfaces/cmake/ament_cmake_export_dependencies-extras.cmake
[5.168s] -- Installing: /home/keti/turtle_carto/install/custom_interfaces/share/custom_interfaces/cmake/ament_cmake_export_libraries-extras.cmake
[5.169s] -- Installing: /home/keti/turtle_carto/install/custom_interfaces/share/custom_interfaces/cmake/ament_cmake_export_targets-extras.cmake
[5.169s] -- Installing: /home/keti/turtle_carto/install/custom_interfaces/share/custom_interfaces/cmake/ament_cmake_export_include_directories-extras.cmake
[5.169s] -- Installing: /home/keti/turtle_carto/install/custom_interfaces/share/custom_interfaces/cmake/rosidl_cmake_export_typesupport_libraries-extras.cmake
[5.169s] -- Installing: /home/keti/turtle_carto/install/custom_interfaces/share/custom_interfaces/cmake/rosidl_cmake_export_typesupport_targets-extras.cmake
[5.169s] -- Installing: /home/keti/turtle_carto/install/custom_interfaces/share/custom_interfaces/cmake/custom_interfacesConfig.cmake
[5.169s] -- Installing: /home/keti/turtle_carto/install/custom_interfaces/share/custom_interfaces/cmake/custom_interfacesConfig-version.cmake
[5.169s] -- Installing: /home/keti/turtle_carto/install/custom_interfaces/share/custom_interfaces/package.xml
[5.172s] Invoked command in '/home/keti/turtle_carto/build/custom_interfaces' returned '0': CMAKE_PREFIX_PATH=${CMAKE_PREFIX_PATH}:/home/keti/turtle_carto/install/turtlebot3_teleop:/home/keti/turtle_carto/install/turtlebot3_example:/home/keti/turtle_carto/install/py_topic_pkg:/home/keti/turtle_carto/install/py_service_pkg:/home/keti/turtle_carto/install/py_first_pkg:/home/keti/turtle_carto/install/py_action_pkg:/home/keti/turtle_carto/install/follow_waypoints:/opt/ros/foxy /usr/bin/cmake --install /home/keti/turtle_carto/build/custom_interfaces
