[0.874s] Invoking command in '/home/keti/turtle_carto/src/turtlebot3/turtlebot3_teleop': PYTHONPATH=/home/keti/turtle_carto/build/turtlebot3_teleop/prefix_override:/home/keti/turtle_carto/install/turtlebot3_teleop/lib/python3.8/site-packages:${PYTHONPATH} /usr/bin/python3 setup.py egg_info --egg-base ../../../build/turtlebot3_teleop build --build-base /home/keti/turtle_carto/build/turtlebot3_teleop/build install --record /home/keti/turtle_carto/build/turtlebot3_teleop/install.log --single-version-externally-managed
[0.968s] running egg_info
[0.968s] writing ../../../build/turtlebot3_teleop/turtlebot3_teleop.egg-info/PKG-INFO
[0.968s] writing dependency_links to ../../../build/turtlebot3_teleop/turtlebot3_teleop.egg-info/dependency_links.txt
[0.968s] writing entry points to ../../../build/turtlebot3_teleop/turtlebot3_teleop.egg-info/entry_points.txt
[0.968s] writing requirements to ../../../build/turtlebot3_teleop/turtlebot3_teleop.egg-info/requires.txt
[0.968s] writing top-level names to ../../../build/turtlebot3_teleop/turtlebot3_teleop.egg-info/top_level.txt
[0.984s] reading manifest file '../../../build/turtlebot3_teleop/turtlebot3_teleop.egg-info/SOURCES.txt'
[0.985s] writing manifest file '../../../build/turtlebot3_teleop/turtlebot3_teleop.egg-info/SOURCES.txt'
[0.985s] running build
[0.985s] running build_py
[0.985s] copying turtlebot3_teleop/script/teleop_keyboard.py -> /home/keti/turtle_carto/build/turtlebot3_teleop/build/lib/turtlebot3_teleop/script
[0.985s] running install
[0.986s] running install_lib
[0.987s] copying /home/keti/turtle_carto/build/turtlebot3_teleop/build/lib/turtlebot3_teleop/script/teleop_keyboard.py -> /home/keti/turtle_carto/install/turtlebot3_teleop/lib/python3.8/site-packages/turtlebot3_teleop/script
[0.987s] byte-compiling /home/keti/turtle_carto/install/turtlebot3_teleop/lib/python3.8/site-packages/turtlebot3_teleop/script/teleop_keyboard.py to teleop_keyboard.cpython-38.pyc
[0.988s] running install_data
[0.988s] running install_egg_info
[0.989s] removing '/home/keti/turtle_carto/install/turtlebot3_teleop/lib/python3.8/site-packages/turtlebot3_teleop-2.1.4-py3.8.egg-info' (and everything under it)
[0.989s] Copying ../../../build/turtlebot3_teleop/turtlebot3_teleop.egg-info to /home/keti/turtle_carto/install/turtlebot3_teleop/lib/python3.8/site-packages/turtlebot3_teleop-2.1.4-py3.8.egg-info
[0.990s] running install_scripts
[0.998s] Installing teleop_keyboard script to /home/keti/turtle_carto/install/turtlebot3_teleop/lib/turtlebot3_teleop
[0.998s] writing list of installed files to '/home/keti/turtle_carto/build/turtlebot3_teleop/install.log'
[1.517s] Invoked command in '/home/keti/turtle_carto/src/turtlebot3/turtlebot3_teleop' returned '0': PYTHONPATH=/home/keti/turtle_carto/build/turtlebot3_teleop/prefix_override:/home/keti/turtle_carto/install/turtlebot3_teleop/lib/python3.8/site-packages:${PYTHONPATH} /usr/bin/python3 setup.py egg_info --egg-base ../../../build/turtlebot3_teleop build --build-base /home/keti/turtle_carto/build/turtlebot3_teleop/build install --record /home/keti/turtle_carto/build/turtlebot3_teleop/install.log --single-version-externally-managed
