[0.036s] Invoking command in '/home/keti/turtle_carto/build/turtlebot3_node': AMENT_PREFIX_PATH=/home/keti/turtle_carto/install/turtlebot3_msgs:${AMENT_PREFIX_PATH} CMAKE_PREFIX_PATH=/home/keti/turtle_carto/install/turtlebot3_msgs:/opt/ros/foxy LD_LIBRARY_PATH=/home/keti/turtle_carto/install/turtlebot3_msgs/lib:/usr/lib/x86_64-linux-gnu/gazebo-11/plugins:/opt/ros/foxy/opt/yaml_cpp_vendor/lib:/opt/ros/foxy/opt/rviz_ogre_vendor/lib:/opt/ros/foxy/lib/x86_64-linux-gnu:/opt/ros/foxy/lib:/usr/local/cuda-11.4/lib64 PYTHONPATH=/home/keti/turtle_carto/install/turtlebot3_msgs/lib/python3.8/site-packages:${PYTHONPATH} /usr/bin/cmake --build /home/keti/turtle_carto/build/turtlebot3_node -- -j24 -l24
[0.147s] [ 85%] Built target turtlebot3_node_lib
[0.147s] [100%] Built target turtlebot3_ros
[0.150s] Invoked command in '/home/keti/turtle_carto/build/turtlebot3_node' returned '0': AMENT_PREFIX_PATH=/home/keti/turtle_carto/install/turtlebot3_msgs:${AMENT_PREFIX_PATH} CMAKE_PREFIX_PATH=/home/keti/turtle_carto/install/turtlebot3_msgs:/opt/ros/foxy LD_LIBRARY_PATH=/home/keti/turtle_carto/install/turtlebot3_msgs/lib:/usr/lib/x86_64-linux-gnu/gazebo-11/plugins:/opt/ros/foxy/opt/yaml_cpp_vendor/lib:/opt/ros/foxy/opt/rviz_ogre_vendor/lib:/opt/ros/foxy/lib/x86_64-linux-gnu:/opt/ros/foxy/lib:/usr/local/cuda-11.4/lib64 PYTHONPATH=/home/keti/turtle_carto/install/turtlebot3_msgs/lib/python3.8/site-packages:${PYTHONPATH} /usr/bin/cmake --build /home/keti/turtle_carto/build/turtlebot3_node -- -j24 -l24
[0.387s] Invoking command in '/home/keti/turtle_carto/build/turtlebot3_node': AMENT_PREFIX_PATH=/home/keti/turtle_carto/install/turtlebot3_msgs:${AMENT_PREFIX_PATH} CMAKE_PREFIX_PATH=/home/keti/turtle_carto/install/turtlebot3_msgs:/opt/ros/foxy LD_LIBRARY_PATH=/home/keti/turtle_carto/install/turtlebot3_msgs/lib:/usr/lib/x86_64-linux-gnu/gazebo-11/plugins:/opt/ros/foxy/opt/yaml_cpp_vendor/lib:/opt/ros/foxy/opt/rviz_ogre_vendor/lib:/opt/ros/foxy/lib/x86_64-linux-gnu:/opt/ros/foxy/lib:/usr/local/cuda-11.4/lib64 PYTHONPATH=/home/keti/turtle_carto/install/turtlebot3_msgs/lib/python3.8/site-packages:${PYTHONPATH} /usr/bin/cmake --install /home/keti/turtle_carto/build/turtlebot3_node
[0.393s] -- Install configuration: ""
[0.393s] -- Up-to-date: /home/keti/turtle_carto/install/turtlebot3_node/share/turtlebot3_node/param
[0.393s] -- Up-to-date: /home/keti/turtle_carto/install/turtlebot3_node/share/turtlebot3_node/param/waffle.yaml
[0.393s] -- Up-to-date: /home/keti/turtle_carto/install/turtlebot3_node/share/turtlebot3_node/param/burger.yaml
[0.393s] -- Up-to-date: /home/keti/turtle_carto/install/turtlebot3_node/share/turtlebot3_node/param/waffle_pi.yaml
[0.393s] -- Up-to-date: /home/keti/turtle_carto/install/turtlebot3_node/lib/turtlebot3_node/turtlebot3_ros
[0.393s] -- Up-to-date: /home/keti/turtle_carto/install/turtlebot3_node/share/ament_index/resource_index/package_run_dependencies/turtlebot3_node
[0.393s] -- Up-to-date: /home/keti/turtle_carto/install/turtlebot3_node/share/ament_index/resource_index/parent_prefix_path/turtlebot3_node
[0.393s] -- Up-to-date: /home/keti/turtle_carto/install/turtlebot3_node/share/turtlebot3_node/environment/ament_prefix_path.sh
[0.393s] -- Up-to-date: /home/keti/turtle_carto/install/turtlebot3_node/share/turtlebot3_node/environment/ament_prefix_path.dsv
[0.393s] -- Up-to-date: /home/keti/turtle_carto/install/turtlebot3_node/share/turtlebot3_node/environment/path.sh
[0.393s] -- Up-to-date: /home/keti/turtle_carto/install/turtlebot3_node/share/turtlebot3_node/environment/path.dsv
[0.393s] -- Up-to-date: /home/keti/turtle_carto/install/turtlebot3_node/share/turtlebot3_node/local_setup.bash
[0.393s] -- Up-to-date: /home/keti/turtle_carto/install/turtlebot3_node/share/turtlebot3_node/local_setup.sh
[0.393s] -- Up-to-date: /home/keti/turtle_carto/install/turtlebot3_node/share/turtlebot3_node/local_setup.zsh
[0.393s] -- Up-to-date: /home/keti/turtle_carto/install/turtlebot3_node/share/turtlebot3_node/local_setup.dsv
[0.393s] -- Installing: /home/keti/turtle_carto/install/turtlebot3_node/share/turtlebot3_node/package.dsv
[0.393s] -- Up-to-date: /home/keti/turtle_carto/install/turtlebot3_node/share/ament_index/resource_index/packages/turtlebot3_node
[0.394s] -- Up-to-date: /home/keti/turtle_carto/install/turtlebot3_node/share/turtlebot3_node/cmake/ament_cmake_export_include_directories-extras.cmake
[0.394s] -- Up-to-date: /home/keti/turtle_carto/install/turtlebot3_node/share/turtlebot3_node/cmake/turtlebot3_nodeConfig.cmake
[0.394s] -- Up-to-date: /home/keti/turtle_carto/install/turtlebot3_node/share/turtlebot3_node/cmake/turtlebot3_nodeConfig-version.cmake
[0.394s] -- Up-to-date: /home/keti/turtle_carto/install/turtlebot3_node/share/turtlebot3_node/package.xml
[0.398s] Invoked command in '/home/keti/turtle_carto/build/turtlebot3_node' returned '0': AMENT_PREFIX_PATH=/home/keti/turtle_carto/install/turtlebot3_msgs:${AMENT_PREFIX_PATH} CMAKE_PREFIX_PATH=/home/keti/turtle_carto/install/turtlebot3_msgs:/opt/ros/foxy LD_LIBRARY_PATH=/home/keti/turtle_carto/install/turtlebot3_msgs/lib:/usr/lib/x86_64-linux-gnu/gazebo-11/plugins:/opt/ros/foxy/opt/yaml_cpp_vendor/lib:/opt/ros/foxy/opt/rviz_ogre_vendor/lib:/opt/ros/foxy/lib/x86_64-linux-gnu:/opt/ros/foxy/lib:/usr/local/cuda-11.4/lib64 PYTHONPATH=/home/keti/turtle_carto/install/turtlebot3_msgs/lib/python3.8/site-packages:${PYTHONPATH} /usr/bin/cmake --install /home/keti/turtle_carto/build/turtlebot3_node
