[0.930s] Invoking command in '/home/keti/turtle_carto/src/gcamp_ros2_basic/py_action_pkg': AMENT_PREFIX_PATH=/home/keti/turtle_carto/install/custom_interfaces:${AMENT_PREFIX_PATH} CMAKE_PREFIX_PATH=/home/keti/turtle_carto/install/custom_interfaces LD_LIBRARY_PATH=/home/keti/turtle_carto/install/custom_interfaces/lib:/usr/lib/x86_64-linux-gnu/gazebo-11/plugins:/opt/ros/foxy/opt/yaml_cpp_vendor/lib:/opt/ros/foxy/opt/rviz_ogre_vendor/lib:/opt/ros/foxy/lib/x86_64-linux-gnu:/opt/ros/foxy/lib:/usr/local/cuda-11.4/lib64 PYTHONPATH=/home/keti/turtle_carto/build/py_action_pkg/prefix_override:/home/keti/turtle_carto/install/py_action_pkg/lib/python3.8/site-packages:/home/keti/turtle_carto/install/custom_interfaces/lib/python3.8/site-packages:${PYTHONPATH} /usr/bin/python3 setup.py egg_info --egg-base ../../../build/py_action_pkg build --build-base /home/keti/turtle_carto/build/py_action_pkg/build install --record /home/keti/turtle_carto/build/py_action_pkg/install.log --install-scripts $base/lib/py_action_pkg --single-version-externally-managed
[1.024s] running egg_info
[1.024s] writing ../../../build/py_action_pkg/py_action_pkg.egg-info/PKG-INFO
[1.025s] writing dependency_links to ../../../build/py_action_pkg/py_action_pkg.egg-info/dependency_links.txt
[1.025s] writing entry points to ../../../build/py_action_pkg/py_action_pkg.egg-info/entry_points.txt
[1.025s] writing requirements to ../../../build/py_action_pkg/py_action_pkg.egg-info/requires.txt
[1.025s] writing top-level names to ../../../build/py_action_pkg/py_action_pkg.egg-info/top_level.txt
[1.040s] reading manifest file '../../../build/py_action_pkg/py_action_pkg.egg-info/SOURCES.txt'
[1.040s] writing manifest file '../../../build/py_action_pkg/py_action_pkg.egg-info/SOURCES.txt'
[1.040s] running build
[1.040s] running build_py
[1.041s] running install
[1.041s] running install_lib
[1.042s] running install_data
[1.042s] running install_egg_info
[1.043s] removing '/home/keti/turtle_carto/install/py_action_pkg/lib/python3.8/site-packages/py_action_pkg-0.0.0-py3.8.egg-info' (and everything under it)
[1.043s] Copying ../../../build/py_action_pkg/py_action_pkg.egg-info to /home/keti/turtle_carto/install/py_action_pkg/lib/python3.8/site-packages/py_action_pkg-0.0.0-py3.8.egg-info
[1.043s] running install_scripts
[1.051s] Installing fibonacci_action_client script to /home/keti/turtle_carto/install/py_action_pkg/lib/py_action_pkg
[1.052s] Installing fibonacci_action_client_cancel script to /home/keti/turtle_carto/install/py_action_pkg/lib/py_action_pkg
[1.052s] Installing fibonacci_action_server script to /home/keti/turtle_carto/install/py_action_pkg/lib/py_action_pkg
[1.052s] Installing fibonacci_action_server_cancel script to /home/keti/turtle_carto/install/py_action_pkg/lib/py_action_pkg
[1.052s] Installing img_subscriber_node script to /home/keti/turtle_carto/install/py_action_pkg/lib/py_action_pkg
[1.052s] Installing maze_action_client script to /home/keti/turtle_carto/install/py_action_pkg/lib/py_action_pkg
[1.052s] Installing maze_action_server script to /home/keti/turtle_carto/install/py_action_pkg/lib/py_action_pkg
[1.052s] Installing odom_sub_node script to /home/keti/turtle_carto/install/py_action_pkg/lib/py_action_pkg
[1.052s] Installing robot_controller script to /home/keti/turtle_carto/install/py_action_pkg/lib/py_action_pkg
[1.052s] writing list of installed files to '/home/keti/turtle_carto/build/py_action_pkg/install.log'
[1.063s] Invoked command in '/home/keti/turtle_carto/src/gcamp_ros2_basic/py_action_pkg' returned '0': AMENT_PREFIX_PATH=/home/keti/turtle_carto/install/custom_interfaces:${AMENT_PREFIX_PATH} CMAKE_PREFIX_PATH=/home/keti/turtle_carto/install/custom_interfaces LD_LIBRARY_PATH=/home/keti/turtle_carto/install/custom_interfaces/lib:/usr/lib/x86_64-linux-gnu/gazebo-11/plugins:/opt/ros/foxy/opt/yaml_cpp_vendor/lib:/opt/ros/foxy/opt/rviz_ogre_vendor/lib:/opt/ros/foxy/lib/x86_64-linux-gnu:/opt/ros/foxy/lib:/usr/local/cuda-11.4/lib64 PYTHONPATH=/home/keti/turtle_carto/build/py_action_pkg/prefix_override:/home/keti/turtle_carto/install/py_action_pkg/lib/python3.8/site-packages:/home/keti/turtle_carto/install/custom_interfaces/lib/python3.8/site-packages:${PYTHONPATH} /usr/bin/python3 setup.py egg_info --egg-base ../../../build/py_action_pkg build --build-base /home/keti/turtle_carto/build/py_action_pkg/build install --record /home/keti/turtle_carto/build/py_action_pkg/install.log --install-scripts $base/lib/py_action_pkg --single-version-externally-managed
