[0.124s] Invoking command in '/home/keti/turtle_carto/build/cpp_service_tutorial': /usr/bin/cmake --build /home/keti/turtle_carto/build/cpp_service_tutorial -- -j24 -l24
[0.399s] [ 25%] Built target srv_client_node
[0.400s] [ 50%] Built target cpp_simple_service_client_node
[0.400s] [ 75%] Built target srv_server_node
[0.400s] [100%] Built target cpp_simple_service_dummy_server_node
[0.413s] Invoked command in '/home/keti/turtle_carto/build/cpp_service_tutorial' returned '0': /usr/bin/cmake --build /home/keti/turtle_carto/build/cpp_service_tutorial -- -j24 -l24
[0.448s] Invoking command in '/home/keti/turtle_carto/build/cpp_service_tutorial': /usr/bin/cmake --install /home/keti/turtle_carto/build/cpp_service_tutorial
[0.467s] -- Install configuration: ""
[0.467s] -- Up-to-date: /home/keti/turtle_carto/install/cpp_service_tutorial/lib/cpp_service_tutorial/cpp_simple_service_client_node
[0.467s] -- Up-to-date: /home/keti/turtle_carto/install/cpp_service_tutorial/lib/cpp_service_tutorial/cpp_simple_service_dummy_server_node
[0.467s] -- Up-to-date: /home/keti/turtle_carto/install/cpp_service_tutorial/lib/cpp_service_tutorial/srv_server_node
[0.467s] -- Up-to-date: /home/keti/turtle_carto/install/cpp_service_tutorial/lib/cpp_service_tutorial/srv_client_node
[0.467s] -- Up-to-date: /home/keti/turtle_carto/install/cpp_service_tutorial/share/ament_index/resource_index/package_run_dependencies/cpp_service_tutorial
[0.467s] -- Up-to-date: /home/keti/turtle_carto/install/cpp_service_tutorial/share/ament_index/resource_index/parent_prefix_path/cpp_service_tutorial
[0.467s] -- Up-to-date: /home/keti/turtle_carto/install/cpp_service_tutorial/share/cpp_service_tutorial/environment/ament_prefix_path.sh
[0.467s] -- Up-to-date: /home/keti/turtle_carto/install/cpp_service_tutorial/share/cpp_service_tutorial/environment/ament_prefix_path.dsv
[0.467s] -- Up-to-date: /home/keti/turtle_carto/install/cpp_service_tutorial/share/cpp_service_tutorial/environment/path.sh
[0.467s] -- Up-to-date: /home/keti/turtle_carto/install/cpp_service_tutorial/share/cpp_service_tutorial/environment/path.dsv
[0.467s] -- Up-to-date: /home/keti/turtle_carto/install/cpp_service_tutorial/share/cpp_service_tutorial/local_setup.bash
[0.468s] -- Up-to-date: /home/keti/turtle_carto/install/cpp_service_tutorial/share/cpp_service_tutorial/local_setup.sh
[0.468s] -- Up-to-date: /home/keti/turtle_carto/install/cpp_service_tutorial/share/cpp_service_tutorial/local_setup.zsh
[0.468s] -- Up-to-date: /home/keti/turtle_carto/install/cpp_service_tutorial/share/cpp_service_tutorial/local_setup.dsv
[0.469s] -- Installing: /home/keti/turtle_carto/install/cpp_service_tutorial/share/cpp_service_tutorial/package.dsv
[0.469s] -- Up-to-date: /home/keti/turtle_carto/install/cpp_service_tutorial/share/ament_index/resource_index/packages/cpp_service_tutorial
[0.469s] -- Up-to-date: /home/keti/turtle_carto/install/cpp_service_tutorial/share/cpp_service_tutorial/cmake/cpp_service_tutorialConfig.cmake
[0.469s] -- Up-to-date: /home/keti/turtle_carto/install/cpp_service_tutorial/share/cpp_service_tutorial/cmake/cpp_service_tutorialConfig-version.cmake
[0.469s] -- Up-to-date: /home/keti/turtle_carto/install/cpp_service_tutorial/share/cpp_service_tutorial/package.xml
[0.531s] Invoked command in '/home/keti/turtle_carto/build/cpp_service_tutorial' returned '0': /usr/bin/cmake --install /home/keti/turtle_carto/build/cpp_service_tutorial
