[0.123s] Invoking command in '/home/keti/turtle_carto/build/turtlebot3_fake_node': CMAKE_PREFIX_PATH=/home/keti/turtle_carto/install/turtlebot3_msgs:/home/keti/turtle_carto/install/turtlebot3:/home/keti/turtle_carto/install/turtlebot3_simulations:/home/keti/turtle_carto/install/turtlebot3_bringup:/home/keti/turtle_carto/install/turtlebot3_node:/home/keti/turtle_carto/install/turtlebot3_navigation2:/home/keti/turtle_carto/install/turtlebot3_fake_node:/home/keti/turtle_carto/install/turtlebot3_description:/home/keti/turtle_carto/install/turtlebot3_cartographer:/home/keti/turtle_carto/install/gcamp_gazebo:/home/keti/turtle_carto/install/cpp_service_pkg:/home/keti/turtle_carto/install/cpp_action_pkg:/home/keti/turtle_carto/install/custom_interfaces:/home/keti/turtle_carto/install/cpp_topic_pkg:/home/keti/turtle_carto/install/cpp_service_tutorial:/home/keti/turtle_carto/install/cpp_param_pkg:/home/keti/turtle_carto/install/cpp_first_pkg:/home/keti/turtle_carto/install/turtlebot3_teleop:/home/keti/turtle_carto/install/turtlebot3_example:/home/keti/turtle_carto/install/py_topic_pkg:/home/keti/turtle_carto/install/py_service_pkg:/home/keti/turtle_carto/install/py_first_pkg:/home/keti/turtle_carto/install/py_action_pkg:/home/keti/turtle_carto/install/follow_waypoints:/opt/ros/foxy LD_LIBRARY_PATH=/home/keti/turtle_carto/install/turtlebot3_msgs/lib:/home/keti/turtle_carto/install/custom_interfaces/lib:/usr/lib/x86_64-linux-gnu/gazebo-11/plugins:/opt/ros/foxy/opt/yaml_cpp_vendor/lib:/opt/ros/foxy/opt/rviz_ogre_vendor/lib:/opt/ros/foxy/lib/x86_64-linux-gnu:/opt/ros/foxy/lib:/usr/local/cuda-11.4/lib64 PYTHONPATH=/home/keti/turtle_carto/install/turtlebot3_msgs/lib/python3.8/site-packages:/home/keti/turtle_carto/install/turtlebot3_teleop/lib/python3.8/site-packages:/home/keti/turtle_carto/install/turtlebot3_example/lib/python3.8/site-packages:/home/keti/turtle_carto/install/py_topic_pkg/lib/python3.8/site-packages:/home/keti/turtle_carto/install/py_service_pkg/lib/python3.8/site-packages:/home/keti/turtle_carto/install/py_first_pkg/lib/python3.8/site-packages:/home/keti/turtle_carto/install/py_action_pkg/lib/python3.8/site-packages:/home/keti/turtle_carto/install/follow_waypoints/lib/python3.8/site-packages:/home/keti/turtle_carto/install/custom_interfaces/lib/python3.8/site-packages:/opt/ros/foxy/lib/python3.8/site-packages /usr/bin/cmake /home/keti/turtle_carto/src/turtlebot3_simulations/turtlebot3_fake_node -DCMAKE_INSTALL_PREFIX=/home/keti/turtle_carto/install/turtlebot3_fake_node
[0.149s] -- The C compiler identification is GNU 9.4.0
[0.179s] -- The CXX compiler identification is GNU 9.4.0
[0.182s] -- Check for working C compiler: /usr/bin/cc
[0.218s] -- Check for working C compiler: /usr/bin/cc -- works
[0.219s] -- Detecting C compiler ABI info
[0.254s] -- Detecting C compiler ABI info - done
[0.259s] -- Detecting C compile features
[0.259s] -- Detecting C compile features - done
[0.261s] -- Check for working CXX compiler: /usr/bin/c++
[0.299s] -- Check for working CXX compiler: /usr/bin/c++ -- works
[0.300s] -- Detecting CXX compiler ABI info
[0.339s] -- Detecting CXX compiler ABI info - done
[0.346s] -- Detecting CXX compile features
[0.346s] -- Detecting CXX compile features - done
[0.348s] -- Found ament_cmake: 0.9.11 (/opt/ros/foxy/share/ament_cmake/cmake)
[0.362s] -- Found PythonInterp: /usr/bin/python3 (found suitable version "3.8.10", minimum required is "3") 
[0.362s] -- Using PYTHON_EXECUTABLE: /usr/bin/python3
[0.465s] -- Found geometry_msgs: 2.0.5 (/opt/ros/foxy/share/geometry_msgs/cmake)
[0.486s] -- Using all available rosidl_typesupport_c: rosidl_typesupport_fastrtps_c;rosidl_typesupport_introspection_c
[0.490s] -- Found rosidl_adapter: 1.3.0 (/opt/ros/foxy/share/rosidl_adapter/cmake)
[0.533s] -- Found OpenSSL: /usr/lib/x86_64-linux-gnu/libcrypto.so (found version "1.1.1f")  
[0.548s] -- Found FastRTPS: /opt/ros/foxy/include  
[0.590s] -- Using all available rosidl_typesupport_cpp: rosidl_typesupport_fastrtps_cpp;rosidl_typesupport_introspection_cpp
[0.632s] -- Found nav_msgs: 2.0.5 (/opt/ros/foxy/share/nav_msgs/cmake)
[0.668s] -- Found rclcpp: 2.4.2 (/opt/ros/foxy/share/rclcpp/cmake)
[0.694s] -- Found rmw_implementation_cmake: 1.0.4 (/opt/ros/foxy/share/rmw_implementation_cmake/cmake)
[0.695s] -- Using RMW implementation 'rmw_fastrtps_cpp' as default
[0.696s] -- Looking for pthread.h
[0.730s] -- Looking for pthread.h - found
[0.730s] -- Performing Test CMAKE_HAVE_LIBC_PTHREAD
[0.766s] -- Performing Test CMAKE_HAVE_LIBC_PTHREAD - Failed
[0.766s] -- Looking for pthread_create in pthreads
[0.797s] -- Looking for pthread_create in pthreads - not found
[0.797s] -- Looking for pthread_create in pthread
[0.837s] -- Looking for pthread_create in pthread - found
[0.838s] -- Found Threads: TRUE  
[0.960s] -- Found sensor_msgs: 2.0.5 (/opt/ros/foxy/share/sensor_msgs/cmake)
[1.021s] -- Found tf2: 0.13.14 (/opt/ros/foxy/share/tf2/cmake)
[1.033s] -- Found tf2_msgs: 0.13.14 (/opt/ros/foxy/share/tf2_msgs/cmake)
[1.155s] -- Found turtlebot3_msgs: 2.2.1 (/home/keti/turtle_carto/install/turtlebot3_msgs/share/turtlebot3_msgs/cmake)
[1.248s] -- Configuring done
[1.259s] -- Generating done
[1.261s] -- Build files have been written to: /home/keti/turtle_carto/build/turtlebot3_fake_node
[1.274s] Invoked command in '/home/keti/turtle_carto/build/turtlebot3_fake_node' returned '0': CMAKE_PREFIX_PATH=/home/keti/turtle_carto/install/turtlebot3_msgs:/home/keti/turtle_carto/install/turtlebot3:/home/keti/turtle_carto/install/turtlebot3_simulations:/home/keti/turtle_carto/install/turtlebot3_bringup:/home/keti/turtle_carto/install/turtlebot3_node:/home/keti/turtle_carto/install/turtlebot3_navigation2:/home/keti/turtle_carto/install/turtlebot3_fake_node:/home/keti/turtle_carto/install/turtlebot3_description:/home/keti/turtle_carto/install/turtlebot3_cartographer:/home/keti/turtle_carto/install/gcamp_gazebo:/home/keti/turtle_carto/install/cpp_service_pkg:/home/keti/turtle_carto/install/cpp_action_pkg:/home/keti/turtle_carto/install/custom_interfaces:/home/keti/turtle_carto/install/cpp_topic_pkg:/home/keti/turtle_carto/install/cpp_service_tutorial:/home/keti/turtle_carto/install/cpp_param_pkg:/home/keti/turtle_carto/install/cpp_first_pkg:/home/keti/turtle_carto/install/turtlebot3_teleop:/home/keti/turtle_carto/install/turtlebot3_example:/home/keti/turtle_carto/install/py_topic_pkg:/home/keti/turtle_carto/install/py_service_pkg:/home/keti/turtle_carto/install/py_first_pkg:/home/keti/turtle_carto/install/py_action_pkg:/home/keti/turtle_carto/install/follow_waypoints:/opt/ros/foxy LD_LIBRARY_PATH=/home/keti/turtle_carto/install/turtlebot3_msgs/lib:/home/keti/turtle_carto/install/custom_interfaces/lib:/usr/lib/x86_64-linux-gnu/gazebo-11/plugins:/opt/ros/foxy/opt/yaml_cpp_vendor/lib:/opt/ros/foxy/opt/rviz_ogre_vendor/lib:/opt/ros/foxy/lib/x86_64-linux-gnu:/opt/ros/foxy/lib:/usr/local/cuda-11.4/lib64 PYTHONPATH=/home/keti/turtle_carto/install/turtlebot3_msgs/lib/python3.8/site-packages:/home/keti/turtle_carto/install/turtlebot3_teleop/lib/python3.8/site-packages:/home/keti/turtle_carto/install/turtlebot3_example/lib/python3.8/site-packages:/home/keti/turtle_carto/install/py_topic_pkg/lib/python3.8/site-packages:/home/keti/turtle_carto/install/py_service_pkg/lib/python3.8/site-packages:/home/keti/turtle_carto/install/py_first_pkg/lib/python3.8/site-packages:/home/keti/turtle_carto/install/py_action_pkg/lib/python3.8/site-packages:/home/keti/turtle_carto/install/follow_waypoints/lib/python3.8/site-packages:/home/keti/turtle_carto/install/custom_interfaces/lib/python3.8/site-packages:/opt/ros/foxy/lib/python3.8/site-packages /usr/bin/cmake /home/keti/turtle_carto/src/turtlebot3_simulations/turtlebot3_fake_node -DCMAKE_INSTALL_PREFIX=/home/keti/turtle_carto/install/turtlebot3_fake_node
[1.275s] Invoking command in '/home/keti/turtle_carto/build/turtlebot3_fake_node': CMAKE_PREFIX_PATH=/home/keti/turtle_carto/install/turtlebot3_msgs:/home/keti/turtle_carto/install/turtlebot3:/home/keti/turtle_carto/install/turtlebot3_simulations:/home/keti/turtle_carto/install/turtlebot3_bringup:/home/keti/turtle_carto/install/turtlebot3_node:/home/keti/turtle_carto/install/turtlebot3_navigation2:/home/keti/turtle_carto/install/turtlebot3_fake_node:/home/keti/turtle_carto/install/turtlebot3_description:/home/keti/turtle_carto/install/turtlebot3_cartographer:/home/keti/turtle_carto/install/gcamp_gazebo:/home/keti/turtle_carto/install/cpp_service_pkg:/home/keti/turtle_carto/install/cpp_action_pkg:/home/keti/turtle_carto/install/custom_interfaces:/home/keti/turtle_carto/install/cpp_topic_pkg:/home/keti/turtle_carto/install/cpp_service_tutorial:/home/keti/turtle_carto/install/cpp_param_pkg:/home/keti/turtle_carto/install/cpp_first_pkg:/home/keti/turtle_carto/install/turtlebot3_teleop:/home/keti/turtle_carto/install/turtlebot3_example:/home/keti/turtle_carto/install/py_topic_pkg:/home/keti/turtle_carto/install/py_service_pkg:/home/keti/turtle_carto/install/py_first_pkg:/home/keti/turtle_carto/install/py_action_pkg:/home/keti/turtle_carto/install/follow_waypoints:/opt/ros/foxy LD_LIBRARY_PATH=/home/keti/turtle_carto/install/turtlebot3_msgs/lib:/home/keti/turtle_carto/install/custom_interfaces/lib:/usr/lib/x86_64-linux-gnu/gazebo-11/plugins:/opt/ros/foxy/opt/yaml_cpp_vendor/lib:/opt/ros/foxy/opt/rviz_ogre_vendor/lib:/opt/ros/foxy/lib/x86_64-linux-gnu:/opt/ros/foxy/lib:/usr/local/cuda-11.4/lib64 PYTHONPATH=/home/keti/turtle_carto/install/turtlebot3_msgs/lib/python3.8/site-packages:/home/keti/turtle_carto/install/turtlebot3_teleop/lib/python3.8/site-packages:/home/keti/turtle_carto/install/turtlebot3_example/lib/python3.8/site-packages:/home/keti/turtle_carto/install/py_topic_pkg/lib/python3.8/site-packages:/home/keti/turtle_carto/install/py_service_pkg/lib/python3.8/site-packages:/home/keti/turtle_carto/install/py_first_pkg/lib/python3.8/site-packages:/home/keti/turtle_carto/install/py_action_pkg/lib/python3.8/site-packages:/home/keti/turtle_carto/install/follow_waypoints/lib/python3.8/site-packages:/home/keti/turtle_carto/install/custom_interfaces/lib/python3.8/site-packages:/opt/ros/foxy/lib/python3.8/site-packages /usr/bin/cmake --build /home/keti/turtle_carto/build/turtlebot3_fake_node -- -j24 -l24
[1.310s] [35m[1mScanning dependencies of target turtlebot3_fake_node[0m
[1.341s] [ 50%] [32mBuilding CXX object CMakeFiles/turtlebot3_fake_node.dir/src/turtlebot3_fake_node.cpp.o[0m
[5.192s] [100%] [32m[1mLinking CXX executable turtlebot3_fake_node[0m
[5.332s] [100%] Built target turtlebot3_fake_node
[5.337s] Invoked command in '/home/keti/turtle_carto/build/turtlebot3_fake_node' returned '0': CMAKE_PREFIX_PATH=/home/keti/turtle_carto/install/turtlebot3_msgs:/home/keti/turtle_carto/install/turtlebot3:/home/keti/turtle_carto/install/turtlebot3_simulations:/home/keti/turtle_carto/install/turtlebot3_bringup:/home/keti/turtle_carto/install/turtlebot3_node:/home/keti/turtle_carto/install/turtlebot3_navigation2:/home/keti/turtle_carto/install/turtlebot3_fake_node:/home/keti/turtle_carto/install/turtlebot3_description:/home/keti/turtle_carto/install/turtlebot3_cartographer:/home/keti/turtle_carto/install/gcamp_gazebo:/home/keti/turtle_carto/install/cpp_service_pkg:/home/keti/turtle_carto/install/cpp_action_pkg:/home/keti/turtle_carto/install/custom_interfaces:/home/keti/turtle_carto/install/cpp_topic_pkg:/home/keti/turtle_carto/install/cpp_service_tutorial:/home/keti/turtle_carto/install/cpp_param_pkg:/home/keti/turtle_carto/install/cpp_first_pkg:/home/keti/turtle_carto/install/turtlebot3_teleop:/home/keti/turtle_carto/install/turtlebot3_example:/home/keti/turtle_carto/install/py_topic_pkg:/home/keti/turtle_carto/install/py_service_pkg:/home/keti/turtle_carto/install/py_first_pkg:/home/keti/turtle_carto/install/py_action_pkg:/home/keti/turtle_carto/install/follow_waypoints:/opt/ros/foxy LD_LIBRARY_PATH=/home/keti/turtle_carto/install/turtlebot3_msgs/lib:/home/keti/turtle_carto/install/custom_interfaces/lib:/usr/lib/x86_64-linux-gnu/gazebo-11/plugins:/opt/ros/foxy/opt/yaml_cpp_vendor/lib:/opt/ros/foxy/opt/rviz_ogre_vendor/lib:/opt/ros/foxy/lib/x86_64-linux-gnu:/opt/ros/foxy/lib:/usr/local/cuda-11.4/lib64 PYTHONPATH=/home/keti/turtle_carto/install/turtlebot3_msgs/lib/python3.8/site-packages:/home/keti/turtle_carto/install/turtlebot3_teleop/lib/python3.8/site-packages:/home/keti/turtle_carto/install/turtlebot3_example/lib/python3.8/site-packages:/home/keti/turtle_carto/install/py_topic_pkg/lib/python3.8/site-packages:/home/keti/turtle_carto/install/py_service_pkg/lib/python3.8/site-packages:/home/keti/turtle_carto/install/py_first_pkg/lib/python3.8/site-packages:/home/keti/turtle_carto/install/py_action_pkg/lib/python3.8/site-packages:/home/keti/turtle_carto/install/follow_waypoints/lib/python3.8/site-packages:/home/keti/turtle_carto/install/custom_interfaces/lib/python3.8/site-packages:/opt/ros/foxy/lib/python3.8/site-packages /usr/bin/cmake --build /home/keti/turtle_carto/build/turtlebot3_fake_node -- -j24 -l24
[5.349s] Invoking command in '/home/keti/turtle_carto/build/turtlebot3_fake_node': CMAKE_PREFIX_PATH=/home/keti/turtle_carto/install/turtlebot3_msgs:/home/keti/turtle_carto/install/turtlebot3:/home/keti/turtle_carto/install/turtlebot3_simulations:/home/keti/turtle_carto/install/turtlebot3_bringup:/home/keti/turtle_carto/install/turtlebot3_node:/home/keti/turtle_carto/install/turtlebot3_navigation2:/home/keti/turtle_carto/install/turtlebot3_fake_node:/home/keti/turtle_carto/install/turtlebot3_description:/home/keti/turtle_carto/install/turtlebot3_cartographer:/home/keti/turtle_carto/install/gcamp_gazebo:/home/keti/turtle_carto/install/cpp_service_pkg:/home/keti/turtle_carto/install/cpp_action_pkg:/home/keti/turtle_carto/install/custom_interfaces:/home/keti/turtle_carto/install/cpp_topic_pkg:/home/keti/turtle_carto/install/cpp_service_tutorial:/home/keti/turtle_carto/install/cpp_param_pkg:/home/keti/turtle_carto/install/cpp_first_pkg:/home/keti/turtle_carto/install/turtlebot3_teleop:/home/keti/turtle_carto/install/turtlebot3_example:/home/keti/turtle_carto/install/py_topic_pkg:/home/keti/turtle_carto/install/py_service_pkg:/home/keti/turtle_carto/install/py_first_pkg:/home/keti/turtle_carto/install/py_action_pkg:/home/keti/turtle_carto/install/follow_waypoints:/opt/ros/foxy LD_LIBRARY_PATH=/home/keti/turtle_carto/install/turtlebot3_msgs/lib:/home/keti/turtle_carto/install/custom_interfaces/lib:/usr/lib/x86_64-linux-gnu/gazebo-11/plugins:/opt/ros/foxy/opt/yaml_cpp_vendor/lib:/opt/ros/foxy/opt/rviz_ogre_vendor/lib:/opt/ros/foxy/lib/x86_64-linux-gnu:/opt/ros/foxy/lib:/usr/local/cuda-11.4/lib64 PYTHONPATH=/home/keti/turtle_carto/install/turtlebot3_msgs/lib/python3.8/site-packages:/home/keti/turtle_carto/install/turtlebot3_teleop/lib/python3.8/site-packages:/home/keti/turtle_carto/install/turtlebot3_example/lib/python3.8/site-packages:/home/keti/turtle_carto/install/py_topic_pkg/lib/python3.8/site-packages:/home/keti/turtle_carto/install/py_service_pkg/lib/python3.8/site-packages:/home/keti/turtle_carto/install/py_first_pkg/lib/python3.8/site-packages:/home/keti/turtle_carto/install/py_action_pkg/lib/python3.8/site-packages:/home/keti/turtle_carto/install/follow_waypoints/lib/python3.8/site-packages:/home/keti/turtle_carto/install/custom_interfaces/lib/python3.8/site-packages:/opt/ros/foxy/lib/python3.8/site-packages /usr/bin/cmake --install /home/keti/turtle_carto/build/turtlebot3_fake_node
[5.353s] -- Install configuration: ""
[5.353s] -- Installing: /home/keti/turtle_carto/install/turtlebot3_fake_node/lib/turtlebot3_fake_node/turtlebot3_fake_node
[5.354s] -- Set runtime path of "/home/keti/turtle_carto/install/turtlebot3_fake_node/lib/turtlebot3_fake_node/turtlebot3_fake_node" to ""
[5.354s] -- Installing: /home/keti/turtle_carto/install/turtlebot3_fake_node/share/turtlebot3_fake_node/launch
[5.354s] -- Installing: /home/keti/turtle_carto/install/turtlebot3_fake_node/share/turtlebot3_fake_node/launch/rviz2.launch.py
[5.355s] -- Installing: /home/keti/turtle_carto/install/turtlebot3_fake_node/share/turtlebot3_fake_node/launch/turtlebot3_fake_node.launch.py
[5.355s] -- Installing: /home/keti/turtle_carto/install/turtlebot3_fake_node/share/turtlebot3_fake_node/param
[5.355s] -- Installing: /home/keti/turtle_carto/install/turtlebot3_fake_node/share/turtlebot3_fake_node/param/waffle.yaml
[5.355s] -- Installing: /home/keti/turtle_carto/install/turtlebot3_fake_node/share/turtlebot3_fake_node/param/burger.yaml
[5.355s] -- Installing: /home/keti/turtle_carto/install/turtlebot3_fake_node/share/turtlebot3_fake_node/param/waffle_pi.yaml
[5.355s] -- Installing: /home/keti/turtle_carto/install/turtlebot3_fake_node/share/turtlebot3_fake_node/rviz
[5.355s] -- Installing: /home/keti/turtle_carto/install/turtlebot3_fake_node/share/turtlebot3_fake_node/rviz/model.rviz
[5.355s] -- Installing: /home/keti/turtle_carto/install/turtlebot3_fake_node/include/
[5.355s] -- Installing: /home/keti/turtle_carto/install/turtlebot3_fake_node/include//turtlebot3_fake_node
[5.355s] -- Installing: /home/keti/turtle_carto/install/turtlebot3_fake_node/include//turtlebot3_fake_node/turtlebot3_fake_node.hpp
[5.355s] -- Installing: /home/keti/turtle_carto/install/turtlebot3_fake_node/share/ament_index/resource_index/package_run_dependencies/turtlebot3_fake_node
[5.355s] -- Installing: /home/keti/turtle_carto/install/turtlebot3_fake_node/share/ament_index/resource_index/parent_prefix_path/turtlebot3_fake_node
[5.355s] -- Installing: /home/keti/turtle_carto/install/turtlebot3_fake_node/share/turtlebot3_fake_node/environment/ament_prefix_path.sh
[5.355s] -- Installing: /home/keti/turtle_carto/install/turtlebot3_fake_node/share/turtlebot3_fake_node/environment/ament_prefix_path.dsv
[5.355s] -- Installing: /home/keti/turtle_carto/install/turtlebot3_fake_node/share/turtlebot3_fake_node/environment/path.sh
[5.355s] -- Installing: /home/keti/turtle_carto/install/turtlebot3_fake_node/share/turtlebot3_fake_node/environment/path.dsv
[5.355s] -- Installing: /home/keti/turtle_carto/install/turtlebot3_fake_node/share/turtlebot3_fake_node/local_setup.bash
[5.356s] -- Installing: /home/keti/turtle_carto/install/turtlebot3_fake_node/share/turtlebot3_fake_node/local_setup.sh
[5.356s] -- Installing: /home/keti/turtle_carto/install/turtlebot3_fake_node/share/turtlebot3_fake_node/local_setup.zsh
[5.356s] -- Installing: /home/keti/turtle_carto/install/turtlebot3_fake_node/share/turtlebot3_fake_node/local_setup.dsv
[5.356s] -- Installing: /home/keti/turtle_carto/install/turtlebot3_fake_node/share/turtlebot3_fake_node/package.dsv
[5.356s] -- Installing: /home/keti/turtle_carto/install/turtlebot3_fake_node/share/ament_index/resource_index/packages/turtlebot3_fake_node
[5.356s] -- Installing: /home/keti/turtle_carto/install/turtlebot3_fake_node/share/turtlebot3_fake_node/cmake/ament_cmake_export_include_directories-extras.cmake
[5.356s] -- Installing: /home/keti/turtle_carto/install/turtlebot3_fake_node/share/turtlebot3_fake_node/cmake/ament_cmake_export_dependencies-extras.cmake
[5.356s] -- Installing: /home/keti/turtle_carto/install/turtlebot3_fake_node/share/turtlebot3_fake_node/cmake/turtlebot3_fake_nodeConfig.cmake
[5.356s] -- Installing: /home/keti/turtle_carto/install/turtlebot3_fake_node/share/turtlebot3_fake_node/cmake/turtlebot3_fake_nodeConfig-version.cmake
[5.356s] -- Installing: /home/keti/turtle_carto/install/turtlebot3_fake_node/share/turtlebot3_fake_node/package.xml
[5.358s] Invoked command in '/home/keti/turtle_carto/build/turtlebot3_fake_node' returned '0': CMAKE_PREFIX_PATH=/home/keti/turtle_carto/install/turtlebot3_msgs:/home/keti/turtle_carto/install/turtlebot3:/home/keti/turtle_carto/install/turtlebot3_simulations:/home/keti/turtle_carto/install/turtlebot3_bringup:/home/keti/turtle_carto/install/turtlebot3_node:/home/keti/turtle_carto/install/turtlebot3_navigation2:/home/keti/turtle_carto/install/turtlebot3_fake_node:/home/keti/turtle_carto/install/turtlebot3_description:/home/keti/turtle_carto/install/turtlebot3_cartographer:/home/keti/turtle_carto/install/gcamp_gazebo:/home/keti/turtle_carto/install/cpp_service_pkg:/home/keti/turtle_carto/install/cpp_action_pkg:/home/keti/turtle_carto/install/custom_interfaces:/home/keti/turtle_carto/install/cpp_topic_pkg:/home/keti/turtle_carto/install/cpp_service_tutorial:/home/keti/turtle_carto/install/cpp_param_pkg:/home/keti/turtle_carto/install/cpp_first_pkg:/home/keti/turtle_carto/install/turtlebot3_teleop:/home/keti/turtle_carto/install/turtlebot3_example:/home/keti/turtle_carto/install/py_topic_pkg:/home/keti/turtle_carto/install/py_service_pkg:/home/keti/turtle_carto/install/py_first_pkg:/home/keti/turtle_carto/install/py_action_pkg:/home/keti/turtle_carto/install/follow_waypoints:/opt/ros/foxy LD_LIBRARY_PATH=/home/keti/turtle_carto/install/turtlebot3_msgs/lib:/home/keti/turtle_carto/install/custom_interfaces/lib:/usr/lib/x86_64-linux-gnu/gazebo-11/plugins:/opt/ros/foxy/opt/yaml_cpp_vendor/lib:/opt/ros/foxy/opt/rviz_ogre_vendor/lib:/opt/ros/foxy/lib/x86_64-linux-gnu:/opt/ros/foxy/lib:/usr/local/cuda-11.4/lib64 PYTHONPATH=/home/keti/turtle_carto/install/turtlebot3_msgs/lib/python3.8/site-packages:/home/keti/turtle_carto/install/turtlebot3_teleop/lib/python3.8/site-packages:/home/keti/turtle_carto/install/turtlebot3_example/lib/python3.8/site-packages:/home/keti/turtle_carto/install/py_topic_pkg/lib/python3.8/site-packages:/home/keti/turtle_carto/install/py_service_pkg/lib/python3.8/site-packages:/home/keti/turtle_carto/install/py_first_pkg/lib/python3.8/site-packages:/home/keti/turtle_carto/install/py_action_pkg/lib/python3.8/site-packages:/home/keti/turtle_carto/install/follow_waypoints/lib/python3.8/site-packages:/home/keti/turtle_carto/install/custom_interfaces/lib/python3.8/site-packages:/opt/ros/foxy/lib/python3.8/site-packages /usr/bin/cmake --install /home/keti/turtle_carto/build/turtlebot3_fake_node
