[0.886s] Invoking command in '/home/keti/turtle_carto/src/turtlebot3/turtlebot3_example': AMENT_PREFIX_PATH=/home/keti/turtle_carto/install/turtlebot3_msgs:${AMENT_PREFIX_PATH} CMAKE_PREFIX_PATH=/home/keti/turtle_carto/install/turtlebot3_msgs LD_LIBRARY_PATH=/home/keti/turtle_carto/install/turtlebot3_msgs/lib:/usr/lib/x86_64-linux-gnu/gazebo-11/plugins:/opt/ros/foxy/opt/yaml_cpp_vendor/lib:/opt/ros/foxy/opt/rviz_ogre_vendor/lib:/opt/ros/foxy/lib/x86_64-linux-gnu:/opt/ros/foxy/lib:/usr/local/cuda-11.4/lib64 PYTHONPATH=/home/keti/turtle_carto/build/turtlebot3_example/prefix_override:/home/keti/turtle_carto/install/turtlebot3_example/lib/python3.8/site-packages:/home/keti/turtle_carto/install/turtlebot3_msgs/lib/python3.8/site-packages:${PYTHONPATH} /usr/bin/python3 setup.py egg_info --egg-base ../../../build/turtlebot3_example build --build-base /home/keti/turtle_carto/build/turtlebot3_example/build install --record /home/keti/turtle_carto/build/turtlebot3_example/install.log --single-version-externally-managed
[0.983s] running egg_info
[0.983s] writing ../../../build/turtlebot3_example/turtlebot3_example.egg-info/PKG-INFO
[0.983s] writing dependency_links to ../../../build/turtlebot3_example/turtlebot3_example.egg-info/dependency_links.txt
[0.983s] writing entry points to ../../../build/turtlebot3_example/turtlebot3_example.egg-info/entry_points.txt
[0.983s] writing requirements to ../../../build/turtlebot3_example/turtlebot3_example.egg-info/requires.txt
[0.983s] writing top-level names to ../../../build/turtlebot3_example/turtlebot3_example.egg-info/top_level.txt
[1.000s] reading manifest file '../../../build/turtlebot3_example/turtlebot3_example.egg-info/SOURCES.txt'
[1.000s] writing manifest file '../../../build/turtlebot3_example/turtlebot3_example.egg-info/SOURCES.txt'
[1.000s] running build
[1.000s] running build_py
[1.002s] running install
[1.003s] running install_lib
[1.005s] running install_data
[1.006s] running install_egg_info
[1.007s] removing '/home/keti/turtle_carto/install/turtlebot3_example/lib/python3.8/site-packages/turtlebot3_example-2.1.4-py3.8.egg-info' (and everything under it)
[1.007s] Copying ../../../build/turtlebot3_example/turtlebot3_example.egg-info to /home/keti/turtle_carto/install/turtlebot3_example/lib/python3.8/site-packages/turtlebot3_example-2.1.4-py3.8.egg-info
[1.008s] running install_scripts
[1.022s] Installing turtlebot3_obstacle_detection script to /home/keti/turtle_carto/install/turtlebot3_example/lib/turtlebot3_example
[1.023s] Installing turtlebot3_patrol_client script to /home/keti/turtle_carto/install/turtlebot3_example/lib/turtlebot3_example
[1.023s] Installing turtlebot3_patrol_server script to /home/keti/turtle_carto/install/turtlebot3_example/lib/turtlebot3_example
[1.023s] Installing turtlebot3_position_control script to /home/keti/turtle_carto/install/turtlebot3_example/lib/turtlebot3_example
[1.023s] writing list of installed files to '/home/keti/turtle_carto/build/turtlebot3_example/install.log'
[1.049s] Invoked command in '/home/keti/turtle_carto/src/turtlebot3/turtlebot3_example' returned '0': AMENT_PREFIX_PATH=/home/keti/turtle_carto/install/turtlebot3_msgs:${AMENT_PREFIX_PATH} CMAKE_PREFIX_PATH=/home/keti/turtle_carto/install/turtlebot3_msgs LD_LIBRARY_PATH=/home/keti/turtle_carto/install/turtlebot3_msgs/lib:/usr/lib/x86_64-linux-gnu/gazebo-11/plugins:/opt/ros/foxy/opt/yaml_cpp_vendor/lib:/opt/ros/foxy/opt/rviz_ogre_vendor/lib:/opt/ros/foxy/lib/x86_64-linux-gnu:/opt/ros/foxy/lib:/usr/local/cuda-11.4/lib64 PYTHONPATH=/home/keti/turtle_carto/build/turtlebot3_example/prefix_override:/home/keti/turtle_carto/install/turtlebot3_example/lib/python3.8/site-packages:/home/keti/turtle_carto/install/turtlebot3_msgs/lib/python3.8/site-packages:${PYTHONPATH} /usr/bin/python3 setup.py egg_info --egg-base ../../../build/turtlebot3_example build --build-base /home/keti/turtle_carto/build/turtlebot3_example/build install --record /home/keti/turtle_carto/build/turtlebot3_example/install.log --single-version-externally-managed
