[0.035s] Invoking command in '/home/keti/turtle_carto/build/omo_r1mini_navigation2': /usr/bin/cmake --build /home/keti/turtle_carto/build/omo_r1mini_navigation2 -- -j24 -l24
[0.253s] Invoked command in '/home/keti/turtle_carto/build/omo_r1mini_navigation2' returned '0': /usr/bin/cmake --build /home/keti/turtle_carto/build/omo_r1mini_navigation2 -- -j24 -l24
[0.283s] Invoking command in '/home/keti/turtle_carto/build/omo_r1mini_navigation2': /usr/bin/cmake --install /home/keti/turtle_carto/build/omo_r1mini_navigation2
[0.295s] -- Install configuration: ""
[0.295s] -- Up-to-date: /home/keti/turtle_carto/install/omo_r1mini_navigation2/share/omo_r1mini_navigation2/launch
[0.295s] -- Up-to-date: /home/keti/turtle_carto/install/omo_r1mini_navigation2/share/omo_r1mini_navigation2/launch/navigation2_rviz.launch.py
[0.295s] -- Up-to-date: /home/keti/turtle_carto/install/omo_r1mini_navigation2/share/omo_r1mini_navigation2/launch/navigation2.launch.py
[0.295s] -- Up-to-date: /home/keti/turtle_carto/install/omo_r1mini_navigation2/share/omo_r1mini_navigation2/map
[0.295s] -- Up-to-date: /home/keti/turtle_carto/install/omo_r1mini_navigation2/share/omo_r1mini_navigation2/map/turtlebot3_world.pgm
[0.295s] -- Up-to-date: /home/keti/turtle_carto/install/omo_r1mini_navigation2/share/omo_r1mini_navigation2/map/turtlebot3_world.yaml
[0.295s] -- Up-to-date: /home/keti/turtle_carto/install/omo_r1mini_navigation2/share/omo_r1mini_navigation2/param
[0.295s] -- Up-to-date: /home/keti/turtle_carto/install/omo_r1mini_navigation2/share/omo_r1mini_navigation2/param/omo_r1mini.yaml
[0.295s] -- Up-to-date: /home/keti/turtle_carto/install/omo_r1mini_navigation2/share/omo_r1mini_navigation2/rviz
[0.295s] -- Up-to-date: /home/keti/turtle_carto/install/omo_r1mini_navigation2/share/omo_r1mini_navigation2/rviz/tb3_navigation2.rviz
[0.295s] -- Up-to-date: /home/keti/turtle_carto/install/omo_r1mini_navigation2/share/ament_index/resource_index/package_run_dependencies/omo_r1mini_navigation2
[0.295s] -- Up-to-date: /home/keti/turtle_carto/install/omo_r1mini_navigation2/share/ament_index/resource_index/parent_prefix_path/omo_r1mini_navigation2
[0.295s] -- Up-to-date: /home/keti/turtle_carto/install/omo_r1mini_navigation2/share/omo_r1mini_navigation2/environment/ament_prefix_path.sh
[0.295s] -- Up-to-date: /home/keti/turtle_carto/install/omo_r1mini_navigation2/share/omo_r1mini_navigation2/environment/ament_prefix_path.dsv
[0.295s] -- Up-to-date: /home/keti/turtle_carto/install/omo_r1mini_navigation2/share/omo_r1mini_navigation2/environment/path.sh
[0.296s] -- Up-to-date: /home/keti/turtle_carto/install/omo_r1mini_navigation2/share/omo_r1mini_navigation2/environment/path.dsv
[0.296s] -- Up-to-date: /home/keti/turtle_carto/install/omo_r1mini_navigation2/share/omo_r1mini_navigation2/local_setup.bash
[0.296s] -- Up-to-date: /home/keti/turtle_carto/install/omo_r1mini_navigation2/share/omo_r1mini_navigation2/local_setup.sh
[0.296s] -- Up-to-date: /home/keti/turtle_carto/install/omo_r1mini_navigation2/share/omo_r1mini_navigation2/local_setup.zsh
[0.296s] -- Up-to-date: /home/keti/turtle_carto/install/omo_r1mini_navigation2/share/omo_r1mini_navigation2/local_setup.dsv
[0.296s] -- Installing: /home/keti/turtle_carto/install/omo_r1mini_navigation2/share/omo_r1mini_navigation2/package.dsv
[0.296s] -- Up-to-date: /home/keti/turtle_carto/install/omo_r1mini_navigation2/share/ament_index/resource_index/packages/omo_r1mini_navigation2
[0.296s] -- Up-to-date: /home/keti/turtle_carto/install/omo_r1mini_navigation2/share/omo_r1mini_navigation2/cmake/omo_r1mini_navigation2Config.cmake
[0.296s] -- Up-to-date: /home/keti/turtle_carto/install/omo_r1mini_navigation2/share/omo_r1mini_navigation2/cmake/omo_r1mini_navigation2Config-version.cmake
[0.296s] -- Up-to-date: /home/keti/turtle_carto/install/omo_r1mini_navigation2/share/omo_r1mini_navigation2/package.xml
[0.323s] Invoked command in '/home/keti/turtle_carto/build/omo_r1mini_navigation2' returned '0': /usr/bin/cmake --install /home/keti/turtle_carto/build/omo_r1mini_navigation2
