[0.011s] Invoking command in '/home/keti/turtle_carto/build/turtlebot3_bringup': AMENT_PREFIX_PATH=/home/keti/turtle_carto/install/turtlebot3_node:/home/keti/turtle_carto/install/turtlebot3_msgs:/home/keti/turtle_carto/install/turtlebot3_description CMAKE_PREFIX_PATH=/home/keti/turtle_carto/install/turtlebot3_node:/home/keti/turtle_carto/install/turtlebot3_msgs:/home/keti/turtle_carto/install/turtlebot3_description LD_LIBRARY_PATH=/home/keti/turtle_carto/install/turtlebot3_msgs/lib${LD_LIBRARY_PATH} PYTHONPATH=/home/keti/turtle_carto/install/turtlebot3_msgs/lib/python3.8/site-packages /usr/bin/cmake --build /home/keti/turtle_carto/build/turtlebot3_bringup -- -j24 -l24
[0.027s] Invoked command in '/home/keti/turtle_carto/build/turtlebot3_bringup' returned '0': AMENT_PREFIX_PATH=/home/keti/turtle_carto/install/turtlebot3_node:/home/keti/turtle_carto/install/turtlebot3_msgs:/home/keti/turtle_carto/install/turtlebot3_description CMAKE_PREFIX_PATH=/home/keti/turtle_carto/install/turtlebot3_node:/home/keti/turtle_carto/install/turtlebot3_msgs:/home/keti/turtle_carto/install/turtlebot3_description LD_LIBRARY_PATH=/home/keti/turtle_carto/install/turtlebot3_msgs/lib${LD_LIBRARY_PATH} PYTHONPATH=/home/keti/turtle_carto/install/turtlebot3_msgs/lib/python3.8/site-packages /usr/bin/cmake --build /home/keti/turtle_carto/build/turtlebot3_bringup -- -j24 -l24
[0.038s] Invoking command in '/home/keti/turtle_carto/build/turtlebot3_bringup': AMENT_PREFIX_PATH=/home/keti/turtle_carto/install/turtlebot3_node:/home/keti/turtle_carto/install/turtlebot3_msgs:/home/keti/turtle_carto/install/turtlebot3_description CMAKE_PREFIX_PATH=/home/keti/turtle_carto/install/turtlebot3_node:/home/keti/turtle_carto/install/turtlebot3_msgs:/home/keti/turtle_carto/install/turtlebot3_description LD_LIBRARY_PATH=/home/keti/turtle_carto/install/turtlebot3_msgs/lib${LD_LIBRARY_PATH} PYTHONPATH=/home/keti/turtle_carto/install/turtlebot3_msgs/lib/python3.8/site-packages /usr/bin/cmake --install /home/keti/turtle_carto/build/turtlebot3_bringup
[0.042s] -- Install configuration: ""
[0.042s] -- Up-to-date: /home/keti/turtle_carto/install/turtlebot3_bringup/share/turtlebot3_bringup/launch
[0.042s] -- Up-to-date: /home/keti/turtle_carto/install/turtlebot3_bringup/share/turtlebot3_bringup/launch/robot.launch.py
[0.042s] -- Up-to-date: /home/keti/turtle_carto/install/turtlebot3_bringup/share/turtlebot3_bringup/launch/turtlebot3_state_publisher.launch.py
[0.042s] -- Up-to-date: /home/keti/turtle_carto/install/turtlebot3_bringup/share/turtlebot3_bringup/launch/rviz2.launch.py
[0.042s] -- Up-to-date: /home/keti/turtle_carto/install/turtlebot3_bringup/share/turtlebot3_bringup/param
[0.042s] -- Up-to-date: /home/keti/turtle_carto/install/turtlebot3_bringup/share/turtlebot3_bringup/param/waffle.yaml
[0.043s] -- Up-to-date: /home/keti/turtle_carto/install/turtlebot3_bringup/share/turtlebot3_bringup/param/burger.yaml
[0.043s] -- Up-to-date: /home/keti/turtle_carto/install/turtlebot3_bringup/share/turtlebot3_bringup/param/waffle_pi.yaml
[0.043s] -- Up-to-date: /home/keti/turtle_carto/install/turtlebot3_bringup/share/turtlebot3_bringup/script
[0.043s] -- Up-to-date: /home/keti/turtle_carto/install/turtlebot3_bringup/share/turtlebot3_bringup/script/99-turtlebot3-cdc.rules
[0.043s] -- Up-to-date: /home/keti/turtle_carto/install/turtlebot3_bringup/share/turtlebot3_bringup/script/create_udev_rules
[0.043s] -- Up-to-date: /home/keti/turtle_carto/install/turtlebot3_bringup/share/ament_index/resource_index/package_run_dependencies/turtlebot3_bringup
[0.043s] -- Up-to-date: /home/keti/turtle_carto/install/turtlebot3_bringup/share/ament_index/resource_index/parent_prefix_path/turtlebot3_bringup
[0.043s] -- Up-to-date: /home/keti/turtle_carto/install/turtlebot3_bringup/share/turtlebot3_bringup/environment/ament_prefix_path.sh
[0.043s] -- Up-to-date: /home/keti/turtle_carto/install/turtlebot3_bringup/share/turtlebot3_bringup/environment/ament_prefix_path.dsv
[0.043s] -- Up-to-date: /home/keti/turtle_carto/install/turtlebot3_bringup/share/turtlebot3_bringup/environment/path.sh
[0.043s] -- Up-to-date: /home/keti/turtle_carto/install/turtlebot3_bringup/share/turtlebot3_bringup/environment/path.dsv
[0.043s] -- Up-to-date: /home/keti/turtle_carto/install/turtlebot3_bringup/share/turtlebot3_bringup/local_setup.bash
[0.043s] -- Up-to-date: /home/keti/turtle_carto/install/turtlebot3_bringup/share/turtlebot3_bringup/local_setup.sh
[0.044s] -- Up-to-date: /home/keti/turtle_carto/install/turtlebot3_bringup/share/turtlebot3_bringup/local_setup.zsh
[0.044s] -- Up-to-date: /home/keti/turtle_carto/install/turtlebot3_bringup/share/turtlebot3_bringup/local_setup.dsv
[0.044s] -- Installing: /home/keti/turtle_carto/install/turtlebot3_bringup/share/turtlebot3_bringup/package.dsv
[0.044s] -- Up-to-date: /home/keti/turtle_carto/install/turtlebot3_bringup/share/ament_index/resource_index/packages/turtlebot3_bringup
[0.044s] -- Up-to-date: /home/keti/turtle_carto/install/turtlebot3_bringup/share/turtlebot3_bringup/cmake/turtlebot3_bringupConfig.cmake
[0.044s] -- Up-to-date: /home/keti/turtle_carto/install/turtlebot3_bringup/share/turtlebot3_bringup/cmake/turtlebot3_bringupConfig-version.cmake
[0.044s] -- Up-to-date: /home/keti/turtle_carto/install/turtlebot3_bringup/share/turtlebot3_bringup/package.xml
[0.046s] Invoked command in '/home/keti/turtle_carto/build/turtlebot3_bringup' returned '0': AMENT_PREFIX_PATH=/home/keti/turtle_carto/install/turtlebot3_node:/home/keti/turtle_carto/install/turtlebot3_msgs:/home/keti/turtle_carto/install/turtlebot3_description CMAKE_PREFIX_PATH=/home/keti/turtle_carto/install/turtlebot3_node:/home/keti/turtle_carto/install/turtlebot3_msgs:/home/keti/turtle_carto/install/turtlebot3_description LD_LIBRARY_PATH=/home/keti/turtle_carto/install/turtlebot3_msgs/lib${LD_LIBRARY_PATH} PYTHONPATH=/home/keti/turtle_carto/install/turtlebot3_msgs/lib/python3.8/site-packages /usr/bin/cmake --install /home/keti/turtle_carto/build/turtlebot3_bringup
