[0.078s] Invoking command in '/home/keti/turtle_carto/build/cpp_action_pkg': AMENT_PREFIX_PATH=/home/keti/turtle_carto/install/custom_interfaces:${AMENT_PREFIX_PATH} CMAKE_PREFIX_PATH=/home/keti/turtle_carto/install/custom_interfaces:/opt/ros/foxy LD_LIBRARY_PATH=/home/keti/turtle_carto/install/custom_interfaces/lib:/usr/lib/x86_64-linux-gnu/gazebo-11/plugins:/opt/ros/foxy/opt/yaml_cpp_vendor/lib:/opt/ros/foxy/opt/rviz_ogre_vendor/lib:/opt/ros/foxy/lib/x86_64-linux-gnu:/opt/ros/foxy/lib:/usr/local/cuda-11.4/lib64 PYTHONPATH=/home/keti/turtle_carto/install/custom_interfaces/lib/python3.8/site-packages:${PYTHONPATH} /usr/bin/cmake --build /home/keti/turtle_carto/build/cpp_action_pkg -- -j24 -l24
[0.311s] [ 25%] Built target fibonacci_action_client_oop_node
[0.312s] [ 50%] Built target fibonacci_action_server_node
[0.312s] [ 75%] Built target fibonacci_action_server_oop_node
[0.312s] [100%] Built target fibonacci_action_client_node
[0.327s] Invoked command in '/home/keti/turtle_carto/build/cpp_action_pkg' returned '0': AMENT_PREFIX_PATH=/home/keti/turtle_carto/install/custom_interfaces:${AMENT_PREFIX_PATH} CMAKE_PREFIX_PATH=/home/keti/turtle_carto/install/custom_interfaces:/opt/ros/foxy LD_LIBRARY_PATH=/home/keti/turtle_carto/install/custom_interfaces/lib:/usr/lib/x86_64-linux-gnu/gazebo-11/plugins:/opt/ros/foxy/opt/yaml_cpp_vendor/lib:/opt/ros/foxy/opt/rviz_ogre_vendor/lib:/opt/ros/foxy/lib/x86_64-linux-gnu:/opt/ros/foxy/lib:/usr/local/cuda-11.4/lib64 PYTHONPATH=/home/keti/turtle_carto/install/custom_interfaces/lib/python3.8/site-packages:${PYTHONPATH} /usr/bin/cmake --build /home/keti/turtle_carto/build/cpp_action_pkg -- -j24 -l24
[0.635s] Invoking command in '/home/keti/turtle_carto/build/cpp_action_pkg': AMENT_PREFIX_PATH=/home/keti/turtle_carto/install/custom_interfaces:${AMENT_PREFIX_PATH} CMAKE_PREFIX_PATH=/home/keti/turtle_carto/install/custom_interfaces:/opt/ros/foxy LD_LIBRARY_PATH=/home/keti/turtle_carto/install/custom_interfaces/lib:/usr/lib/x86_64-linux-gnu/gazebo-11/plugins:/opt/ros/foxy/opt/yaml_cpp_vendor/lib:/opt/ros/foxy/opt/rviz_ogre_vendor/lib:/opt/ros/foxy/lib/x86_64-linux-gnu:/opt/ros/foxy/lib:/usr/local/cuda-11.4/lib64 PYTHONPATH=/home/keti/turtle_carto/install/custom_interfaces/lib/python3.8/site-packages:${PYTHONPATH} /usr/bin/cmake --install /home/keti/turtle_carto/build/cpp_action_pkg
[0.662s] -- Install configuration: ""
[0.662s] -- Up-to-date: /home/keti/turtle_carto/install/cpp_action_pkg/lib/cpp_action_pkg/fibonacci_action_client_node
[0.662s] -- Up-to-date: /home/keti/turtle_carto/install/cpp_action_pkg/lib/cpp_action_pkg/fibonacci_action_client_oop_node
[0.662s] -- Up-to-date: /home/keti/turtle_carto/install/cpp_action_pkg/lib/cpp_action_pkg/fibonacci_action_server_node
[0.662s] -- Up-to-date: /home/keti/turtle_carto/install/cpp_action_pkg/lib/cpp_action_pkg/fibonacci_action_server_oop_node
[0.662s] -- Up-to-date: /home/keti/turtle_carto/install/cpp_action_pkg/share/ament_index/resource_index/package_run_dependencies/cpp_action_pkg
[0.662s] -- Up-to-date: /home/keti/turtle_carto/install/cpp_action_pkg/share/ament_index/resource_index/parent_prefix_path/cpp_action_pkg
[0.662s] -- Up-to-date: /home/keti/turtle_carto/install/cpp_action_pkg/share/cpp_action_pkg/environment/ament_prefix_path.sh
[0.662s] -- Up-to-date: /home/keti/turtle_carto/install/cpp_action_pkg/share/cpp_action_pkg/environment/ament_prefix_path.dsv
[0.662s] -- Up-to-date: /home/keti/turtle_carto/install/cpp_action_pkg/share/cpp_action_pkg/environment/path.sh
[0.662s] -- Up-to-date: /home/keti/turtle_carto/install/cpp_action_pkg/share/cpp_action_pkg/environment/path.dsv
[0.662s] -- Up-to-date: /home/keti/turtle_carto/install/cpp_action_pkg/share/cpp_action_pkg/local_setup.bash
[0.662s] -- Up-to-date: /home/keti/turtle_carto/install/cpp_action_pkg/share/cpp_action_pkg/local_setup.sh
[0.662s] -- Up-to-date: /home/keti/turtle_carto/install/cpp_action_pkg/share/cpp_action_pkg/local_setup.zsh
[0.662s] -- Up-to-date: /home/keti/turtle_carto/install/cpp_action_pkg/share/cpp_action_pkg/local_setup.dsv
[0.662s] -- Installing: /home/keti/turtle_carto/install/cpp_action_pkg/share/cpp_action_pkg/package.dsv
[0.662s] -- Up-to-date: /home/keti/turtle_carto/install/cpp_action_pkg/share/ament_index/resource_index/packages/cpp_action_pkg
[0.662s] -- Up-to-date: /home/keti/turtle_carto/install/cpp_action_pkg/share/cpp_action_pkg/cmake/cpp_action_pkgConfig.cmake
[0.663s] -- Up-to-date: /home/keti/turtle_carto/install/cpp_action_pkg/share/cpp_action_pkg/cmake/cpp_action_pkgConfig-version.cmake
[0.663s] -- Up-to-date: /home/keti/turtle_carto/install/cpp_action_pkg/share/cpp_action_pkg/package.xml
[0.684s] Invoked command in '/home/keti/turtle_carto/build/cpp_action_pkg' returned '0': AMENT_PREFIX_PATH=/home/keti/turtle_carto/install/custom_interfaces:${AMENT_PREFIX_PATH} CMAKE_PREFIX_PATH=/home/keti/turtle_carto/install/custom_interfaces:/opt/ros/foxy LD_LIBRARY_PATH=/home/keti/turtle_carto/install/custom_interfaces/lib:/usr/lib/x86_64-linux-gnu/gazebo-11/plugins:/opt/ros/foxy/opt/yaml_cpp_vendor/lib:/opt/ros/foxy/opt/rviz_ogre_vendor/lib:/opt/ros/foxy/lib/x86_64-linux-gnu:/opt/ros/foxy/lib:/usr/local/cuda-11.4/lib64 PYTHONPATH=/home/keti/turtle_carto/install/custom_interfaces/lib/python3.8/site-packages:${PYTHONPATH} /usr/bin/cmake --install /home/keti/turtle_carto/build/cpp_action_pkg
