[0.790s] Invoking command in '/home/keti/turtle_carto/src/follow_waypoints': PYTHONPATH=/home/keti/turtle_carto/build/follow_waypoints/prefix_override:/home/keti/turtle_carto/install/follow_waypoints/lib/python3.8/site-packages:${PYTHONPATH} /usr/bin/python3 setup.py egg_info --egg-base ../../build/follow_waypoints build --build-base /home/keti/turtle_carto/build/follow_waypoints/build install --record /home/keti/turtle_carto/build/follow_waypoints/install.log --install-scripts $base/lib/follow_waypoints --single-version-externally-managed
[0.976s] running egg_info
[0.976s] writing ../../build/follow_waypoints/follow_waypoints.egg-info/PKG-INFO
[0.976s] writing dependency_links to ../../build/follow_waypoints/follow_waypoints.egg-info/dependency_links.txt
[0.976s] writing entry points to ../../build/follow_waypoints/follow_waypoints.egg-info/entry_points.txt
[0.976s] writing requirements to ../../build/follow_waypoints/follow_waypoints.egg-info/requires.txt
[0.976s] writing top-level names to ../../build/follow_waypoints/follow_waypoints.egg-info/top_level.txt
[1.001s] reading manifest file '../../build/follow_waypoints/follow_waypoints.egg-info/SOURCES.txt'
[1.001s] writing manifest file '../../build/follow_waypoints/follow_waypoints.egg-info/SOURCES.txt'
[1.001s] running build
[1.001s] running build_py
[1.004s] running install
[1.004s] running install_lib
[1.008s] running install_data
[1.018s] running install_egg_info
[1.018s] removing '/home/keti/turtle_carto/install/follow_waypoints/lib/python3.8/site-packages/follow_waypoints-0.0.0-py3.8.egg-info' (and everything under it)
[1.018s] Copying ../../build/follow_waypoints/follow_waypoints.egg-info to /home/keti/turtle_carto/install/follow_waypoints/lib/python3.8/site-packages/follow_waypoints-0.0.0-py3.8.egg-info
[1.018s] running install_scripts
[1.036s] writing list of installed files to '/home/keti/turtle_carto/build/follow_waypoints/install.log'
[1.053s] Invoked command in '/home/keti/turtle_carto/src/follow_waypoints' returned '0': PYTHONPATH=/home/keti/turtle_carto/build/follow_waypoints/prefix_override:/home/keti/turtle_carto/install/follow_waypoints/lib/python3.8/site-packages:${PYTHONPATH} /usr/bin/python3 setup.py egg_info --egg-base ../../build/follow_waypoints build --build-base /home/keti/turtle_carto/build/follow_waypoints/build install --record /home/keti/turtle_carto/build/follow_waypoints/install.log --install-scripts $base/lib/follow_waypoints --single-version-externally-managed
