-- Found ament_cmake: 0.9.11 (/opt/ros/foxy/share/ament_cmake/cmake)
-- Using PYTHON_EXECUTABLE: /usr/bin/python3
-- Found rclcpp: 2.4.2 (/opt/ros/foxy/share/rclcpp/cmake)
-- Using all available rosidl_typesupport_c: rosidl_typesupport_fastrtps_c;rosidl_typesupport_introspection_c
-- Found rosidl_adapter: 1.3.0 (/opt/ros/foxy/share/rosidl_adapter/cmake)
-- Using all available rosidl_typesupport_cpp: rosidl_typesupport_fastrtps_cpp;rosidl_typesupport_introspection_cpp
-- Found rmw_implementation_cmake: 1.0.4 (/opt/ros/foxy/share/rmw_implementation_cmake/cmake)
-- Using RMW implementation 'rmw_fastrtps_cpp' as default
-- Found ament_lint_auto: 0.9.8 (/opt/ros/foxy/share/ament_lint_auto/cmake)
-- Added test 'copyright' to check source files copyright and LICENSE
-- Added test 'cppcheck' to perform static code analysis on C / C++ code
-- Configured cppcheck include dirs: 
-- Configured cppcheck exclude dirs and/or files: 
-- Added test 'cpplint' to check C / C++ code against the Google style
-- Configured cpplint exclude dirs and/or files: 
-- Added test 'lint_cmake' to check CMake code style
-- Added test 'uncrustify' to check C / C++ code style
-- Configured uncrustify additional arguments: 
-- Added test 'xmllint' to check XML markup files
-- Configuring done
-- Generating done
-- Build files have been written to: /home/keti/turtle_carto/build/cpp_param_pkg
[35m[1mScanning dependencies of target param_tutorial[0m
[ 50%] [32mBuilding CXX object CMakeFiles/param_tutorial.dir/src/param_tutorial.cpp.o[0m
[100%] [32m[1mLinking CXX executable param_tutorial[0m
[100%] Built target param_tutorial
-- Install configuration: ""
-- Installing: /home/keti/turtle_carto/install/cpp_param_pkg/lib/cpp_param_pkg/param_tutorial
-- Set runtime path of "/home/keti/turtle_carto/install/cpp_param_pkg/lib/cpp_param_pkg/param_tutorial" to ""
-- Up-to-date: /home/keti/turtle_carto/install/cpp_param_pkg/share/ament_index/resource_index/package_run_dependencies/cpp_param_pkg
-- Installing: /home/keti/turtle_carto/install/cpp_param_pkg/share/ament_index/resource_index/parent_prefix_path/cpp_param_pkg
-- Up-to-date: /home/keti/turtle_carto/install/cpp_param_pkg/share/cpp_param_pkg/environment/ament_prefix_path.sh
-- Installing: /home/keti/turtle_carto/install/cpp_param_pkg/share/cpp_param_pkg/environment/ament_prefix_path.dsv
-- Up-to-date: /home/keti/turtle_carto/install/cpp_param_pkg/share/cpp_param_pkg/environment/path.sh
-- Installing: /home/keti/turtle_carto/install/cpp_param_pkg/share/cpp_param_pkg/environment/path.dsv
-- Up-to-date: /home/keti/turtle_carto/install/cpp_param_pkg/share/cpp_param_pkg/local_setup.bash
-- Up-to-date: /home/keti/turtle_carto/install/cpp_param_pkg/share/cpp_param_pkg/local_setup.sh
-- Up-to-date: /home/keti/turtle_carto/install/cpp_param_pkg/share/cpp_param_pkg/local_setup.zsh
-- Installing: /home/keti/turtle_carto/install/cpp_param_pkg/share/cpp_param_pkg/local_setup.dsv
-- Installing: /home/keti/turtle_carto/install/cpp_param_pkg/share/cpp_param_pkg/package.dsv
-- Up-to-date: /home/keti/turtle_carto/install/cpp_param_pkg/share/ament_index/resource_index/packages/cpp_param_pkg
-- Up-to-date: /home/keti/turtle_carto/install/cpp_param_pkg/share/cpp_param_pkg/cmake/cpp_param_pkgConfig.cmake
-- Up-to-date: /home/keti/turtle_carto/install/cpp_param_pkg/share/cpp_param_pkg/cmake/cpp_param_pkgConfig-version.cmake
-- Installing: /home/keti/turtle_carto/install/cpp_param_pkg/share/cpp_param_pkg/package.xml
