[0.182s] Invoking command in '/home/keti/turtle_carto/build/cpp_param_pkg': CMAKE_PREFIX_PATH=/opt/ros/foxy /usr/bin/cmake --build /home/keti/turtle_carto/build/cpp_param_pkg -- -j24 -l24
[0.544s] -- Found ament_cmake: 0.9.11 (/opt/ros/foxy/share/ament_cmake/cmake)
[0.545s] -- Using PYTHON_EXECUTABLE: /usr/bin/python3
[0.545s] -- Found rclcpp: 2.4.2 (/opt/ros/foxy/share/rclcpp/cmake)
[0.545s] -- Using all available rosidl_typesupport_c: rosidl_typesupport_fastrtps_c;rosidl_typesupport_introspection_c
[0.545s] -- Found rosidl_adapter: 1.3.0 (/opt/ros/foxy/share/rosidl_adapter/cmake)
[0.545s] -- Using all available rosidl_typesupport_cpp: rosidl_typesupport_fastrtps_cpp;rosidl_typesupport_introspection_cpp
[0.545s] -- Found rmw_implementation_cmake: 1.0.4 (/opt/ros/foxy/share/rmw_implementation_cmake/cmake)
[0.545s] -- Using RMW implementation 'rmw_fastrtps_cpp' as default
[0.545s] -- Found ament_lint_auto: 0.9.8 (/opt/ros/foxy/share/ament_lint_auto/cmake)
[0.545s] -- Added test 'copyright' to check source files copyright and LICENSE
[0.545s] -- Added test 'cppcheck' to perform static code analysis on C / C++ code
[0.545s] -- Configured cppcheck include dirs: 
[0.545s] -- Configured cppcheck exclude dirs and/or files: 
[0.545s] -- Added test 'cpplint' to check C / C++ code against the Google style
[0.545s] -- Configured cpplint exclude dirs and/or files: 
[0.545s] -- Added test 'lint_cmake' to check CMake code style
[0.545s] -- Added test 'uncrustify' to check C / C++ code style
[0.545s] -- Configured uncrustify additional arguments: 
[0.545s] -- Added test 'xmllint' to check XML markup files
[0.545s] -- Configuring done
[0.545s] -- Generating done
[0.545s] -- Build files have been written to: /home/keti/turtle_carto/build/cpp_param_pkg
[0.545s] [35m[1mScanning dependencies of target param_tutorial[0m
[0.545s] [ 50%] [32mBuilding CXX object CMakeFiles/param_tutorial.dir/src/param_tutorial.cpp.o[0m
[1.666s] [01m[K/home/keti/turtle_carto/src/gcamp_ros2_basic/cpp_param_pkg/src/param_tutorial.cpp:[m[K In constructor ‘[01m[KParamNode::ParamNode()[m[K’:
[1.666s] [01m[K/home/keti/turtle_carto/src/gcamp_ros2_basic/cpp_param_pkg/src/param_tutorial.cpp:17:13:[m[K [01;35m[Kwarning: [m[Kunused variable ‘[01m[Kmy_int[m[K’ [[01;35m[K-Wunused-variable[m[K]
[1.666s]    17 |         int [01;35m[Kmy_int[m[K = int_param.as_int();
[1.666s]       |             [01;35m[K^~~~~~[m[K
[2.161s] [100%] [32m[1mLinking CXX executable param_tutorial[0m
[2.291s] [100%] Built target param_tutorial
[2.580s] Invoked command in '/home/keti/turtle_carto/build/cpp_param_pkg' returned '0': CMAKE_PREFIX_PATH=/opt/ros/foxy /usr/bin/cmake --build /home/keti/turtle_carto/build/cpp_param_pkg -- -j24 -l24
[2.662s] Invoking command in '/home/keti/turtle_carto/build/cpp_param_pkg': CMAKE_PREFIX_PATH=/opt/ros/foxy /usr/bin/cmake --install /home/keti/turtle_carto/build/cpp_param_pkg
[2.676s] -- Install configuration: ""
[2.677s] -- Installing: /home/keti/turtle_carto/install/cpp_param_pkg/lib/cpp_param_pkg/param_tutorial
[2.677s] -- Set runtime path of "/home/keti/turtle_carto/install/cpp_param_pkg/lib/cpp_param_pkg/param_tutorial" to ""
[2.677s] -- Up-to-date: /home/keti/turtle_carto/install/cpp_param_pkg/share/ament_index/resource_index/package_run_dependencies/cpp_param_pkg
[2.677s] -- Installing: /home/keti/turtle_carto/install/cpp_param_pkg/share/ament_index/resource_index/parent_prefix_path/cpp_param_pkg
[2.677s] -- Up-to-date: /home/keti/turtle_carto/install/cpp_param_pkg/share/cpp_param_pkg/environment/ament_prefix_path.sh
[2.677s] -- Installing: /home/keti/turtle_carto/install/cpp_param_pkg/share/cpp_param_pkg/environment/ament_prefix_path.dsv
[2.677s] -- Up-to-date: /home/keti/turtle_carto/install/cpp_param_pkg/share/cpp_param_pkg/environment/path.sh
[2.677s] -- Installing: /home/keti/turtle_carto/install/cpp_param_pkg/share/cpp_param_pkg/environment/path.dsv
[2.677s] -- Up-to-date: /home/keti/turtle_carto/install/cpp_param_pkg/share/cpp_param_pkg/local_setup.bash
[2.677s] -- Up-to-date: /home/keti/turtle_carto/install/cpp_param_pkg/share/cpp_param_pkg/local_setup.sh
[2.681s] -- Up-to-date: /home/keti/turtle_carto/install/cpp_param_pkg/share/cpp_param_pkg/local_setup.zsh
[2.681s] -- Installing: /home/keti/turtle_carto/install/cpp_param_pkg/share/cpp_param_pkg/local_setup.dsv
[2.681s] -- Installing: /home/keti/turtle_carto/install/cpp_param_pkg/share/cpp_param_pkg/package.dsv
[2.681s] -- Up-to-date: /home/keti/turtle_carto/install/cpp_param_pkg/share/ament_index/resource_index/packages/cpp_param_pkg
[2.681s] -- Up-to-date: /home/keti/turtle_carto/install/cpp_param_pkg/share/cpp_param_pkg/cmake/cpp_param_pkgConfig.cmake
[2.681s] -- Up-to-date: /home/keti/turtle_carto/install/cpp_param_pkg/share/cpp_param_pkg/cmake/cpp_param_pkgConfig-version.cmake
[2.681s] -- Installing: /home/keti/turtle_carto/install/cpp_param_pkg/share/cpp_param_pkg/package.xml
[2.718s] Invoked command in '/home/keti/turtle_carto/build/cpp_param_pkg' returned '0': CMAKE_PREFIX_PATH=/opt/ros/foxy /usr/bin/cmake --install /home/keti/turtle_carto/build/cpp_param_pkg
