[0.091s] Invoking command in '/home/keti/turtle_carto/build/turtlebot3_msgs': CMAKE_PREFIX_PATH=${CMAKE_PREFIX_PATH}:/home/keti/turtle_carto/install/turtlebot3_teleop:/home/keti/turtle_carto/install/turtlebot3_example:/home/keti/turtle_carto/install/py_topic_pkg:/home/keti/turtle_carto/install/py_service_pkg:/home/keti/turtle_carto/install/py_first_pkg:/home/keti/turtle_carto/install/py_action_pkg:/home/keti/turtle_carto/install/follow_waypoints:/opt/ros/foxy /usr/bin/cmake /home/keti/turtle_carto/src/turtlebot3_msgs -DCMAKE_INSTALL_PREFIX=/home/keti/turtle_carto/install/turtlebot3_msgs
[0.474s] -- The C compiler identification is GNU 9.4.0
[0.474s] -- The CXX compiler identification is GNU 9.4.0
[0.475s] -- Check for working C compiler: /usr/bin/cc
[0.475s] -- Check for working C compiler: /usr/bin/cc -- works
[0.475s] -- Detecting C compiler ABI info
[0.475s] -- Detecting C compiler ABI info - done
[0.475s] -- Detecting C compile features
[0.475s] -- Detecting C compile features - done
[0.475s] -- Check for working CXX compiler: /usr/bin/c++
[0.475s] -- Check for working CXX compiler: /usr/bin/c++ -- works
[0.475s] -- Detecting CXX compiler ABI info
[0.475s] -- Detecting CXX compiler ABI info - done
[0.475s] -- Detecting CXX compile features
[0.476s] -- Detecting CXX compile features - done
[0.476s] -- Found action_msgs: 1.0.0 (/opt/ros/foxy/share/action_msgs/cmake)
[0.476s] -- Found PythonInterp: /usr/bin/python3 (found suitable version "3.8.10", minimum required is "3") 
[0.476s] -- Using PYTHON_EXECUTABLE: /usr/bin/python3
[0.486s] -- Using all available rosidl_typesupport_c: rosidl_typesupport_fastrtps_c;rosidl_typesupport_introspection_c
[0.487s] -- Found rosidl_adapter: 1.3.0 (/opt/ros/foxy/share/rosidl_adapter/cmake)
[0.536s] -- Found OpenSSL: /usr/lib/x86_64-linux-gnu/libcrypto.so (found version "1.1.1f")  
[0.552s] -- Found FastRTPS: /opt/ros/foxy/include  
[0.595s] -- Using all available rosidl_typesupport_cpp: rosidl_typesupport_fastrtps_cpp;rosidl_typesupport_introspection_cpp
[0.630s] -- Found rosidl_default_generators: 1.0.1 (/opt/ros/foxy/share/rosidl_default_generators/cmake)
[0.637s] -- Found std_msgs: 2.0.5 (/opt/ros/foxy/share/std_msgs/cmake)
[0.661s] -- Found PythonInterp: /usr/bin/python3 (found version "3.8.10") 
[0.764s] -- Found ament_cmake_cppcheck: 0.9.8 (/opt/ros/foxy/share/ament_cmake_cppcheck/cmake)
[0.765s] -- Found ament_cmake_cpplint: 0.9.8 (/opt/ros/foxy/share/ament_cmake_cpplint/cmake)
[0.767s] -- Found ament_cmake_uncrustify: 0.9.8 (/opt/ros/foxy/share/ament_cmake_uncrustify/cmake)
[0.768s] -- Found ament_cmake_ros: 0.9.2 (/opt/ros/foxy/share/ament_cmake_ros/cmake)
[0.886s] -- Using all available rosidl_typesupport_c: rosidl_typesupport_fastrtps_c;rosidl_typesupport_introspection_c
[0.923s] -- Using all available rosidl_typesupport_cpp: rosidl_typesupport_fastrtps_cpp;rosidl_typesupport_introspection_cpp
[0.939s] -- Found PythonInterp: /usr/bin/python3 (found suitable version "3.8.10", minimum required is "3.5") 
[0.941s] -- Found python_cmake_module: 0.8.1 (/opt/ros/foxy/share/python_cmake_module/cmake)
[0.961s] -- Found PythonLibs: /usr/lib/x86_64-linux-gnu/libpython3.8.so (found suitable version "3.8.10", minimum required is "3.5") 
[0.961s] -- Using PYTHON_EXECUTABLE: /usr/bin/python3
[0.961s] -- Using PYTHON_INCLUDE_DIRS: /usr/include/python3.8
[0.961s] -- Using PYTHON_LIBRARIES: /usr/lib/x86_64-linux-gnu/libpython3.8.so
[0.975s] -- Found PythonExtra: .so  
[1.020s] -- Found ament_cmake_flake8: 0.9.8 (/opt/ros/foxy/share/ament_cmake_flake8/cmake)
[1.023s] -- Found ament_cmake_pep257: 0.9.8 (/opt/ros/foxy/share/ament_cmake_pep257/cmake)
[1.027s] -- Configuring done
[1.055s] -- Generating done
[1.056s] -- Build files have been written to: /home/keti/turtle_carto/build/turtlebot3_msgs
[1.062s] Invoked command in '/home/keti/turtle_carto/build/turtlebot3_msgs' returned '0': CMAKE_PREFIX_PATH=${CMAKE_PREFIX_PATH}:/home/keti/turtle_carto/install/turtlebot3_teleop:/home/keti/turtle_carto/install/turtlebot3_example:/home/keti/turtle_carto/install/py_topic_pkg:/home/keti/turtle_carto/install/py_service_pkg:/home/keti/turtle_carto/install/py_first_pkg:/home/keti/turtle_carto/install/py_action_pkg:/home/keti/turtle_carto/install/follow_waypoints:/opt/ros/foxy /usr/bin/cmake /home/keti/turtle_carto/src/turtlebot3_msgs -DCMAKE_INSTALL_PREFIX=/home/keti/turtle_carto/install/turtlebot3_msgs
[1.064s] Invoking command in '/home/keti/turtle_carto/build/turtlebot3_msgs': CMAKE_PREFIX_PATH=${CMAKE_PREFIX_PATH}:/home/keti/turtle_carto/install/turtlebot3_teleop:/home/keti/turtle_carto/install/turtlebot3_example:/home/keti/turtle_carto/install/py_topic_pkg:/home/keti/turtle_carto/install/py_service_pkg:/home/keti/turtle_carto/install/py_first_pkg:/home/keti/turtle_carto/install/py_action_pkg:/home/keti/turtle_carto/install/follow_waypoints:/opt/ros/foxy /usr/bin/cmake --build /home/keti/turtle_carto/build/turtlebot3_msgs -- -j24 -l24
[1.084s] [35m[1mScanning dependencies of target turtlebot3_msgs__cpp[0m
[1.085s] [  1%] [34m[1mGenerating C code for ROS interfaces[0m
[1.089s] [  2%] [34m[1mGenerating C++ code for ROS interfaces[0m
[1.510s] [  2%] Built target turtlebot3_msgs__cpp
[1.519s] [  4%] [34m[1mGenerating C++ type support dispatch for ROS interfaces[0m
[1.525s] [  5%] [34m[1mGenerating C++ type support for eProsima Fast-RTPS[0m
[1.526s] [  7%] [34m[1mGenerating C++ introspection for ROS interfaces[0m
[1.912s] [35m[1mScanning dependencies of target turtlebot3_msgs__rosidl_generator_c[0m
[1.933s] [  8%] [32mBuilding C object CMakeFiles/turtlebot3_msgs__rosidl_generator_c.dir/rosidl_generator_c/turtlebot3_msgs/msg/detail/sound__functions.c.o[0m
[1.942s] [ 11%] [32mBuilding C object CMakeFiles/turtlebot3_msgs__rosidl_generator_c.dir/rosidl_generator_c/turtlebot3_msgs/msg/detail/sensor_state__functions.c.o[0m
[1.942s] [ 11%] [32mBuilding C object CMakeFiles/turtlebot3_msgs__rosidl_generator_c.dir/rosidl_generator_c/turtlebot3_msgs/action/detail/patrol__functions.c.o[0m
[1.944s] [ 12%] [32mBuilding C object CMakeFiles/turtlebot3_msgs__rosidl_generator_c.dir/rosidl_generator_c/turtlebot3_msgs/msg/detail/version_info__functions.c.o[0m
[1.952s] [ 14%] [32mBuilding C object CMakeFiles/turtlebot3_msgs__rosidl_generator_c.dir/rosidl_generator_c/turtlebot3_msgs/srv/detail/sound__functions.c.o[0m
[1.961s] [ 15%] [32mBuilding C object CMakeFiles/turtlebot3_msgs__rosidl_generator_c.dir/rosidl_generator_c/turtlebot3_msgs/srv/detail/dqn__functions.c.o[0m
[2.156s] [ 16%] [32m[1mLinking C shared library libturtlebot3_msgs__rosidl_generator_c.so[0m
[2.212s] [35m[1mScanning dependencies of target turtlebot3_msgs__rosidl_typesupport_introspection_cpp[0m
[2.280s] [ 18%] [32mBuilding CXX object CMakeFiles/turtlebot3_msgs__rosidl_typesupport_introspection_cpp.dir/rosidl_typesupport_introspection_cpp/turtlebot3_msgs/msg/detail/sensor_state__type_support.cpp.o[0m
[2.287s] [ 19%] [32mBuilding CXX object CMakeFiles/turtlebot3_msgs__rosidl_typesupport_introspection_cpp.dir/rosidl_typesupport_introspection_cpp/turtlebot3_msgs/msg/detail/sound__type_support.cpp.o[0m
[2.302s] [ 21%] [32mBuilding CXX object CMakeFiles/turtlebot3_msgs__rosidl_typesupport_introspection_cpp.dir/rosidl_typesupport_introspection_cpp/turtlebot3_msgs/msg/detail/version_info__type_support.cpp.o[0m
[2.313s] [ 22%] [32mBuilding CXX object CMakeFiles/turtlebot3_msgs__rosidl_typesupport_introspection_cpp.dir/rosidl_typesupport_introspection_cpp/turtlebot3_msgs/srv/detail/sound__type_support.cpp.o[0m
[2.321s] [ 22%] Built target turtlebot3_msgs__rosidl_generator_c
[2.341s] [ 23%] [32mBuilding CXX object CMakeFiles/turtlebot3_msgs__rosidl_typesupport_introspection_cpp.dir/rosidl_typesupport_introspection_cpp/turtlebot3_msgs/srv/detail/dqn__type_support.cpp.o[0m
[2.364s] [35m[1mScanning dependencies of target turtlebot3_msgs__rosidl_typesupport_cpp[0m
[2.389s] [ 25%] [32mBuilding CXX object CMakeFiles/turtlebot3_msgs__rosidl_typesupport_introspection_cpp.dir/rosidl_typesupport_introspection_cpp/turtlebot3_msgs/action/detail/patrol__type_support.cpp.o[0m
[2.400s] [ 26%] [34m[1mGenerating C type support dispatch for ROS interfaces[0m
[2.403s] [ 28%] [34m[1mGenerating C introspection for ROS interfaces[0m
[2.414s] [ 29%] [32mBuilding CXX object CMakeFiles/turtlebot3_msgs__rosidl_typesupport_cpp.dir/rosidl_typesupport_cpp/turtlebot3_msgs/msg/sensor_state__type_support.cpp.o[0m
[2.434s] [ 30%] [32mBuilding CXX object CMakeFiles/turtlebot3_msgs__rosidl_typesupport_cpp.dir/rosidl_typesupport_cpp/turtlebot3_msgs/msg/sound__type_support.cpp.o[0m
[2.441s] [ 32%] [32mBuilding CXX object CMakeFiles/turtlebot3_msgs__rosidl_typesupport_cpp.dir/rosidl_typesupport_cpp/turtlebot3_msgs/msg/version_info__type_support.cpp.o[0m
[2.472s] [35m[1mScanning dependencies of target turtlebot3_msgs__rosidl_typesupport_fastrtps_cpp[0m
[2.507s] [ 33%] [32mBuilding CXX object CMakeFiles/turtlebot3_msgs__rosidl_typesupport_cpp.dir/rosidl_typesupport_cpp/turtlebot3_msgs/srv/sound__type_support.cpp.o[0m
[2.536s] [ 35%] [32mBuilding CXX object CMakeFiles/turtlebot3_msgs__rosidl_typesupport_cpp.dir/rosidl_typesupport_cpp/turtlebot3_msgs/srv/dqn__type_support.cpp.o[0m
[2.540s] [ 36%] [32mBuilding CXX object CMakeFiles/turtlebot3_msgs__rosidl_typesupport_fastrtps_cpp.dir/rosidl_typesupport_fastrtps_cpp/turtlebot3_msgs/msg/detail/dds_fastrtps/sensor_state__type_support.cpp.o[0m
[2.555s] [ 38%] [32mBuilding CXX object CMakeFiles/turtlebot3_msgs__rosidl_typesupport_cpp.dir/rosidl_typesupport_cpp/turtlebot3_msgs/action/patrol__type_support.cpp.o[0m
[2.557s] [ 39%] [32mBuilding CXX object CMakeFiles/turtlebot3_msgs__rosidl_typesupport_fastrtps_cpp.dir/rosidl_typesupport_fastrtps_cpp/turtlebot3_msgs/msg/detail/dds_fastrtps/version_info__type_support.cpp.o[0m
[2.563s] [ 40%] [32mBuilding CXX object CMakeFiles/turtlebot3_msgs__rosidl_typesupport_fastrtps_cpp.dir/rosidl_typesupport_fastrtps_cpp/turtlebot3_msgs/msg/detail/dds_fastrtps/sound__type_support.cpp.o[0m
[2.586s] [ 42%] [32mBuilding CXX object CMakeFiles/turtlebot3_msgs__rosidl_typesupport_fastrtps_cpp.dir/rosidl_typesupport_fastrtps_cpp/turtlebot3_msgs/srv/detail/dds_fastrtps/sound__type_support.cpp.o[0m
[2.645s] [ 43%] [32mBuilding CXX object CMakeFiles/turtlebot3_msgs__rosidl_typesupport_fastrtps_cpp.dir/rosidl_typesupport_fastrtps_cpp/turtlebot3_msgs/srv/detail/dds_fastrtps/dqn__type_support.cpp.o[0m
[2.665s] [ 45%] [32mBuilding CXX object CMakeFiles/turtlebot3_msgs__rosidl_typesupport_fastrtps_cpp.dir/rosidl_typesupport_fastrtps_cpp/turtlebot3_msgs/action/detail/dds_fastrtps/patrol__type_support.cpp.o[0m
[2.882s] [ 46%] [32m[1mLinking CXX shared library libturtlebot3_msgs__rosidl_typesupport_introspection_cpp.so[0m
[3.092s] [ 46%] Built target turtlebot3_msgs__rosidl_typesupport_introspection_cpp
[3.152s] [ 47%] [32m[1mLinking CXX shared library libturtlebot3_msgs__rosidl_typesupport_cpp.so[0m
[3.207s] [ 47%] Built target turtlebot3_msgs__rosidl_typesupport_cpp
[3.253s] [ 49%] [32m[1mLinking CXX shared library libturtlebot3_msgs__rosidl_typesupport_fastrtps_cpp.so[0m
[3.279s] [35m[1mScanning dependencies of target turtlebot3_msgs__rosidl_typesupport_c[0m
[3.293s] [ 57%] [32mBuilding CXX object CMakeFiles/turtlebot3_msgs__rosidl_typesupport_c.dir/rosidl_typesupport_c/turtlebot3_msgs/msg/version_info__type_support.cpp.o[0m
[3.293s] [ 57%] [32mBuilding CXX object CMakeFiles/turtlebot3_msgs__rosidl_typesupport_c.dir/rosidl_typesupport_c/turtlebot3_msgs/msg/sound__type_support.cpp.o[0m
[3.293s] [ 57%] [32mBuilding CXX object CMakeFiles/turtlebot3_msgs__rosidl_typesupport_c.dir/rosidl_typesupport_c/turtlebot3_msgs/msg/sensor_state__type_support.cpp.o[0m
[3.294s] [ 57%] [32mBuilding CXX object CMakeFiles/turtlebot3_msgs__rosidl_typesupport_c.dir/rosidl_typesupport_c/turtlebot3_msgs/srv/sound__type_support.cpp.o[0m
[3.294s] [ 57%] [32mBuilding CXX object CMakeFiles/turtlebot3_msgs__rosidl_typesupport_c.dir/rosidl_typesupport_c/turtlebot3_msgs/action/patrol__type_support.cpp.o[0m
[3.294s] [ 57%] [32mBuilding CXX object CMakeFiles/turtlebot3_msgs__rosidl_typesupport_c.dir/rosidl_typesupport_c/turtlebot3_msgs/srv/dqn__type_support.cpp.o[0m
[3.337s] [ 59%] [32m[1mLinking CXX shared library libturtlebot3_msgs__rosidl_typesupport_c.so[0m
[3.357s] [ 59%] Built target turtlebot3_msgs__rosidl_typesupport_fastrtps_cpp
[3.366s] [ 60%] [34m[1mGenerating C type support for eProsima Fast-RTPS[0m
[3.369s] [35m[1mScanning dependencies of target turtlebot3_msgs__rosidl_typesupport_introspection_c[0m
[3.378s] [ 60%] Built target turtlebot3_msgs__rosidl_typesupport_c
[3.381s] [ 66%] [32mBuilding C object CMakeFiles/turtlebot3_msgs__rosidl_typesupport_introspection_c.dir/rosidl_typesupport_introspection_c/turtlebot3_msgs/action/detail/patrol__type_support.c.o[0m
[3.381s] [ 66%] [32mBuilding C object CMakeFiles/turtlebot3_msgs__rosidl_typesupport_introspection_c.dir/rosidl_typesupport_introspection_c/turtlebot3_msgs/msg/detail/sound__type_support.c.o[0m
[3.382s] [ 66%] [32mBuilding C object CMakeFiles/turtlebot3_msgs__rosidl_typesupport_introspection_c.dir/rosidl_typesupport_introspection_c/turtlebot3_msgs/srv/detail/sound__type_support.c.o[0m
[3.382s] [ 66%] [32mBuilding C object CMakeFiles/turtlebot3_msgs__rosidl_typesupport_introspection_c.dir/rosidl_typesupport_introspection_c/turtlebot3_msgs/msg/detail/version_info__type_support.c.o[0m
[3.382s] [ 67%] [32mBuilding C object CMakeFiles/turtlebot3_msgs__rosidl_typesupport_introspection_c.dir/rosidl_typesupport_introspection_c/turtlebot3_msgs/srv/detail/dqn__type_support.c.o[0m
[3.382s] [ 69%] [32mBuilding C object CMakeFiles/turtlebot3_msgs__rosidl_typesupport_introspection_c.dir/rosidl_typesupport_introspection_c/turtlebot3_msgs/msg/detail/sensor_state__type_support.c.o[0m
[3.436s] [ 70%] [32m[1mLinking C shared library libturtlebot3_msgs__rosidl_typesupport_introspection_c.so[0m
[3.468s] [ 70%] Built target turtlebot3_msgs__rosidl_typesupport_introspection_c
[3.745s] [35m[1mScanning dependencies of target turtlebot3_msgs__rosidl_typesupport_fastrtps_c[0m
[3.760s] [ 76%] [32mBuilding CXX object CMakeFiles/turtlebot3_msgs__rosidl_typesupport_fastrtps_c.dir/rosidl_typesupport_fastrtps_c/turtlebot3_msgs/action/detail/patrol__type_support_c.cpp.o[0m
[3.760s] [ 76%] [32mBuilding CXX object CMakeFiles/turtlebot3_msgs__rosidl_typesupport_fastrtps_c.dir/rosidl_typesupport_fastrtps_c/turtlebot3_msgs/msg/detail/sensor_state__type_support_c.cpp.o[0m
[3.760s] [ 76%] [32mBuilding CXX object CMakeFiles/turtlebot3_msgs__rosidl_typesupport_fastrtps_c.dir/rosidl_typesupport_fastrtps_c/turtlebot3_msgs/msg/detail/version_info__type_support_c.cpp.o[0m
[3.760s] [ 76%] [32mBuilding CXX object CMakeFiles/turtlebot3_msgs__rosidl_typesupport_fastrtps_c.dir/rosidl_typesupport_fastrtps_c/turtlebot3_msgs/msg/detail/sound__type_support_c.cpp.o[0m
[3.760s] [ 77%] [32mBuilding CXX object CMakeFiles/turtlebot3_msgs__rosidl_typesupport_fastrtps_c.dir/rosidl_typesupport_fastrtps_c/turtlebot3_msgs/srv/detail/sound__type_support_c.cpp.o[0m
[3.762s] [ 78%] [32mBuilding CXX object CMakeFiles/turtlebot3_msgs__rosidl_typesupport_fastrtps_c.dir/rosidl_typesupport_fastrtps_c/turtlebot3_msgs/srv/detail/dqn__type_support_c.cpp.o[0m
[4.026s] [ 80%] [32m[1mLinking CXX shared library libturtlebot3_msgs__rosidl_typesupport_fastrtps_c.so[0m
[4.075s] [ 80%] Built target turtlebot3_msgs__rosidl_typesupport_fastrtps_c
[4.081s] [35m[1mScanning dependencies of target turtlebot3_msgs[0m
[4.087s] [ 80%] Built target turtlebot3_msgs
[4.093s] [35m[1mScanning dependencies of target turtlebot3_msgs__py[0m
[4.099s] [ 81%] [34m[1mGenerating Python code for ROS interfaces[0m
[4.866s] [ 81%] Built target turtlebot3_msgs__py
[4.871s] [35m[1mScanning dependencies of target turtlebot3_msgs__python[0m
[4.883s] [ 83%] [32mBuilding C object CMakeFiles/turtlebot3_msgs__python.dir/rosidl_generator_py/turtlebot3_msgs/msg/_sensor_state_s.c.o[0m
[4.883s] [ 84%] [32mBuilding C object CMakeFiles/turtlebot3_msgs__python.dir/rosidl_generator_py/turtlebot3_msgs/msg/_sound_s.c.o[0m
[4.885s] [ 85%] [32mBuilding C object CMakeFiles/turtlebot3_msgs__python.dir/rosidl_generator_py/turtlebot3_msgs/msg/_version_info_s.c.o[0m
[4.885s] [ 87%] [32mBuilding C object CMakeFiles/turtlebot3_msgs__python.dir/rosidl_generator_py/turtlebot3_msgs/srv/_sound_s.c.o[0m
[4.885s] [ 88%] [32mBuilding C object CMakeFiles/turtlebot3_msgs__python.dir/rosidl_generator_py/turtlebot3_msgs/srv/_dqn_s.c.o[0m
[4.885s] [ 90%] [32mBuilding C object CMakeFiles/turtlebot3_msgs__python.dir/rosidl_generator_py/turtlebot3_msgs/action/_patrol_s.c.o[0m
[4.961s] [ 91%] [32m[1mLinking C shared library rosidl_generator_py/turtlebot3_msgs/libturtlebot3_msgs__python.so[0m
[4.984s] [ 91%] Built target turtlebot3_msgs__python
[4.990s] [35m[1mScanning dependencies of target turtlebot3_msgs__rosidl_typesupport_fastrtps_c__pyext[0m
[4.993s] [35m[1mScanning dependencies of target turtlebot3_msgs__rosidl_typesupport_c__pyext[0m
[4.993s] [35m[1mScanning dependencies of target turtlebot3_msgs__rosidl_typesupport_introspection_c__pyext[0m
[5.003s] [ 92%] [32mBuilding C object CMakeFiles/turtlebot3_msgs__rosidl_typesupport_fastrtps_c__pyext.dir/rosidl_generator_py/turtlebot3_msgs/_turtlebot3_msgs_s.ep.rosidl_typesupport_fastrtps_c.c.o[0m
[5.004s] [ 94%] [32mBuilding C object CMakeFiles/turtlebot3_msgs__rosidl_typesupport_c__pyext.dir/rosidl_generator_py/turtlebot3_msgs/_turtlebot3_msgs_s.ep.rosidl_typesupport_c.c.o[0m
[5.007s] [ 95%] [32mBuilding C object CMakeFiles/turtlebot3_msgs__rosidl_typesupport_introspection_c__pyext.dir/rosidl_generator_py/turtlebot3_msgs/_turtlebot3_msgs_s.ep.rosidl_typesupport_introspection_c.c.o[0m
[5.069s] [ 97%] [32m[1mLinking CXX shared library rosidl_generator_py/turtlebot3_msgs/turtlebot3_msgs_s__rosidl_typesupport_fastrtps_c.cpython-38-x86_64-linux-gnu.so[0m
[5.074s] [ 98%] [32m[1mLinking C shared library rosidl_generator_py/turtlebot3_msgs/turtlebot3_msgs_s__rosidl_typesupport_c.cpython-38-x86_64-linux-gnu.so[0m
[5.096s] [ 98%] Built target turtlebot3_msgs__rosidl_typesupport_c__pyext
[5.102s] [100%] [32m[1mLinking C shared library rosidl_generator_py/turtlebot3_msgs/turtlebot3_msgs_s__rosidl_typesupport_introspection_c.cpython-38-x86_64-linux-gnu.so[0m
[5.106s] [100%] Built target turtlebot3_msgs__rosidl_typesupport_fastrtps_c__pyext
[5.122s] [100%] Built target turtlebot3_msgs__rosidl_typesupport_introspection_c__pyext
[5.130s] Invoked command in '/home/keti/turtle_carto/build/turtlebot3_msgs' returned '0': CMAKE_PREFIX_PATH=${CMAKE_PREFIX_PATH}:/home/keti/turtle_carto/install/turtlebot3_teleop:/home/keti/turtle_carto/install/turtlebot3_example:/home/keti/turtle_carto/install/py_topic_pkg:/home/keti/turtle_carto/install/py_service_pkg:/home/keti/turtle_carto/install/py_first_pkg:/home/keti/turtle_carto/install/py_action_pkg:/home/keti/turtle_carto/install/follow_waypoints:/opt/ros/foxy /usr/bin/cmake --build /home/keti/turtle_carto/build/turtlebot3_msgs -- -j24 -l24
[5.189s] Invoking command in '/home/keti/turtle_carto/build/turtlebot3_msgs': CMAKE_PREFIX_PATH=${CMAKE_PREFIX_PATH}:/home/keti/turtle_carto/install/turtlebot3_teleop:/home/keti/turtle_carto/install/turtlebot3_example:/home/keti/turtle_carto/install/py_topic_pkg:/home/keti/turtle_carto/install/py_service_pkg:/home/keti/turtle_carto/install/py_first_pkg:/home/keti/turtle_carto/install/py_action_pkg:/home/keti/turtle_carto/install/follow_waypoints:/opt/ros/foxy /usr/bin/cmake --install /home/keti/turtle_carto/build/turtlebot3_msgs
[5.194s] -- Install configuration: ""
[5.194s] -- Installing: /home/keti/turtle_carto/install/turtlebot3_msgs/share/ament_index/resource_index/rosidl_interfaces/turtlebot3_msgs
[5.194s] -- Installing: /home/keti/turtle_carto/install/turtlebot3_msgs/include/turtlebot3_msgs
[5.194s] -- Installing: /home/keti/turtle_carto/install/turtlebot3_msgs/include/turtlebot3_msgs/msg
[5.194s] -- Installing: /home/keti/turtle_carto/install/turtlebot3_msgs/include/turtlebot3_msgs/msg/sensor_state.h
[5.194s] -- Installing: /home/keti/turtle_carto/install/turtlebot3_msgs/include/turtlebot3_msgs/msg/rosidl_generator_c__visibility_control.h
[5.194s] -- Installing: /home/keti/turtle_carto/install/turtlebot3_msgs/include/turtlebot3_msgs/msg/sound.h
[5.194s] -- Installing: /home/keti/turtle_carto/install/turtlebot3_msgs/include/turtlebot3_msgs/msg/version_info.h
[5.194s] -- Installing: /home/keti/turtle_carto/install/turtlebot3_msgs/include/turtlebot3_msgs/msg/detail
[5.194s] -- Installing: /home/keti/turtle_carto/install/turtlebot3_msgs/include/turtlebot3_msgs/msg/detail/version_info__functions.h
[5.194s] -- Installing: /home/keti/turtle_carto/install/turtlebot3_msgs/include/turtlebot3_msgs/msg/detail/version_info__functions.c
[5.195s] -- Installing: /home/keti/turtle_carto/install/turtlebot3_msgs/include/turtlebot3_msgs/msg/detail/version_info__struct.h
[5.195s] -- Installing: /home/keti/turtle_carto/install/turtlebot3_msgs/include/turtlebot3_msgs/msg/detail/sound__functions.c
[5.195s] -- Installing: /home/keti/turtle_carto/install/turtlebot3_msgs/include/turtlebot3_msgs/msg/detail/sensor_state__struct.h
[5.195s] -- Installing: /home/keti/turtle_carto/install/turtlebot3_msgs/include/turtlebot3_msgs/msg/detail/sensor_state__functions.h
[5.195s] -- Installing: /home/keti/turtle_carto/install/turtlebot3_msgs/include/turtlebot3_msgs/msg/detail/sound__functions.h
[5.195s] -- Installing: /home/keti/turtle_carto/install/turtlebot3_msgs/include/turtlebot3_msgs/msg/detail/sensor_state__functions.c
[5.195s] -- Installing: /home/keti/turtle_carto/install/turtlebot3_msgs/include/turtlebot3_msgs/msg/detail/sound__struct.h
[5.195s] -- Installing: /home/keti/turtle_carto/install/turtlebot3_msgs/include/turtlebot3_msgs/msg/detail/sound__type_support.h
[5.195s] -- Installing: /home/keti/turtle_carto/install/turtlebot3_msgs/include/turtlebot3_msgs/msg/detail/sensor_state__type_support.h
[5.195s] -- Installing: /home/keti/turtle_carto/install/turtlebot3_msgs/include/turtlebot3_msgs/msg/detail/version_info__type_support.h
[5.195s] -- Installing: /home/keti/turtle_carto/install/turtlebot3_msgs/include/turtlebot3_msgs/action
[5.195s] -- Installing: /home/keti/turtle_carto/install/turtlebot3_msgs/include/turtlebot3_msgs/action/detail
[5.195s] -- Installing: /home/keti/turtle_carto/install/turtlebot3_msgs/include/turtlebot3_msgs/action/detail/patrol__type_support.h
[5.195s] -- Installing: /home/keti/turtle_carto/install/turtlebot3_msgs/include/turtlebot3_msgs/action/detail/patrol__functions.c
[5.195s] -- Installing: /home/keti/turtle_carto/install/turtlebot3_msgs/include/turtlebot3_msgs/action/detail/patrol__struct.h
[5.196s] -- Installing: /home/keti/turtle_carto/install/turtlebot3_msgs/include/turtlebot3_msgs/action/detail/patrol__functions.h
[5.196s] -- Installing: /home/keti/turtle_carto/install/turtlebot3_msgs/include/turtlebot3_msgs/action/patrol.h
[5.196s] -- Installing: /home/keti/turtle_carto/install/turtlebot3_msgs/include/turtlebot3_msgs/srv
[5.196s] -- Installing: /home/keti/turtle_carto/install/turtlebot3_msgs/include/turtlebot3_msgs/srv/dqn.h
[5.196s] -- Installing: /home/keti/turtle_carto/install/turtlebot3_msgs/include/turtlebot3_msgs/srv/sound.h
[5.196s] -- Installing: /home/keti/turtle_carto/install/turtlebot3_msgs/include/turtlebot3_msgs/srv/detail
[5.196s] -- Installing: /home/keti/turtle_carto/install/turtlebot3_msgs/include/turtlebot3_msgs/srv/detail/dqn__type_support.h
[5.196s] -- Installing: /home/keti/turtle_carto/install/turtlebot3_msgs/include/turtlebot3_msgs/srv/detail/dqn__functions.h
[5.196s] -- Installing: /home/keti/turtle_carto/install/turtlebot3_msgs/include/turtlebot3_msgs/srv/detail/dqn__struct.h
[5.196s] -- Installing: /home/keti/turtle_carto/install/turtlebot3_msgs/include/turtlebot3_msgs/srv/detail/sound__functions.c
[5.196s] -- Installing: /home/keti/turtle_carto/install/turtlebot3_msgs/include/turtlebot3_msgs/srv/detail/sound__functions.h
[5.196s] -- Installing: /home/keti/turtle_carto/install/turtlebot3_msgs/include/turtlebot3_msgs/srv/detail/sound__struct.h
[5.196s] -- Installing: /home/keti/turtle_carto/install/turtlebot3_msgs/include/turtlebot3_msgs/srv/detail/dqn__functions.c
[5.196s] -- Installing: /home/keti/turtle_carto/install/turtlebot3_msgs/include/turtlebot3_msgs/srv/detail/sound__type_support.h
[5.196s] -- Installing: /home/keti/turtle_carto/install/turtlebot3_msgs/share/turtlebot3_msgs/environment/library_path.sh
[5.196s] -- Installing: /home/keti/turtle_carto/install/turtlebot3_msgs/share/turtlebot3_msgs/environment/library_path.dsv
[5.196s] -- Installing: /home/keti/turtle_carto/install/turtlebot3_msgs/lib/libturtlebot3_msgs__rosidl_generator_c.so
[5.196s] -- Set runtime path of "/home/keti/turtle_carto/install/turtlebot3_msgs/lib/libturtlebot3_msgs__rosidl_generator_c.so" to ""
[5.197s] -- Up-to-date: /home/keti/turtle_carto/install/turtlebot3_msgs/include/turtlebot3_msgs
[5.197s] -- Up-to-date: /home/keti/turtle_carto/install/turtlebot3_msgs/include/turtlebot3_msgs/msg
[5.197s] -- Installing: /home/keti/turtle_carto/install/turtlebot3_msgs/include/turtlebot3_msgs/msg/rosidl_typesupport_fastrtps_c__visibility_control.h
[5.197s] -- Up-to-date: /home/keti/turtle_carto/install/turtlebot3_msgs/include/turtlebot3_msgs/msg/detail
[5.197s] -- Installing: /home/keti/turtle_carto/install/turtlebot3_msgs/include/turtlebot3_msgs/msg/detail/sensor_state__rosidl_typesupport_fastrtps_c.h
[5.197s] -- Installing: /home/keti/turtle_carto/install/turtlebot3_msgs/include/turtlebot3_msgs/msg/detail/version_info__rosidl_typesupport_fastrtps_c.h
[5.197s] -- Installing: /home/keti/turtle_carto/install/turtlebot3_msgs/include/turtlebot3_msgs/msg/detail/sound__rosidl_typesupport_fastrtps_c.h
[5.197s] -- Up-to-date: /home/keti/turtle_carto/install/turtlebot3_msgs/include/turtlebot3_msgs/action
[5.197s] -- Up-to-date: /home/keti/turtle_carto/install/turtlebot3_msgs/include/turtlebot3_msgs/action/detail
[5.197s] -- Installing: /home/keti/turtle_carto/install/turtlebot3_msgs/include/turtlebot3_msgs/action/detail/patrol__rosidl_typesupport_fastrtps_c.h
[5.197s] -- Up-to-date: /home/keti/turtle_carto/install/turtlebot3_msgs/include/turtlebot3_msgs/srv
[5.197s] -- Up-to-date: /home/keti/turtle_carto/install/turtlebot3_msgs/include/turtlebot3_msgs/srv/detail
[5.197s] -- Installing: /home/keti/turtle_carto/install/turtlebot3_msgs/include/turtlebot3_msgs/srv/detail/dqn__rosidl_typesupport_fastrtps_c.h
[5.197s] -- Installing: /home/keti/turtle_carto/install/turtlebot3_msgs/include/turtlebot3_msgs/srv/detail/sound__rosidl_typesupport_fastrtps_c.h
[5.197s] -- Installing: /home/keti/turtle_carto/install/turtlebot3_msgs/lib/libturtlebot3_msgs__rosidl_typesupport_fastrtps_c.so
[5.197s] -- Set runtime path of "/home/keti/turtle_carto/install/turtlebot3_msgs/lib/libturtlebot3_msgs__rosidl_typesupport_fastrtps_c.so" to ""
[5.197s] -- Up-to-date: /home/keti/turtle_carto/install/turtlebot3_msgs/include/turtlebot3_msgs
[5.197s] -- Up-to-date: /home/keti/turtle_carto/install/turtlebot3_msgs/include/turtlebot3_msgs/msg
[5.197s] -- Up-to-date: /home/keti/turtle_carto/install/turtlebot3_msgs/include/turtlebot3_msgs/msg/detail
[5.197s] -- Installing: /home/keti/turtle_carto/install/turtlebot3_msgs/include/turtlebot3_msgs/msg/detail/dds_fastrtps
[5.197s] -- Installing: /home/keti/turtle_carto/install/turtlebot3_msgs/include/turtlebot3_msgs/msg/detail/sensor_state__rosidl_typesupport_fastrtps_cpp.hpp
[5.197s] -- Installing: /home/keti/turtle_carto/install/turtlebot3_msgs/include/turtlebot3_msgs/msg/detail/sound__rosidl_typesupport_fastrtps_cpp.hpp
[5.197s] -- Installing: /home/keti/turtle_carto/install/turtlebot3_msgs/include/turtlebot3_msgs/msg/detail/version_info__rosidl_typesupport_fastrtps_cpp.hpp
[5.197s] -- Installing: /home/keti/turtle_carto/install/turtlebot3_msgs/include/turtlebot3_msgs/msg/rosidl_typesupport_fastrtps_cpp__visibility_control.h
[5.197s] -- Up-to-date: /home/keti/turtle_carto/install/turtlebot3_msgs/include/turtlebot3_msgs/action
[5.197s] -- Up-to-date: /home/keti/turtle_carto/install/turtlebot3_msgs/include/turtlebot3_msgs/action/detail
[5.197s] -- Installing: /home/keti/turtle_carto/install/turtlebot3_msgs/include/turtlebot3_msgs/action/detail/dds_fastrtps
[5.197s] -- Installing: /home/keti/turtle_carto/install/turtlebot3_msgs/include/turtlebot3_msgs/action/detail/patrol__rosidl_typesupport_fastrtps_cpp.hpp
[5.197s] -- Up-to-date: /home/keti/turtle_carto/install/turtlebot3_msgs/include/turtlebot3_msgs/srv
[5.197s] -- Up-to-date: /home/keti/turtle_carto/install/turtlebot3_msgs/include/turtlebot3_msgs/srv/detail
[5.198s] -- Installing: /home/keti/turtle_carto/install/turtlebot3_msgs/include/turtlebot3_msgs/srv/detail/dds_fastrtps
[5.198s] -- Installing: /home/keti/turtle_carto/install/turtlebot3_msgs/include/turtlebot3_msgs/srv/detail/sound__rosidl_typesupport_fastrtps_cpp.hpp
[5.198s] -- Installing: /home/keti/turtle_carto/install/turtlebot3_msgs/include/turtlebot3_msgs/srv/detail/dqn__rosidl_typesupport_fastrtps_cpp.hpp
[5.198s] -- Installing: /home/keti/turtle_carto/install/turtlebot3_msgs/lib/libturtlebot3_msgs__rosidl_typesupport_fastrtps_cpp.so
[5.198s] -- Set runtime path of "/home/keti/turtle_carto/install/turtlebot3_msgs/lib/libturtlebot3_msgs__rosidl_typesupport_fastrtps_cpp.so" to ""
[5.198s] -- Up-to-date: /home/keti/turtle_carto/install/turtlebot3_msgs/include/turtlebot3_msgs
[5.198s] -- Up-to-date: /home/keti/turtle_carto/install/turtlebot3_msgs/include/turtlebot3_msgs/msg
[5.198s] -- Up-to-date: /home/keti/turtle_carto/install/turtlebot3_msgs/include/turtlebot3_msgs/msg/detail
[5.198s] -- Installing: /home/keti/turtle_carto/install/turtlebot3_msgs/include/turtlebot3_msgs/msg/detail/version_info__type_support.c
[5.198s] -- Installing: /home/keti/turtle_carto/install/turtlebot3_msgs/include/turtlebot3_msgs/msg/detail/sound__type_support.c
[5.198s] -- Installing: /home/keti/turtle_carto/install/turtlebot3_msgs/include/turtlebot3_msgs/msg/detail/sensor_state__rosidl_typesupport_introspection_c.h
[5.198s] -- Installing: /home/keti/turtle_carto/install/turtlebot3_msgs/include/turtlebot3_msgs/msg/detail/version_info__rosidl_typesupport_introspection_c.h
[5.198s] -- Installing: /home/keti/turtle_carto/install/turtlebot3_msgs/include/turtlebot3_msgs/msg/detail/sensor_state__type_support.c
[5.198s] -- Installing: /home/keti/turtle_carto/install/turtlebot3_msgs/include/turtlebot3_msgs/msg/detail/sound__rosidl_typesupport_introspection_c.h
[5.198s] -- Installing: /home/keti/turtle_carto/install/turtlebot3_msgs/include/turtlebot3_msgs/msg/rosidl_typesupport_introspection_c__visibility_control.h
[5.198s] -- Up-to-date: /home/keti/turtle_carto/install/turtlebot3_msgs/include/turtlebot3_msgs/action
[5.198s] -- Up-to-date: /home/keti/turtle_carto/install/turtlebot3_msgs/include/turtlebot3_msgs/action/detail
[5.198s] -- Installing: /home/keti/turtle_carto/install/turtlebot3_msgs/include/turtlebot3_msgs/action/detail/patrol__rosidl_typesupport_introspection_c.h
[5.198s] -- Installing: /home/keti/turtle_carto/install/turtlebot3_msgs/include/turtlebot3_msgs/action/detail/patrol__type_support.c
[5.198s] -- Up-to-date: /home/keti/turtle_carto/install/turtlebot3_msgs/include/turtlebot3_msgs/srv
[5.198s] -- Up-to-date: /home/keti/turtle_carto/install/turtlebot3_msgs/include/turtlebot3_msgs/srv/detail
[5.198s] -- Installing: /home/keti/turtle_carto/install/turtlebot3_msgs/include/turtlebot3_msgs/srv/detail/dqn__type_support.c
[5.198s] -- Installing: /home/keti/turtle_carto/install/turtlebot3_msgs/include/turtlebot3_msgs/srv/detail/dqn__rosidl_typesupport_introspection_c.h
[5.198s] -- Installing: /home/keti/turtle_carto/install/turtlebot3_msgs/include/turtlebot3_msgs/srv/detail/sound__type_support.c
[5.198s] -- Installing: /home/keti/turtle_carto/install/turtlebot3_msgs/include/turtlebot3_msgs/srv/detail/sound__rosidl_typesupport_introspection_c.h
[5.198s] -- Installing: /home/keti/turtle_carto/install/turtlebot3_msgs/lib/libturtlebot3_msgs__rosidl_typesupport_introspection_c.so
[5.198s] -- Set runtime path of "/home/keti/turtle_carto/install/turtlebot3_msgs/lib/libturtlebot3_msgs__rosidl_typesupport_introspection_c.so" to ""
[5.198s] -- Installing: /home/keti/turtle_carto/install/turtlebot3_msgs/lib/libturtlebot3_msgs__rosidl_typesupport_c.so
[5.199s] -- Set runtime path of "/home/keti/turtle_carto/install/turtlebot3_msgs/lib/libturtlebot3_msgs__rosidl_typesupport_c.so" to ""
[5.199s] -- Up-to-date: /home/keti/turtle_carto/install/turtlebot3_msgs/include/turtlebot3_msgs
[5.199s] -- Up-to-date: /home/keti/turtle_carto/install/turtlebot3_msgs/include/turtlebot3_msgs/msg
[5.199s] -- Installing: /home/keti/turtle_carto/install/turtlebot3_msgs/include/turtlebot3_msgs/msg/version_info.hpp
[5.199s] -- Installing: /home/keti/turtle_carto/install/turtlebot3_msgs/include/turtlebot3_msgs/msg/sound.hpp
[5.199s] -- Up-to-date: /home/keti/turtle_carto/install/turtlebot3_msgs/include/turtlebot3_msgs/msg/detail
[5.199s] -- Installing: /home/keti/turtle_carto/install/turtlebot3_msgs/include/turtlebot3_msgs/msg/detail/sound__struct.hpp
[5.199s] -- Installing: /home/keti/turtle_carto/install/turtlebot3_msgs/include/turtlebot3_msgs/msg/detail/sensor_state__struct.hpp
[5.199s] -- Installing: /home/keti/turtle_carto/install/turtlebot3_msgs/include/turtlebot3_msgs/msg/detail/sensor_state__builder.hpp
[5.199s] -- Installing: /home/keti/turtle_carto/install/turtlebot3_msgs/include/turtlebot3_msgs/msg/detail/sound__builder.hpp
[5.199s] -- Installing: /home/keti/turtle_carto/install/turtlebot3_msgs/include/turtlebot3_msgs/msg/detail/version_info__builder.hpp
[5.199s] -- Installing: /home/keti/turtle_carto/install/turtlebot3_msgs/include/turtlebot3_msgs/msg/detail/sound__traits.hpp
[5.199s] -- Installing: /home/keti/turtle_carto/install/turtlebot3_msgs/include/turtlebot3_msgs/msg/detail/sensor_state__traits.hpp
[5.199s] -- Installing: /home/keti/turtle_carto/install/turtlebot3_msgs/include/turtlebot3_msgs/msg/detail/version_info__struct.hpp
[5.199s] -- Installing: /home/keti/turtle_carto/install/turtlebot3_msgs/include/turtlebot3_msgs/msg/detail/version_info__traits.hpp
[5.199s] -- Installing: /home/keti/turtle_carto/install/turtlebot3_msgs/include/turtlebot3_msgs/msg/sensor_state.hpp
[5.199s] -- Up-to-date: /home/keti/turtle_carto/install/turtlebot3_msgs/include/turtlebot3_msgs/action
[5.199s] -- Up-to-date: /home/keti/turtle_carto/install/turtlebot3_msgs/include/turtlebot3_msgs/action/detail
[5.199s] -- Installing: /home/keti/turtle_carto/install/turtlebot3_msgs/include/turtlebot3_msgs/action/detail/patrol__traits.hpp
[5.199s] -- Installing: /home/keti/turtle_carto/install/turtlebot3_msgs/include/turtlebot3_msgs/action/detail/patrol__builder.hpp
[5.199s] -- Installing: /home/keti/turtle_carto/install/turtlebot3_msgs/include/turtlebot3_msgs/action/detail/patrol__struct.hpp
[5.199s] -- Installing: /home/keti/turtle_carto/install/turtlebot3_msgs/include/turtlebot3_msgs/action/patrol.hpp
[5.199s] -- Up-to-date: /home/keti/turtle_carto/install/turtlebot3_msgs/include/turtlebot3_msgs/srv
[5.199s] -- Installing: /home/keti/turtle_carto/install/turtlebot3_msgs/include/turtlebot3_msgs/srv/sound.hpp
[5.199s] -- Up-to-date: /home/keti/turtle_carto/install/turtlebot3_msgs/include/turtlebot3_msgs/srv/detail
[5.199s] -- Installing: /home/keti/turtle_carto/install/turtlebot3_msgs/include/turtlebot3_msgs/srv/detail/sound__struct.hpp
[5.199s] -- Installing: /home/keti/turtle_carto/install/turtlebot3_msgs/include/turtlebot3_msgs/srv/detail/dqn__struct.hpp
[5.199s] -- Installing: /home/keti/turtle_carto/install/turtlebot3_msgs/include/turtlebot3_msgs/srv/detail/sound__builder.hpp
[5.199s] -- Installing: /home/keti/turtle_carto/install/turtlebot3_msgs/include/turtlebot3_msgs/srv/detail/sound__traits.hpp
[5.199s] -- Installing: /home/keti/turtle_carto/install/turtlebot3_msgs/include/turtlebot3_msgs/srv/detail/dqn__traits.hpp
[5.199s] -- Installing: /home/keti/turtle_carto/install/turtlebot3_msgs/include/turtlebot3_msgs/srv/detail/dqn__builder.hpp
[5.199s] -- Installing: /home/keti/turtle_carto/install/turtlebot3_msgs/include/turtlebot3_msgs/srv/dqn.hpp
[5.199s] -- Up-to-date: /home/keti/turtle_carto/install/turtlebot3_msgs/include/turtlebot3_msgs
[5.199s] -- Up-to-date: /home/keti/turtle_carto/install/turtlebot3_msgs/include/turtlebot3_msgs/msg
[5.200s] -- Up-to-date: /home/keti/turtle_carto/install/turtlebot3_msgs/include/turtlebot3_msgs/msg/detail
[5.200s] -- Installing: /home/keti/turtle_carto/install/turtlebot3_msgs/include/turtlebot3_msgs/msg/detail/sensor_state__type_support.cpp
[5.200s] -- Installing: /home/keti/turtle_carto/install/turtlebot3_msgs/include/turtlebot3_msgs/msg/detail/version_info__rosidl_typesupport_introspection_cpp.hpp
[5.200s] -- Installing: /home/keti/turtle_carto/install/turtlebot3_msgs/include/turtlebot3_msgs/msg/detail/sensor_state__rosidl_typesupport_introspection_cpp.hpp
[5.200s] -- Installing: /home/keti/turtle_carto/install/turtlebot3_msgs/include/turtlebot3_msgs/msg/detail/sound__rosidl_typesupport_introspection_cpp.hpp
[5.200s] -- Installing: /home/keti/turtle_carto/install/turtlebot3_msgs/include/turtlebot3_msgs/msg/detail/sound__type_support.cpp
[5.200s] -- Installing: /home/keti/turtle_carto/install/turtlebot3_msgs/include/turtlebot3_msgs/msg/detail/version_info__type_support.cpp
[5.200s] -- Up-to-date: /home/keti/turtle_carto/install/turtlebot3_msgs/include/turtlebot3_msgs/action
[5.200s] -- Up-to-date: /home/keti/turtle_carto/install/turtlebot3_msgs/include/turtlebot3_msgs/action/detail
[5.200s] -- Installing: /home/keti/turtle_carto/install/turtlebot3_msgs/include/turtlebot3_msgs/action/detail/patrol__type_support.cpp
[5.200s] -- Installing: /home/keti/turtle_carto/install/turtlebot3_msgs/include/turtlebot3_msgs/action/detail/patrol__rosidl_typesupport_introspection_cpp.hpp
[5.200s] -- Up-to-date: /home/keti/turtle_carto/install/turtlebot3_msgs/include/turtlebot3_msgs/srv
[5.200s] -- Up-to-date: /home/keti/turtle_carto/install/turtlebot3_msgs/include/turtlebot3_msgs/srv/detail
[5.200s] -- Installing: /home/keti/turtle_carto/install/turtlebot3_msgs/include/turtlebot3_msgs/srv/detail/sound__rosidl_typesupport_introspection_cpp.hpp
[5.200s] -- Installing: /home/keti/turtle_carto/install/turtlebot3_msgs/include/turtlebot3_msgs/srv/detail/dqn__rosidl_typesupport_introspection_cpp.hpp
[5.200s] -- Installing: /home/keti/turtle_carto/install/turtlebot3_msgs/include/turtlebot3_msgs/srv/detail/sound__type_support.cpp
[5.200s] -- Installing: /home/keti/turtle_carto/install/turtlebot3_msgs/include/turtlebot3_msgs/srv/detail/dqn__type_support.cpp
[5.200s] -- Installing: /home/keti/turtle_carto/install/turtlebot3_msgs/lib/libturtlebot3_msgs__rosidl_typesupport_introspection_cpp.so
[5.200s] -- Set runtime path of "/home/keti/turtle_carto/install/turtlebot3_msgs/lib/libturtlebot3_msgs__rosidl_typesupport_introspection_cpp.so" to ""
[5.200s] -- Installing: /home/keti/turtle_carto/install/turtlebot3_msgs/lib/libturtlebot3_msgs__rosidl_typesupport_cpp.so
[5.200s] -- Set runtime path of "/home/keti/turtle_carto/install/turtlebot3_msgs/lib/libturtlebot3_msgs__rosidl_typesupport_cpp.so" to ""
[5.200s] -- Installing: /home/keti/turtle_carto/install/turtlebot3_msgs/share/turtlebot3_msgs/environment/pythonpath.sh
[5.200s] -- Installing: /home/keti/turtle_carto/install/turtlebot3_msgs/share/turtlebot3_msgs/environment/pythonpath.dsv
[5.200s] -- Installing: /home/keti/turtle_carto/install/turtlebot3_msgs/lib/python3.8/site-packages/turtlebot3_msgs/__init__.py
[5.216s] Compiling '/home/keti/turtle_carto/install/turtlebot3_msgs/lib/python3.8/site-packages/turtlebot3_msgs/__init__.py'...
[5.218s] -- Installing: /home/keti/turtle_carto/install/turtlebot3_msgs/lib/python3.8/site-packages/turtlebot3_msgs/msg
[5.219s] -- Installing: /home/keti/turtle_carto/install/turtlebot3_msgs/lib/python3.8/site-packages/turtlebot3_msgs/msg/__init__.py
[5.219s] -- Installing: /home/keti/turtle_carto/install/turtlebot3_msgs/lib/python3.8/site-packages/turtlebot3_msgs/msg/_version_info.py
[5.219s] -- Installing: /home/keti/turtle_carto/install/turtlebot3_msgs/lib/python3.8/site-packages/turtlebot3_msgs/msg/_version_info_s.c
[5.219s] -- Installing: /home/keti/turtle_carto/install/turtlebot3_msgs/lib/python3.8/site-packages/turtlebot3_msgs/msg/_sensor_state_s.c
[5.219s] -- Installing: /home/keti/turtle_carto/install/turtlebot3_msgs/lib/python3.8/site-packages/turtlebot3_msgs/msg/_sound_s.c
[5.219s] -- Installing: /home/keti/turtle_carto/install/turtlebot3_msgs/lib/python3.8/site-packages/turtlebot3_msgs/msg/_sound.py
[5.219s] -- Installing: /home/keti/turtle_carto/install/turtlebot3_msgs/lib/python3.8/site-packages/turtlebot3_msgs/msg/_sensor_state.py
[5.219s] -- Installing: /home/keti/turtle_carto/install/turtlebot3_msgs/lib/python3.8/site-packages/turtlebot3_msgs/srv
[5.219s] -- Installing: /home/keti/turtle_carto/install/turtlebot3_msgs/lib/python3.8/site-packages/turtlebot3_msgs/srv/_dqn_s.c
[5.219s] -- Installing: /home/keti/turtle_carto/install/turtlebot3_msgs/lib/python3.8/site-packages/turtlebot3_msgs/srv/__init__.py
[5.219s] -- Installing: /home/keti/turtle_carto/install/turtlebot3_msgs/lib/python3.8/site-packages/turtlebot3_msgs/srv/_dqn.py
[5.219s] -- Installing: /home/keti/turtle_carto/install/turtlebot3_msgs/lib/python3.8/site-packages/turtlebot3_msgs/srv/_sound_s.c
[5.219s] -- Installing: /home/keti/turtle_carto/install/turtlebot3_msgs/lib/python3.8/site-packages/turtlebot3_msgs/srv/_sound.py
[5.219s] -- Installing: /home/keti/turtle_carto/install/turtlebot3_msgs/lib/python3.8/site-packages/turtlebot3_msgs/action
[5.219s] -- Installing: /home/keti/turtle_carto/install/turtlebot3_msgs/lib/python3.8/site-packages/turtlebot3_msgs/action/__init__.py
[5.219s] -- Installing: /home/keti/turtle_carto/install/turtlebot3_msgs/lib/python3.8/site-packages/turtlebot3_msgs/action/_patrol_s.c
[5.220s] -- Installing: /home/keti/turtle_carto/install/turtlebot3_msgs/lib/python3.8/site-packages/turtlebot3_msgs/action/_patrol.py
[5.220s] -- Installing: /home/keti/turtle_carto/install/turtlebot3_msgs/lib/python3.8/site-packages/turtlebot3_msgs/turtlebot3_msgs_s__rosidl_typesupport_fastrtps_c.cpython-38-x86_64-linux-gnu.so
[5.220s] -- Set runtime path of "/home/keti/turtle_carto/install/turtlebot3_msgs/lib/python3.8/site-packages/turtlebot3_msgs/turtlebot3_msgs_s__rosidl_typesupport_fastrtps_c.cpython-38-x86_64-linux-gnu.so" to ""
[5.220s] -- Installing: /home/keti/turtle_carto/install/turtlebot3_msgs/lib/python3.8/site-packages/turtlebot3_msgs/turtlebot3_msgs_s__rosidl_typesupport_introspection_c.cpython-38-x86_64-linux-gnu.so
[5.221s] -- Set runtime path of "/home/keti/turtle_carto/install/turtlebot3_msgs/lib/python3.8/site-packages/turtlebot3_msgs/turtlebot3_msgs_s__rosidl_typesupport_introspection_c.cpython-38-x86_64-linux-gnu.so" to ""
[5.221s] -- Installing: /home/keti/turtle_carto/install/turtlebot3_msgs/lib/python3.8/site-packages/turtlebot3_msgs/turtlebot3_msgs_s__rosidl_typesupport_c.cpython-38-x86_64-linux-gnu.so
[5.221s] -- Set runtime path of "/home/keti/turtle_carto/install/turtlebot3_msgs/lib/python3.8/site-packages/turtlebot3_msgs/turtlebot3_msgs_s__rosidl_typesupport_c.cpython-38-x86_64-linux-gnu.so" to ""
[5.221s] -- Installing: /home/keti/turtle_carto/install/turtlebot3_msgs/lib/libturtlebot3_msgs__python.so
[5.221s] -- Set runtime path of "/home/keti/turtle_carto/install/turtlebot3_msgs/lib/libturtlebot3_msgs__python.so" to ""
[5.221s] -- Installing: /home/keti/turtle_carto/install/turtlebot3_msgs/share/turtlebot3_msgs/msg/SensorState.idl
[5.222s] -- Installing: /home/keti/turtle_carto/install/turtlebot3_msgs/share/turtlebot3_msgs/msg/Sound.idl
[5.222s] -- Installing: /home/keti/turtle_carto/install/turtlebot3_msgs/share/turtlebot3_msgs/msg/VersionInfo.idl
[5.222s] -- Installing: /home/keti/turtle_carto/install/turtlebot3_msgs/share/turtlebot3_msgs/srv/Sound.idl
[5.222s] -- Installing: /home/keti/turtle_carto/install/turtlebot3_msgs/share/turtlebot3_msgs/srv/Dqn.idl
[5.222s] -- Installing: /home/keti/turtle_carto/install/turtlebot3_msgs/share/turtlebot3_msgs/action/Patrol.idl
[5.222s] -- Installing: /home/keti/turtle_carto/install/turtlebot3_msgs/share/turtlebot3_msgs/msg/SensorState.msg
[5.222s] -- Installing: /home/keti/turtle_carto/install/turtlebot3_msgs/share/turtlebot3_msgs/msg/Sound.msg
[5.222s] -- Installing: /home/keti/turtle_carto/install/turtlebot3_msgs/share/turtlebot3_msgs/msg/VersionInfo.msg
[5.222s] -- Installing: /home/keti/turtle_carto/install/turtlebot3_msgs/share/turtlebot3_msgs/srv/Sound.srv
[5.222s] -- Installing: /home/keti/turtle_carto/install/turtlebot3_msgs/share/turtlebot3_msgs/srv/Sound_Request.msg
[5.222s] -- Installing: /home/keti/turtle_carto/install/turtlebot3_msgs/share/turtlebot3_msgs/srv/Sound_Response.msg
[5.222s] -- Installing: /home/keti/turtle_carto/install/turtlebot3_msgs/share/turtlebot3_msgs/srv/Dqn.srv
[5.222s] -- Installing: /home/keti/turtle_carto/install/turtlebot3_msgs/share/turtlebot3_msgs/srv/Dqn_Request.msg
[5.223s] -- Installing: /home/keti/turtle_carto/install/turtlebot3_msgs/share/turtlebot3_msgs/srv/Dqn_Response.msg
[5.223s] -- Installing: /home/keti/turtle_carto/install/turtlebot3_msgs/share/turtlebot3_msgs/action/Patrol.action
[5.223s] -- Installing: /home/keti/turtle_carto/install/turtlebot3_msgs/share/ament_index/resource_index/package_run_dependencies/turtlebot3_msgs
[5.223s] -- Installing: /home/keti/turtle_carto/install/turtlebot3_msgs/share/ament_index/resource_index/parent_prefix_path/turtlebot3_msgs
[5.223s] -- Installing: /home/keti/turtle_carto/install/turtlebot3_msgs/share/turtlebot3_msgs/environment/ament_prefix_path.sh
[5.223s] -- Installing: /home/keti/turtle_carto/install/turtlebot3_msgs/share/turtlebot3_msgs/environment/ament_prefix_path.dsv
[5.223s] -- Installing: /home/keti/turtle_carto/install/turtlebot3_msgs/share/turtlebot3_msgs/environment/path.sh
[5.223s] -- Installing: /home/keti/turtle_carto/install/turtlebot3_msgs/share/turtlebot3_msgs/environment/path.dsv
[5.223s] -- Installing: /home/keti/turtle_carto/install/turtlebot3_msgs/share/turtlebot3_msgs/local_setup.bash
[5.223s] -- Installing: /home/keti/turtle_carto/install/turtlebot3_msgs/share/turtlebot3_msgs/local_setup.sh
[5.223s] -- Installing: /home/keti/turtle_carto/install/turtlebot3_msgs/share/turtlebot3_msgs/local_setup.zsh
[5.223s] -- Installing: /home/keti/turtle_carto/install/turtlebot3_msgs/share/turtlebot3_msgs/local_setup.dsv
[5.224s] -- Installing: /home/keti/turtle_carto/install/turtlebot3_msgs/share/turtlebot3_msgs/package.dsv
[5.224s] -- Installing: /home/keti/turtle_carto/install/turtlebot3_msgs/share/ament_index/resource_index/packages/turtlebot3_msgs
[5.224s] -- Installing: /home/keti/turtle_carto/install/turtlebot3_msgs/share/turtlebot3_msgs/cmake/turtlebot3_msgs__rosidl_generator_cExport.cmake
[5.224s] -- Installing: /home/keti/turtle_carto/install/turtlebot3_msgs/share/turtlebot3_msgs/cmake/turtlebot3_msgs__rosidl_generator_cExport-noconfig.cmake
[5.224s] -- Installing: /home/keti/turtle_carto/install/turtlebot3_msgs/share/turtlebot3_msgs/cmake/turtlebot3_msgs__rosidl_typesupport_introspection_cExport.cmake
[5.224s] -- Installing: /home/keti/turtle_carto/install/turtlebot3_msgs/share/turtlebot3_msgs/cmake/turtlebot3_msgs__rosidl_typesupport_introspection_cExport-noconfig.cmake
[5.224s] -- Installing: /home/keti/turtle_carto/install/turtlebot3_msgs/share/turtlebot3_msgs/cmake/turtlebot3_msgs__rosidl_typesupport_cExport.cmake
[5.224s] -- Installing: /home/keti/turtle_carto/install/turtlebot3_msgs/share/turtlebot3_msgs/cmake/turtlebot3_msgs__rosidl_typesupport_cExport-noconfig.cmake
[5.224s] -- Installing: /home/keti/turtle_carto/install/turtlebot3_msgs/share/turtlebot3_msgs/cmake/turtlebot3_msgs__rosidl_generator_cppExport.cmake
[5.224s] -- Installing: /home/keti/turtle_carto/install/turtlebot3_msgs/share/turtlebot3_msgs/cmake/turtlebot3_msgs__rosidl_typesupport_introspection_cppExport.cmake
[5.224s] -- Installing: /home/keti/turtle_carto/install/turtlebot3_msgs/share/turtlebot3_msgs/cmake/turtlebot3_msgs__rosidl_typesupport_introspection_cppExport-noconfig.cmake
[5.224s] -- Installing: /home/keti/turtle_carto/install/turtlebot3_msgs/share/turtlebot3_msgs/cmake/turtlebot3_msgs__rosidl_typesupport_cppExport.cmake
[5.225s] -- Installing: /home/keti/turtle_carto/install/turtlebot3_msgs/share/turtlebot3_msgs/cmake/turtlebot3_msgs__rosidl_typesupport_cppExport-noconfig.cmake
[5.225s] -- Installing: /home/keti/turtle_carto/install/turtlebot3_msgs/share/turtlebot3_msgs/cmake/rosidl_cmake-extras.cmake
[5.225s] -- Installing: /home/keti/turtle_carto/install/turtlebot3_msgs/share/turtlebot3_msgs/cmake/ament_cmake_export_dependencies-extras.cmake
[5.225s] -- Installing: /home/keti/turtle_carto/install/turtlebot3_msgs/share/turtlebot3_msgs/cmake/ament_cmake_export_libraries-extras.cmake
[5.225s] -- Installing: /home/keti/turtle_carto/install/turtlebot3_msgs/share/turtlebot3_msgs/cmake/ament_cmake_export_targets-extras.cmake
[5.225s] -- Installing: /home/keti/turtle_carto/install/turtlebot3_msgs/share/turtlebot3_msgs/cmake/ament_cmake_export_include_directories-extras.cmake
[5.225s] -- Installing: /home/keti/turtle_carto/install/turtlebot3_msgs/share/turtlebot3_msgs/cmake/rosidl_cmake_export_typesupport_libraries-extras.cmake
[5.225s] -- Installing: /home/keti/turtle_carto/install/turtlebot3_msgs/share/turtlebot3_msgs/cmake/rosidl_cmake_export_typesupport_targets-extras.cmake
[5.225s] -- Installing: /home/keti/turtle_carto/install/turtlebot3_msgs/share/turtlebot3_msgs/cmake/turtlebot3_msgsConfig.cmake
[5.225s] -- Installing: /home/keti/turtle_carto/install/turtlebot3_msgs/share/turtlebot3_msgs/cmake/turtlebot3_msgsConfig-version.cmake
[5.225s] -- Installing: /home/keti/turtle_carto/install/turtlebot3_msgs/share/turtlebot3_msgs/package.xml
[5.227s] Invoked command in '/home/keti/turtle_carto/build/turtlebot3_msgs' returned '0': CMAKE_PREFIX_PATH=${CMAKE_PREFIX_PATH}:/home/keti/turtle_carto/install/turtlebot3_teleop:/home/keti/turtle_carto/install/turtlebot3_example:/home/keti/turtle_carto/install/py_topic_pkg:/home/keti/turtle_carto/install/py_service_pkg:/home/keti/turtle_carto/install/py_first_pkg:/home/keti/turtle_carto/install/py_action_pkg:/home/keti/turtle_carto/install/follow_waypoints:/opt/ros/foxy /usr/bin/cmake --install /home/keti/turtle_carto/build/turtlebot3_msgs
