[1.137s] Invoking command in '/home/keti/turtle_carto/src/gcamp_ros2_basic/py_first_pkg': PYTHONPATH=/home/keti/turtle_carto/build/py_first_pkg/prefix_override:/home/keti/turtle_carto/install/py_first_pkg/lib/python3.8/site-packages:${PYTHONPATH} /usr/bin/python3 setup.py egg_info --egg-base ../../../build/py_first_pkg build --build-base /home/keti/turtle_carto/build/py_first_pkg/build install --record /home/keti/turtle_carto/build/py_first_pkg/install.log --install-scripts $base/lib/py_first_pkg --single-version-externally-managed
[1.340s] running egg_info
[1.341s] writing ../../../build/py_first_pkg/py_first_pkg.egg-info/PKG-INFO
[1.341s] writing dependency_links to ../../../build/py_first_pkg/py_first_pkg.egg-info/dependency_links.txt
[1.341s] writing entry points to ../../../build/py_first_pkg/py_first_pkg.egg-info/entry_points.txt
[1.341s] writing requirements to ../../../build/py_first_pkg/py_first_pkg.egg-info/requires.txt
[1.341s] writing top-level names to ../../../build/py_first_pkg/py_first_pkg.egg-info/top_level.txt
[1.374s] reading manifest file '../../../build/py_first_pkg/py_first_pkg.egg-info/SOURCES.txt'
[1.374s] writing manifest file '../../../build/py_first_pkg/py_first_pkg.egg-info/SOURCES.txt'
[1.375s] running build
[1.375s] running build_py
[1.375s] copying py_first_pkg/__init__.py -> /home/keti/turtle_carto/build/py_first_pkg/build/lib/py_first_pkg
[1.375s] copying py_first_pkg/hello_ros.py -> /home/keti/turtle_carto/build/py_first_pkg/build/lib/py_first_pkg
[1.375s] running install
[1.376s] running install_lib
[1.377s] copying /home/keti/turtle_carto/build/py_first_pkg/build/lib/py_first_pkg/__init__.py -> /home/keti/turtle_carto/install/py_first_pkg/lib/python3.8/site-packages/py_first_pkg
[1.377s] copying /home/keti/turtle_carto/build/py_first_pkg/build/lib/py_first_pkg/hello_ros.py -> /home/keti/turtle_carto/install/py_first_pkg/lib/python3.8/site-packages/py_first_pkg
[1.378s] byte-compiling /home/keti/turtle_carto/install/py_first_pkg/lib/python3.8/site-packages/py_first_pkg/__init__.py to __init__.cpython-38.pyc
[1.379s] byte-compiling /home/keti/turtle_carto/install/py_first_pkg/lib/python3.8/site-packages/py_first_pkg/hello_ros.py to hello_ros.cpython-38.pyc
[1.379s] running install_data
[1.381s] copying resource/py_first_pkg -> /home/keti/turtle_carto/install/py_first_pkg/share/ament_index/resource_index/packages
[1.381s] copying package.xml -> /home/keti/turtle_carto/install/py_first_pkg/share/py_first_pkg
[1.381s] copying launch/hello_ros.launch.py -> /home/keti/turtle_carto/install/py_first_pkg/share/py_first_pkg/launch
[1.381s] running install_egg_info
[1.383s] removing '/home/keti/turtle_carto/install/py_first_pkg/lib/python3.8/site-packages/py_first_pkg-0.0.0-py3.8.egg-info' (and everything under it)
[1.384s] Copying ../../../build/py_first_pkg/py_first_pkg.egg-info to /home/keti/turtle_carto/install/py_first_pkg/lib/python3.8/site-packages/py_first_pkg-0.0.0-py3.8.egg-info
[1.384s] running install_scripts
[1.400s] Installing hello_ros_node script to /home/keti/turtle_carto/install/py_first_pkg/lib/py_first_pkg
[1.401s] writing list of installed files to '/home/keti/turtle_carto/build/py_first_pkg/install.log'
[1.779s] Invoked command in '/home/keti/turtle_carto/src/gcamp_ros2_basic/py_first_pkg' returned '0': PYTHONPATH=/home/keti/turtle_carto/build/py_first_pkg/prefix_override:/home/keti/turtle_carto/install/py_first_pkg/lib/python3.8/site-packages:${PYTHONPATH} /usr/bin/python3 setup.py egg_info --egg-base ../../../build/py_first_pkg build --build-base /home/keti/turtle_carto/build/py_first_pkg/build install --record /home/keti/turtle_carto/build/py_first_pkg/install.log --install-scripts $base/lib/py_first_pkg --single-version-externally-managed
