[1.155s] Invoking command in '/home/keti/turtle_carto/src/follow_waypoints': PYTHONPATH=/home/keti/turtle_carto/build/follow_waypoints/prefix_override:/home/keti/turtle_carto/install/follow_waypoints/lib/python3.8/site-packages:${PYTHONPATH} /usr/bin/python3 setup.py egg_info --egg-base ../../build/follow_waypoints build --build-base /home/keti/turtle_carto/build/follow_waypoints/build install --record /home/keti/turtle_carto/build/follow_waypoints/install.log --install-scripts $base/lib/follow_waypoints --single-version-externally-managed
[1.351s] running egg_info
[1.351s] writing ../../build/follow_waypoints/follow_waypoints.egg-info/PKG-INFO
[1.351s] writing dependency_links to ../../build/follow_waypoints/follow_waypoints.egg-info/dependency_links.txt
[1.351s] writing entry points to ../../build/follow_waypoints/follow_waypoints.egg-info/entry_points.txt
[1.351s] writing requirements to ../../build/follow_waypoints/follow_waypoints.egg-info/requires.txt
[1.351s] writing top-level names to ../../build/follow_waypoints/follow_waypoints.egg-info/top_level.txt
[1.391s] reading manifest file '../../build/follow_waypoints/follow_waypoints.egg-info/SOURCES.txt'
[1.392s] writing manifest file '../../build/follow_waypoints/follow_waypoints.egg-info/SOURCES.txt'
[1.392s] running build
[1.392s] running build_py
[1.392s] running install
[1.394s] running install_lib
[1.395s] running install_data
[1.396s] running install_egg_info
[1.399s] removing '/home/keti/turtle_carto/install/follow_waypoints/lib/python3.8/site-packages/follow_waypoints-0.0.0-py3.8.egg-info' (and everything under it)
[1.399s] Copying ../../build/follow_waypoints/follow_waypoints.egg-info to /home/keti/turtle_carto/install/follow_waypoints/lib/python3.8/site-packages/follow_waypoints-0.0.0-py3.8.egg-info
[1.400s] running install_scripts
[1.423s] writing list of installed files to '/home/keti/turtle_carto/build/follow_waypoints/install.log'
[1.804s] Invoked command in '/home/keti/turtle_carto/src/follow_waypoints' returned '0': PYTHONPATH=/home/keti/turtle_carto/build/follow_waypoints/prefix_override:/home/keti/turtle_carto/install/follow_waypoints/lib/python3.8/site-packages:${PYTHONPATH} /usr/bin/python3 setup.py egg_info --egg-base ../../build/follow_waypoints build --build-base /home/keti/turtle_carto/build/follow_waypoints/build install --record /home/keti/turtle_carto/build/follow_waypoints/install.log --install-scripts $base/lib/follow_waypoints --single-version-externally-managed
