[  1%] Built target omo_r1mini_interfaces__cpp
[ 12%] Built target omo_r1mini_interfaces__rosidl_generator_c
[ 23%] Built target omo_r1mini_interfaces__rosidl_typesupport_cpp
[ 35%] Built target omo_r1mini_interfaces__rosidl_typesupport_introspection_cpp
[ 49%] Built target omo_r1mini_interfaces__rosidl_typesupport_introspection_c
[ 57%] Built target omo_r1mini_interfaces__rosidl_typesupport_c
[ 69%] Built target omo_r1mini_interfaces__rosidl_typesupport_fastrtps_cpp
[ 80%] Built target omo_r1mini_interfaces__rosidl_typesupport_fastrtps_c
[ 80%] Built target omo_r1mini_interfaces
[ 81%] Built target omo_r1mini_interfaces__py
[ 91%] Built target omo_r1mini_interfaces__python
[ 97%] Built target omo_r1mini_interfaces__rosidl_typesupport_introspection_c__pyext
[ 97%] Built target omo_r1mini_interfaces__rosidl_typesupport_fastrtps_c__pyext
[100%] Built target omo_r1mini_interfaces__rosidl_typesupport_c__pyext
-- Install configuration: ""
-- Installing: /home/keti/turtle_carto/install/omo_r1mini_interfaces/share/ament_index/resource_index/rosidl_interfaces/omo_r1mini_interfaces
-- Installing: /home/keti/turtle_carto/install/omo_r1mini_interfaces/include/omo_r1mini_interfaces
-- Installing: /home/keti/turtle_carto/install/omo_r1mini_interfaces/include/omo_r1mini_interfaces/msg
-- Installing: /home/keti/turtle_carto/install/omo_r1mini_interfaces/include/omo_r1mini_interfaces/msg/rosidl_generator_c__visibility_control.h
-- Installing: /home/keti/turtle_carto/install/omo_r1mini_interfaces/include/omo_r1mini_interfaces/srv
-- Installing: /home/keti/turtle_carto/install/omo_r1mini_interfaces/include/omo_r1mini_interfaces/srv/save_color.h
-- Installing: /home/keti/turtle_carto/install/omo_r1mini_interfaces/include/omo_r1mini_interfaces/srv/reset_odom.h
-- Installing: /home/keti/turtle_carto/install/omo_r1mini_interfaces/include/omo_r1mini_interfaces/srv/detail
-- Installing: /home/keti/turtle_carto/install/omo_r1mini_interfaces/include/omo_r1mini_interfaces/srv/detail/reset_odom__struct.h
-- Installing: /home/keti/turtle_carto/install/omo_r1mini_interfaces/include/omo_r1mini_interfaces/srv/detail/reset_odom__functions.h
-- Installing: /home/keti/turtle_carto/install/omo_r1mini_interfaces/include/omo_r1mini_interfaces/srv/detail/color__struct.h
-- Installing: /home/keti/turtle_carto/install/omo_r1mini_interfaces/include/omo_r1mini_interfaces/srv/detail/onoff__type_support.h
-- Installing: /home/keti/turtle_carto/install/omo_r1mini_interfaces/include/omo_r1mini_interfaces/srv/detail/save_color__functions.h
-- Installing: /home/keti/turtle_carto/install/omo_r1mini_interfaces/include/omo_r1mini_interfaces/srv/detail/battery__struct.h
-- Installing: /home/keti/turtle_carto/install/omo_r1mini_interfaces/include/omo_r1mini_interfaces/srv/detail/color__type_support.h
-- Installing: /home/keti/turtle_carto/install/omo_r1mini_interfaces/include/omo_r1mini_interfaces/srv/detail/save_color__functions.c
-- Installing: /home/keti/turtle_carto/install/omo_r1mini_interfaces/include/omo_r1mini_interfaces/srv/detail/reset_odom__functions.c
-- Installing: /home/keti/turtle_carto/install/omo_r1mini_interfaces/include/omo_r1mini_interfaces/srv/detail/battery__type_support.h
-- Installing: /home/keti/turtle_carto/install/omo_r1mini_interfaces/include/omo_r1mini_interfaces/srv/detail/onoff__struct.h
-- Installing: /home/keti/turtle_carto/install/omo_r1mini_interfaces/include/omo_r1mini_interfaces/srv/detail/calg__struct.h
-- Installing: /home/keti/turtle_carto/install/omo_r1mini_interfaces/include/omo_r1mini_interfaces/srv/detail/calg__functions.c
-- Installing: /home/keti/turtle_carto/install/omo_r1mini_interfaces/include/omo_r1mini_interfaces/srv/detail/onoff__functions.h
-- Installing: /home/keti/turtle_carto/install/omo_r1mini_interfaces/include/omo_r1mini_interfaces/srv/detail/reset_odom__type_support.h
-- Installing: /home/keti/turtle_carto/install/omo_r1mini_interfaces/include/omo_r1mini_interfaces/srv/detail/battery__functions.c
-- Installing: /home/keti/turtle_carto/install/omo_r1mini_interfaces/include/omo_r1mini_interfaces/srv/detail/battery__functions.h
-- Installing: /home/keti/turtle_carto/install/omo_r1mini_interfaces/include/omo_r1mini_interfaces/srv/detail/color__functions.h
-- Installing: /home/keti/turtle_carto/install/omo_r1mini_interfaces/include/omo_r1mini_interfaces/srv/detail/save_color__struct.h
-- Installing: /home/keti/turtle_carto/install/omo_r1mini_interfaces/include/omo_r1mini_interfaces/srv/detail/onoff__functions.c
-- Installing: /home/keti/turtle_carto/install/omo_r1mini_interfaces/include/omo_r1mini_interfaces/srv/detail/calg__functions.h
-- Installing: /home/keti/turtle_carto/install/omo_r1mini_interfaces/include/omo_r1mini_interfaces/srv/detail/calg__type_support.h
-- Installing: /home/keti/turtle_carto/install/omo_r1mini_interfaces/include/omo_r1mini_interfaces/srv/detail/save_color__type_support.h
-- Installing: /home/keti/turtle_carto/install/omo_r1mini_interfaces/include/omo_r1mini_interfaces/srv/detail/color__functions.c
-- Installing: /home/keti/turtle_carto/install/omo_r1mini_interfaces/include/omo_r1mini_interfaces/srv/battery.h
-- Installing: /home/keti/turtle_carto/install/omo_r1mini_interfaces/include/omo_r1mini_interfaces/srv/color.h
-- Installing: /home/keti/turtle_carto/install/omo_r1mini_interfaces/include/omo_r1mini_interfaces/srv/calg.h
-- Installing: /home/keti/turtle_carto/install/omo_r1mini_interfaces/include/omo_r1mini_interfaces/srv/onoff.h
-- Installing: /home/keti/turtle_carto/install/omo_r1mini_interfaces/share/omo_r1mini_interfaces/environment/library_path.sh
-- Installing: /home/keti/turtle_carto/install/omo_r1mini_interfaces/share/omo_r1mini_interfaces/environment/library_path.dsv
-- Installing: /home/keti/turtle_carto/install/omo_r1mini_interfaces/lib/libomo_r1mini_interfaces__rosidl_generator_c.so
-- Set runtime path of "/home/keti/turtle_carto/install/omo_r1mini_interfaces/lib/libomo_r1mini_interfaces__rosidl_generator_c.so" to ""
-- Up-to-date: /home/keti/turtle_carto/install/omo_r1mini_interfaces/include/omo_r1mini_interfaces
-- Up-to-date: /home/keti/turtle_carto/install/omo_r1mini_interfaces/include/omo_r1mini_interfaces/msg
-- Installing: /home/keti/turtle_carto/install/omo_r1mini_interfaces/include/omo_r1mini_interfaces/msg/rosidl_typesupport_fastrtps_c__visibility_control.h
-- Up-to-date: /home/keti/turtle_carto/install/omo_r1mini_interfaces/include/omo_r1mini_interfaces/srv
-- Up-to-date: /home/keti/turtle_carto/install/omo_r1mini_interfaces/include/omo_r1mini_interfaces/srv/detail
-- Installing: /home/keti/turtle_carto/install/omo_r1mini_interfaces/include/omo_r1mini_interfaces/srv/detail/color__rosidl_typesupport_fastrtps_c.h
-- Installing: /home/keti/turtle_carto/install/omo_r1mini_interfaces/include/omo_r1mini_interfaces/srv/detail/reset_odom__rosidl_typesupport_fastrtps_c.h
-- Installing: /home/keti/turtle_carto/install/omo_r1mini_interfaces/include/omo_r1mini_interfaces/srv/detail/battery__rosidl_typesupport_fastrtps_c.h
-- Installing: /home/keti/turtle_carto/install/omo_r1mini_interfaces/include/omo_r1mini_interfaces/srv/detail/onoff__rosidl_typesupport_fastrtps_c.h
-- Installing: /home/keti/turtle_carto/install/omo_r1mini_interfaces/include/omo_r1mini_interfaces/srv/detail/calg__rosidl_typesupport_fastrtps_c.h
-- Installing: /home/keti/turtle_carto/install/omo_r1mini_interfaces/include/omo_r1mini_interfaces/srv/detail/save_color__rosidl_typesupport_fastrtps_c.h
-- Installing: /home/keti/turtle_carto/install/omo_r1mini_interfaces/lib/libomo_r1mini_interfaces__rosidl_typesupport_fastrtps_c.so
-- Set runtime path of "/home/keti/turtle_carto/install/omo_r1mini_interfaces/lib/libomo_r1mini_interfaces__rosidl_typesupport_fastrtps_c.so" to ""
-- Up-to-date: /home/keti/turtle_carto/install/omo_r1mini_interfaces/include/omo_r1mini_interfaces
-- Up-to-date: /home/keti/turtle_carto/install/omo_r1mini_interfaces/include/omo_r1mini_interfaces/msg
-- Installing: /home/keti/turtle_carto/install/omo_r1mini_interfaces/include/omo_r1mini_interfaces/msg/rosidl_typesupport_fastrtps_cpp__visibility_control.h
-- Up-to-date: /home/keti/turtle_carto/install/omo_r1mini_interfaces/include/omo_r1mini_interfaces/srv
-- Up-to-date: /home/keti/turtle_carto/install/omo_r1mini_interfaces/include/omo_r1mini_interfaces/srv/detail
-- Installing: /home/keti/turtle_carto/install/omo_r1mini_interfaces/include/omo_r1mini_interfaces/srv/detail/save_color__rosidl_typesupport_fastrtps_cpp.hpp
-- Installing: /home/keti/turtle_carto/install/omo_r1mini_interfaces/include/omo_r1mini_interfaces/srv/detail/dds_fastrtps
-- Installing: /home/keti/turtle_carto/install/omo_r1mini_interfaces/include/omo_r1mini_interfaces/srv/detail/onoff__rosidl_typesupport_fastrtps_cpp.hpp
-- Installing: /home/keti/turtle_carto/install/omo_r1mini_interfaces/include/omo_r1mini_interfaces/srv/detail/battery__rosidl_typesupport_fastrtps_cpp.hpp
-- Installing: /home/keti/turtle_carto/install/omo_r1mini_interfaces/include/omo_r1mini_interfaces/srv/detail/calg__rosidl_typesupport_fastrtps_cpp.hpp
-- Installing: /home/keti/turtle_carto/install/omo_r1mini_interfaces/include/omo_r1mini_interfaces/srv/detail/color__rosidl_typesupport_fastrtps_cpp.hpp
-- Installing: /home/keti/turtle_carto/install/omo_r1mini_interfaces/include/omo_r1mini_interfaces/srv/detail/reset_odom__rosidl_typesupport_fastrtps_cpp.hpp
-- Installing: /home/keti/turtle_carto/install/omo_r1mini_interfaces/lib/libomo_r1mini_interfaces__rosidl_typesupport_fastrtps_cpp.so
-- Set runtime path of "/home/keti/turtle_carto/install/omo_r1mini_interfaces/lib/libomo_r1mini_interfaces__rosidl_typesupport_fastrtps_cpp.so" to ""
-- Up-to-date: /home/keti/turtle_carto/install/omo_r1mini_interfaces/include/omo_r1mini_interfaces
-- Up-to-date: /home/keti/turtle_carto/install/omo_r1mini_interfaces/include/omo_r1mini_interfaces/msg
-- Installing: /home/keti/turtle_carto/install/omo_r1mini_interfaces/include/omo_r1mini_interfaces/msg/rosidl_typesupport_introspection_c__visibility_control.h
-- Up-to-date: /home/keti/turtle_carto/install/omo_r1mini_interfaces/include/omo_r1mini_interfaces/srv
-- Up-to-date: /home/keti/turtle_carto/install/omo_r1mini_interfaces/include/omo_r1mini_interfaces/srv/detail
-- Installing: /home/keti/turtle_carto/install/omo_r1mini_interfaces/include/omo_r1mini_interfaces/srv/detail/onoff__type_support.c
-- Installing: /home/keti/turtle_carto/install/omo_r1mini_interfaces/include/omo_r1mini_interfaces/srv/detail/reset_odom__rosidl_typesupport_introspection_c.h
-- Installing: /home/keti/turtle_carto/install/omo_r1mini_interfaces/include/omo_r1mini_interfaces/srv/detail/color__type_support.c
-- Installing: /home/keti/turtle_carto/install/omo_r1mini_interfaces/include/omo_r1mini_interfaces/srv/detail/save_color__rosidl_typesupport_introspection_c.h
-- Installing: /home/keti/turtle_carto/install/omo_r1mini_interfaces/include/omo_r1mini_interfaces/srv/detail/calg__type_support.c
-- Installing: /home/keti/turtle_carto/install/omo_r1mini_interfaces/include/omo_r1mini_interfaces/srv/detail/battery__rosidl_typesupport_introspection_c.h
-- Installing: /home/keti/turtle_carto/install/omo_r1mini_interfaces/include/omo_r1mini_interfaces/srv/detail/onoff__rosidl_typesupport_introspection_c.h
-- Installing: /home/keti/turtle_carto/install/omo_r1mini_interfaces/include/omo_r1mini_interfaces/srv/detail/color__rosidl_typesupport_introspection_c.h
-- Installing: /home/keti/turtle_carto/install/omo_r1mini_interfaces/include/omo_r1mini_interfaces/srv/detail/calg__rosidl_typesupport_introspection_c.h
-- Installing: /home/keti/turtle_carto/install/omo_r1mini_interfaces/include/omo_r1mini_interfaces/srv/detail/reset_odom__type_support.c
-- Installing: /home/keti/turtle_carto/install/omo_r1mini_interfaces/include/omo_r1mini_interfaces/srv/detail/save_color__type_support.c
-- Installing: /home/keti/turtle_carto/install/omo_r1mini_interfaces/include/omo_r1mini_interfaces/srv/detail/battery__type_support.c
-- Installing: /home/keti/turtle_carto/install/omo_r1mini_interfaces/lib/libomo_r1mini_interfaces__rosidl_typesupport_introspection_c.so
-- Set runtime path of "/home/keti/turtle_carto/install/omo_r1mini_interfaces/lib/libomo_r1mini_interfaces__rosidl_typesupport_introspection_c.so" to ""
-- Installing: /home/keti/turtle_carto/install/omo_r1mini_interfaces/lib/libomo_r1mini_interfaces__rosidl_typesupport_c.so
-- Set runtime path of "/home/keti/turtle_carto/install/omo_r1mini_interfaces/lib/libomo_r1mini_interfaces__rosidl_typesupport_c.so" to ""
-- Up-to-date: /home/keti/turtle_carto/install/omo_r1mini_interfaces/include/omo_r1mini_interfaces
-- Up-to-date: /home/keti/turtle_carto/install/omo_r1mini_interfaces/include/omo_r1mini_interfaces/srv
-- Installing: /home/keti/turtle_carto/install/omo_r1mini_interfaces/include/omo_r1mini_interfaces/srv/battery.hpp
-- Installing: /home/keti/turtle_carto/install/omo_r1mini_interfaces/include/omo_r1mini_interfaces/srv/reset_odom.hpp
-- Installing: /home/keti/turtle_carto/install/omo_r1mini_interfaces/include/omo_r1mini_interfaces/srv/calg.hpp
-- Up-to-date: /home/keti/turtle_carto/install/omo_r1mini_interfaces/include/omo_r1mini_interfaces/srv/detail
-- Installing: /home/keti/turtle_carto/install/omo_r1mini_interfaces/include/omo_r1mini_interfaces/srv/detail/battery__struct.hpp
-- Installing: /home/keti/turtle_carto/install/omo_r1mini_interfaces/include/omo_r1mini_interfaces/srv/detail/onoff__builder.hpp
-- Installing: /home/keti/turtle_carto/install/omo_r1mini_interfaces/include/omo_r1mini_interfaces/srv/detail/onoff__struct.hpp
-- Installing: /home/keti/turtle_carto/install/omo_r1mini_interfaces/include/omo_r1mini_interfaces/srv/detail/battery__builder.hpp
-- Installing: /home/keti/turtle_carto/install/omo_r1mini_interfaces/include/omo_r1mini_interfaces/srv/detail/reset_odom__struct.hpp
-- Installing: /home/keti/turtle_carto/install/omo_r1mini_interfaces/include/omo_r1mini_interfaces/srv/detail/color__struct.hpp
-- Installing: /home/keti/turtle_carto/install/omo_r1mini_interfaces/include/omo_r1mini_interfaces/srv/detail/save_color__traits.hpp
-- Installing: /home/keti/turtle_carto/install/omo_r1mini_interfaces/include/omo_r1mini_interfaces/srv/detail/calg__builder.hpp
-- Installing: /home/keti/turtle_carto/install/omo_r1mini_interfaces/include/omo_r1mini_interfaces/srv/detail/calg__struct.hpp
-- Installing: /home/keti/turtle_carto/install/omo_r1mini_interfaces/include/omo_r1mini_interfaces/srv/detail/color__traits.hpp
-- Installing: /home/keti/turtle_carto/install/omo_r1mini_interfaces/include/omo_r1mini_interfaces/srv/detail/color__builder.hpp
-- Installing: /home/keti/turtle_carto/install/omo_r1mini_interfaces/include/omo_r1mini_interfaces/srv/detail/battery__traits.hpp
-- Installing: /home/keti/turtle_carto/install/omo_r1mini_interfaces/include/omo_r1mini_interfaces/srv/detail/reset_odom__builder.hpp
-- Installing: /home/keti/turtle_carto/install/omo_r1mini_interfaces/include/omo_r1mini_interfaces/srv/detail/onoff__traits.hpp
-- Installing: /home/keti/turtle_carto/install/omo_r1mini_interfaces/include/omo_r1mini_interfaces/srv/detail/save_color__builder.hpp
-- Installing: /home/keti/turtle_carto/install/omo_r1mini_interfaces/include/omo_r1mini_interfaces/srv/detail/calg__traits.hpp
-- Installing: /home/keti/turtle_carto/install/omo_r1mini_interfaces/include/omo_r1mini_interfaces/srv/detail/reset_odom__traits.hpp
-- Installing: /home/keti/turtle_carto/install/omo_r1mini_interfaces/include/omo_r1mini_interfaces/srv/detail/save_color__struct.hpp
-- Installing: /home/keti/turtle_carto/install/omo_r1mini_interfaces/include/omo_r1mini_interfaces/srv/color.hpp
-- Installing: /home/keti/turtle_carto/install/omo_r1mini_interfaces/include/omo_r1mini_interfaces/srv/onoff.hpp
-- Installing: /home/keti/turtle_carto/install/omo_r1mini_interfaces/include/omo_r1mini_interfaces/srv/save_color.hpp
-- Up-to-date: /home/keti/turtle_carto/install/omo_r1mini_interfaces/include/omo_r1mini_interfaces
-- Up-to-date: /home/keti/turtle_carto/install/omo_r1mini_interfaces/include/omo_r1mini_interfaces/srv
-- Up-to-date: /home/keti/turtle_carto/install/omo_r1mini_interfaces/include/omo_r1mini_interfaces/srv/detail
-- Installing: /home/keti/turtle_carto/install/omo_r1mini_interfaces/include/omo_r1mini_interfaces/srv/detail/calg__type_support.cpp
-- Installing: /home/keti/turtle_carto/install/omo_r1mini_interfaces/include/omo_r1mini_interfaces/srv/detail/onoff__rosidl_typesupport_introspection_cpp.hpp
-- Installing: /home/keti/turtle_carto/install/omo_r1mini_interfaces/include/omo_r1mini_interfaces/srv/detail/calg__rosidl_typesupport_introspection_cpp.hpp
-- Installing: /home/keti/turtle_carto/install/omo_r1mini_interfaces/include/omo_r1mini_interfaces/srv/detail/save_color__rosidl_typesupport_introspection_cpp.hpp
-- Installing: /home/keti/turtle_carto/install/omo_r1mini_interfaces/include/omo_r1mini_interfaces/srv/detail/reset_odom__type_support.cpp
-- Installing: /home/keti/turtle_carto/install/omo_r1mini_interfaces/include/omo_r1mini_interfaces/srv/detail/color__rosidl_typesupport_introspection_cpp.hpp
-- Installing: /home/keti/turtle_carto/install/omo_r1mini_interfaces/include/omo_r1mini_interfaces/srv/detail/onoff__type_support.cpp
-- Installing: /home/keti/turtle_carto/install/omo_r1mini_interfaces/include/omo_r1mini_interfaces/srv/detail/save_color__type_support.cpp
-- Installing: /home/keti/turtle_carto/install/omo_r1mini_interfaces/include/omo_r1mini_interfaces/srv/detail/battery__type_support.cpp
-- Installing: /home/keti/turtle_carto/install/omo_r1mini_interfaces/include/omo_r1mini_interfaces/srv/detail/reset_odom__rosidl_typesupport_introspection_cpp.hpp
-- Installing: /home/keti/turtle_carto/install/omo_r1mini_interfaces/include/omo_r1mini_interfaces/srv/detail/color__type_support.cpp
-- Installing: /home/keti/turtle_carto/install/omo_r1mini_interfaces/include/omo_r1mini_interfaces/srv/detail/battery__rosidl_typesupport_introspection_cpp.hpp
-- Installing: /home/keti/turtle_carto/install/omo_r1mini_interfaces/lib/libomo_r1mini_interfaces__rosidl_typesupport_introspection_cpp.so
-- Set runtime path of "/home/keti/turtle_carto/install/omo_r1mini_interfaces/lib/libomo_r1mini_interfaces__rosidl_typesupport_introspection_cpp.so" to ""
-- Installing: /home/keti/turtle_carto/install/omo_r1mini_interfaces/lib/libomo_r1mini_interfaces__rosidl_typesupport_cpp.so
-- Set runtime path of "/home/keti/turtle_carto/install/omo_r1mini_interfaces/lib/libomo_r1mini_interfaces__rosidl_typesupport_cpp.so" to ""
-- Installing: /home/keti/turtle_carto/install/omo_r1mini_interfaces/share/omo_r1mini_interfaces/environment/pythonpath.sh
-- Installing: /home/keti/turtle_carto/install/omo_r1mini_interfaces/share/omo_r1mini_interfaces/environment/pythonpath.dsv
-- Installing: /home/keti/turtle_carto/install/omo_r1mini_interfaces/lib/python3.8/site-packages/omo_r1mini_interfaces/__init__.py
Compiling '/home/keti/turtle_carto/install/omo_r1mini_interfaces/lib/python3.8/site-packages/omo_r1mini_interfaces/__init__.py'...
-- Installing: /home/keti/turtle_carto/install/omo_r1mini_interfaces/lib/python3.8/site-packages/omo_r1mini_interfaces/srv
-- Installing: /home/keti/turtle_carto/install/omo_r1mini_interfaces/lib/python3.8/site-packages/omo_r1mini_interfaces/srv/__init__.py
-- Installing: /home/keti/turtle_carto/install/omo_r1mini_interfaces/lib/python3.8/site-packages/omo_r1mini_interfaces/srv/_calg.py
-- Installing: /home/keti/turtle_carto/install/omo_r1mini_interfaces/lib/python3.8/site-packages/omo_r1mini_interfaces/srv/_battery_s.c
-- Installing: /home/keti/turtle_carto/install/omo_r1mini_interfaces/lib/python3.8/site-packages/omo_r1mini_interfaces/srv/_reset_odom_s.c
-- Installing: /home/keti/turtle_carto/install/omo_r1mini_interfaces/lib/python3.8/site-packages/omo_r1mini_interfaces/srv/_battery.py
-- Installing: /home/keti/turtle_carto/install/omo_r1mini_interfaces/lib/python3.8/site-packages/omo_r1mini_interfaces/srv/_color.py
-- Installing: /home/keti/turtle_carto/install/omo_r1mini_interfaces/lib/python3.8/site-packages/omo_r1mini_interfaces/srv/_onoff_s.c
-- Installing: /home/keti/turtle_carto/install/omo_r1mini_interfaces/lib/python3.8/site-packages/omo_r1mini_interfaces/srv/_reset_odom.py
-- Installing: /home/keti/turtle_carto/install/omo_r1mini_interfaces/lib/python3.8/site-packages/omo_r1mini_interfaces/srv/_calg_s.c
-- Installing: /home/keti/turtle_carto/install/omo_r1mini_interfaces/lib/python3.8/site-packages/omo_r1mini_interfaces/srv/_save_color.py
-- Installing: /home/keti/turtle_carto/install/omo_r1mini_interfaces/lib/python3.8/site-packages/omo_r1mini_interfaces/srv/_onoff.py
-- Installing: /home/keti/turtle_carto/install/omo_r1mini_interfaces/lib/python3.8/site-packages/omo_r1mini_interfaces/srv/_save_color_s.c
-- Installing: /home/keti/turtle_carto/install/omo_r1mini_interfaces/lib/python3.8/site-packages/omo_r1mini_interfaces/srv/_color_s.c
-- Installing: /home/keti/turtle_carto/install/omo_r1mini_interfaces/lib/python3.8/site-packages/omo_r1mini_interfaces/omo_r1mini_interfaces_s__rosidl_typesupport_fastrtps_c.cpython-38-x86_64-linux-gnu.so
-- Set runtime path of "/home/keti/turtle_carto/install/omo_r1mini_interfaces/lib/python3.8/site-packages/omo_r1mini_interfaces/omo_r1mini_interfaces_s__rosidl_typesupport_fastrtps_c.cpython-38-x86_64-linux-gnu.so" to ""
-- Installing: /home/keti/turtle_carto/install/omo_r1mini_interfaces/lib/python3.8/site-packages/omo_r1mini_interfaces/omo_r1mini_interfaces_s__rosidl_typesupport_introspection_c.cpython-38-x86_64-linux-gnu.so
-- Set runtime path of "/home/keti/turtle_carto/install/omo_r1mini_interfaces/lib/python3.8/site-packages/omo_r1mini_interfaces/omo_r1mini_interfaces_s__rosidl_typesupport_introspection_c.cpython-38-x86_64-linux-gnu.so" to ""
-- Installing: /home/keti/turtle_carto/install/omo_r1mini_interfaces/lib/python3.8/site-packages/omo_r1mini_interfaces/omo_r1mini_interfaces_s__rosidl_typesupport_c.cpython-38-x86_64-linux-gnu.so
-- Set runtime path of "/home/keti/turtle_carto/install/omo_r1mini_interfaces/lib/python3.8/site-packages/omo_r1mini_interfaces/omo_r1mini_interfaces_s__rosidl_typesupport_c.cpython-38-x86_64-linux-gnu.so" to ""
-- Installing: /home/keti/turtle_carto/install/omo_r1mini_interfaces/lib/libomo_r1mini_interfaces__python.so
-- Set runtime path of "/home/keti/turtle_carto/install/omo_r1mini_interfaces/lib/libomo_r1mini_interfaces__python.so" to ""
-- Installing: /home/keti/turtle_carto/install/omo_r1mini_interfaces/share/omo_r1mini_interfaces/srv/Battery.idl
-- Installing: /home/keti/turtle_carto/install/omo_r1mini_interfaces/share/omo_r1mini_interfaces/srv/Calg.idl
-- Installing: /home/keti/turtle_carto/install/omo_r1mini_interfaces/share/omo_r1mini_interfaces/srv/Color.idl
-- Installing: /home/keti/turtle_carto/install/omo_r1mini_interfaces/share/omo_r1mini_interfaces/srv/Onoff.idl
-- Installing: /home/keti/turtle_carto/install/omo_r1mini_interfaces/share/omo_r1mini_interfaces/srv/ResetOdom.idl
-- Installing: /home/keti/turtle_carto/install/omo_r1mini_interfaces/share/omo_r1mini_interfaces/srv/SaveColor.idl
-- Installing: /home/keti/turtle_carto/install/omo_r1mini_interfaces/share/omo_r1mini_interfaces/srv/Battery.srv
-- Installing: /home/keti/turtle_carto/install/omo_r1mini_interfaces/share/omo_r1mini_interfaces/srv/Battery_Request.msg
-- Installing: /home/keti/turtle_carto/install/omo_r1mini_interfaces/share/omo_r1mini_interfaces/srv/Battery_Response.msg
-- Installing: /home/keti/turtle_carto/install/omo_r1mini_interfaces/share/omo_r1mini_interfaces/srv/Calg.srv
-- Installing: /home/keti/turtle_carto/install/omo_r1mini_interfaces/share/omo_r1mini_interfaces/srv/Calg_Request.msg
-- Installing: /home/keti/turtle_carto/install/omo_r1mini_interfaces/share/omo_r1mini_interfaces/srv/Calg_Response.msg
-- Installing: /home/keti/turtle_carto/install/omo_r1mini_interfaces/share/omo_r1mini_interfaces/srv/Color.srv
-- Installing: /home/keti/turtle_carto/install/omo_r1mini_interfaces/share/omo_r1mini_interfaces/srv/Color_Request.msg
-- Installing: /home/keti/turtle_carto/install/omo_r1mini_interfaces/share/omo_r1mini_interfaces/srv/Color_Response.msg
-- Installing: /home/keti/turtle_carto/install/omo_r1mini_interfaces/share/omo_r1mini_interfaces/srv/Onoff.srv
-- Installing: /home/keti/turtle_carto/install/omo_r1mini_interfaces/share/omo_r1mini_interfaces/srv/Onoff_Request.msg
-- Installing: /home/keti/turtle_carto/install/omo_r1mini_interfaces/share/omo_r1mini_interfaces/srv/Onoff_Response.msg
-- Installing: /home/keti/turtle_carto/install/omo_r1mini_interfaces/share/omo_r1mini_interfaces/srv/ResetOdom.srv
-- Installing: /home/keti/turtle_carto/install/omo_r1mini_interfaces/share/omo_r1mini_interfaces/srv/ResetOdom_Request.msg
-- Installing: /home/keti/turtle_carto/install/omo_r1mini_interfaces/share/omo_r1mini_interfaces/srv/ResetOdom_Response.msg
-- Installing: /home/keti/turtle_carto/install/omo_r1mini_interfaces/share/omo_r1mini_interfaces/srv/SaveColor.srv
-- Installing: /home/keti/turtle_carto/install/omo_r1mini_interfaces/share/omo_r1mini_interfaces/srv/SaveColor_Request.msg
-- Installing: /home/keti/turtle_carto/install/omo_r1mini_interfaces/share/omo_r1mini_interfaces/srv/SaveColor_Response.msg
-- Installing: /home/keti/turtle_carto/install/omo_r1mini_interfaces/share/ament_index/resource_index/package_run_dependencies/omo_r1mini_interfaces
-- Installing: /home/keti/turtle_carto/install/omo_r1mini_interfaces/share/ament_index/resource_index/parent_prefix_path/omo_r1mini_interfaces
-- Installing: /home/keti/turtle_carto/install/omo_r1mini_interfaces/share/omo_r1mini_interfaces/environment/ament_prefix_path.sh
-- Installing: /home/keti/turtle_carto/install/omo_r1mini_interfaces/share/omo_r1mini_interfaces/environment/ament_prefix_path.dsv
-- Installing: /home/keti/turtle_carto/install/omo_r1mini_interfaces/share/omo_r1mini_interfaces/environment/path.sh
-- Installing: /home/keti/turtle_carto/install/omo_r1mini_interfaces/share/omo_r1mini_interfaces/environment/path.dsv
-- Installing: /home/keti/turtle_carto/install/omo_r1mini_interfaces/share/omo_r1mini_interfaces/local_setup.bash
-- Installing: /home/keti/turtle_carto/install/omo_r1mini_interfaces/share/omo_r1mini_interfaces/local_setup.sh
-- Installing: /home/keti/turtle_carto/install/omo_r1mini_interfaces/share/omo_r1mini_interfaces/local_setup.zsh
-- Installing: /home/keti/turtle_carto/install/omo_r1mini_interfaces/share/omo_r1mini_interfaces/local_setup.dsv
-- Installing: /home/keti/turtle_carto/install/omo_r1mini_interfaces/share/omo_r1mini_interfaces/package.dsv
-- Installing: /home/keti/turtle_carto/install/omo_r1mini_interfaces/share/ament_index/resource_index/packages/omo_r1mini_interfaces
-- Installing: /home/keti/turtle_carto/install/omo_r1mini_interfaces/share/omo_r1mini_interfaces/cmake/omo_r1mini_interfaces__rosidl_generator_cExport.cmake
-- Installing: /home/keti/turtle_carto/install/omo_r1mini_interfaces/share/omo_r1mini_interfaces/cmake/omo_r1mini_interfaces__rosidl_generator_cExport-noconfig.cmake
-- Installing: /home/keti/turtle_carto/install/omo_r1mini_interfaces/share/omo_r1mini_interfaces/cmake/omo_r1mini_interfaces__rosidl_typesupport_introspection_cExport.cmake
-- Installing: /home/keti/turtle_carto/install/omo_r1mini_interfaces/share/omo_r1mini_interfaces/cmake/omo_r1mini_interfaces__rosidl_typesupport_introspection_cExport-noconfig.cmake
-- Installing: /home/keti/turtle_carto/install/omo_r1mini_interfaces/share/omo_r1mini_interfaces/cmake/omo_r1mini_interfaces__rosidl_typesupport_cExport.cmake
-- Installing: /home/keti/turtle_carto/install/omo_r1mini_interfaces/share/omo_r1mini_interfaces/cmake/omo_r1mini_interfaces__rosidl_typesupport_cExport-noconfig.cmake
-- Installing: /home/keti/turtle_carto/install/omo_r1mini_interfaces/share/omo_r1mini_interfaces/cmake/omo_r1mini_interfaces__rosidl_generator_cppExport.cmake
-- Installing: /home/keti/turtle_carto/install/omo_r1mini_interfaces/share/omo_r1mini_interfaces/cmake/omo_r1mini_interfaces__rosidl_typesupport_introspection_cppExport.cmake
-- Installing: /home/keti/turtle_carto/install/omo_r1mini_interfaces/share/omo_r1mini_interfaces/cmake/omo_r1mini_interfaces__rosidl_typesupport_introspection_cppExport-noconfig.cmake
-- Installing: /home/keti/turtle_carto/install/omo_r1mini_interfaces/share/omo_r1mini_interfaces/cmake/omo_r1mini_interfaces__rosidl_typesupport_cppExport.cmake
-- Installing: /home/keti/turtle_carto/install/omo_r1mini_interfaces/share/omo_r1mini_interfaces/cmake/omo_r1mini_interfaces__rosidl_typesupport_cppExport-noconfig.cmake
-- Installing: /home/keti/turtle_carto/install/omo_r1mini_interfaces/share/omo_r1mini_interfaces/cmake/rosidl_cmake-extras.cmake
-- Installing: /home/keti/turtle_carto/install/omo_r1mini_interfaces/share/omo_r1mini_interfaces/cmake/ament_cmake_export_dependencies-extras.cmake
-- Installing: /home/keti/turtle_carto/install/omo_r1mini_interfaces/share/omo_r1mini_interfaces/cmake/ament_cmake_export_libraries-extras.cmake
-- Installing: /home/keti/turtle_carto/install/omo_r1mini_interfaces/share/omo_r1mini_interfaces/cmake/ament_cmake_export_targets-extras.cmake
-- Installing: /home/keti/turtle_carto/install/omo_r1mini_interfaces/share/omo_r1mini_interfaces/cmake/ament_cmake_export_include_directories-extras.cmake
-- Installing: /home/keti/turtle_carto/install/omo_r1mini_interfaces/share/omo_r1mini_interfaces/cmake/rosidl_cmake_export_typesupport_libraries-extras.cmake
-- Installing: /home/keti/turtle_carto/install/omo_r1mini_interfaces/share/omo_r1mini_interfaces/cmake/rosidl_cmake_export_typesupport_targets-extras.cmake
-- Installing: /home/keti/turtle_carto/install/omo_r1mini_interfaces/share/omo_r1mini_interfaces/cmake/omo_r1mini_interfacesConfig.cmake
-- Installing: /home/keti/turtle_carto/install/omo_r1mini_interfaces/share/omo_r1mini_interfaces/cmake/omo_r1mini_interfacesConfig-version.cmake
-- Installing: /home/keti/turtle_carto/install/omo_r1mini_interfaces/share/omo_r1mini_interfaces/package.xml
