[0.038s] Invoking command in '/home/keti/turtle_carto/build/omo_r1mini_cartographer': CMAKE_PREFIX_PATH=/opt/ros/foxy /usr/bin/cmake /home/keti/turtle_carto/src/omo_r1mini-foxy/omo_r1mini_cartographer -DCMAKE_INSTALL_PREFIX=/home/keti/turtle_carto/install/omo_r1mini_cartographer
[0.384s] -- Found ament_cmake: 0.9.11 (/opt/ros/foxy/share/ament_cmake/cmake)
[0.384s] -- Found PythonInterp: /usr/bin/python3 (found suitable version "3.8.10", minimum required is "3") 
[0.385s] -- Using PYTHON_EXECUTABLE: /usr/bin/python3
[0.385s] -- Configuring done
[0.386s] -- Generating done
[0.386s] -- Build files have been written to: /home/keti/turtle_carto/build/omo_r1mini_cartographer
[0.393s] Invoked command in '/home/keti/turtle_carto/build/omo_r1mini_cartographer' returned '0': CMAKE_PREFIX_PATH=/opt/ros/foxy /usr/bin/cmake /home/keti/turtle_carto/src/omo_r1mini-foxy/omo_r1mini_cartographer -DCMAKE_INSTALL_PREFIX=/home/keti/turtle_carto/install/omo_r1mini_cartographer
[0.393s] Invoking command in '/home/keti/turtle_carto/build/omo_r1mini_cartographer': CMAKE_PREFIX_PATH=/opt/ros/foxy /usr/bin/cmake --build /home/keti/turtle_carto/build/omo_r1mini_cartographer -- -j24 -l24
[0.428s] Invoked command in '/home/keti/turtle_carto/build/omo_r1mini_cartographer' returned '0': CMAKE_PREFIX_PATH=/opt/ros/foxy /usr/bin/cmake --build /home/keti/turtle_carto/build/omo_r1mini_cartographer -- -j24 -l24
[0.468s] Invoking command in '/home/keti/turtle_carto/build/omo_r1mini_cartographer': CMAKE_PREFIX_PATH=/opt/ros/foxy /usr/bin/cmake --install /home/keti/turtle_carto/build/omo_r1mini_cartographer
[0.489s] -- Install configuration: ""
[0.489s] -- Installing: /home/keti/turtle_carto/install/omo_r1mini_cartographer/share/omo_r1mini_cartographer/config
[0.489s] -- Installing: /home/keti/turtle_carto/install/omo_r1mini_cartographer/share/omo_r1mini_cartographer/config/omo_r1mini_lidar.lua
[0.489s] -- Installing: /home/keti/turtle_carto/install/omo_r1mini_cartographer/share/omo_r1mini_cartographer/launch
[0.489s] -- Installing: /home/keti/turtle_carto/install/omo_r1mini_cartographer/share/omo_r1mini_cartographer/launch/cartographer_rviz.launch.py
[0.489s] -- Installing: /home/keti/turtle_carto/install/omo_r1mini_cartographer/share/omo_r1mini_cartographer/launch/cartographer.launch.py
[0.490s] -- Installing: /home/keti/turtle_carto/install/omo_r1mini_cartographer/share/omo_r1mini_cartographer/launch/occupancy_grid.launch.py
[0.490s] -- Installing: /home/keti/turtle_carto/install/omo_r1mini_cartographer/share/omo_r1mini_cartographer/rviz
[0.490s] -- Installing: /home/keti/turtle_carto/install/omo_r1mini_cartographer/share/omo_r1mini_cartographer/rviz/omo_r1mini_cartographer.rviz
[0.490s] -- Installing: /home/keti/turtle_carto/install/omo_r1mini_cartographer/share/ament_index/resource_index/package_run_dependencies/omo_r1mini_cartographer
[0.490s] -- Installing: /home/keti/turtle_carto/install/omo_r1mini_cartographer/share/ament_index/resource_index/parent_prefix_path/omo_r1mini_cartographer
[0.490s] -- Installing: /home/keti/turtle_carto/install/omo_r1mini_cartographer/share/omo_r1mini_cartographer/environment/ament_prefix_path.sh
[0.490s] -- Installing: /home/keti/turtle_carto/install/omo_r1mini_cartographer/share/omo_r1mini_cartographer/environment/ament_prefix_path.dsv
[0.490s] -- Installing: /home/keti/turtle_carto/install/omo_r1mini_cartographer/share/omo_r1mini_cartographer/environment/path.sh
[0.490s] -- Installing: /home/keti/turtle_carto/install/omo_r1mini_cartographer/share/omo_r1mini_cartographer/environment/path.dsv
[0.490s] -- Installing: /home/keti/turtle_carto/install/omo_r1mini_cartographer/share/omo_r1mini_cartographer/local_setup.bash
[0.490s] -- Installing: /home/keti/turtle_carto/install/omo_r1mini_cartographer/share/omo_r1mini_cartographer/local_setup.sh
[0.490s] -- Installing: /home/keti/turtle_carto/install/omo_r1mini_cartographer/share/omo_r1mini_cartographer/local_setup.zsh
[0.490s] -- Installing: /home/keti/turtle_carto/install/omo_r1mini_cartographer/share/omo_r1mini_cartographer/local_setup.dsv
[0.490s] -- Installing: /home/keti/turtle_carto/install/omo_r1mini_cartographer/share/omo_r1mini_cartographer/package.dsv
[0.490s] -- Installing: /home/keti/turtle_carto/install/omo_r1mini_cartographer/share/ament_index/resource_index/packages/omo_r1mini_cartographer
[0.490s] -- Installing: /home/keti/turtle_carto/install/omo_r1mini_cartographer/share/omo_r1mini_cartographer/cmake/omo_r1mini_cartographerConfig.cmake
[0.490s] -- Installing: /home/keti/turtle_carto/install/omo_r1mini_cartographer/share/omo_r1mini_cartographer/cmake/omo_r1mini_cartographerConfig-version.cmake
[0.490s] -- Installing: /home/keti/turtle_carto/install/omo_r1mini_cartographer/share/omo_r1mini_cartographer/package.xml
[0.521s] Invoked command in '/home/keti/turtle_carto/build/omo_r1mini_cartographer' returned '0': CMAKE_PREFIX_PATH=/opt/ros/foxy /usr/bin/cmake --install /home/keti/turtle_carto/build/omo_r1mini_cartographer
