[0.538s] Invoking command in '/home/keti/turtle_carto/src/turtlebot3/turtlebot3_example': AMENT_PREFIX_PATH=/home/keti/turtle_carto/install/turtlebot3_msgs CMAKE_PREFIX_PATH=/home/keti/turtle_carto/install/turtlebot3_msgs LD_LIBRARY_PATH=/home/keti/turtle_carto/install/turtlebot3_msgs/lib${LD_LIBRARY_PATH} PYTHONPATH=/home/keti/turtle_carto/build/turtlebot3_example/prefix_override:/home/keti/turtle_carto/install/turtlebot3_example/lib/python3.8/site-packages:/home/keti/turtle_carto/install/turtlebot3_msgs/lib/python3.8/site-packages /usr/bin/python3 setup.py egg_info --egg-base ../../../build/turtlebot3_example build --build-base /home/keti/turtle_carto/build/turtlebot3_example/build install --record /home/keti/turtle_carto/build/turtlebot3_example/install.log --single-version-externally-managed
[0.623s] running egg_info
[0.623s] writing ../../../build/turtlebot3_example/turtlebot3_example.egg-info/PKG-INFO
[0.623s] writing dependency_links to ../../../build/turtlebot3_example/turtlebot3_example.egg-info/dependency_links.txt
[0.623s] writing entry points to ../../../build/turtlebot3_example/turtlebot3_example.egg-info/entry_points.txt
[0.623s] writing requirements to ../../../build/turtlebot3_example/turtlebot3_example.egg-info/requires.txt
[0.623s] writing top-level names to ../../../build/turtlebot3_example/turtlebot3_example.egg-info/top_level.txt
[0.638s] reading manifest file '../../../build/turtlebot3_example/turtlebot3_example.egg-info/SOURCES.txt'
[0.639s] writing manifest file '../../../build/turtlebot3_example/turtlebot3_example.egg-info/SOURCES.txt'
[0.639s] running build
[0.639s] running build_py
[0.639s] running install
[0.640s] running install_lib
[0.640s] running install_data
[0.641s] running install_egg_info
[0.641s] removing '/home/keti/turtle_carto/install/turtlebot3_example/lib/python3.8/site-packages/turtlebot3_example-2.1.4-py3.8.egg-info' (and everything under it)
[0.641s] Copying ../../../build/turtlebot3_example/turtlebot3_example.egg-info to /home/keti/turtle_carto/install/turtlebot3_example/lib/python3.8/site-packages/turtlebot3_example-2.1.4-py3.8.egg-info
[0.642s] running install_scripts
[0.650s] Installing turtlebot3_obstacle_detection script to /home/keti/turtle_carto/install/turtlebot3_example/lib/turtlebot3_example
[0.650s] Installing turtlebot3_patrol_client script to /home/keti/turtle_carto/install/turtlebot3_example/lib/turtlebot3_example
[0.650s] Installing turtlebot3_patrol_server script to /home/keti/turtle_carto/install/turtlebot3_example/lib/turtlebot3_example
[0.650s] Installing turtlebot3_position_control script to /home/keti/turtle_carto/install/turtlebot3_example/lib/turtlebot3_example
[0.651s] writing list of installed files to '/home/keti/turtle_carto/build/turtlebot3_example/install.log'
[0.668s] Invoked command in '/home/keti/turtle_carto/src/turtlebot3/turtlebot3_example' returned '0': AMENT_PREFIX_PATH=/home/keti/turtle_carto/install/turtlebot3_msgs CMAKE_PREFIX_PATH=/home/keti/turtle_carto/install/turtlebot3_msgs LD_LIBRARY_PATH=/home/keti/turtle_carto/install/turtlebot3_msgs/lib${LD_LIBRARY_PATH} PYTHONPATH=/home/keti/turtle_carto/build/turtlebot3_example/prefix_override:/home/keti/turtle_carto/install/turtlebot3_example/lib/python3.8/site-packages:/home/keti/turtle_carto/install/turtlebot3_msgs/lib/python3.8/site-packages /usr/bin/python3 setup.py egg_info --egg-base ../../../build/turtlebot3_example build --build-base /home/keti/turtle_carto/build/turtlebot3_example/build install --record /home/keti/turtle_carto/build/turtlebot3_example/install.log --single-version-externally-managed
