-- Found ament_cmake: 0.9.11 (/opt/ros/foxy/share/ament_cmake/cmake)
-- Using PYTHON_EXECUTABLE: /usr/bin/python3
-- Found std_msgs: 2.0.5 (/opt/ros/foxy/share/std_msgs/cmake)
-- Using all available rosidl_typesupport_c: rosidl_typesupport_fastrtps_c;rosidl_typesupport_introspection_c
-- Found rosidl_adapter: 1.3.0 (/opt/ros/foxy/share/rosidl_adapter/cmake)
-- Using all available rosidl_typesupport_cpp: rosidl_typesupport_fastrtps_cpp;rosidl_typesupport_introspection_cpp
-- Found std_srvs: 2.0.5 (/opt/ros/foxy/share/std_srvs/cmake)
-- Found rclcpp: 2.4.2 (/opt/ros/foxy/share/rclcpp/cmake)
-- Found rmw_implementation_cmake: 1.0.4 (/opt/ros/foxy/share/rmw_implementation_cmake/cmake)
-- Using RMW implementation 'rmw_fastrtps_cpp' as default
-- Found gazebo_msgs: 3.5.3 (/opt/ros/foxy/share/gazebo_msgs/cmake)
-- Found ament_lint_auto: 0.9.8 (/opt/ros/foxy/share/ament_lint_auto/cmake)
-- Added test 'cppcheck' to perform static code analysis on C / C++ code
-- Configured cppcheck include dirs: 
-- Configured cppcheck exclude dirs and/or files: 
-- Added test 'lint_cmake' to check CMake code style
-- Added test 'uncrustify' to check C / C++ code style
-- Configured uncrustify additional arguments: 
-- Added test 'xmllint' to check XML markup files
-- Configuring done
-- Generating done
-- Build files have been written to: /home/keti/turtle_carto/build/cpp_service_tutorial
[35m[1mScanning dependencies of target cpp_simple_service_client_node[0m
[35m[1mScanning dependencies of target srv_client_node[0m
[35m[1mScanning dependencies of target cpp_simple_service_dummy_server_node[0m
[ 12%] [32mBuilding CXX object CMakeFiles/cpp_simple_service_client_node.dir/src/cpp_simple_service_client.cpp.o[0m
[35m[1mScanning dependencies of target srv_server_node[0m
[ 25%] [32mBuilding CXX object CMakeFiles/srv_client_node.dir/src/srv_client.cpp.o[0m
[ 37%] [32mBuilding CXX object CMakeFiles/cpp_simple_service_dummy_server_node.dir/src/cpp_simple_service_dummy_server.cpp.o[0m
[ 50%] [32mBuilding CXX object CMakeFiles/srv_server_node.dir/src/srv_server.cpp.o[0m
[ 62%] [32m[1mLinking CXX executable srv_server_node[0m
[ 75%] [32m[1mLinking CXX executable srv_client_node[0m
[ 87%] [32m[1mLinking CXX executable cpp_simple_service_client_node[0m
[ 87%] Built target srv_server_node
[100%] [32m[1mLinking CXX executable cpp_simple_service_dummy_server_node[0m
[100%] Built target srv_client_node
[100%] Built target cpp_simple_service_client_node
[100%] Built target cpp_simple_service_dummy_server_node
-- Install configuration: ""
-- Installing: /home/keti/turtle_carto/install/cpp_service_tutorial/lib/cpp_service_tutorial/cpp_simple_service_client_node
-- Set runtime path of "/home/keti/turtle_carto/install/cpp_service_tutorial/lib/cpp_service_tutorial/cpp_simple_service_client_node" to ""
-- Installing: /home/keti/turtle_carto/install/cpp_service_tutorial/lib/cpp_service_tutorial/cpp_simple_service_dummy_server_node
-- Set runtime path of "/home/keti/turtle_carto/install/cpp_service_tutorial/lib/cpp_service_tutorial/cpp_simple_service_dummy_server_node" to ""
-- Installing: /home/keti/turtle_carto/install/cpp_service_tutorial/lib/cpp_service_tutorial/srv_server_node
-- Set runtime path of "/home/keti/turtle_carto/install/cpp_service_tutorial/lib/cpp_service_tutorial/srv_server_node" to ""
-- Installing: /home/keti/turtle_carto/install/cpp_service_tutorial/lib/cpp_service_tutorial/srv_client_node
-- Set runtime path of "/home/keti/turtle_carto/install/cpp_service_tutorial/lib/cpp_service_tutorial/srv_client_node" to ""
-- Up-to-date: /home/keti/turtle_carto/install/cpp_service_tutorial/share/ament_index/resource_index/package_run_dependencies/cpp_service_tutorial
-- Installing: /home/keti/turtle_carto/install/cpp_service_tutorial/share/ament_index/resource_index/parent_prefix_path/cpp_service_tutorial
-- Up-to-date: /home/keti/turtle_carto/install/cpp_service_tutorial/share/cpp_service_tutorial/environment/ament_prefix_path.sh
-- Installing: /home/keti/turtle_carto/install/cpp_service_tutorial/share/cpp_service_tutorial/environment/ament_prefix_path.dsv
-- Up-to-date: /home/keti/turtle_carto/install/cpp_service_tutorial/share/cpp_service_tutorial/environment/path.sh
-- Installing: /home/keti/turtle_carto/install/cpp_service_tutorial/share/cpp_service_tutorial/environment/path.dsv
-- Up-to-date: /home/keti/turtle_carto/install/cpp_service_tutorial/share/cpp_service_tutorial/local_setup.bash
-- Up-to-date: /home/keti/turtle_carto/install/cpp_service_tutorial/share/cpp_service_tutorial/local_setup.sh
-- Up-to-date: /home/keti/turtle_carto/install/cpp_service_tutorial/share/cpp_service_tutorial/local_setup.zsh
-- Installing: /home/keti/turtle_carto/install/cpp_service_tutorial/share/cpp_service_tutorial/local_setup.dsv
-- Installing: /home/keti/turtle_carto/install/cpp_service_tutorial/share/cpp_service_tutorial/package.dsv
-- Up-to-date: /home/keti/turtle_carto/install/cpp_service_tutorial/share/ament_index/resource_index/packages/cpp_service_tutorial
-- Up-to-date: /home/keti/turtle_carto/install/cpp_service_tutorial/share/cpp_service_tutorial/cmake/cpp_service_tutorialConfig.cmake
-- Up-to-date: /home/keti/turtle_carto/install/cpp_service_tutorial/share/cpp_service_tutorial/cmake/cpp_service_tutorialConfig-version.cmake
-- Installing: /home/keti/turtle_carto/install/cpp_service_tutorial/share/cpp_service_tutorial/package.xml
