[0.182s] Invoking command in '/home/keti/turtle_carto/build/cpp_service_tutorial': CMAKE_PREFIX_PATH=/opt/ros/foxy /usr/bin/cmake --build /home/keti/turtle_carto/build/cpp_service_tutorial -- -j24 -l24
[0.544s] -- Found ament_cmake: 0.9.11 (/opt/ros/foxy/share/ament_cmake/cmake)
[0.544s] -- Using PYTHON_EXECUTABLE: /usr/bin/python3
[0.544s] -- Found std_msgs: 2.0.5 (/opt/ros/foxy/share/std_msgs/cmake)
[0.544s] -- Using all available rosidl_typesupport_c: rosidl_typesupport_fastrtps_c;rosidl_typesupport_introspection_c
[0.544s] -- Found rosidl_adapter: 1.3.0 (/opt/ros/foxy/share/rosidl_adapter/cmake)
[0.544s] -- Using all available rosidl_typesupport_cpp: rosidl_typesupport_fastrtps_cpp;rosidl_typesupport_introspection_cpp
[0.544s] -- Found std_srvs: 2.0.5 (/opt/ros/foxy/share/std_srvs/cmake)
[0.544s] -- Found rclcpp: 2.4.2 (/opt/ros/foxy/share/rclcpp/cmake)
[0.544s] -- Found rmw_implementation_cmake: 1.0.4 (/opt/ros/foxy/share/rmw_implementation_cmake/cmake)
[0.544s] -- Using RMW implementation 'rmw_fastrtps_cpp' as default
[0.544s] -- Found gazebo_msgs: 3.5.3 (/opt/ros/foxy/share/gazebo_msgs/cmake)
[0.732s] -- Found ament_lint_auto: 0.9.8 (/opt/ros/foxy/share/ament_lint_auto/cmake)
[0.733s] -- Added test 'cppcheck' to perform static code analysis on C / C++ code
[0.733s] -- Configured cppcheck include dirs: 
[0.733s] -- Configured cppcheck exclude dirs and/or files: 
[0.733s] -- Added test 'lint_cmake' to check CMake code style
[0.733s] -- Added test 'uncrustify' to check C / C++ code style
[0.733s] -- Configured uncrustify additional arguments: 
[0.733s] -- Added test 'xmllint' to check XML markup files
[0.734s] -- Configuring done
[0.756s] -- Generating done
[0.757s] -- Build files have been written to: /home/keti/turtle_carto/build/cpp_service_tutorial
[0.783s] [35m[1mScanning dependencies of target cpp_simple_service_client_node[0m
[0.798s] [35m[1mScanning dependencies of target srv_client_node[0m
[0.801s] [35m[1mScanning dependencies of target cpp_simple_service_dummy_server_node[0m
[0.819s] [ 12%] [32mBuilding CXX object CMakeFiles/cpp_simple_service_client_node.dir/src/cpp_simple_service_client.cpp.o[0m
[0.820s] [35m[1mScanning dependencies of target srv_server_node[0m
[0.823s] [ 25%] [32mBuilding CXX object CMakeFiles/srv_client_node.dir/src/srv_client.cpp.o[0m
[0.825s] [ 37%] [32mBuilding CXX object CMakeFiles/cpp_simple_service_dummy_server_node.dir/src/cpp_simple_service_dummy_server.cpp.o[0m
[0.860s] [ 50%] [32mBuilding CXX object CMakeFiles/srv_server_node.dir/src/srv_server.cpp.o[0m
[2.510s] [ 62%] [32m[1mLinking CXX executable srv_server_node[0m
[2.558s] [ 75%] [32m[1mLinking CXX executable srv_client_node[0m
[2.609s] [ 87%] [32m[1mLinking CXX executable cpp_simple_service_client_node[0m
[2.634s] [ 87%] Built target srv_server_node
[2.675s] [100%] [32m[1mLinking CXX executable cpp_simple_service_dummy_server_node[0m
[2.685s] [100%] Built target srv_client_node
[2.760s] [100%] Built target cpp_simple_service_client_node
[2.778s] [100%] Built target cpp_simple_service_dummy_server_node
[2.791s] Invoked command in '/home/keti/turtle_carto/build/cpp_service_tutorial' returned '0': CMAKE_PREFIX_PATH=/opt/ros/foxy /usr/bin/cmake --build /home/keti/turtle_carto/build/cpp_service_tutorial -- -j24 -l24
[2.828s] Invoking command in '/home/keti/turtle_carto/build/cpp_service_tutorial': CMAKE_PREFIX_PATH=/opt/ros/foxy /usr/bin/cmake --install /home/keti/turtle_carto/build/cpp_service_tutorial
[2.841s] -- Install configuration: ""
[2.841s] -- Installing: /home/keti/turtle_carto/install/cpp_service_tutorial/lib/cpp_service_tutorial/cpp_simple_service_client_node
[2.841s] -- Set runtime path of "/home/keti/turtle_carto/install/cpp_service_tutorial/lib/cpp_service_tutorial/cpp_simple_service_client_node" to ""
[2.841s] -- Installing: /home/keti/turtle_carto/install/cpp_service_tutorial/lib/cpp_service_tutorial/cpp_simple_service_dummy_server_node
[2.841s] -- Set runtime path of "/home/keti/turtle_carto/install/cpp_service_tutorial/lib/cpp_service_tutorial/cpp_simple_service_dummy_server_node" to ""
[2.842s] -- Installing: /home/keti/turtle_carto/install/cpp_service_tutorial/lib/cpp_service_tutorial/srv_server_node
[2.842s] -- Set runtime path of "/home/keti/turtle_carto/install/cpp_service_tutorial/lib/cpp_service_tutorial/srv_server_node" to ""
[2.842s] -- Installing: /home/keti/turtle_carto/install/cpp_service_tutorial/lib/cpp_service_tutorial/srv_client_node
[2.843s] -- Set runtime path of "/home/keti/turtle_carto/install/cpp_service_tutorial/lib/cpp_service_tutorial/srv_client_node" to ""
[2.843s] -- Up-to-date: /home/keti/turtle_carto/install/cpp_service_tutorial/share/ament_index/resource_index/package_run_dependencies/cpp_service_tutorial
[2.843s] -- Installing: /home/keti/turtle_carto/install/cpp_service_tutorial/share/ament_index/resource_index/parent_prefix_path/cpp_service_tutorial
[2.843s] -- Up-to-date: /home/keti/turtle_carto/install/cpp_service_tutorial/share/cpp_service_tutorial/environment/ament_prefix_path.sh
[2.843s] -- Installing: /home/keti/turtle_carto/install/cpp_service_tutorial/share/cpp_service_tutorial/environment/ament_prefix_path.dsv
[2.843s] -- Up-to-date: /home/keti/turtle_carto/install/cpp_service_tutorial/share/cpp_service_tutorial/environment/path.sh
[2.843s] -- Installing: /home/keti/turtle_carto/install/cpp_service_tutorial/share/cpp_service_tutorial/environment/path.dsv
[2.843s] -- Up-to-date: /home/keti/turtle_carto/install/cpp_service_tutorial/share/cpp_service_tutorial/local_setup.bash
[2.843s] -- Up-to-date: /home/keti/turtle_carto/install/cpp_service_tutorial/share/cpp_service_tutorial/local_setup.sh
[2.843s] -- Up-to-date: /home/keti/turtle_carto/install/cpp_service_tutorial/share/cpp_service_tutorial/local_setup.zsh
[2.843s] -- Installing: /home/keti/turtle_carto/install/cpp_service_tutorial/share/cpp_service_tutorial/local_setup.dsv
[2.843s] -- Installing: /home/keti/turtle_carto/install/cpp_service_tutorial/share/cpp_service_tutorial/package.dsv
[2.843s] -- Up-to-date: /home/keti/turtle_carto/install/cpp_service_tutorial/share/ament_index/resource_index/packages/cpp_service_tutorial
[2.844s] -- Up-to-date: /home/keti/turtle_carto/install/cpp_service_tutorial/share/cpp_service_tutorial/cmake/cpp_service_tutorialConfig.cmake
[2.844s] -- Up-to-date: /home/keti/turtle_carto/install/cpp_service_tutorial/share/cpp_service_tutorial/cmake/cpp_service_tutorialConfig-version.cmake
[2.844s] -- Installing: /home/keti/turtle_carto/install/cpp_service_tutorial/share/cpp_service_tutorial/package.xml
[2.862s] Invoked command in '/home/keti/turtle_carto/build/cpp_service_tutorial' returned '0': CMAKE_PREFIX_PATH=/opt/ros/foxy /usr/bin/cmake --install /home/keti/turtle_carto/build/cpp_service_tutorial
