[0.792s] Invoking command in '/home/keti/turtle_carto/src/turtlebot3/turtlebot3_teleop': PYTHONPATH=/home/keti/turtle_carto/build/turtlebot3_teleop/prefix_override:/home/keti/turtle_carto/install/turtlebot3_teleop/lib/python3.8/site-packages:${PYTHONPATH} /usr/bin/python3 setup.py egg_info --egg-base ../../../build/turtlebot3_teleop build --build-base /home/keti/turtle_carto/build/turtlebot3_teleop/build install --record /home/keti/turtle_carto/build/turtlebot3_teleop/install.log --single-version-externally-managed
[0.933s] running egg_info
[0.933s] writing ../../../build/turtlebot3_teleop/turtlebot3_teleop.egg-info/PKG-INFO
[0.933s] writing dependency_links to ../../../build/turtlebot3_teleop/turtlebot3_teleop.egg-info/dependency_links.txt
[0.934s] writing entry points to ../../../build/turtlebot3_teleop/turtlebot3_teleop.egg-info/entry_points.txt
[0.934s] writing requirements to ../../../build/turtlebot3_teleop/turtlebot3_teleop.egg-info/requires.txt
[0.934s] writing top-level names to ../../../build/turtlebot3_teleop/turtlebot3_teleop.egg-info/top_level.txt
[0.952s] reading manifest file '../../../build/turtlebot3_teleop/turtlebot3_teleop.egg-info/SOURCES.txt'
[0.954s] writing manifest file '../../../build/turtlebot3_teleop/turtlebot3_teleop.egg-info/SOURCES.txt'
[0.954s] running build
[0.954s] running build_py
[0.954s] running install
[0.954s] running install_lib
[0.957s] running install_data
[0.957s] running install_egg_info
[0.957s] removing '/home/keti/turtle_carto/install/turtlebot3_teleop/lib/python3.8/site-packages/turtlebot3_teleop-2.1.4-py3.8.egg-info' (and everything under it)
[0.958s] Copying ../../../build/turtlebot3_teleop/turtlebot3_teleop.egg-info to /home/keti/turtle_carto/install/turtlebot3_teleop/lib/python3.8/site-packages/turtlebot3_teleop-2.1.4-py3.8.egg-info
[0.960s] running install_scripts
[0.972s] Installing teleop_keyboard script to /home/keti/turtle_carto/install/turtlebot3_teleop/lib/turtlebot3_teleop
[0.972s] writing list of installed files to '/home/keti/turtle_carto/build/turtlebot3_teleop/install.log'
[1.042s] Invoked command in '/home/keti/turtle_carto/src/turtlebot3/turtlebot3_teleop' returned '0': PYTHONPATH=/home/keti/turtle_carto/build/turtlebot3_teleop/prefix_override:/home/keti/turtle_carto/install/turtlebot3_teleop/lib/python3.8/site-packages:${PYTHONPATH} /usr/bin/python3 setup.py egg_info --egg-base ../../../build/turtlebot3_teleop build --build-base /home/keti/turtle_carto/build/turtlebot3_teleop/build install --record /home/keti/turtle_carto/build/turtlebot3_teleop/install.log --single-version-externally-managed
