[0.552s] Invoking command in '/home/keti/turtle_carto/src/omo_r1mini-foxy/omo_r1mini_bringup': AMENT_PREFIX_PATH=/home/keti/turtle_carto/install/omo_r1mini_interfaces:/home/keti/turtle_carto/install/omo_r1mini_description CMAKE_PREFIX_PATH=/home/keti/turtle_carto/install/omo_r1mini_interfaces:/home/keti/turtle_carto/install/omo_r1mini_description LD_LIBRARY_PATH=/home/keti/turtle_carto/install/omo_r1mini_interfaces/lib${LD_LIBRARY_PATH} PYTHONPATH=/home/keti/turtle_carto/build/omo_r1mini_bringup/prefix_override:/home/keti/turtle_carto/install/omo_r1mini_bringup/lib/python3.8/site-packages:/home/keti/turtle_carto/install/omo_r1mini_interfaces/lib/python3.8/site-packages /usr/bin/python3 setup.py egg_info --egg-base ../../../build/omo_r1mini_bringup build --build-base /home/keti/turtle_carto/build/omo_r1mini_bringup/build install --record /home/keti/turtle_carto/build/omo_r1mini_bringup/install.log --install-scripts $base/lib/omo_r1mini_bringup --single-version-externally-managed
[0.638s] running egg_info
[0.638s] writing ../../../build/omo_r1mini_bringup/omo_r1mini_bringup.egg-info/PKG-INFO
[0.638s] writing dependency_links to ../../../build/omo_r1mini_bringup/omo_r1mini_bringup.egg-info/dependency_links.txt
[0.638s] writing entry points to ../../../build/omo_r1mini_bringup/omo_r1mini_bringup.egg-info/entry_points.txt
[0.638s] writing requirements to ../../../build/omo_r1mini_bringup/omo_r1mini_bringup.egg-info/requires.txt
[0.638s] writing top-level names to ../../../build/omo_r1mini_bringup/omo_r1mini_bringup.egg-info/top_level.txt
[0.654s] reading manifest file '../../../build/omo_r1mini_bringup/omo_r1mini_bringup.egg-info/SOURCES.txt'
[0.654s] writing manifest file '../../../build/omo_r1mini_bringup/omo_r1mini_bringup.egg-info/SOURCES.txt'
[0.654s] running build
[0.654s] running build_py
[0.655s] running install
[0.655s] running install_lib
[0.656s] running install_data
[0.656s] running install_egg_info
[0.657s] removing '/home/keti/turtle_carto/install/omo_r1mini_bringup/lib/python3.8/site-packages/omo_r1mini_bringup-0.0.1-py3.8.egg-info' (and everything under it)
[0.657s] Copying ../../../build/omo_r1mini_bringup/omo_r1mini_bringup.egg-info to /home/keti/turtle_carto/install/omo_r1mini_bringup/lib/python3.8/site-packages/omo_r1mini_bringup-0.0.1-py3.8.egg-info
[0.657s] running install_scripts
[0.665s] Installing omo_r1mini_mcu_node script to /home/keti/turtle_carto/install/omo_r1mini_bringup/lib/omo_r1mini_bringup
[0.665s] Installing omo_r1mini_motor_setting_node script to /home/keti/turtle_carto/install/omo_r1mini_bringup/lib/omo_r1mini_bringup
[0.666s] writing list of installed files to '/home/keti/turtle_carto/build/omo_r1mini_bringup/install.log'
[0.680s] Invoked command in '/home/keti/turtle_carto/src/omo_r1mini-foxy/omo_r1mini_bringup' returned '0': AMENT_PREFIX_PATH=/home/keti/turtle_carto/install/omo_r1mini_interfaces:/home/keti/turtle_carto/install/omo_r1mini_description CMAKE_PREFIX_PATH=/home/keti/turtle_carto/install/omo_r1mini_interfaces:/home/keti/turtle_carto/install/omo_r1mini_description LD_LIBRARY_PATH=/home/keti/turtle_carto/install/omo_r1mini_interfaces/lib${LD_LIBRARY_PATH} PYTHONPATH=/home/keti/turtle_carto/build/omo_r1mini_bringup/prefix_override:/home/keti/turtle_carto/install/omo_r1mini_bringup/lib/python3.8/site-packages:/home/keti/turtle_carto/install/omo_r1mini_interfaces/lib/python3.8/site-packages /usr/bin/python3 setup.py egg_info --egg-base ../../../build/omo_r1mini_bringup build --build-base /home/keti/turtle_carto/build/omo_r1mini_bringup/build install --record /home/keti/turtle_carto/build/omo_r1mini_bringup/install.log --install-scripts $base/lib/omo_r1mini_bringup --single-version-externally-managed
