[0.042s] Invoking command in '/home/keti/turtle_carto/build/aws_robomaker_small_warehouse_world': /usr/bin/cmake /home/keti/turtle_carto/src/aws-robotics/aws-robomaker-small-warehouse-world -DCMAKE_INSTALL_PREFIX=/home/keti/turtle_carto/install/aws_robomaker_small_warehouse_world
[0.515s] CMake Error at CMakeLists.txt:10 (find_package):
[0.515s]   By not providing "Findament_cmake.cmake" in CMAKE_MODULE_PATH this project
[0.515s]   has asked CMake to find a package configuration file provided by
[0.515s]   "ament_cmake", but CMake did not find one.
[0.515s] 
[0.515s]   Could not find a package configuration file provided by "ament_cmake" with
[0.515s]   any of the following names:
[0.515s] 
[0.515s]     ament_cmakeConfig.cmake
[0.515s]     ament_cmake-config.cmake
[0.516s] 
[0.516s]   Add the installation prefix of "ament_cmake" to CMAKE_PREFIX_PATH or set
[0.516s]   "ament_cmake_DIR" to a directory containing one of the above files.  If
[0.516s]   "ament_cmake" provides a separate development package or SDK, be sure it
[0.516s]   has been installed.
[0.516s] 
[0.516s] 
[0.516s] -- The C compiler identification is GNU 9.4.0
[0.516s] -- The CXX compiler identification is GNU 9.4.0
[0.516s] -- Check for working C compiler: /usr/bin/cc
[0.516s] -- Check for working C compiler: /usr/bin/cc -- works
[0.516s] -- Detecting C compiler ABI info
[0.516s] -- Detecting C compiler ABI info - done
[0.516s] -- Detecting C compile features
[0.516s] -- Detecting C compile features - done
[0.516s] -- Check for working CXX compiler: /usr/bin/c++
[0.516s] -- Check for working CXX compiler: /usr/bin/c++ -- works
[0.516s] -- Detecting CXX compiler ABI info
[0.516s] -- Detecting CXX compiler ABI info - done
[0.516s] -- Detecting CXX compile features
[0.516s] -- Detecting CXX compile features - done
[0.516s] -- Configuring incomplete, errors occurred!
[0.516s] See also "/home/keti/turtle_carto/build/aws_robomaker_small_warehouse_world/CMakeFiles/CMakeOutput.log".
[0.526s] Invoked command in '/home/keti/turtle_carto/build/aws_robomaker_small_warehouse_world' returned '1': /usr/bin/cmake /home/keti/turtle_carto/src/aws-robotics/aws-robomaker-small-warehouse-world -DCMAKE_INSTALL_PREFIX=/home/keti/turtle_carto/install/aws_robomaker_small_warehouse_world
