[0.058s] Invoking command in '/home/keti/turtle_carto/build/nav2_voxel_grid': AMENT_PREFIX_PATH=/home/keti/turtle_carto/install/nav2_common:${AMENT_PREFIX_PATH} CMAKE_PREFIX_PATH=/home/keti/turtle_carto/install/nav2_common:/opt/ros/foxy PYTHONPATH=/home/keti/turtle_carto/install/nav2_common/lib/python3.8/site-packages:${PYTHONPATH} /usr/bin/cmake --build /home/keti/turtle_carto/build/nav2_voxel_grid -- -j24 -l24
[0.088s] [ 20%] Built target gtest
[0.088s] [ 40%] Built target gtest_main
[0.097s] [ 60%] Built target voxel_grid
[0.115s] [ 80%] Built target voxel_grid_bresenham_3d
[0.116s] [100%] Built target voxel_grid_tests
[0.144s] Invoked command in '/home/keti/turtle_carto/build/nav2_voxel_grid' returned '0': AMENT_PREFIX_PATH=/home/keti/turtle_carto/install/nav2_common:${AMENT_PREFIX_PATH} CMAKE_PREFIX_PATH=/home/keti/turtle_carto/install/nav2_common:/opt/ros/foxy PYTHONPATH=/home/keti/turtle_carto/install/nav2_common/lib/python3.8/site-packages:${PYTHONPATH} /usr/bin/cmake --build /home/keti/turtle_carto/build/nav2_voxel_grid -- -j24 -l24
[0.289s] Invoking command in '/home/keti/turtle_carto/build/nav2_voxel_grid': AMENT_PREFIX_PATH=/home/keti/turtle_carto/install/nav2_common:${AMENT_PREFIX_PATH} CMAKE_PREFIX_PATH=/home/keti/turtle_carto/install/nav2_common:/opt/ros/foxy PYTHONPATH=/home/keti/turtle_carto/install/nav2_common/lib/python3.8/site-packages:${PYTHONPATH} /usr/bin/cmake --install /home/keti/turtle_carto/build/nav2_voxel_grid
[0.296s] -- Install configuration: "Release"
[0.296s] -- Up-to-date: /home/keti/turtle_carto/install/nav2_voxel_grid/lib/libvoxel_grid.so
[0.296s] -- Up-to-date: /home/keti/turtle_carto/install/nav2_voxel_grid/include
[0.296s] -- Up-to-date: /home/keti/turtle_carto/install/nav2_voxel_grid/include/nav2_voxel_grid
[0.297s] -- Up-to-date: /home/keti/turtle_carto/install/nav2_voxel_grid/include/nav2_voxel_grid/voxel_grid.hpp
[0.297s] -- Up-to-date: /home/keti/turtle_carto/install/nav2_voxel_grid/share/nav2_voxel_grid/environment/library_path.sh
[0.297s] -- Up-to-date: /home/keti/turtle_carto/install/nav2_voxel_grid/share/nav2_voxel_grid/environment/library_path.dsv
[0.297s] -- Up-to-date: /home/keti/turtle_carto/install/nav2_voxel_grid/share/ament_index/resource_index/package_run_dependencies/nav2_voxel_grid
[0.297s] -- Up-to-date: /home/keti/turtle_carto/install/nav2_voxel_grid/share/ament_index/resource_index/parent_prefix_path/nav2_voxel_grid
[0.297s] -- Up-to-date: /home/keti/turtle_carto/install/nav2_voxel_grid/share/nav2_voxel_grid/environment/ament_prefix_path.sh
[0.297s] -- Up-to-date: /home/keti/turtle_carto/install/nav2_voxel_grid/share/nav2_voxel_grid/environment/ament_prefix_path.dsv
[0.297s] -- Up-to-date: /home/keti/turtle_carto/install/nav2_voxel_grid/share/nav2_voxel_grid/environment/path.sh
[0.297s] -- Up-to-date: /home/keti/turtle_carto/install/nav2_voxel_grid/share/nav2_voxel_grid/environment/path.dsv
[0.297s] -- Up-to-date: /home/keti/turtle_carto/install/nav2_voxel_grid/share/nav2_voxel_grid/local_setup.bash
[0.297s] -- Up-to-date: /home/keti/turtle_carto/install/nav2_voxel_grid/share/nav2_voxel_grid/local_setup.sh
[0.297s] -- Up-to-date: /home/keti/turtle_carto/install/nav2_voxel_grid/share/nav2_voxel_grid/local_setup.zsh
[0.297s] -- Up-to-date: /home/keti/turtle_carto/install/nav2_voxel_grid/share/nav2_voxel_grid/local_setup.dsv
[0.297s] -- Installing: /home/keti/turtle_carto/install/nav2_voxel_grid/share/nav2_voxel_grid/package.dsv
[0.297s] -- Up-to-date: /home/keti/turtle_carto/install/nav2_voxel_grid/share/ament_index/resource_index/packages/nav2_voxel_grid
[0.297s] -- Up-to-date: /home/keti/turtle_carto/install/nav2_voxel_grid/share/nav2_voxel_grid/cmake/ament_cmake_export_dependencies-extras.cmake
[0.297s] -- Up-to-date: /home/keti/turtle_carto/install/nav2_voxel_grid/share/nav2_voxel_grid/cmake/ament_cmake_export_include_directories-extras.cmake
[0.297s] -- Up-to-date: /home/keti/turtle_carto/install/nav2_voxel_grid/share/nav2_voxel_grid/cmake/ament_cmake_export_libraries-extras.cmake
[0.297s] -- Up-to-date: /home/keti/turtle_carto/install/nav2_voxel_grid/share/nav2_voxel_grid/cmake/nav2_voxel_gridConfig.cmake
[0.298s] -- Up-to-date: /home/keti/turtle_carto/install/nav2_voxel_grid/share/nav2_voxel_grid/cmake/nav2_voxel_gridConfig-version.cmake
[0.298s] -- Up-to-date: /home/keti/turtle_carto/install/nav2_voxel_grid/share/nav2_voxel_grid/package.xml
[0.305s] Invoked command in '/home/keti/turtle_carto/build/nav2_voxel_grid' returned '0': AMENT_PREFIX_PATH=/home/keti/turtle_carto/install/nav2_common:${AMENT_PREFIX_PATH} CMAKE_PREFIX_PATH=/home/keti/turtle_carto/install/nav2_common:/opt/ros/foxy PYTHONPATH=/home/keti/turtle_carto/install/nav2_common/lib/python3.8/site-packages:${PYTHONPATH} /usr/bin/cmake --install /home/keti/turtle_carto/build/nav2_voxel_grid
