[0.488s] Invoking command in '/home/keti/turtle_carto/src/gcamp_ros2_basic/py_service_pkg': CMAKE_PREFIX_PATH=/home/keti/turtle_carto/install/custom_interfaces:/home/keti/turtle_carto/install/turtlebot3:/home/keti/turtle_carto/install/turtlebot3_simulations:/home/keti/turtle_carto/install/turtlebot3_bringup:/home/keti/turtle_carto/install/turtlebot3_node:/home/keti/turtle_carto/install/turtlebot3_navigation2:/home/keti/turtle_carto/install/turtlebot3_fake_node:/home/keti/turtle_carto/install/turtlebot3_msgs:/home/keti/turtle_carto/install/turtlebot3_description:/home/keti/turtle_carto/install/turtlebot3_cartographer:/home/keti/turtle_carto/install/gcamp_gazebo:/home/keti/turtle_carto/install/cpp_service_pkg:/home/keti/turtle_carto/install/cpp_action_pkg:/home/keti/turtle_carto/install/cpp_topic_pkg:/home/keti/turtle_carto/install/cpp_service_tutorial:/home/keti/turtle_carto/install/cpp_param_pkg:/home/keti/turtle_carto/install/cpp_first_pkg LD_LIBRARY_PATH=/home/keti/turtle_carto/install/custom_interfaces/lib:/home/keti/turtle_carto/install/turtlebot3_msgs/lib:/usr/lib/x86_64-linux-gnu/gazebo-11/plugins:/opt/ros/foxy/opt/yaml_cpp_vendor/lib:/opt/ros/foxy/opt/rviz_ogre_vendor/lib:/opt/ros/foxy/lib/x86_64-linux-gnu:/opt/ros/foxy/lib:/usr/local/cuda-11.4/lib64 PYTHONPATH=/home/keti/turtle_carto/build/py_service_pkg/prefix_override:/home/keti/turtle_carto/install/py_service_pkg/lib/python3.8/site-packages:/home/keti/turtle_carto/install/custom_interfaces/lib/python3.8/site-packages:/home/keti/turtle_carto/install/turtlebot3_teleop/lib/python3.8/site-packages:/home/keti/turtle_carto/install/turtlebot3_example/lib/python3.8/site-packages:/home/keti/turtle_carto/install/turtlebot3_msgs/lib/python3.8/site-packages:/home/keti/turtle_carto/install/py_topic_pkg/lib/python3.8/site-packages:/home/keti/turtle_carto/install/py_service_pkg/lib/python3.8/site-packages:/home/keti/turtle_carto/install/py_first_pkg/lib/python3.8/site-packages:/home/keti/turtle_carto/install/py_action_pkg/lib/python3.8/site-packages:/home/keti/turtle_carto/install/follow_waypoints/lib/python3.8/site-packages:/opt/ros/foxy/lib/python3.8/site-packages /usr/bin/python3 setup.py egg_info --egg-base ../../../build/py_service_pkg build --build-base /home/keti/turtle_carto/build/py_service_pkg/build install --record /home/keti/turtle_carto/build/py_service_pkg/install.log --install-scripts $base/lib/py_service_pkg --single-version-externally-managed
[0.585s] running egg_info
[0.585s] creating ../../../build/py_service_pkg/py_service_pkg.egg-info
[0.585s] writing ../../../build/py_service_pkg/py_service_pkg.egg-info/PKG-INFO
[0.585s] writing dependency_links to ../../../build/py_service_pkg/py_service_pkg.egg-info/dependency_links.txt
[0.585s] writing entry points to ../../../build/py_service_pkg/py_service_pkg.egg-info/entry_points.txt
[0.586s] writing requirements to ../../../build/py_service_pkg/py_service_pkg.egg-info/requires.txt
[0.586s] writing top-level names to ../../../build/py_service_pkg/py_service_pkg.egg-info/top_level.txt
[0.586s] writing manifest file '../../../build/py_service_pkg/py_service_pkg.egg-info/SOURCES.txt'
[0.602s] reading manifest file '../../../build/py_service_pkg/py_service_pkg.egg-info/SOURCES.txt'
[0.603s] writing manifest file '../../../build/py_service_pkg/py_service_pkg.egg-info/SOURCES.txt'
[0.603s] running build
[0.603s] running build_py
[0.603s] creating /home/keti/turtle_carto/build/py_service_pkg/build
[0.603s] creating /home/keti/turtle_carto/build/py_service_pkg/build/lib
[0.603s] creating /home/keti/turtle_carto/build/py_service_pkg/build/lib/py_service_pkg
[0.603s] copying py_service_pkg/basic_srv_server.py -> /home/keti/turtle_carto/build/py_service_pkg/build/lib/py_service_pkg
[0.603s] copying py_service_pkg/spawn_skidbot.py -> /home/keti/turtle_carto/build/py_service_pkg/build/lib/py_service_pkg
[0.603s] copying py_service_pkg/__init__.py -> /home/keti/turtle_carto/build/py_service_pkg/build/lib/py_service_pkg
[0.603s] copying py_service_pkg/custom_srv_server.py -> /home/keti/turtle_carto/build/py_service_pkg/build/lib/py_service_pkg
[0.603s] copying py_service_pkg/robot_turning_client.py -> /home/keti/turtle_carto/build/py_service_pkg/build/lib/py_service_pkg
[0.603s] copying py_service_pkg/custom_srv_client.py -> /home/keti/turtle_carto/build/py_service_pkg/build/lib/py_service_pkg
[0.603s] copying py_service_pkg/basic_srv_client.py -> /home/keti/turtle_carto/build/py_service_pkg/build/lib/py_service_pkg
[0.603s] copying py_service_pkg/spawn_model.py -> /home/keti/turtle_carto/build/py_service_pkg/build/lib/py_service_pkg
[0.604s] copying py_service_pkg/robot_turning_srv.py -> /home/keti/turtle_carto/build/py_service_pkg/build/lib/py_service_pkg
[0.604s] running install
[0.604s] running install_lib
[0.604s] creating /home/keti/turtle_carto/install/py_service_pkg/lib/python3.8/site-packages/py_service_pkg
[0.604s] copying /home/keti/turtle_carto/build/py_service_pkg/build/lib/py_service_pkg/basic_srv_server.py -> /home/keti/turtle_carto/install/py_service_pkg/lib/python3.8/site-packages/py_service_pkg
[0.604s] copying /home/keti/turtle_carto/build/py_service_pkg/build/lib/py_service_pkg/spawn_skidbot.py -> /home/keti/turtle_carto/install/py_service_pkg/lib/python3.8/site-packages/py_service_pkg
[0.604s] copying /home/keti/turtle_carto/build/py_service_pkg/build/lib/py_service_pkg/__init__.py -> /home/keti/turtle_carto/install/py_service_pkg/lib/python3.8/site-packages/py_service_pkg
[0.604s] copying /home/keti/turtle_carto/build/py_service_pkg/build/lib/py_service_pkg/custom_srv_server.py -> /home/keti/turtle_carto/install/py_service_pkg/lib/python3.8/site-packages/py_service_pkg
[0.604s] copying /home/keti/turtle_carto/build/py_service_pkg/build/lib/py_service_pkg/robot_turning_client.py -> /home/keti/turtle_carto/install/py_service_pkg/lib/python3.8/site-packages/py_service_pkg
[0.604s] copying /home/keti/turtle_carto/build/py_service_pkg/build/lib/py_service_pkg/custom_srv_client.py -> /home/keti/turtle_carto/install/py_service_pkg/lib/python3.8/site-packages/py_service_pkg
[0.604s] copying /home/keti/turtle_carto/build/py_service_pkg/build/lib/py_service_pkg/basic_srv_client.py -> /home/keti/turtle_carto/install/py_service_pkg/lib/python3.8/site-packages/py_service_pkg
[0.604s] copying /home/keti/turtle_carto/build/py_service_pkg/build/lib/py_service_pkg/spawn_model.py -> /home/keti/turtle_carto/install/py_service_pkg/lib/python3.8/site-packages/py_service_pkg
[0.605s] copying /home/keti/turtle_carto/build/py_service_pkg/build/lib/py_service_pkg/robot_turning_srv.py -> /home/keti/turtle_carto/install/py_service_pkg/lib/python3.8/site-packages/py_service_pkg
[0.605s] byte-compiling /home/keti/turtle_carto/install/py_service_pkg/lib/python3.8/site-packages/py_service_pkg/basic_srv_server.py to basic_srv_server.cpython-38.pyc
[0.605s] byte-compiling /home/keti/turtle_carto/install/py_service_pkg/lib/python3.8/site-packages/py_service_pkg/spawn_skidbot.py to spawn_skidbot.cpython-38.pyc
[0.606s] byte-compiling /home/keti/turtle_carto/install/py_service_pkg/lib/python3.8/site-packages/py_service_pkg/__init__.py to __init__.cpython-38.pyc
[0.606s] byte-compiling /home/keti/turtle_carto/install/py_service_pkg/lib/python3.8/site-packages/py_service_pkg/custom_srv_server.py to custom_srv_server.cpython-38.pyc
[0.606s] byte-compiling /home/keti/turtle_carto/install/py_service_pkg/lib/python3.8/site-packages/py_service_pkg/robot_turning_client.py to robot_turning_client.cpython-38.pyc
[0.606s] byte-compiling /home/keti/turtle_carto/install/py_service_pkg/lib/python3.8/site-packages/py_service_pkg/custom_srv_client.py to custom_srv_client.cpython-38.pyc
[0.606s] byte-compiling /home/keti/turtle_carto/install/py_service_pkg/lib/python3.8/site-packages/py_service_pkg/basic_srv_client.py to basic_srv_client.cpython-38.pyc
[0.607s] byte-compiling /home/keti/turtle_carto/install/py_service_pkg/lib/python3.8/site-packages/py_service_pkg/spawn_model.py to spawn_model.cpython-38.pyc
[0.607s] byte-compiling /home/keti/turtle_carto/install/py_service_pkg/lib/python3.8/site-packages/py_service_pkg/robot_turning_srv.py to robot_turning_srv.cpython-38.pyc
[0.607s] running install_data
[0.607s] creating /home/keti/turtle_carto/install/py_service_pkg/share/ament_index
[0.607s] creating /home/keti/turtle_carto/install/py_service_pkg/share/ament_index/resource_index
[0.607s] creating /home/keti/turtle_carto/install/py_service_pkg/share/ament_index/resource_index/packages
[0.607s] copying resource/py_service_pkg -> /home/keti/turtle_carto/install/py_service_pkg/share/ament_index/resource_index/packages
[0.607s] copying package.xml -> /home/keti/turtle_carto/install/py_service_pkg/share/py_service_pkg
[0.607s] running install_egg_info
[0.608s] Copying ../../../build/py_service_pkg/py_service_pkg.egg-info to /home/keti/turtle_carto/install/py_service_pkg/lib/python3.8/site-packages/py_service_pkg-0.0.0-py3.8.egg-info
[0.609s] running install_scripts
[0.620s] Installing basic_client script to /home/keti/turtle_carto/install/py_service_pkg/lib/py_service_pkg
[0.620s] Installing basic_server script to /home/keti/turtle_carto/install/py_service_pkg/lib/py_service_pkg
[0.621s] Installing custom_srv_client script to /home/keti/turtle_carto/install/py_service_pkg/lib/py_service_pkg
[0.621s] Installing custom_srv_server script to /home/keti/turtle_carto/install/py_service_pkg/lib/py_service_pkg
[0.621s] Installing gazebo_model_spawner script to /home/keti/turtle_carto/install/py_service_pkg/lib/py_service_pkg
[0.621s] Installing robot_turning_client script to /home/keti/turtle_carto/install/py_service_pkg/lib/py_service_pkg
[0.621s] Installing robot_turning_server script to /home/keti/turtle_carto/install/py_service_pkg/lib/py_service_pkg
[0.621s] Installing spawn_skidbot script to /home/keti/turtle_carto/install/py_service_pkg/lib/py_service_pkg
[0.621s] writing list of installed files to '/home/keti/turtle_carto/build/py_service_pkg/install.log'
[0.633s] Invoked command in '/home/keti/turtle_carto/src/gcamp_ros2_basic/py_service_pkg' returned '0': CMAKE_PREFIX_PATH=/home/keti/turtle_carto/install/custom_interfaces:/home/keti/turtle_carto/install/turtlebot3:/home/keti/turtle_carto/install/turtlebot3_simulations:/home/keti/turtle_carto/install/turtlebot3_bringup:/home/keti/turtle_carto/install/turtlebot3_node:/home/keti/turtle_carto/install/turtlebot3_navigation2:/home/keti/turtle_carto/install/turtlebot3_fake_node:/home/keti/turtle_carto/install/turtlebot3_msgs:/home/keti/turtle_carto/install/turtlebot3_description:/home/keti/turtle_carto/install/turtlebot3_cartographer:/home/keti/turtle_carto/install/gcamp_gazebo:/home/keti/turtle_carto/install/cpp_service_pkg:/home/keti/turtle_carto/install/cpp_action_pkg:/home/keti/turtle_carto/install/cpp_topic_pkg:/home/keti/turtle_carto/install/cpp_service_tutorial:/home/keti/turtle_carto/install/cpp_param_pkg:/home/keti/turtle_carto/install/cpp_first_pkg LD_LIBRARY_PATH=/home/keti/turtle_carto/install/custom_interfaces/lib:/home/keti/turtle_carto/install/turtlebot3_msgs/lib:/usr/lib/x86_64-linux-gnu/gazebo-11/plugins:/opt/ros/foxy/opt/yaml_cpp_vendor/lib:/opt/ros/foxy/opt/rviz_ogre_vendor/lib:/opt/ros/foxy/lib/x86_64-linux-gnu:/opt/ros/foxy/lib:/usr/local/cuda-11.4/lib64 PYTHONPATH=/home/keti/turtle_carto/build/py_service_pkg/prefix_override:/home/keti/turtle_carto/install/py_service_pkg/lib/python3.8/site-packages:/home/keti/turtle_carto/install/custom_interfaces/lib/python3.8/site-packages:/home/keti/turtle_carto/install/turtlebot3_teleop/lib/python3.8/site-packages:/home/keti/turtle_carto/install/turtlebot3_example/lib/python3.8/site-packages:/home/keti/turtle_carto/install/turtlebot3_msgs/lib/python3.8/site-packages:/home/keti/turtle_carto/install/py_topic_pkg/lib/python3.8/site-packages:/home/keti/turtle_carto/install/py_service_pkg/lib/python3.8/site-packages:/home/keti/turtle_carto/install/py_first_pkg/lib/python3.8/site-packages:/home/keti/turtle_carto/install/py_action_pkg/lib/python3.8/site-packages:/home/keti/turtle_carto/install/follow_waypoints/lib/python3.8/site-packages:/opt/ros/foxy/lib/python3.8/site-packages /usr/bin/python3 setup.py egg_info --egg-base ../../../build/py_service_pkg build --build-base /home/keti/turtle_carto/build/py_service_pkg/build install --record /home/keti/turtle_carto/build/py_service_pkg/install.log --install-scripts $base/lib/py_service_pkg --single-version-externally-managed
