[0.285s] Invoking command in '/home/keti/turtle_carto/build/neo_simulation2': CMAKE_PREFIX_PATH=/opt/ros/foxy /usr/bin/cmake --build /home/keti/turtle_carto/build/neo_simulation2 -- -j24 -l24
[0.555s] Invoked command in '/home/keti/turtle_carto/build/neo_simulation2' returned '0': CMAKE_PREFIX_PATH=/opt/ros/foxy /usr/bin/cmake --build /home/keti/turtle_carto/build/neo_simulation2 -- -j24 -l24
[0.614s] Invoking command in '/home/keti/turtle_carto/build/neo_simulation2': CMAKE_PREFIX_PATH=/opt/ros/foxy /usr/bin/cmake --install /home/keti/turtle_carto/build/neo_simulation2
[0.668s] -- Install configuration: ""
[0.668s] -- Up-to-date: /home/keti/turtle_carto/install/neo_simulation2/share/neo_simulation2/launch
[0.668s] -- Up-to-date: /home/keti/turtle_carto/install/neo_simulation2/share/neo_simulation2/launch/mapping.launch.py
[0.669s] -- Up-to-date: /home/keti/turtle_carto/install/neo_simulation2/share/neo_simulation2/launch/navigation.launch.py
[0.669s] -- Up-to-date: /home/keti/turtle_carto/install/neo_simulation2/share/neo_simulation2/launch/simulation.launch.py
[0.669s] -- Up-to-date: /home/keti/turtle_carto/install/neo_simulation2/share/neo_simulation2/configs
[0.669s] -- Up-to-date: /home/keti/turtle_carto/install/neo_simulation2/share/neo_simulation2/configs/mp_500
[0.669s] -- Up-to-date: /home/keti/turtle_carto/install/neo_simulation2/share/neo_simulation2/configs/mp_500/navigation.yaml
[0.669s] -- Up-to-date: /home/keti/turtle_carto/install/neo_simulation2/share/neo_simulation2/configs/mp_500/mapping.yaml
[0.669s] -- Up-to-date: /home/keti/turtle_carto/install/neo_simulation2/share/neo_simulation2/configs/mpo_500
[0.679s] -- Up-to-date: /home/keti/turtle_carto/install/neo_simulation2/share/neo_simulation2/configs/mpo_500/navigation.yaml
[0.680s] -- Up-to-date: /home/keti/turtle_carto/install/neo_simulation2/share/neo_simulation2/configs/mpo_500/mapping.yaml
[0.680s] -- Up-to-date: /home/keti/turtle_carto/install/neo_simulation2/share/neo_simulation2/configs/mpo_700
[0.680s] -- Up-to-date: /home/keti/turtle_carto/install/neo_simulation2/share/neo_simulation2/configs/mpo_700/navigation.yaml
[0.680s] -- Up-to-date: /home/keti/turtle_carto/install/neo_simulation2/share/neo_simulation2/configs/mpo_700/mapping.yaml
[0.680s] -- Up-to-date: /home/keti/turtle_carto/install/neo_simulation2/share/neo_simulation2/configs/mp_400
[0.680s] -- Up-to-date: /home/keti/turtle_carto/install/neo_simulation2/share/neo_simulation2/configs/mp_400/navigation.yaml
[0.680s] -- Up-to-date: /home/keti/turtle_carto/install/neo_simulation2/share/neo_simulation2/configs/mp_400/mapping.yaml
[0.680s] -- Up-to-date: /home/keti/turtle_carto/install/neo_simulation2/share/neo_simulation2/maps
[0.680s] -- Up-to-date: /home/keti/turtle_carto/install/neo_simulation2/share/neo_simulation2/maps/neo_workshop.yaml
[0.680s] -- Up-to-date: /home/keti/turtle_carto/install/neo_simulation2/share/neo_simulation2/maps/neo_workshop.pgm
[0.681s] -- Up-to-date: /home/keti/turtle_carto/install/neo_simulation2/share/neo_simulation2/maps/aws.pgm
[0.681s] -- Up-to-date: /home/keti/turtle_carto/install/neo_simulation2/share/neo_simulation2/maps/neo_track1.pgm
[0.681s] -- Up-to-date: /home/keti/turtle_carto/install/neo_simulation2/share/neo_simulation2/maps/neo_track1.yaml
[0.681s] -- Up-to-date: /home/keti/turtle_carto/install/neo_simulation2/share/neo_simulation2/maps/aws.yaml
[0.681s] -- Up-to-date: /home/keti/turtle_carto/install/neo_simulation2/share/neo_simulation2/worlds
[0.681s] -- Up-to-date: /home/keti/turtle_carto/install/neo_simulation2/share/neo_simulation2/worlds/aws.world
[0.681s] -- Up-to-date: /home/keti/turtle_carto/install/neo_simulation2/share/neo_simulation2/worlds/neo_track1.world
[0.681s] -- Up-to-date: /home/keti/turtle_carto/install/neo_simulation2/share/neo_simulation2/worlds/neo_workshop.world
[0.681s] -- Up-to-date: /home/keti/turtle_carto/install/neo_simulation2/share/neo_simulation2/worlds/neo_track2.world
[0.681s] -- Up-to-date: /home/keti/turtle_carto/install/neo_simulation2/share/neo_simulation2/robots
[0.681s] -- Up-to-date: /home/keti/turtle_carto/install/neo_simulation2/share/neo_simulation2/robots/mp_500
[0.681s] -- Up-to-date: /home/keti/turtle_carto/install/neo_simulation2/share/neo_simulation2/robots/mp_500/mp_500.urdf
[0.681s] -- Up-to-date: /home/keti/turtle_carto/install/neo_simulation2/share/neo_simulation2/robots/mp_500/meshes
[0.681s] -- Up-to-date: /home/keti/turtle_carto/install/neo_simulation2/share/neo_simulation2/robots/mp_500/meshes/MP-500-WHEEL-LEFT.dae
[0.681s] -- Up-to-date: /home/keti/turtle_carto/install/neo_simulation2/share/neo_simulation2/robots/mp_500/meshes/d435.dae
[0.681s] -- Up-to-date: /home/keti/turtle_carto/install/neo_simulation2/share/neo_simulation2/robots/mp_500/meshes/MP-500-WHEEL-RIGHT.dae
[0.681s] -- Up-to-date: /home/keti/turtle_carto/install/neo_simulation2/share/neo_simulation2/robots/mp_500/meshes/MP-500-BODY.dae
[0.682s] -- Up-to-date: /home/keti/turtle_carto/install/neo_simulation2/share/neo_simulation2/robots/mp_500/meshes/MP-500-WHEEL.dae
[0.682s] -- Up-to-date: /home/keti/turtle_carto/install/neo_simulation2/share/neo_simulation2/robots/mpo_500
[0.682s] -- Up-to-date: /home/keti/turtle_carto/install/neo_simulation2/share/neo_simulation2/robots/mpo_500/mpo_500.urdf
[0.682s] -- Up-to-date: /home/keti/turtle_carto/install/neo_simulation2/share/neo_simulation2/robots/mpo_500/meshes
[0.682s] -- Up-to-date: /home/keti/turtle_carto/install/neo_simulation2/share/neo_simulation2/robots/mpo_500/meshes/MPO-500-BODY.dae
[0.682s] -- Up-to-date: /home/keti/turtle_carto/install/neo_simulation2/share/neo_simulation2/robots/mpo_500/meshes/MPO-500-WHEEL.dae
[0.682s] -- Up-to-date: /home/keti/turtle_carto/install/neo_simulation2/share/neo_simulation2/robots/mpo_700
[0.682s] -- Up-to-date: /home/keti/turtle_carto/install/neo_simulation2/share/neo_simulation2/robots/mpo_700/mpo_700.urdf
[0.682s] -- Up-to-date: /home/keti/turtle_carto/install/neo_simulation2/share/neo_simulation2/robots/mpo_700/meshes
[0.682s] -- Up-to-date: /home/keti/turtle_carto/install/neo_simulation2/share/neo_simulation2/robots/mpo_700/meshes/MPO-700-WHEEL.dae
[0.683s] -- Up-to-date: /home/keti/turtle_carto/install/neo_simulation2/share/neo_simulation2/robots/mpo_700/meshes/MPO-700-caster.dae
[0.683s] -- Up-to-date: /home/keti/turtle_carto/install/neo_simulation2/share/neo_simulation2/robots/mpo_700/meshes/MPO-700-BODY.dae
[0.683s] -- Up-to-date: /home/keti/turtle_carto/install/neo_simulation2/share/neo_simulation2/robots/mpo_700/meshes/MPO-700-charge-port.dae
[0.683s] -- Up-to-date: /home/keti/turtle_carto/install/neo_simulation2/share/neo_simulation2/robots/mpo_700/meshes/MPO-700-HEAD.dae
[0.683s] -- Up-to-date: /home/keti/turtle_carto/install/neo_simulation2/share/neo_simulation2/robots/mp_400
[0.683s] -- Up-to-date: /home/keti/turtle_carto/install/neo_simulation2/share/neo_simulation2/robots/mp_400/mp_400.urdf
[0.683s] -- Up-to-date: /home/keti/turtle_carto/install/neo_simulation2/share/neo_simulation2/robots/mp_400/meshes
[0.683s] -- Up-to-date: /home/keti/turtle_carto/install/neo_simulation2/share/neo_simulation2/robots/mp_400/meshes/MP-400-BODY.dae
[0.683s] -- Up-to-date: /home/keti/turtle_carto/install/neo_simulation2/share/neo_simulation2/robots/mp_400/meshes/MP-400-CASTER-WHEEL.dae
[0.683s] -- Up-to-date: /home/keti/turtle_carto/install/neo_simulation2/share/neo_simulation2/robots/mp_400/meshes/MP-400-FIXED-WHEEL-RIGHT.dae
[0.683s] -- Up-to-date: /home/keti/turtle_carto/install/neo_simulation2/share/neo_simulation2/robots/mp_400/meshes/MP-400-FIXED-WHEEL-LEFT.dae
[0.683s] -- Up-to-date: /home/keti/turtle_carto/install/neo_simulation2/share/neo_simulation2/components
[0.683s] -- Up-to-date: /home/keti/turtle_carto/install/neo_simulation2/share/neo_simulation2/components/sensors
[0.683s] -- Up-to-date: /home/keti/turtle_carto/install/neo_simulation2/share/neo_simulation2/components/sensors/d435.dae
[0.683s] -- Up-to-date: /home/keti/turtle_carto/install/neo_simulation2/share/neo_simulation2/components/sensors/SICK-MICROSCAN3.dae
[0.683s] -- Up-to-date: /home/keti/turtle_carto/install/neo_simulation2/share/neo_simulation2/components/sensors/SICK-S300.dae
[0.683s] -- Up-to-date: /home/keti/turtle_carto/install/neo_simulation2/share/neo_simulation2/models
[0.683s] -- Up-to-date: /home/keti/turtle_carto/install/neo_simulation2/share/neo_simulation2/models/docking_station
[0.684s] -- Up-to-date: /home/keti/turtle_carto/install/neo_simulation2/share/neo_simulation2/models/docking_station/meshes
[0.684s] -- Up-to-date: /home/keti/turtle_carto/install/neo_simulation2/share/neo_simulation2/models/docking_station/meshes/d1.stl
[0.684s] -- Up-to-date: /home/keti/turtle_carto/install/neo_simulation2/share/neo_simulation2/models/docking_station/meshes/d1_back1.dae
[0.684s] -- Up-to-date: /home/keti/turtle_carto/install/neo_simulation2/share/neo_simulation2/models/docking_station/meshes/d1.dae
[0.684s] -- Up-to-date: /home/keti/turtle_carto/install/neo_simulation2/share/neo_simulation2/models/docking_station/model.config
[0.684s] -- Up-to-date: /home/keti/turtle_carto/install/neo_simulation2/share/neo_simulation2/models/docking_station/materials
[0.684s] -- Up-to-date: /home/keti/turtle_carto/install/neo_simulation2/share/neo_simulation2/models/docking_station/materials/scripts
[0.684s] -- Up-to-date: /home/keti/turtle_carto/install/neo_simulation2/share/neo_simulation2/models/docking_station/materials/scripts/door_3d.material
[0.684s] -- Up-to-date: /home/keti/turtle_carto/install/neo_simulation2/share/neo_simulation2/models/docking_station/materials/scripts/door_handle.material
[0.684s] -- Up-to-date: /home/keti/turtle_carto/install/neo_simulation2/share/neo_simulation2/models/docking_station/materials/textures
[0.684s] -- Up-to-date: /home/keti/turtle_carto/install/neo_simulation2/share/neo_simulation2/models/docking_station/materials/textures/silver_door.jpg
[0.684s] -- Up-to-date: /home/keti/turtle_carto/install/neo_simulation2/share/neo_simulation2/models/docking_station/materials/textures/door_3d.jpg
[0.684s] -- Up-to-date: /home/keti/turtle_carto/install/neo_simulation2/share/neo_simulation2/models/docking_station/model.sdf
[0.684s] -- Up-to-date: /home/keti/turtle_carto/install/neo_simulation2/share/neo_simulation2/models/Ar_tags_nr9
[0.684s] -- Up-to-date: /home/keti/turtle_carto/install/neo_simulation2/share/neo_simulation2/models/Ar_tags_nr9/meshes
[0.684s] -- Up-to-date: /home/keti/turtle_carto/install/neo_simulation2/share/neo_simulation2/models/Ar_tags_nr9/meshes/plate.blend
[0.684s] -- Up-to-date: /home/keti/turtle_carto/install/neo_simulation2/share/neo_simulation2/models/Ar_tags_nr9/meshes/Ar_tag_nr9.dae
[0.685s] -- Up-to-date: /home/keti/turtle_carto/install/neo_simulation2/share/neo_simulation2/models/Ar_tags_nr9/meshes/Ar_tag_nr2.dae
[0.685s] -- Up-to-date: /home/keti/turtle_carto/install/neo_simulation2/share/neo_simulation2/models/Ar_tags_nr9/model.config
[0.685s] -- Up-to-date: /home/keti/turtle_carto/install/neo_simulation2/share/neo_simulation2/models/Ar_tags_nr9/materials
[0.685s] -- Up-to-date: /home/keti/turtle_carto/install/neo_simulation2/share/neo_simulation2/models/Ar_tags_nr9/materials/scripts
[0.685s] -- Up-to-date: /home/keti/turtle_carto/install/neo_simulation2/share/neo_simulation2/models/Ar_tags_nr9/materials/scripts/ar_tag.material
[0.685s] -- Up-to-date: /home/keti/turtle_carto/install/neo_simulation2/share/neo_simulation2/models/Ar_tags_nr9/materials/textures
[0.685s] -- Up-to-date: /home/keti/turtle_carto/install/neo_simulation2/share/neo_simulation2/models/Ar_tags_nr9/materials/textures/qrcode1.png
[0.685s] -- Up-to-date: /home/keti/turtle_carto/install/neo_simulation2/share/neo_simulation2/models/Ar_tags_nr9/materials/textures/MarkerData_10.png
[0.685s] -- Up-to-date: /home/keti/turtle_carto/install/neo_simulation2/share/neo_simulation2/models/Ar_tags_nr9/materials/textures/qrcode.png
[0.685s] -- Up-to-date: /home/keti/turtle_carto/install/neo_simulation2/share/neo_simulation2/models/Ar_tags_nr9/materials/textures/MarkerData_2.png
[0.685s] -- Up-to-date: /home/keti/turtle_carto/install/neo_simulation2/share/neo_simulation2/models/Ar_tags_nr9/materials/textures/MarkerData_9.png
[0.685s] -- Up-to-date: /home/keti/turtle_carto/install/neo_simulation2/share/neo_simulation2/models/Ar_tags_nr9/model.sdf
[0.685s] -- Up-to-date: /home/keti/turtle_carto/install/neo_simulation2/share/neo_simulation2/models/aws_robomaker_warehouse_Lamp_01
[0.685s] -- Up-to-date: /home/keti/turtle_carto/install/neo_simulation2/share/neo_simulation2/models/aws_robomaker_warehouse_Lamp_01/meshes
[0.685s] -- Up-to-date: /home/keti/turtle_carto/install/neo_simulation2/share/neo_simulation2/models/aws_robomaker_warehouse_Lamp_01/meshes/aws_robomaker_warehouse_Lamp_01_visual.DAE
[0.685s] -- Up-to-date: /home/keti/turtle_carto/install/neo_simulation2/share/neo_simulation2/models/aws_robomaker_warehouse_Lamp_01/meshes/aws_robomaker_warehouse_Lamp_01_collision.DAE
[0.685s] -- Up-to-date: /home/keti/turtle_carto/install/neo_simulation2/share/neo_simulation2/models/aws_robomaker_warehouse_Lamp_01/model.config
[0.685s] -- Up-to-date: /home/keti/turtle_carto/install/neo_simulation2/share/neo_simulation2/models/aws_robomaker_warehouse_Lamp_01/materials
[0.685s] -- Up-to-date: /home/keti/turtle_carto/install/neo_simulation2/share/neo_simulation2/models/aws_robomaker_warehouse_Lamp_01/materials/textures
[0.685s] -- Up-to-date: /home/keti/turtle_carto/install/neo_simulation2/share/neo_simulation2/models/aws_robomaker_warehouse_Lamp_01/materials/textures/aws_robomaker_warehouse_Lamp_01.png
[0.686s] -- Up-to-date: /home/keti/turtle_carto/install/neo_simulation2/share/neo_simulation2/models/aws_robomaker_warehouse_Lamp_01/model.sdf
[0.686s] -- Up-to-date: /home/keti/turtle_carto/install/neo_simulation2/share/neo_simulation2/models/aws_robomaker_warehouse_ShelfF_01
[0.686s] -- Up-to-date: /home/keti/turtle_carto/install/neo_simulation2/share/neo_simulation2/models/aws_robomaker_warehouse_ShelfF_01/meshes
[0.686s] -- Up-to-date: /home/keti/turtle_carto/install/neo_simulation2/share/neo_simulation2/models/aws_robomaker_warehouse_ShelfF_01/meshes/aws_robomaker_warehouse_ShelfF_01_visual.DAE
[0.686s] -- Up-to-date: /home/keti/turtle_carto/install/neo_simulation2/share/neo_simulation2/models/aws_robomaker_warehouse_ShelfF_01/meshes/aws_robomaker_warehouse_ShelfF_01_collision.DAE
[0.686s] -- Up-to-date: /home/keti/turtle_carto/install/neo_simulation2/share/neo_simulation2/models/aws_robomaker_warehouse_ShelfF_01/model.config
[0.686s] -- Up-to-date: /home/keti/turtle_carto/install/neo_simulation2/share/neo_simulation2/models/aws_robomaker_warehouse_ShelfF_01/materials
[0.686s] -- Up-to-date: /home/keti/turtle_carto/install/neo_simulation2/share/neo_simulation2/models/aws_robomaker_warehouse_ShelfF_01/materials/textures
[0.686s] -- Up-to-date: /home/keti/turtle_carto/install/neo_simulation2/share/neo_simulation2/models/aws_robomaker_warehouse_ShelfF_01/materials/textures/aws_robomaker_warehouse_ShelfF_02.png
[0.686s] -- Up-to-date: /home/keti/turtle_carto/install/neo_simulation2/share/neo_simulation2/models/aws_robomaker_warehouse_ShelfF_01/materials/textures/aws_robomaker_warehouse_ShelfF_01.png
[0.686s] -- Up-to-date: /home/keti/turtle_carto/install/neo_simulation2/share/neo_simulation2/models/aws_robomaker_warehouse_ShelfF_01/materials/textures/aws_robomaker_warehouse_ShelfF_03.png
[0.686s] -- Up-to-date: /home/keti/turtle_carto/install/neo_simulation2/share/neo_simulation2/models/aws_robomaker_warehouse_ShelfF_01/model.sdf
[0.686s] -- Up-to-date: /home/keti/turtle_carto/install/neo_simulation2/share/neo_simulation2/models/Ar_tags_nr11
[0.686s] -- Up-to-date: /home/keti/turtle_carto/install/neo_simulation2/share/neo_simulation2/models/Ar_tags_nr11/meshes
[0.687s] -- Up-to-date: /home/keti/turtle_carto/install/neo_simulation2/share/neo_simulation2/models/Ar_tags_nr11/meshes/plate.blend
[0.687s] -- Up-to-date: /home/keti/turtle_carto/install/neo_simulation2/share/neo_simulation2/models/Ar_tags_nr11/meshes/Ar_tag_nr11.dae
[0.687s] -- Up-to-date: /home/keti/turtle_carto/install/neo_simulation2/share/neo_simulation2/models/Ar_tags_nr11/model.config
[0.687s] -- Up-to-date: /home/keti/turtle_carto/install/neo_simulation2/share/neo_simulation2/models/Ar_tags_nr11/materials
[0.687s] -- Up-to-date: /home/keti/turtle_carto/install/neo_simulation2/share/neo_simulation2/models/Ar_tags_nr11/materials/scripts
[0.687s] -- Up-to-date: /home/keti/turtle_carto/install/neo_simulation2/share/neo_simulation2/models/Ar_tags_nr11/materials/scripts/ar_tag.material
[0.687s] -- Up-to-date: /home/keti/turtle_carto/install/neo_simulation2/share/neo_simulation2/models/Ar_tags_nr11/materials/textures
[0.687s] -- Up-to-date: /home/keti/turtle_carto/install/neo_simulation2/share/neo_simulation2/models/Ar_tags_nr11/materials/textures/MarkerData_11.png
[0.687s] -- Up-to-date: /home/keti/turtle_carto/install/neo_simulation2/share/neo_simulation2/models/Ar_tags_nr11/model.sdf
[0.687s] -- Up-to-date: /home/keti/turtle_carto/install/neo_simulation2/share/neo_simulation2/models/aws_robomaker_warehouse_PalletJackB_01
[0.687s] -- Up-to-date: /home/keti/turtle_carto/install/neo_simulation2/share/neo_simulation2/models/aws_robomaker_warehouse_PalletJackB_01/.DS_Store
[0.687s] -- Up-to-date: /home/keti/turtle_carto/install/neo_simulation2/share/neo_simulation2/models/aws_robomaker_warehouse_PalletJackB_01/meshes
[0.687s] -- Up-to-date: /home/keti/turtle_carto/install/neo_simulation2/share/neo_simulation2/models/aws_robomaker_warehouse_PalletJackB_01/meshes/aws_robomaker_warehouse_PalletJackB_01_collision.DAE
[0.687s] -- Up-to-date: /home/keti/turtle_carto/install/neo_simulation2/share/neo_simulation2/models/aws_robomaker_warehouse_PalletJackB_01/meshes/aws_robomaker_warehouse_PalletJackB_01_visual.DAE
[0.687s] -- Up-to-date: /home/keti/turtle_carto/install/neo_simulation2/share/neo_simulation2/models/aws_robomaker_warehouse_PalletJackB_01/model.config
[0.687s] -- Up-to-date: /home/keti/turtle_carto/install/neo_simulation2/share/neo_simulation2/models/aws_robomaker_warehouse_PalletJackB_01/materials
[0.687s] -- Up-to-date: /home/keti/turtle_carto/install/neo_simulation2/share/neo_simulation2/models/aws_robomaker_warehouse_PalletJackB_01/materials/.DS_Store
[0.687s] -- Up-to-date: /home/keti/turtle_carto/install/neo_simulation2/share/neo_simulation2/models/aws_robomaker_warehouse_PalletJackB_01/materials/textures
[0.687s] -- Up-to-date: /home/keti/turtle_carto/install/neo_simulation2/share/neo_simulation2/models/aws_robomaker_warehouse_PalletJackB_01/materials/textures/aws_robomaker_warehouse_PalletJackB_02.png
[0.688s] -- Up-to-date: /home/keti/turtle_carto/install/neo_simulation2/share/neo_simulation2/models/aws_robomaker_warehouse_PalletJackB_01/materials/textures/aws_robomaker_warehouse_PalletJackB_01.png
[0.688s] -- Up-to-date: /home/keti/turtle_carto/install/neo_simulation2/share/neo_simulation2/models/aws_robomaker_warehouse_PalletJackB_01/model.sdf
[0.688s] -- Up-to-date: /home/keti/turtle_carto/install/neo_simulation2/share/neo_simulation2/models/neobotix_wall_stickers
[0.688s] -- Up-to-date: /home/keti/turtle_carto/install/neo_simulation2/share/neo_simulation2/models/neobotix_wall_stickers/model.config
[0.688s] -- Up-to-date: /home/keti/turtle_carto/install/neo_simulation2/share/neo_simulation2/models/neobotix_wall_stickers/materials
[0.688s] -- Up-to-date: /home/keti/turtle_carto/install/neo_simulation2/share/neo_simulation2/models/neobotix_wall_stickers/materials/scripts
[0.688s] -- Up-to-date: /home/keti/turtle_carto/install/neo_simulation2/share/neo_simulation2/models/neobotix_wall_stickers/materials/scripts/neobotix_ground_plane.material
[0.688s] -- Up-to-date: /home/keti/turtle_carto/install/neo_simulation2/share/neo_simulation2/models/neobotix_wall_stickers/materials/textures
[0.688s] -- Up-to-date: /home/keti/turtle_carto/install/neo_simulation2/share/neo_simulation2/models/neobotix_wall_stickers/materials/textures/MyImage.jpg
[0.688s] -- Up-to-date: /home/keti/turtle_carto/install/neo_simulation2/share/neo_simulation2/models/neobotix_wall_stickers/model.sdf
[0.688s] -- Up-to-date: /home/keti/turtle_carto/install/neo_simulation2/share/neo_simulation2/models/construction_cone
[0.688s] -- Up-to-date: /home/keti/turtle_carto/install/neo_simulation2/share/neo_simulation2/models/construction_cone/meshes
[0.688s] -- Up-to-date: /home/keti/turtle_carto/install/neo_simulation2/share/neo_simulation2/models/construction_cone/meshes/construction_cone.dae
[0.688s] -- Up-to-date: /home/keti/turtle_carto/install/neo_simulation2/share/neo_simulation2/models/construction_cone/model-1_3.sdf
[0.688s] -- Up-to-date: /home/keti/turtle_carto/install/neo_simulation2/share/neo_simulation2/models/construction_cone/model.config
[0.688s] -- Up-to-date: /home/keti/turtle_carto/install/neo_simulation2/share/neo_simulation2/models/construction_cone/model-1_4.sdf
[0.688s] -- Up-to-date: /home/keti/turtle_carto/install/neo_simulation2/share/neo_simulation2/models/construction_cone/materials
[0.688s] -- Up-to-date: /home/keti/turtle_carto/install/neo_simulation2/share/neo_simulation2/models/construction_cone/materials/textures
[0.688s] -- Up-to-date: /home/keti/turtle_carto/install/neo_simulation2/share/neo_simulation2/models/construction_cone/materials/textures/Construction_Cone_Diffuse.png
[0.688s] -- Up-to-date: /home/keti/turtle_carto/install/neo_simulation2/share/neo_simulation2/models/construction_cone/model.sdf
[0.689s] -- Up-to-date: /home/keti/turtle_carto/install/neo_simulation2/share/neo_simulation2/models/aws_robomaker_warehouse_ClutteringC_01
[0.689s] -- Up-to-date: /home/keti/turtle_carto/install/neo_simulation2/share/neo_simulation2/models/aws_robomaker_warehouse_ClutteringC_01/meshes
[0.689s] -- Up-to-date: /home/keti/turtle_carto/install/neo_simulation2/share/neo_simulation2/models/aws_robomaker_warehouse_ClutteringC_01/meshes/aws_robomaker_warehouse_ClutteringC_01_collision.DAE
[0.689s] -- Up-to-date: /home/keti/turtle_carto/install/neo_simulation2/share/neo_simulation2/models/aws_robomaker_warehouse_ClutteringC_01/meshes/aws_robomaker_warehouse_ClutteringC_01_visual.DAE
[0.689s] -- Up-to-date: /home/keti/turtle_carto/install/neo_simulation2/share/neo_simulation2/models/aws_robomaker_warehouse_ClutteringC_01/model.config
[0.689s] -- Up-to-date: /home/keti/turtle_carto/install/neo_simulation2/share/neo_simulation2/models/aws_robomaker_warehouse_ClutteringC_01/materials
[0.689s] -- Up-to-date: /home/keti/turtle_carto/install/neo_simulation2/share/neo_simulation2/models/aws_robomaker_warehouse_ClutteringC_01/materials/textures
[0.689s] -- Up-to-date: /home/keti/turtle_carto/install/neo_simulation2/share/neo_simulation2/models/aws_robomaker_warehouse_ClutteringC_01/materials/textures/aws_robomaker_warehouse_ClutteringC_02.png
[0.689s] -- Up-to-date: /home/keti/turtle_carto/install/neo_simulation2/share/neo_simulation2/models/aws_robomaker_warehouse_ClutteringC_01/materials/textures/aws_robomaker_warehouse_ClutteringC_01.png
[0.689s] -- Up-to-date: /home/keti/turtle_carto/install/neo_simulation2/share/neo_simulation2/models/aws_robomaker_warehouse_ClutteringC_01/model.sdf
[0.689s] -- Up-to-date: /home/keti/turtle_carto/install/neo_simulation2/share/neo_simulation2/models/Ar_tags_nr8
[0.689s] -- Up-to-date: /home/keti/turtle_carto/install/neo_simulation2/share/neo_simulation2/models/Ar_tags_nr8/meshes
[0.689s] -- Up-to-date: /home/keti/turtle_carto/install/neo_simulation2/share/neo_simulation2/models/Ar_tags_nr8/meshes/plate.blend
[0.689s] -- Up-to-date: /home/keti/turtle_carto/install/neo_simulation2/share/neo_simulation2/models/Ar_tags_nr8/meshes/Ar_tag_nr8.dae
[0.689s] -- Up-to-date: /home/keti/turtle_carto/install/neo_simulation2/share/neo_simulation2/models/Ar_tags_nr8/model.config
[0.689s] -- Up-to-date: /home/keti/turtle_carto/install/neo_simulation2/share/neo_simulation2/models/Ar_tags_nr8/materials
[0.689s] -- Up-to-date: /home/keti/turtle_carto/install/neo_simulation2/share/neo_simulation2/models/Ar_tags_nr8/materials/scripts
[0.689s] -- Up-to-date: /home/keti/turtle_carto/install/neo_simulation2/share/neo_simulation2/models/Ar_tags_nr8/materials/scripts/ar_tag.material
[0.689s] -- Up-to-date: /home/keti/turtle_carto/install/neo_simulation2/share/neo_simulation2/models/Ar_tags_nr8/materials/textures
[0.689s] -- Up-to-date: /home/keti/turtle_carto/install/neo_simulation2/share/neo_simulation2/models/Ar_tags_nr8/materials/textures/MarkerData_8.png
[0.690s] -- Up-to-date: /home/keti/turtle_carto/install/neo_simulation2/share/neo_simulation2/models/Ar_tags_nr8/model.sdf
[0.690s] -- Up-to-date: /home/keti/turtle_carto/install/neo_simulation2/share/neo_simulation2/models/office_env_w 1
[0.690s] -- Up-to-date: /home/keti/turtle_carto/install/neo_simulation2/share/neo_simulation2/models/office_env_w 1/model.config
[0.690s] -- Up-to-date: /home/keti/turtle_carto/install/neo_simulation2/share/neo_simulation2/models/office_env_w 1/materials
[0.690s] -- Up-to-date: /home/keti/turtle_carto/install/neo_simulation2/share/neo_simulation2/models/office_env_w 1/materials/scripts
[0.690s] -- Up-to-date: /home/keti/turtle_carto/install/neo_simulation2/share/neo_simulation2/models/office_env_w 1/materials/scripts/wall_white.material
[0.690s] -- Up-to-date: /home/keti/turtle_carto/install/neo_simulation2/share/neo_simulation2/models/office_env_w 1/materials/textures
[0.690s] -- Up-to-date: /home/keti/turtle_carto/install/neo_simulation2/share/neo_simulation2/models/office_env_w 1/materials/textures/wall_color_white.jpg
[0.690s] -- Up-to-date: /home/keti/turtle_carto/install/neo_simulation2/share/neo_simulation2/models/office_env_w 1/model.sdf
[0.690s] -- Up-to-date: /home/keti/turtle_carto/install/neo_simulation2/share/neo_simulation2/models/Ar_tags_nr12
[0.690s] -- Up-to-date: /home/keti/turtle_carto/install/neo_simulation2/share/neo_simulation2/models/Ar_tags_nr12/meshes
[0.690s] -- Up-to-date: /home/keti/turtle_carto/install/neo_simulation2/share/neo_simulation2/models/Ar_tags_nr12/meshes/Ar_tag_nr12.dae
[0.690s] -- Up-to-date: /home/keti/turtle_carto/install/neo_simulation2/share/neo_simulation2/models/Ar_tags_nr12/meshes/plate.blend
[0.690s] -- Up-to-date: /home/keti/turtle_carto/install/neo_simulation2/share/neo_simulation2/models/Ar_tags_nr12/model.config
[0.690s] -- Up-to-date: /home/keti/turtle_carto/install/neo_simulation2/share/neo_simulation2/models/Ar_tags_nr12/materials
[0.690s] -- Up-to-date: /home/keti/turtle_carto/install/neo_simulation2/share/neo_simulation2/models/Ar_tags_nr12/materials/scripts
[0.690s] -- Up-to-date: /home/keti/turtle_carto/install/neo_simulation2/share/neo_simulation2/models/Ar_tags_nr12/materials/scripts/ar_tag.material
[0.690s] -- Up-to-date: /home/keti/turtle_carto/install/neo_simulation2/share/neo_simulation2/models/Ar_tags_nr12/materials/textures
[0.690s] -- Up-to-date: /home/keti/turtle_carto/install/neo_simulation2/share/neo_simulation2/models/Ar_tags_nr12/materials/textures/MarkerData_12.png
[0.691s] -- Up-to-date: /home/keti/turtle_carto/install/neo_simulation2/share/neo_simulation2/models/Ar_tags_nr12/model.sdf
[0.691s] -- Up-to-date: /home/keti/turtle_carto/install/neo_simulation2/share/neo_simulation2/models/Ar_tag.dae
[0.691s] -- Up-to-date: /home/keti/turtle_carto/install/neo_simulation2/share/neo_simulation2/models/aws_robomaker_warehouse_DeskC_01
[0.691s] -- Up-to-date: /home/keti/turtle_carto/install/neo_simulation2/share/neo_simulation2/models/aws_robomaker_warehouse_DeskC_01/meshes
[0.691s] -- Up-to-date: /home/keti/turtle_carto/install/neo_simulation2/share/neo_simulation2/models/aws_robomaker_warehouse_DeskC_01/meshes/aws_robomaker_warehouse_DeskC_01_visual.DAE
[0.691s] -- Up-to-date: /home/keti/turtle_carto/install/neo_simulation2/share/neo_simulation2/models/aws_robomaker_warehouse_DeskC_01/meshes/aws_robomaker_warehouse_DeskC_01_collision.DAE
[0.691s] -- Up-to-date: /home/keti/turtle_carto/install/neo_simulation2/share/neo_simulation2/models/aws_robomaker_warehouse_DeskC_01/model.config
[0.691s] -- Up-to-date: /home/keti/turtle_carto/install/neo_simulation2/share/neo_simulation2/models/aws_robomaker_warehouse_DeskC_01/materials
[0.691s] -- Up-to-date: /home/keti/turtle_carto/install/neo_simulation2/share/neo_simulation2/models/aws_robomaker_warehouse_DeskC_01/materials/.DS_Store
[0.691s] -- Up-to-date: /home/keti/turtle_carto/install/neo_simulation2/share/neo_simulation2/models/aws_robomaker_warehouse_DeskC_01/materials/textures
[0.691s] -- Up-to-date: /home/keti/turtle_carto/install/neo_simulation2/share/neo_simulation2/models/aws_robomaker_warehouse_DeskC_01/materials/textures/aws_robomaker_warehouse_DeskC_02.png
[0.691s] -- Up-to-date: /home/keti/turtle_carto/install/neo_simulation2/share/neo_simulation2/models/aws_robomaker_warehouse_DeskC_01/materials/textures/aws_robomaker_warehouse_DeskC_03.png
[0.691s] -- Up-to-date: /home/keti/turtle_carto/install/neo_simulation2/share/neo_simulation2/models/aws_robomaker_warehouse_DeskC_01/materials/textures/aws_robomaker_warehouse_DeskC_01.png
[0.691s] -- Up-to-date: /home/keti/turtle_carto/install/neo_simulation2/share/neo_simulation2/models/aws_robomaker_warehouse_DeskC_01/materials/textures/aws_robomaker_warehouse_DeskC_04.png
[0.691s] -- Up-to-date: /home/keti/turtle_carto/install/neo_simulation2/share/neo_simulation2/models/aws_robomaker_warehouse_DeskC_01/materials/textures/aws_robomaker_warehouse_DeskC_03.psd
[0.691s] -- Up-to-date: /home/keti/turtle_carto/install/neo_simulation2/share/neo_simulation2/models/aws_robomaker_warehouse_DeskC_01/model.sdf
[0.691s] -- Up-to-date: /home/keti/turtle_carto/install/neo_simulation2/share/neo_simulation2/models/aws_robomaker_warehouse_ShelfD_01
[0.691s] -- Up-to-date: /home/keti/turtle_carto/install/neo_simulation2/share/neo_simulation2/models/aws_robomaker_warehouse_ShelfD_01/meshes
[0.692s] -- Up-to-date: /home/keti/turtle_carto/install/neo_simulation2/share/neo_simulation2/models/aws_robomaker_warehouse_ShelfD_01/meshes/aws_robomaker_warehouse_ShelfD_01_visual.DAE
[0.692s] -- Up-to-date: /home/keti/turtle_carto/install/neo_simulation2/share/neo_simulation2/models/aws_robomaker_warehouse_ShelfD_01/meshes/aws_robomaker_warehouse_ShelfD_01_collision.DAE
[0.692s] -- Up-to-date: /home/keti/turtle_carto/install/neo_simulation2/share/neo_simulation2/models/aws_robomaker_warehouse_ShelfD_01/model.config
[0.692s] -- Up-to-date: /home/keti/turtle_carto/install/neo_simulation2/share/neo_simulation2/models/aws_robomaker_warehouse_ShelfD_01/materials
[0.692s] -- Up-to-date: /home/keti/turtle_carto/install/neo_simulation2/share/neo_simulation2/models/aws_robomaker_warehouse_ShelfD_01/materials/textures
[0.692s] -- Up-to-date: /home/keti/turtle_carto/install/neo_simulation2/share/neo_simulation2/models/aws_robomaker_warehouse_ShelfD_01/materials/textures/aws_robomaker_warehouse_ShelfD_04.png
[0.692s] -- Up-to-date: /home/keti/turtle_carto/install/neo_simulation2/share/neo_simulation2/models/aws_robomaker_warehouse_ShelfD_01/materials/textures/aws_robomaker_warehouse_ShelfD_01.png
[0.692s] -- Up-to-date: /home/keti/turtle_carto/install/neo_simulation2/share/neo_simulation2/models/aws_robomaker_warehouse_ShelfD_01/materials/textures/aws_robomaker_warehouse_ShelfD_03.png
[0.692s] -- Up-to-date: /home/keti/turtle_carto/install/neo_simulation2/share/neo_simulation2/models/aws_robomaker_warehouse_ShelfD_01/materials/textures/aws_robomaker_warehouse_ShelfD_02.png
[0.692s] -- Up-to-date: /home/keti/turtle_carto/install/neo_simulation2/share/neo_simulation2/models/aws_robomaker_warehouse_ShelfD_01/model.sdf
[0.692s] -- Up-to-date: /home/keti/turtle_carto/install/neo_simulation2/share/neo_simulation2/models/office_env
[0.692s] -- Up-to-date: /home/keti/turtle_carto/install/neo_simulation2/share/neo_simulation2/models/office_env/model.config
[0.692s] -- Up-to-date: /home/keti/turtle_carto/install/neo_simulation2/share/neo_simulation2/models/office_env/materials
[0.692s] -- Up-to-date: /home/keti/turtle_carto/install/neo_simulation2/share/neo_simulation2/models/office_env/materials/scripts
[0.692s] -- Up-to-date: /home/keti/turtle_carto/install/neo_simulation2/share/neo_simulation2/models/office_env/materials/scripts/wall.material
[0.692s] -- Up-to-date: /home/keti/turtle_carto/install/neo_simulation2/share/neo_simulation2/models/office_env/materials/textures
[0.692s] -- Up-to-date: /home/keti/turtle_carto/install/neo_simulation2/share/neo_simulation2/models/office_env/materials/textures/wall_color.jpg
[0.692s] -- Up-to-date: /home/keti/turtle_carto/install/neo_simulation2/share/neo_simulation2/models/office_env/model.sdf
[0.692s] -- Up-to-date: /home/keti/turtle_carto/install/neo_simulation2/share/neo_simulation2/models/yellow_bin
[0.692s] -- Up-to-date: /home/keti/turtle_carto/install/neo_simulation2/share/neo_simulation2/models/yellow_bin/meshes
[0.693s] -- Up-to-date: /home/keti/turtle_carto/install/neo_simulation2/share/neo_simulation2/models/yellow_bin/meshes/green_cylinder.stl
[0.693s] -- Up-to-date: /home/keti/turtle_carto/install/neo_simulation2/share/neo_simulation2/models/yellow_bin/model.config
[0.693s] -- Up-to-date: /home/keti/turtle_carto/install/neo_simulation2/share/neo_simulation2/models/yellow_bin/model.sdf
[0.693s] -- Up-to-date: /home/keti/turtle_carto/install/neo_simulation2/share/neo_simulation2/models/neobotix_ground_plane
[0.693s] -- Up-to-date: /home/keti/turtle_carto/install/neo_simulation2/share/neo_simulation2/models/neobotix_ground_plane/model.config
[0.693s] -- Up-to-date: /home/keti/turtle_carto/install/neo_simulation2/share/neo_simulation2/models/neobotix_ground_plane/materials
[0.693s] -- Up-to-date: /home/keti/turtle_carto/install/neo_simulation2/share/neo_simulation2/models/neobotix_ground_plane/materials/scripts
[0.693s] -- Up-to-date: /home/keti/turtle_carto/install/neo_simulation2/share/neo_simulation2/models/neobotix_ground_plane/materials/scripts/neobotix_ground_plane.material
[0.693s] -- Up-to-date: /home/keti/turtle_carto/install/neo_simulation2/share/neo_simulation2/models/neobotix_ground_plane/materials/textures
[0.693s] -- Up-to-date: /home/keti/turtle_carto/install/neo_simulation2/share/neo_simulation2/models/neobotix_ground_plane/materials/textures/MyImage.jpg
[0.693s] -- Up-to-date: /home/keti/turtle_carto/install/neo_simulation2/share/neo_simulation2/models/neobotix_ground_plane/model.sdf
[0.693s] -- Up-to-date: /home/keti/turtle_carto/install/neo_simulation2/share/neo_simulation2/models/Ar_tags_nr13
[0.693s] -- Up-to-date: /home/keti/turtle_carto/install/neo_simulation2/share/neo_simulation2/models/Ar_tags_nr13/meshes
[0.693s] -- Up-to-date: /home/keti/turtle_carto/install/neo_simulation2/share/neo_simulation2/models/Ar_tags_nr13/meshes/plate.blend
[0.693s] -- Up-to-date: /home/keti/turtle_carto/install/neo_simulation2/share/neo_simulation2/models/Ar_tags_nr13/meshes/Ar_tag_nr13.dae
[0.693s] -- Up-to-date: /home/keti/turtle_carto/install/neo_simulation2/share/neo_simulation2/models/Ar_tags_nr13/model.config
[0.693s] -- Up-to-date: /home/keti/turtle_carto/install/neo_simulation2/share/neo_simulation2/models/Ar_tags_nr13/materials
[0.693s] -- Up-to-date: /home/keti/turtle_carto/install/neo_simulation2/share/neo_simulation2/models/Ar_tags_nr13/materials/scripts
[0.693s] -- Up-to-date: /home/keti/turtle_carto/install/neo_simulation2/share/neo_simulation2/models/Ar_tags_nr13/materials/scripts/ar_tag.material
[0.693s] -- Up-to-date: /home/keti/turtle_carto/install/neo_simulation2/share/neo_simulation2/models/Ar_tags_nr13/materials/textures
[0.694s] -- Up-to-date: /home/keti/turtle_carto/install/neo_simulation2/share/neo_simulation2/models/Ar_tags_nr13/materials/textures/MarkerData_13.png
[0.694s] -- Up-to-date: /home/keti/turtle_carto/install/neo_simulation2/share/neo_simulation2/models/Ar_tags_nr13/model.sdf
[0.694s] -- Up-to-date: /home/keti/turtle_carto/install/neo_simulation2/share/neo_simulation2/models/aws_robomaker_warehouse_GroundB_01
[0.694s] -- Up-to-date: /home/keti/turtle_carto/install/neo_simulation2/share/neo_simulation2/models/aws_robomaker_warehouse_GroundB_01/meshes
[0.694s] -- Up-to-date: /home/keti/turtle_carto/install/neo_simulation2/share/neo_simulation2/models/aws_robomaker_warehouse_GroundB_01/meshes/aws_robomaker_warehouse_GroundB_01_collision.DAE
[0.694s] -- Up-to-date: /home/keti/turtle_carto/install/neo_simulation2/share/neo_simulation2/models/aws_robomaker_warehouse_GroundB_01/meshes/aws_robomaker_warehouse_GroundB_01_visual.DAE
[0.694s] -- Up-to-date: /home/keti/turtle_carto/install/neo_simulation2/share/neo_simulation2/models/aws_robomaker_warehouse_GroundB_01/model.config
[0.694s] -- Up-to-date: /home/keti/turtle_carto/install/neo_simulation2/share/neo_simulation2/models/aws_robomaker_warehouse_GroundB_01/materials
[0.694s] -- Up-to-date: /home/keti/turtle_carto/install/neo_simulation2/share/neo_simulation2/models/aws_robomaker_warehouse_GroundB_01/materials/textures
[0.694s] -- Up-to-date: /home/keti/turtle_carto/install/neo_simulation2/share/neo_simulation2/models/aws_robomaker_warehouse_GroundB_01/materials/textures/aws_robomaker_warehouse_GroundB_01.png
[0.694s] -- Up-to-date: /home/keti/turtle_carto/install/neo_simulation2/share/neo_simulation2/models/aws_robomaker_warehouse_GroundB_01/materials/textures/aws_robomaker_warehouse_GroundB_02.png
[0.694s] -- Up-to-date: /home/keti/turtle_carto/install/neo_simulation2/share/neo_simulation2/models/aws_robomaker_warehouse_GroundB_01/model.sdf
[0.694s] -- Up-to-date: /home/keti/turtle_carto/install/neo_simulation2/share/neo_simulation2/models/office_env_w
[0.694s] -- Up-to-date: /home/keti/turtle_carto/install/neo_simulation2/share/neo_simulation2/models/office_env_w/model.config
[0.694s] -- Up-to-date: /home/keti/turtle_carto/install/neo_simulation2/share/neo_simulation2/models/office_env_w/materials
[0.694s] -- Up-to-date: /home/keti/turtle_carto/install/neo_simulation2/share/neo_simulation2/models/office_env_w/materials/scripts
[0.694s] -- Up-to-date: /home/keti/turtle_carto/install/neo_simulation2/share/neo_simulation2/models/office_env_w/materials/scripts/wall_white.material
[0.694s] -- Up-to-date: /home/keti/turtle_carto/install/neo_simulation2/share/neo_simulation2/models/office_env_w/materials/textures
[0.694s] -- Up-to-date: /home/keti/turtle_carto/install/neo_simulation2/share/neo_simulation2/models/office_env_w/materials/textures/wall_color_white.jpg
[0.695s] -- Up-to-date: /home/keti/turtle_carto/install/neo_simulation2/share/neo_simulation2/models/office_env_w/model.sdf
[0.695s] -- Up-to-date: /home/keti/turtle_carto/install/neo_simulation2/share/neo_simulation2/models/office_env_w 2
[0.695s] -- Up-to-date: /home/keti/turtle_carto/install/neo_simulation2/share/neo_simulation2/models/office_env_w 2/model.config
[0.695s] -- Up-to-date: /home/keti/turtle_carto/install/neo_simulation2/share/neo_simulation2/models/office_env_w 2/materials
[0.695s] -- Up-to-date: /home/keti/turtle_carto/install/neo_simulation2/share/neo_simulation2/models/office_env_w 2/materials/scripts
[0.695s] -- Up-to-date: /home/keti/turtle_carto/install/neo_simulation2/share/neo_simulation2/models/office_env_w 2/materials/scripts/wall_white.material
[0.695s] -- Up-to-date: /home/keti/turtle_carto/install/neo_simulation2/share/neo_simulation2/models/office_env_w 2/materials/textures
[0.695s] -- Up-to-date: /home/keti/turtle_carto/install/neo_simulation2/share/neo_simulation2/models/office_env_w 2/materials/textures/wall_color_white.jpg
[0.695s] -- Up-to-date: /home/keti/turtle_carto/install/neo_simulation2/share/neo_simulation2/models/office_env_w 2/model.sdf
[0.695s] -- Up-to-date: /home/keti/turtle_carto/install/neo_simulation2/share/neo_simulation2/models/drc_practice_straight
[0.695s] -- Up-to-date: /home/keti/turtle_carto/install/neo_simulation2/share/neo_simulation2/models/drc_practice_straight/model.config
[0.695s] -- Up-to-date: /home/keti/turtle_carto/install/neo_simulation2/share/neo_simulation2/models/drc_practice_straight/model.sdf
[0.695s] -- Up-to-date: /home/keti/turtle_carto/install/neo_simulation2/share/neo_simulation2/models/office_small
[0.695s] -- Up-to-date: /home/keti/turtle_carto/install/neo_simulation2/share/neo_simulation2/models/office_small/model.config
[0.695s] -- Up-to-date: /home/keti/turtle_carto/install/neo_simulation2/share/neo_simulation2/models/office_small/materials
[0.695s] -- Up-to-date: /home/keti/turtle_carto/install/neo_simulation2/share/neo_simulation2/models/office_small/materials/scripts
[0.695s] -- Up-to-date: /home/keti/turtle_carto/install/neo_simulation2/share/neo_simulation2/models/office_small/materials/scripts/Floor.material
[0.695s] -- Up-to-date: /home/keti/turtle_carto/install/neo_simulation2/share/neo_simulation2/models/office_small/materials/scripts/wall_white.material
[0.695s] -- Up-to-date: /home/keti/turtle_carto/install/neo_simulation2/share/neo_simulation2/models/office_small/materials/textures
[0.695s] -- Up-to-date: /home/keti/turtle_carto/install/neo_simulation2/share/neo_simulation2/models/office_small/materials/textures/cl3.jpg
[0.696s] -- Up-to-date: /home/keti/turtle_carto/install/neo_simulation2/share/neo_simulation2/models/office_small/materials/textures/hd8.jpg
[0.696s] -- Up-to-date: /home/keti/turtle_carto/install/neo_simulation2/share/neo_simulation2/models/office_small/materials/textures/cp6.jpg
[0.696s] -- Up-to-date: /home/keti/turtle_carto/install/neo_simulation2/share/neo_simulation2/models/office_small/materials/textures/cl2.jpg
[0.696s] -- Up-to-date: /home/keti/turtle_carto/install/neo_simulation2/share/neo_simulation2/models/office_small/materials/textures/cp3.jpg
[0.696s] -- Up-to-date: /home/keti/turtle_carto/install/neo_simulation2/share/neo_simulation2/models/office_small/materials/textures/cp2.jpg
[0.696s] -- Up-to-date: /home/keti/turtle_carto/install/neo_simulation2/share/neo_simulation2/models/office_small/materials/textures/cp9.jpg
[0.696s] -- Up-to-date: /home/keti/turtle_carto/install/neo_simulation2/share/neo_simulation2/models/office_small/materials/textures/wall_color_white.jpg
[0.696s] -- Up-to-date: /home/keti/turtle_carto/install/neo_simulation2/share/neo_simulation2/models/office_small/materials/textures/hd5.jpg
[0.696s] -- Up-to-date: /home/keti/turtle_carto/install/neo_simulation2/share/neo_simulation2/models/office_small/materials/textures/hd3.jpg
[0.696s] -- Up-to-date: /home/keti/turtle_carto/install/neo_simulation2/share/neo_simulation2/models/office_small/materials/textures/cp8.jpg
[0.696s] -- Up-to-date: /home/keti/turtle_carto/install/neo_simulation2/share/neo_simulation2/models/office_small/materials/textures/hd2.gif
[0.696s] -- Up-to-date: /home/keti/turtle_carto/install/neo_simulation2/share/neo_simulation2/models/office_small/materials/textures/cp11.jpg
[0.696s] -- Up-to-date: /home/keti/turtle_carto/install/neo_simulation2/share/neo_simulation2/models/office_small/materials/textures/cp5.png
[0.696s] -- Up-to-date: /home/keti/turtle_carto/install/neo_simulation2/share/neo_simulation2/models/office_small/materials/textures/cp12.jpg
[0.696s] -- Up-to-date: /home/keti/turtle_carto/install/neo_simulation2/share/neo_simulation2/models/office_small/materials/textures/cp10.jpg
[0.701s] -- Up-to-date: /home/keti/turtle_carto/install/neo_simulation2/share/neo_simulation2/models/office_small/materials/textures/cl6.jpg
[0.701s] -- Up-to-date: /home/keti/turtle_carto/install/neo_simulation2/share/neo_simulation2/models/office_small/materials/textures/cl4.jpg
[0.701s] -- Up-to-date: /home/keti/turtle_carto/install/neo_simulation2/share/neo_simulation2/models/office_small/materials/textures/cl1.jpg
[0.701s] -- Up-to-date: /home/keti/turtle_carto/install/neo_simulation2/share/neo_simulation2/models/office_small/materials/textures/cp1.jpg
[0.701s] -- Up-to-date: /home/keti/turtle_carto/install/neo_simulation2/share/neo_simulation2/models/office_small/materials/textures/cl5.jpg
[0.701s] -- Up-to-date: /home/keti/turtle_carto/install/neo_simulation2/share/neo_simulation2/models/office_small/materials/textures/cp7.jpg
[0.701s] -- Up-to-date: /home/keti/turtle_carto/install/neo_simulation2/share/neo_simulation2/models/office_small/materials/textures/hd6.png
[0.701s] -- Up-to-date: /home/keti/turtle_carto/install/neo_simulation2/share/neo_simulation2/models/office_small/materials/textures/hd4.jpg
[0.701s] -- Up-to-date: /home/keti/turtle_carto/install/neo_simulation2/share/neo_simulation2/models/office_small/materials/textures/hd7.jpg
[0.701s] -- Up-to-date: /home/keti/turtle_carto/install/neo_simulation2/share/neo_simulation2/models/office_small/materials/textures/hd1.jpg
[0.701s] -- Up-to-date: /home/keti/turtle_carto/install/neo_simulation2/share/neo_simulation2/models/office_small/materials/textures/cp4.jpg
[0.701s] -- Up-to-date: /home/keti/turtle_carto/install/neo_simulation2/share/neo_simulation2/models/office_small/model.sdf
[0.701s] -- Up-to-date: /home/keti/turtle_carto/install/neo_simulation2/share/neo_simulation2/models/Ar_tags_nr2
[0.701s] -- Up-to-date: /home/keti/turtle_carto/install/neo_simulation2/share/neo_simulation2/models/Ar_tags_nr2/meshes
[0.701s] -- Up-to-date: /home/keti/turtle_carto/install/neo_simulation2/share/neo_simulation2/models/Ar_tags_nr2/meshes/plate.blend
[0.701s] -- Up-to-date: /home/keti/turtle_carto/install/neo_simulation2/share/neo_simulation2/models/Ar_tags_nr2/meshes/Ar_tag.dae
[0.701s] -- Up-to-date: /home/keti/turtle_carto/install/neo_simulation2/share/neo_simulation2/models/Ar_tags_nr2/meshes/Ar_tag_nr2.dae
[0.701s] -- Up-to-date: /home/keti/turtle_carto/install/neo_simulation2/share/neo_simulation2/models/Ar_tags_nr2/model.config
[0.701s] -- Up-to-date: /home/keti/turtle_carto/install/neo_simulation2/share/neo_simulation2/models/Ar_tags_nr2/materials
[0.701s] -- Up-to-date: /home/keti/turtle_carto/install/neo_simulation2/share/neo_simulation2/models/Ar_tags_nr2/materials/scripts
[0.701s] -- Up-to-date: /home/keti/turtle_carto/install/neo_simulation2/share/neo_simulation2/models/Ar_tags_nr2/materials/scripts/ar_tag.material
[0.701s] -- Up-to-date: /home/keti/turtle_carto/install/neo_simulation2/share/neo_simulation2/models/Ar_tags_nr2/materials/textures
[0.702s] -- Up-to-date: /home/keti/turtle_carto/install/neo_simulation2/share/neo_simulation2/models/Ar_tags_nr2/materials/textures/qrcode1.png
[0.702s] -- Up-to-date: /home/keti/turtle_carto/install/neo_simulation2/share/neo_simulation2/models/Ar_tags_nr2/materials/textures/MarkerData_10.png
[0.702s] -- Up-to-date: /home/keti/turtle_carto/install/neo_simulation2/share/neo_simulation2/models/Ar_tags_nr2/materials/textures/qrcode.png
[0.702s] -- Up-to-date: /home/keti/turtle_carto/install/neo_simulation2/share/neo_simulation2/models/Ar_tags_nr2/materials/textures/MarkerData_2.png
[0.702s] -- Up-to-date: /home/keti/turtle_carto/install/neo_simulation2/share/neo_simulation2/models/Ar_tags_nr2/model.sdf
[0.702s] -- Up-to-date: /home/keti/turtle_carto/install/neo_simulation2/share/neo_simulation2/models/aws_robomaker_warehouse_WallB_01
[0.702s] -- Up-to-date: /home/keti/turtle_carto/install/neo_simulation2/share/neo_simulation2/models/aws_robomaker_warehouse_WallB_01/meshes
[0.702s] -- Up-to-date: /home/keti/turtle_carto/install/neo_simulation2/share/neo_simulation2/models/aws_robomaker_warehouse_WallB_01/meshes/aws_robomaker_warehouse_WallB_01_visual.DAE
[0.702s] -- Up-to-date: /home/keti/turtle_carto/install/neo_simulation2/share/neo_simulation2/models/aws_robomaker_warehouse_WallB_01/meshes/aws_robomaker_warehouse_WallB_01_collision.DAE
[0.702s] -- Up-to-date: /home/keti/turtle_carto/install/neo_simulation2/share/neo_simulation2/models/aws_robomaker_warehouse_WallB_01/model.config
[0.702s] -- Up-to-date: /home/keti/turtle_carto/install/neo_simulation2/share/neo_simulation2/models/aws_robomaker_warehouse_WallB_01/materials
[0.702s] -- Up-to-date: /home/keti/turtle_carto/install/neo_simulation2/share/neo_simulation2/models/aws_robomaker_warehouse_WallB_01/materials/textures
[0.702s] -- Up-to-date: /home/keti/turtle_carto/install/neo_simulation2/share/neo_simulation2/models/aws_robomaker_warehouse_WallB_01/materials/textures/aws_robomaker_warehouse_WallB_01.png
[0.702s] -- Up-to-date: /home/keti/turtle_carto/install/neo_simulation2/share/neo_simulation2/models/aws_robomaker_warehouse_WallB_01/model.sdf
[0.702s] -- Up-to-date: /home/keti/turtle_carto/install/neo_simulation2/share/neo_simulation2/models/aws_robomaker_warehouse_Bucket_01
[0.702s] -- Up-to-date: /home/keti/turtle_carto/install/neo_simulation2/share/neo_simulation2/models/aws_robomaker_warehouse_Bucket_01/.DS_Store
[0.702s] -- Up-to-date: /home/keti/turtle_carto/install/neo_simulation2/share/neo_simulation2/models/aws_robomaker_warehouse_Bucket_01/meshes
[0.702s] -- Up-to-date: /home/keti/turtle_carto/install/neo_simulation2/share/neo_simulation2/models/aws_robomaker_warehouse_Bucket_01/meshes/aws_robomaker_warehouse_Bucket_01_visual.DAE
[0.702s] -- Up-to-date: /home/keti/turtle_carto/install/neo_simulation2/share/neo_simulation2/models/aws_robomaker_warehouse_Bucket_01/meshes/aws_robomaker_warehouse_Bucket_01_collision.DAE
[0.702s] -- Up-to-date: /home/keti/turtle_carto/install/neo_simulation2/share/neo_simulation2/models/aws_robomaker_warehouse_Bucket_01/model.config
[0.702s] -- Up-to-date: /home/keti/turtle_carto/install/neo_simulation2/share/neo_simulation2/models/aws_robomaker_warehouse_Bucket_01/materials
[0.702s] -- Up-to-date: /home/keti/turtle_carto/install/neo_simulation2/share/neo_simulation2/models/aws_robomaker_warehouse_Bucket_01/materials/.DS_Store
[0.702s] -- Up-to-date: /home/keti/turtle_carto/install/neo_simulation2/share/neo_simulation2/models/aws_robomaker_warehouse_Bucket_01/materials/textures
[0.703s] -- Up-to-date: /home/keti/turtle_carto/install/neo_simulation2/share/neo_simulation2/models/aws_robomaker_warehouse_Bucket_01/materials/textures/aws_robomaker_warehouse_Bucket_01.png
[0.703s] -- Up-to-date: /home/keti/turtle_carto/install/neo_simulation2/share/neo_simulation2/models/aws_robomaker_warehouse_Bucket_01/model.sdf
[0.703s] -- Up-to-date: /home/keti/turtle_carto/install/neo_simulation2/share/neo_simulation2/models/aws_robomaker_warehouse_ClutteringD_01
[0.703s] -- Up-to-date: /home/keti/turtle_carto/install/neo_simulation2/share/neo_simulation2/models/aws_robomaker_warehouse_ClutteringD_01/meshes
[0.703s] -- Up-to-date: /home/keti/turtle_carto/install/neo_simulation2/share/neo_simulation2/models/aws_robomaker_warehouse_ClutteringD_01/meshes/aws_robomaker_warehouse_ClutteringD_01_collision.DAE
[0.703s] -- Up-to-date: /home/keti/turtle_carto/install/neo_simulation2/share/neo_simulation2/models/aws_robomaker_warehouse_ClutteringD_01/meshes/aws_robomaker_warehouse_ClutteringD_01_visual.DAE
[0.703s] -- Up-to-date: /home/keti/turtle_carto/install/neo_simulation2/share/neo_simulation2/models/aws_robomaker_warehouse_ClutteringD_01/model.config
[0.703s] -- Up-to-date: /home/keti/turtle_carto/install/neo_simulation2/share/neo_simulation2/models/aws_robomaker_warehouse_ClutteringD_01/materials
[0.703s] -- Up-to-date: /home/keti/turtle_carto/install/neo_simulation2/share/neo_simulation2/models/aws_robomaker_warehouse_ClutteringD_01/materials/textures
[0.703s] -- Up-to-date: /home/keti/turtle_carto/install/neo_simulation2/share/neo_simulation2/models/aws_robomaker_warehouse_ClutteringD_01/materials/textures/aws_robomaker_warehouse_ClutteringD_01.png
[0.703s] -- Up-to-date: /home/keti/turtle_carto/install/neo_simulation2/share/neo_simulation2/models/aws_robomaker_warehouse_ClutteringD_01/materials/textures/aws_robomaker_warehouse_ClutteringD_02.png
[0.703s] -- Up-to-date: /home/keti/turtle_carto/install/neo_simulation2/share/neo_simulation2/models/aws_robomaker_warehouse_ClutteringD_01/model.sdf
[0.703s] -- Up-to-date: /home/keti/turtle_carto/install/neo_simulation2/share/neo_simulation2/models/aws_robomaker_warehouse_ShelfE_01
[0.703s] -- Up-to-date: /home/keti/turtle_carto/install/neo_simulation2/share/neo_simulation2/models/aws_robomaker_warehouse_ShelfE_01/.DS_Store
[0.703s] -- Up-to-date: /home/keti/turtle_carto/install/neo_simulation2/share/neo_simulation2/models/aws_robomaker_warehouse_ShelfE_01/meshes
[0.703s] -- Up-to-date: /home/keti/turtle_carto/install/neo_simulation2/share/neo_simulation2/models/aws_robomaker_warehouse_ShelfE_01/meshes/aws_robomaker_warehouse_ShelfE_01_collision.DAE
[0.703s] -- Up-to-date: /home/keti/turtle_carto/install/neo_simulation2/share/neo_simulation2/models/aws_robomaker_warehouse_ShelfE_01/meshes/aws_robomaker_warehouse_ShelfE_01_visual.DAE
[0.703s] -- Up-to-date: /home/keti/turtle_carto/install/neo_simulation2/share/neo_simulation2/models/aws_robomaker_warehouse_ShelfE_01/model.config
[0.703s] -- Up-to-date: /home/keti/turtle_carto/install/neo_simulation2/share/neo_simulation2/models/aws_robomaker_warehouse_ShelfE_01/materials
[0.703s] -- Up-to-date: /home/keti/turtle_carto/install/neo_simulation2/share/neo_simulation2/models/aws_robomaker_warehouse_ShelfE_01/materials/.DS_Store
[0.703s] -- Up-to-date: /home/keti/turtle_carto/install/neo_simulation2/share/neo_simulation2/models/aws_robomaker_warehouse_ShelfE_01/materials/textures
[0.703s] -- Up-to-date: /home/keti/turtle_carto/install/neo_simulation2/share/neo_simulation2/models/aws_robomaker_warehouse_ShelfE_01/materials/textures/aws_robomaker_warehouse_ShelfE_01.png
[0.708s] -- Up-to-date: /home/keti/turtle_carto/install/neo_simulation2/share/neo_simulation2/models/aws_robomaker_warehouse_ShelfE_01/materials/textures/aws_robomaker_warehouse_ShelfE_02.png
[0.708s] -- Up-to-date: /home/keti/turtle_carto/install/neo_simulation2/share/neo_simulation2/models/aws_robomaker_warehouse_ShelfE_01/materials/textures/aws_robomaker_warehouse_ShelfE_04.png
[0.708s] -- Up-to-date: /home/keti/turtle_carto/install/neo_simulation2/share/neo_simulation2/models/aws_robomaker_warehouse_ShelfE_01/materials/textures/aws_robomaker_warehouse_ShelfE_03.png
[0.708s] -- Up-to-date: /home/keti/turtle_carto/install/neo_simulation2/share/neo_simulation2/models/aws_robomaker_warehouse_ShelfE_01/model.sdf
[0.708s] -- Up-to-date: /home/keti/turtle_carto/install/neo_simulation2/share/neo_simulation2/models/Ar_tags
[0.708s] -- Up-to-date: /home/keti/turtle_carto/install/neo_simulation2/share/neo_simulation2/models/Ar_tags/meshes
[0.708s] -- Up-to-date: /home/keti/turtle_carto/install/neo_simulation2/share/neo_simulation2/models/Ar_tags/meshes/Ar_tag.dae
[0.708s] -- Up-to-date: /home/keti/turtle_carto/install/neo_simulation2/share/neo_simulation2/models/Ar_tags/model.config
[0.708s] -- Up-to-date: /home/keti/turtle_carto/install/neo_simulation2/share/neo_simulation2/models/Ar_tags/materials
[0.708s] -- Up-to-date: /home/keti/turtle_carto/install/neo_simulation2/share/neo_simulation2/models/Ar_tags/materials/scripts
[0.708s] -- Up-to-date: /home/keti/turtle_carto/install/neo_simulation2/share/neo_simulation2/models/Ar_tags/materials/scripts/ar_tag.material
[0.708s] -- Up-to-date: /home/keti/turtle_carto/install/neo_simulation2/share/neo_simulation2/models/Ar_tags/materials/textures
[0.708s] -- Up-to-date: /home/keti/turtle_carto/install/neo_simulation2/share/neo_simulation2/models/Ar_tags/materials/textures/MarkerData_2.png
[0.708s] -- Up-to-date: /home/keti/turtle_carto/install/neo_simulation2/share/neo_simulation2/models/Ar_tags/model.sdf
[0.708s] -- Up-to-date: /home/keti/turtle_carto/install/neo_simulation2/share/neo_simulation2/models/office_env_w_complete
[0.708s] -- Up-to-date: /home/keti/turtle_carto/install/neo_simulation2/share/neo_simulation2/models/office_env_w_complete/model.config
[0.708s] -- Up-to-date: /home/keti/turtle_carto/install/neo_simulation2/share/neo_simulation2/models/office_env_w_complete/materials
[0.708s] -- Up-to-date: /home/keti/turtle_carto/install/neo_simulation2/share/neo_simulation2/models/office_env_w_complete/materials/scripts
[0.708s] -- Up-to-date: /home/keti/turtle_carto/install/neo_simulation2/share/neo_simulation2/models/office_env_w_complete/materials/scripts/wall_white.material
[0.709s] -- Up-to-date: /home/keti/turtle_carto/install/neo_simulation2/share/neo_simulation2/models/office_env_w_complete/materials/textures
[0.709s] -- Up-to-date: /home/keti/turtle_carto/install/neo_simulation2/share/neo_simulation2/models/office_env_w_complete/materials/textures/wall_color_white.jpg
[0.709s] -- Up-to-date: /home/keti/turtle_carto/install/neo_simulation2/share/neo_simulation2/models/office_env_w_complete/model.sdf
[0.709s] -- Up-to-date: /home/keti/turtle_carto/install/neo_simulation2/share/neo_simulation2/models/door_3d
[0.709s] -- Up-to-date: /home/keti/turtle_carto/install/neo_simulation2/share/neo_simulation2/models/door_3d/meshes
[0.709s] -- Up-to-date: /home/keti/turtle_carto/install/neo_simulation2/share/neo_simulation2/models/door_3d/meshes/model.dae
[0.709s] -- Up-to-date: /home/keti/turtle_carto/install/neo_simulation2/share/neo_simulation2/models/door_3d/meshes/door_v2_handle.dae
[0.709s] -- Up-to-date: /home/keti/turtle_carto/install/neo_simulation2/share/neo_simulation2/models/door_3d/meshes/door_v2_door.dae
[0.709s] -- Up-to-date: /home/keti/turtle_carto/install/neo_simulation2/share/neo_simulation2/models/door_3d/meshes/door.dae
[0.709s] -- Up-to-date: /home/keti/turtle_carto/install/neo_simulation2/share/neo_simulation2/models/door_3d/meshes/door_v2.dae
[0.709s] -- Up-to-date: /home/keti/turtle_carto/install/neo_simulation2/share/neo_simulation2/models/door_3d/model.config
[0.709s] -- Up-to-date: /home/keti/turtle_carto/install/neo_simulation2/share/neo_simulation2/models/door_3d/materials
[0.709s] -- Up-to-date: /home/keti/turtle_carto/install/neo_simulation2/share/neo_simulation2/models/door_3d/materials/scripts
[0.711s] -- Up-to-date: /home/keti/turtle_carto/install/neo_simulation2/share/neo_simulation2/models/door_3d/materials/scripts/door_3d.material
[0.711s] -- Up-to-date: /home/keti/turtle_carto/install/neo_simulation2/share/neo_simulation2/models/door_3d/materials/scripts/door_handle.material
[0.711s] -- Up-to-date: /home/keti/turtle_carto/install/neo_simulation2/share/neo_simulation2/models/door_3d/materials/textures
[0.711s] -- Up-to-date: /home/keti/turtle_carto/install/neo_simulation2/share/neo_simulation2/models/door_3d/materials/textures/silver_door.jpg
[0.711s] -- Up-to-date: /home/keti/turtle_carto/install/neo_simulation2/share/neo_simulation2/models/door_3d/materials/textures/door_3d.jpg
[0.711s] -- Up-to-date: /home/keti/turtle_carto/install/neo_simulation2/share/neo_simulation2/models/door_3d/model.sdf
[0.711s] -- Up-to-date: /home/keti/turtle_carto/install/neo_simulation2/share/neo_simulation2/models/aws_robomaker_warehouse_RoofB_01
[0.711s] -- Up-to-date: /home/keti/turtle_carto/install/neo_simulation2/share/neo_simulation2/models/aws_robomaker_warehouse_RoofB_01/meshes
[0.712s] -- Up-to-date: /home/keti/turtle_carto/install/neo_simulation2/share/neo_simulation2/models/aws_robomaker_warehouse_RoofB_01/meshes/aws_robomaker_warehouse_RoofB_01_collision.DAE
[0.712s] -- Up-to-date: /home/keti/turtle_carto/install/neo_simulation2/share/neo_simulation2/models/aws_robomaker_warehouse_RoofB_01/meshes/aws_robomaker_warehouse_RoofB_01_visual.DAE
[0.712s] -- Up-to-date: /home/keti/turtle_carto/install/neo_simulation2/share/neo_simulation2/models/aws_robomaker_warehouse_RoofB_01/model.config
[0.712s] -- Up-to-date: /home/keti/turtle_carto/install/neo_simulation2/share/neo_simulation2/models/aws_robomaker_warehouse_RoofB_01/materials
[0.712s] -- Up-to-date: /home/keti/turtle_carto/install/neo_simulation2/share/neo_simulation2/models/aws_robomaker_warehouse_RoofB_01/materials/textures
[0.712s] -- Up-to-date: /home/keti/turtle_carto/install/neo_simulation2/share/neo_simulation2/models/aws_robomaker_warehouse_RoofB_01/materials/textures/aws_robomaker_warehouse_RoofB_01.png
[0.712s] -- Up-to-date: /home/keti/turtle_carto/install/neo_simulation2/share/neo_simulation2/models/aws_robomaker_warehouse_RoofB_01/model.sdf
[0.712s] -- Up-to-date: /home/keti/turtle_carto/install/neo_simulation2/share/neo_simulation2/models/aws_robomaker_warehouse_ClutteringA_01
[0.712s] -- Up-to-date: /home/keti/turtle_carto/install/neo_simulation2/share/neo_simulation2/models/aws_robomaker_warehouse_ClutteringA_01/.DS_Store
[0.712s] -- Up-to-date: /home/keti/turtle_carto/install/neo_simulation2/share/neo_simulation2/models/aws_robomaker_warehouse_ClutteringA_01/meshes
[0.712s] -- Up-to-date: /home/keti/turtle_carto/install/neo_simulation2/share/neo_simulation2/models/aws_robomaker_warehouse_ClutteringA_01/meshes/aws_robomaker_warehouse_ClutteringA_01_collision.DAE
[0.712s] -- Up-to-date: /home/keti/turtle_carto/install/neo_simulation2/share/neo_simulation2/models/aws_robomaker_warehouse_ClutteringA_01/meshes/aws_robomaker_warehouse_ClutteringA_01_visual.DAE
[0.712s] -- Up-to-date: /home/keti/turtle_carto/install/neo_simulation2/share/neo_simulation2/models/aws_robomaker_warehouse_ClutteringA_01/model.config
[0.712s] -- Up-to-date: /home/keti/turtle_carto/install/neo_simulation2/share/neo_simulation2/models/aws_robomaker_warehouse_ClutteringA_01/materials
[0.712s] -- Up-to-date: /home/keti/turtle_carto/install/neo_simulation2/share/neo_simulation2/models/aws_robomaker_warehouse_ClutteringA_01/materials/.DS_Store
[0.712s] -- Up-to-date: /home/keti/turtle_carto/install/neo_simulation2/share/neo_simulation2/models/aws_robomaker_warehouse_ClutteringA_01/materials/textures
[0.712s] -- Up-to-date: /home/keti/turtle_carto/install/neo_simulation2/share/neo_simulation2/models/aws_robomaker_warehouse_ClutteringA_01/materials/textures/.DS_Store
[0.713s] -- Up-to-date: /home/keti/turtle_carto/install/neo_simulation2/share/neo_simulation2/models/aws_robomaker_warehouse_ClutteringA_01/materials/textures/aws_robomaker_warehouse_ClutteringA_03.png
[0.713s] -- Up-to-date: /home/keti/turtle_carto/install/neo_simulation2/share/neo_simulation2/models/aws_robomaker_warehouse_ClutteringA_01/materials/textures/aws_robomaker_warehouse_ClutteringA_01.png
[0.713s] -- Up-to-date: /home/keti/turtle_carto/install/neo_simulation2/share/neo_simulation2/models/aws_robomaker_warehouse_ClutteringA_01/materials/textures/aws_robomaker_warehouse_ClutteringA_02.png
[0.713s] -- Up-to-date: /home/keti/turtle_carto/install/neo_simulation2/share/neo_simulation2/models/aws_robomaker_warehouse_ClutteringA_01/model.sdf
[0.713s] -- Up-to-date: /home/keti/turtle_carto/install/neo_simulation2/share/neo_simulation2/models/aws_robomaker_warehouse_TrashCanC_01
[0.713s] -- Up-to-date: /home/keti/turtle_carto/install/neo_simulation2/share/neo_simulation2/models/aws_robomaker_warehouse_TrashCanC_01/meshes
[0.713s] -- Up-to-date: /home/keti/turtle_carto/install/neo_simulation2/share/neo_simulation2/models/aws_robomaker_warehouse_TrashCanC_01/meshes/aws_robomaker_warehouse_TrashCanC_01_collision.DAE
[0.713s] -- Up-to-date: /home/keti/turtle_carto/install/neo_simulation2/share/neo_simulation2/models/aws_robomaker_warehouse_TrashCanC_01/meshes/aws_robomaker_warehouse_TrashCanC_01_visual.DAE
[0.713s] -- Up-to-date: /home/keti/turtle_carto/install/neo_simulation2/share/neo_simulation2/models/aws_robomaker_warehouse_TrashCanC_01/model.config
[0.713s] -- Up-to-date: /home/keti/turtle_carto/install/neo_simulation2/share/neo_simulation2/models/aws_robomaker_warehouse_TrashCanC_01/materials
[0.713s] -- Up-to-date: /home/keti/turtle_carto/install/neo_simulation2/share/neo_simulation2/models/aws_robomaker_warehouse_TrashCanC_01/materials/textures
[0.713s] -- Up-to-date: /home/keti/turtle_carto/install/neo_simulation2/share/neo_simulation2/models/aws_robomaker_warehouse_TrashCanC_01/materials/textures/aws_robomaker_warehouse_TrashCanC_01.png
[0.713s] -- Up-to-date: /home/keti/turtle_carto/install/neo_simulation2/share/neo_simulation2/models/aws_robomaker_warehouse_TrashCanC_01/model.sdf
[0.714s] -- Up-to-date: /home/keti/turtle_carto/install/neo_simulation2/share/neo_simulation2/models/window
[0.714s] -- Up-to-date: /home/keti/turtle_carto/install/neo_simulation2/share/neo_simulation2/models/window/model.config
[0.714s] -- Up-to-date: /home/keti/turtle_carto/install/neo_simulation2/share/neo_simulation2/models/window/model.sdf
[0.714s] -- Up-to-date: /home/keti/turtle_carto/install/neo_simulation2/share/neo_simulation2/models/door
[0.714s] -- Up-to-date: /home/keti/turtle_carto/install/neo_simulation2/share/neo_simulation2/models/door/model.config
[0.714s] -- Up-to-date: /home/keti/turtle_carto/install/neo_simulation2/share/neo_simulation2/models/door/materials
[0.714s] -- Up-to-date: /home/keti/turtle_carto/install/neo_simulation2/share/neo_simulation2/models/door/materials/scripts
[0.714s] -- Up-to-date: /home/keti/turtle_carto/install/neo_simulation2/share/neo_simulation2/models/door/materials/scripts/door.material
[0.714s] -- Up-to-date: /home/keti/turtle_carto/install/neo_simulation2/share/neo_simulation2/models/door/materials/textures
[0.714s] -- Up-to-date: /home/keti/turtle_carto/install/neo_simulation2/share/neo_simulation2/models/door/materials/textures/door.jpg
[0.714s] -- Up-to-date: /home/keti/turtle_carto/install/neo_simulation2/share/neo_simulation2/models/door/model.sdf
[0.714s] -- Up-to-date: /home/keti/turtle_carto/install/neo_simulation2/share/ament_index/resource_index/package_run_dependencies/neo_simulation2
[0.714s] -- Up-to-date: /home/keti/turtle_carto/install/neo_simulation2/share/ament_index/resource_index/parent_prefix_path/neo_simulation2
[0.714s] -- Up-to-date: /home/keti/turtle_carto/install/neo_simulation2/share/neo_simulation2/environment/ament_prefix_path.sh
[0.714s] -- Up-to-date: /home/keti/turtle_carto/install/neo_simulation2/share/neo_simulation2/environment/ament_prefix_path.dsv
[0.714s] -- Up-to-date: /home/keti/turtle_carto/install/neo_simulation2/share/neo_simulation2/environment/path.sh
[0.714s] -- Up-to-date: /home/keti/turtle_carto/install/neo_simulation2/share/neo_simulation2/environment/path.dsv
[0.714s] -- Up-to-date: /home/keti/turtle_carto/install/neo_simulation2/share/neo_simulation2/local_setup.bash
[0.714s] -- Up-to-date: /home/keti/turtle_carto/install/neo_simulation2/share/neo_simulation2/local_setup.sh
[0.715s] -- Up-to-date: /home/keti/turtle_carto/install/neo_simulation2/share/neo_simulation2/local_setup.zsh
[0.715s] -- Up-to-date: /home/keti/turtle_carto/install/neo_simulation2/share/neo_simulation2/local_setup.dsv
[0.715s] -- Installing: /home/keti/turtle_carto/install/neo_simulation2/share/neo_simulation2/package.dsv
[0.715s] -- Up-to-date: /home/keti/turtle_carto/install/neo_simulation2/share/ament_index/resource_index/packages/neo_simulation2
[0.715s] -- Up-to-date: /home/keti/turtle_carto/install/neo_simulation2/share/neo_simulation2/cmake/neo_simulation2Config.cmake
[0.715s] -- Up-to-date: /home/keti/turtle_carto/install/neo_simulation2/share/neo_simulation2/cmake/neo_simulation2Config-version.cmake
[0.715s] -- Up-to-date: /home/keti/turtle_carto/install/neo_simulation2/share/neo_simulation2/package.xml
[0.864s] Invoked command in '/home/keti/turtle_carto/build/neo_simulation2' returned '0': CMAKE_PREFIX_PATH=/opt/ros/foxy /usr/bin/cmake --install /home/keti/turtle_carto/build/neo_simulation2
