[0.880s] Invoking command in '/home/keti/turtle_carto/src/gcamp_ros2_basic/py_topic_pkg': PYTHONPATH=/home/keti/turtle_carto/build/py_topic_pkg/prefix_override:/home/keti/turtle_carto/install/py_topic_pkg/lib/python3.8/site-packages:${PYTHONPATH} /usr/bin/python3 setup.py egg_info --egg-base ../../../build/py_topic_pkg build --build-base /home/keti/turtle_carto/build/py_topic_pkg/build install --record /home/keti/turtle_carto/build/py_topic_pkg/install.log --install-scripts $base/lib/py_topic_pkg --single-version-externally-managed
[0.983s] running egg_info
[0.983s] writing ../../../build/py_topic_pkg/py_topic_pkg.egg-info/PKG-INFO
[0.983s] writing dependency_links to ../../../build/py_topic_pkg/py_topic_pkg.egg-info/dependency_links.txt
[0.984s] writing entry points to ../../../build/py_topic_pkg/py_topic_pkg.egg-info/entry_points.txt
[0.984s] writing requirements to ../../../build/py_topic_pkg/py_topic_pkg.egg-info/requires.txt
[0.984s] writing top-level names to ../../../build/py_topic_pkg/py_topic_pkg.egg-info/top_level.txt
[1.007s] reading manifest file '../../../build/py_topic_pkg/py_topic_pkg.egg-info/SOURCES.txt'
[1.008s] writing manifest file '../../../build/py_topic_pkg/py_topic_pkg.egg-info/SOURCES.txt'
[1.008s] running build
[1.008s] running build_py
[1.008s] running install
[1.008s] running install_lib
[1.009s] running install_data
[1.009s] running install_egg_info
[1.010s] removing '/home/keti/turtle_carto/install/py_topic_pkg/lib/python3.8/site-packages/py_topic_pkg-0.0.0-py3.8.egg-info' (and everything under it)
[1.010s] Copying ../../../build/py_topic_pkg/py_topic_pkg.egg-info to /home/keti/turtle_carto/install/py_topic_pkg/lib/python3.8/site-packages/py_topic_pkg-0.0.0-py3.8.egg-info
[1.010s] running install_scripts
[1.019s] Installing cmd_vel_pub_node script to /home/keti/turtle_carto/install/py_topic_pkg/lib/py_topic_pkg
[1.019s] Installing endless_cmd_vel_pub_node script to /home/keti/turtle_carto/install/py_topic_pkg/lib/py_topic_pkg
[1.019s] Installing laser_raw_node script to /home/keti/turtle_carto/install/py_topic_pkg/lib/py_topic_pkg
[1.019s] Installing laser_sub_node script to /home/keti/turtle_carto/install/py_topic_pkg/lib/py_topic_pkg
[1.019s] Installing parking_node script to /home/keti/turtle_carto/install/py_topic_pkg/lib/py_topic_pkg
[1.019s] writing list of installed files to '/home/keti/turtle_carto/build/py_topic_pkg/install.log'
[1.412s] Invoked command in '/home/keti/turtle_carto/src/gcamp_ros2_basic/py_topic_pkg' returned '0': PYTHONPATH=/home/keti/turtle_carto/build/py_topic_pkg/prefix_override:/home/keti/turtle_carto/install/py_topic_pkg/lib/python3.8/site-packages:${PYTHONPATH} /usr/bin/python3 setup.py egg_info --egg-base ../../../build/py_topic_pkg build --build-base /home/keti/turtle_carto/build/py_topic_pkg/build install --record /home/keti/turtle_carto/build/py_topic_pkg/install.log --install-scripts $base/lib/py_topic_pkg --single-version-externally-managed
